[2025-04-04T14:55:20.593+0000] {processor.py:186} INFO - Started process (PID=302) to work on /home/airflow/.local/lib/python3.12/site-packages/airflow/example_dags/example_xcom.py
[2025-04-04T14:55:20.595+0000] {processor.py:914} INFO - Processing file /home/airflow/.local/lib/python3.12/site-packages/airflow/example_dags/example_xcom.py for tasks to queue
[2025-04-04T14:55:20.598+0000] {logging_mixin.py:190} INFO - [2025-04-04T14:55:20.598+0000] {dagbag.py:588} INFO - Filling up the DagBag from /home/airflow/.local/lib/python3.12/site-packages/airflow/example_dags/example_xcom.py
[2025-04-04T14:55:20.614+0000] {processor.py:925} INFO - DAG(s) 'example_xcom' retrieved from /home/airflow/.local/lib/python3.12/site-packages/airflow/example_dags/example_xcom.py
[2025-04-04T14:55:20.762+0000] {logging_mixin.py:190} INFO - [2025-04-04T14:55:20.761+0000] {override.py:1912} INFO - Created Permission View: can edit on DAG:example_xcom
[2025-04-04T14:55:20.777+0000] {logging_mixin.py:190} INFO - [2025-04-04T14:55:20.776+0000] {override.py:1912} INFO - Created Permission View: can delete on DAG:example_xcom
[2025-04-04T14:55:20.789+0000] {logging_mixin.py:190} INFO - [2025-04-04T14:55:20.789+0000] {override.py:1912} INFO - Created Permission View: can read on DAG:example_xcom
[2025-04-04T14:55:20.805+0000] {logging_mixin.py:190} INFO - [2025-04-04T14:55:20.805+0000] {override.py:1912} INFO - Created Permission View: can create on DAG Run:example_xcom
[2025-04-04T14:55:20.817+0000] {logging_mixin.py:190} INFO - [2025-04-04T14:55:20.816+0000] {override.py:1912} INFO - Created Permission View: menu access on DAG Run:example_xcom
[2025-04-04T14:55:20.829+0000] {logging_mixin.py:190} INFO - [2025-04-04T14:55:20.828+0000] {override.py:1912} INFO - Created Permission View: can delete on DAG Run:example_xcom
[2025-04-04T14:55:20.840+0000] {logging_mixin.py:190} INFO - [2025-04-04T14:55:20.840+0000] {override.py:1912} INFO - Created Permission View: can read on DAG Run:example_xcom
[2025-04-04T14:55:20.841+0000] {logging_mixin.py:190} INFO - [2025-04-04T14:55:20.841+0000] {dag.py:3239} INFO - Sync 1 DAGs
[2025-04-04T14:55:20.862+0000] {logging_mixin.py:190} INFO - [2025-04-04T14:55:20.862+0000] {dag.py:3262} INFO - Creating ORM DAG for example_xcom
[2025-04-04T14:55:20.877+0000] {logging_mixin.py:190} INFO - [2025-04-04T14:55:20.876+0000] {dag.py:4180} INFO - Setting next_dagrun for example_xcom to 2021-01-01 00:00:00+00:00, run_after=2021-01-01 00:00:00+00:00
[2025-04-04T14:55:20.906+0000] {processor.py:208} INFO - Processing /home/airflow/.local/lib/python3.12/site-packages/airflow/example_dags/example_xcom.py took 0.320 seconds
[2025-04-04T14:55:51.387+0000] {processor.py:186} INFO - Started process (PID=593) to work on /home/airflow/.local/lib/python3.12/site-packages/airflow/example_dags/example_xcom.py
[2025-04-04T14:55:51.388+0000] {processor.py:914} INFO - Processing file /home/airflow/.local/lib/python3.12/site-packages/airflow/example_dags/example_xcom.py for tasks to queue
[2025-04-04T14:55:51.391+0000] {logging_mixin.py:190} INFO - [2025-04-04T14:55:51.390+0000] {dagbag.py:588} INFO - Filling up the DagBag from /home/airflow/.local/lib/python3.12/site-packages/airflow/example_dags/example_xcom.py
[2025-04-04T14:55:51.399+0000] {processor.py:925} INFO - DAG(s) 'example_xcom' retrieved from /home/airflow/.local/lib/python3.12/site-packages/airflow/example_dags/example_xcom.py
[2025-04-04T14:55:51.419+0000] {logging_mixin.py:190} INFO - [2025-04-04T14:55:51.419+0000] {dag.py:3239} INFO - Sync 1 DAGs
[2025-04-04T14:55:51.442+0000] {logging_mixin.py:190} INFO - [2025-04-04T14:55:51.441+0000] {dag.py:4180} INFO - Setting next_dagrun for example_xcom to 2021-01-01 00:00:00+00:00, run_after=2021-01-01 00:00:00+00:00
[2025-04-04T14:55:51.459+0000] {processor.py:208} INFO - Processing /home/airflow/.local/lib/python3.12/site-packages/airflow/example_dags/example_xcom.py took 0.078 seconds
[2025-04-04T14:56:22.122+0000] {processor.py:186} INFO - Started process (PID=885) to work on /home/airflow/.local/lib/python3.12/site-packages/airflow/example_dags/example_xcom.py
[2025-04-04T14:56:22.123+0000] {processor.py:914} INFO - Processing file /home/airflow/.local/lib/python3.12/site-packages/airflow/example_dags/example_xcom.py for tasks to queue
[2025-04-04T14:56:22.127+0000] {logging_mixin.py:190} INFO - [2025-04-04T14:56:22.126+0000] {dagbag.py:588} INFO - Filling up the DagBag from /home/airflow/.local/lib/python3.12/site-packages/airflow/example_dags/example_xcom.py
[2025-04-04T14:56:22.135+0000] {processor.py:925} INFO - DAG(s) 'example_xcom' retrieved from /home/airflow/.local/lib/python3.12/site-packages/airflow/example_dags/example_xcom.py
[2025-04-04T14:56:22.159+0000] {logging_mixin.py:190} INFO - [2025-04-04T14:56:22.158+0000] {dag.py:3239} INFO - Sync 1 DAGs
[2025-04-04T14:56:22.181+0000] {logging_mixin.py:190} INFO - [2025-04-04T14:56:22.181+0000] {dag.py:4180} INFO - Setting next_dagrun for example_xcom to 2021-01-01 00:00:00+00:00, run_after=2021-01-01 00:00:00+00:00
[2025-04-04T14:56:22.200+0000] {processor.py:208} INFO - Processing /home/airflow/.local/lib/python3.12/site-packages/airflow/example_dags/example_xcom.py took 0.084 seconds
[2025-04-04T14:56:52.757+0000] {processor.py:186} INFO - Started process (PID=1176) to work on /home/airflow/.local/lib/python3.12/site-packages/airflow/example_dags/example_xcom.py
[2025-04-04T14:56:52.758+0000] {processor.py:914} INFO - Processing file /home/airflow/.local/lib/python3.12/site-packages/airflow/example_dags/example_xcom.py for tasks to queue
[2025-04-04T14:56:52.761+0000] {logging_mixin.py:190} INFO - [2025-04-04T14:56:52.761+0000] {dagbag.py:588} INFO - Filling up the DagBag from /home/airflow/.local/lib/python3.12/site-packages/airflow/example_dags/example_xcom.py
[2025-04-04T14:56:52.769+0000] {processor.py:925} INFO - DAG(s) 'example_xcom' retrieved from /home/airflow/.local/lib/python3.12/site-packages/airflow/example_dags/example_xcom.py
[2025-04-04T14:56:52.792+0000] {logging_mixin.py:190} INFO - [2025-04-04T14:56:52.792+0000] {dag.py:3239} INFO - Sync 1 DAGs
[2025-04-04T14:56:52.812+0000] {logging_mixin.py:190} INFO - [2025-04-04T14:56:52.812+0000] {dag.py:4180} INFO - Setting next_dagrun for example_xcom to 2021-01-01 00:00:00+00:00, run_after=2021-01-01 00:00:00+00:00
[2025-04-04T14:56:52.847+0000] {processor.py:208} INFO - Processing /home/airflow/.local/lib/python3.12/site-packages/airflow/example_dags/example_xcom.py took 0.095 seconds
[2025-04-04T14:57:23.354+0000] {processor.py:186} INFO - Started process (PID=1467) to work on /home/airflow/.local/lib/python3.12/site-packages/airflow/example_dags/example_xcom.py
[2025-04-04T14:57:23.356+0000] {processor.py:914} INFO - Processing file /home/airflow/.local/lib/python3.12/site-packages/airflow/example_dags/example_xcom.py for tasks to queue
[2025-04-04T14:57:23.359+0000] {logging_mixin.py:190} INFO - [2025-04-04T14:57:23.359+0000] {dagbag.py:588} INFO - Filling up the DagBag from /home/airflow/.local/lib/python3.12/site-packages/airflow/example_dags/example_xcom.py
[2025-04-04T14:57:23.367+0000] {processor.py:925} INFO - DAG(s) 'example_xcom' retrieved from /home/airflow/.local/lib/python3.12/site-packages/airflow/example_dags/example_xcom.py
[2025-04-04T14:57:23.391+0000] {logging_mixin.py:190} INFO - [2025-04-04T14:57:23.391+0000] {dag.py:3239} INFO - Sync 1 DAGs
[2025-04-04T14:57:23.419+0000] {logging_mixin.py:190} INFO - [2025-04-04T14:57:23.419+0000] {dag.py:4180} INFO - Setting next_dagrun for example_xcom to 2021-01-01 00:00:00+00:00, run_after=2021-01-01 00:00:00+00:00
[2025-04-04T14:57:23.519+0000] {processor.py:208} INFO - Processing /home/airflow/.local/lib/python3.12/site-packages/airflow/example_dags/example_xcom.py took 0.170 seconds
[2025-04-04T14:57:53.678+0000] {processor.py:186} INFO - Started process (PID=1760) to work on /home/airflow/.local/lib/python3.12/site-packages/airflow/example_dags/example_xcom.py
[2025-04-04T14:57:53.679+0000] {processor.py:914} INFO - Processing file /home/airflow/.local/lib/python3.12/site-packages/airflow/example_dags/example_xcom.py for tasks to queue
[2025-04-04T14:57:53.682+0000] {logging_mixin.py:190} INFO - [2025-04-04T14:57:53.682+0000] {dagbag.py:588} INFO - Filling up the DagBag from /home/airflow/.local/lib/python3.12/site-packages/airflow/example_dags/example_xcom.py
[2025-04-04T14:57:53.693+0000] {processor.py:925} INFO - DAG(s) 'example_xcom' retrieved from /home/airflow/.local/lib/python3.12/site-packages/airflow/example_dags/example_xcom.py
[2025-04-04T14:57:53.713+0000] {logging_mixin.py:190} INFO - [2025-04-04T14:57:53.713+0000] {dag.py:3239} INFO - Sync 1 DAGs
[2025-04-04T14:57:53.739+0000] {logging_mixin.py:190} INFO - [2025-04-04T14:57:53.739+0000] {dag.py:4180} INFO - Setting next_dagrun for example_xcom to 2021-01-01 00:00:00+00:00, run_after=2021-01-01 00:00:00+00:00
[2025-04-04T14:57:53.766+0000] {processor.py:208} INFO - Processing /home/airflow/.local/lib/python3.12/site-packages/airflow/example_dags/example_xcom.py took 0.094 seconds
[2025-04-04T14:58:23.885+0000] {processor.py:186} INFO - Started process (PID=2049) to work on /home/airflow/.local/lib/python3.12/site-packages/airflow/example_dags/example_xcom.py
[2025-04-04T14:58:23.886+0000] {processor.py:914} INFO - Processing file /home/airflow/.local/lib/python3.12/site-packages/airflow/example_dags/example_xcom.py for tasks to queue
[2025-04-04T14:58:23.888+0000] {logging_mixin.py:190} INFO - [2025-04-04T14:58:23.888+0000] {dagbag.py:588} INFO - Filling up the DagBag from /home/airflow/.local/lib/python3.12/site-packages/airflow/example_dags/example_xcom.py
[2025-04-04T14:58:23.904+0000] {processor.py:925} INFO - DAG(s) 'example_xcom' retrieved from /home/airflow/.local/lib/python3.12/site-packages/airflow/example_dags/example_xcom.py
[2025-04-04T14:58:23.933+0000] {logging_mixin.py:190} INFO - [2025-04-04T14:58:23.933+0000] {dag.py:3239} INFO - Sync 1 DAGs
[2025-04-04T14:58:23.956+0000] {logging_mixin.py:190} INFO - [2025-04-04T14:58:23.956+0000] {dag.py:4180} INFO - Setting next_dagrun for example_xcom to 2021-01-01 00:00:00+00:00, run_after=2021-01-01 00:00:00+00:00
[2025-04-04T14:58:23.990+0000] {processor.py:208} INFO - Processing /home/airflow/.local/lib/python3.12/site-packages/airflow/example_dags/example_xcom.py took 0.112 seconds
[2025-04-04T14:58:54.584+0000] {processor.py:186} INFO - Started process (PID=2340) to work on /home/airflow/.local/lib/python3.12/site-packages/airflow/example_dags/example_xcom.py
[2025-04-04T14:58:54.586+0000] {processor.py:914} INFO - Processing file /home/airflow/.local/lib/python3.12/site-packages/airflow/example_dags/example_xcom.py for tasks to queue
[2025-04-04T14:58:54.588+0000] {logging_mixin.py:190} INFO - [2025-04-04T14:58:54.587+0000] {dagbag.py:588} INFO - Filling up the DagBag from /home/airflow/.local/lib/python3.12/site-packages/airflow/example_dags/example_xcom.py
[2025-04-04T14:58:54.596+0000] {processor.py:925} INFO - DAG(s) 'example_xcom' retrieved from /home/airflow/.local/lib/python3.12/site-packages/airflow/example_dags/example_xcom.py
[2025-04-04T14:58:54.615+0000] {logging_mixin.py:190} INFO - [2025-04-04T14:58:54.615+0000] {dag.py:3239} INFO - Sync 1 DAGs
[2025-04-04T14:58:54.640+0000] {logging_mixin.py:190} INFO - [2025-04-04T14:58:54.640+0000] {dag.py:4180} INFO - Setting next_dagrun for example_xcom to 2021-01-01 00:00:00+00:00, run_after=2021-01-01 00:00:00+00:00
[2025-04-04T14:58:54.661+0000] {processor.py:208} INFO - Processing /home/airflow/.local/lib/python3.12/site-packages/airflow/example_dags/example_xcom.py took 0.082 seconds
[2025-04-04T14:59:24.934+0000] {processor.py:186} INFO - Started process (PID=2631) to work on /home/airflow/.local/lib/python3.12/site-packages/airflow/example_dags/example_xcom.py
[2025-04-04T14:59:24.936+0000] {processor.py:914} INFO - Processing file /home/airflow/.local/lib/python3.12/site-packages/airflow/example_dags/example_xcom.py for tasks to queue
[2025-04-04T14:59:24.938+0000] {logging_mixin.py:190} INFO - [2025-04-04T14:59:24.938+0000] {dagbag.py:588} INFO - Filling up the DagBag from /home/airflow/.local/lib/python3.12/site-packages/airflow/example_dags/example_xcom.py
[2025-04-04T14:59:24.946+0000] {processor.py:925} INFO - DAG(s) 'example_xcom' retrieved from /home/airflow/.local/lib/python3.12/site-packages/airflow/example_dags/example_xcom.py
[2025-04-04T14:59:24.971+0000] {logging_mixin.py:190} INFO - [2025-04-04T14:59:24.970+0000] {dag.py:3239} INFO - Sync 1 DAGs
[2025-04-04T14:59:24.995+0000] {logging_mixin.py:190} INFO - [2025-04-04T14:59:24.995+0000] {dag.py:4180} INFO - Setting next_dagrun for example_xcom to 2021-01-01 00:00:00+00:00, run_after=2021-01-01 00:00:00+00:00
[2025-04-04T14:59:25.016+0000] {processor.py:208} INFO - Processing /home/airflow/.local/lib/python3.12/site-packages/airflow/example_dags/example_xcom.py took 0.086 seconds
[2025-04-04T14:59:55.991+0000] {processor.py:186} INFO - Started process (PID=2922) to work on /home/airflow/.local/lib/python3.12/site-packages/airflow/example_dags/example_xcom.py
[2025-04-04T14:59:55.992+0000] {processor.py:914} INFO - Processing file /home/airflow/.local/lib/python3.12/site-packages/airflow/example_dags/example_xcom.py for tasks to queue
[2025-04-04T14:59:55.995+0000] {logging_mixin.py:190} INFO - [2025-04-04T14:59:55.994+0000] {dagbag.py:588} INFO - Filling up the DagBag from /home/airflow/.local/lib/python3.12/site-packages/airflow/example_dags/example_xcom.py
[2025-04-04T14:59:56.004+0000] {processor.py:925} INFO - DAG(s) 'example_xcom' retrieved from /home/airflow/.local/lib/python3.12/site-packages/airflow/example_dags/example_xcom.py
[2025-04-04T14:59:56.027+0000] {logging_mixin.py:190} INFO - [2025-04-04T14:59:56.027+0000] {dag.py:3239} INFO - Sync 1 DAGs
[2025-04-04T14:59:56.047+0000] {logging_mixin.py:190} INFO - [2025-04-04T14:59:56.047+0000] {dag.py:4180} INFO - Setting next_dagrun for example_xcom to 2021-01-01 00:00:00+00:00, run_after=2021-01-01 00:00:00+00:00
[2025-04-04T14:59:56.067+0000] {processor.py:208} INFO - Processing /home/airflow/.local/lib/python3.12/site-packages/airflow/example_dags/example_xcom.py took 0.082 seconds
[2025-04-04T15:00:26.612+0000] {processor.py:186} INFO - Started process (PID=3213) to work on /home/airflow/.local/lib/python3.12/site-packages/airflow/example_dags/example_xcom.py
[2025-04-04T15:00:26.613+0000] {processor.py:914} INFO - Processing file /home/airflow/.local/lib/python3.12/site-packages/airflow/example_dags/example_xcom.py for tasks to queue
[2025-04-04T15:00:26.616+0000] {logging_mixin.py:190} INFO - [2025-04-04T15:00:26.616+0000] {dagbag.py:588} INFO - Filling up the DagBag from /home/airflow/.local/lib/python3.12/site-packages/airflow/example_dags/example_xcom.py
[2025-04-04T15:00:26.624+0000] {processor.py:925} INFO - DAG(s) 'example_xcom' retrieved from /home/airflow/.local/lib/python3.12/site-packages/airflow/example_dags/example_xcom.py
[2025-04-04T15:00:26.645+0000] {logging_mixin.py:190} INFO - [2025-04-04T15:00:26.645+0000] {dag.py:3239} INFO - Sync 1 DAGs
[2025-04-04T15:00:26.666+0000] {logging_mixin.py:190} INFO - [2025-04-04T15:00:26.666+0000] {dag.py:4180} INFO - Setting next_dagrun for example_xcom to 2021-01-01 00:00:00+00:00, run_after=2021-01-01 00:00:00+00:00
[2025-04-04T15:00:26.684+0000] {processor.py:208} INFO - Processing /home/airflow/.local/lib/python3.12/site-packages/airflow/example_dags/example_xcom.py took 0.077 seconds
[2025-04-04T15:00:57.504+0000] {processor.py:186} INFO - Started process (PID=3504) to work on /home/airflow/.local/lib/python3.12/site-packages/airflow/example_dags/example_xcom.py
[2025-04-04T15:00:57.506+0000] {processor.py:914} INFO - Processing file /home/airflow/.local/lib/python3.12/site-packages/airflow/example_dags/example_xcom.py for tasks to queue
[2025-04-04T15:00:57.508+0000] {logging_mixin.py:190} INFO - [2025-04-04T15:00:57.508+0000] {dagbag.py:588} INFO - Filling up the DagBag from /home/airflow/.local/lib/python3.12/site-packages/airflow/example_dags/example_xcom.py
[2025-04-04T15:00:57.517+0000] {processor.py:925} INFO - DAG(s) 'example_xcom' retrieved from /home/airflow/.local/lib/python3.12/site-packages/airflow/example_dags/example_xcom.py
[2025-04-04T15:00:57.535+0000] {logging_mixin.py:190} INFO - [2025-04-04T15:00:57.535+0000] {dag.py:3239} INFO - Sync 1 DAGs
[2025-04-04T15:00:57.554+0000] {logging_mixin.py:190} INFO - [2025-04-04T15:00:57.554+0000] {dag.py:4180} INFO - Setting next_dagrun for example_xcom to 2021-01-01 00:00:00+00:00, run_after=2021-01-01 00:00:00+00:00
[2025-04-04T15:00:57.571+0000] {processor.py:208} INFO - Processing /home/airflow/.local/lib/python3.12/site-packages/airflow/example_dags/example_xcom.py took 0.072 seconds
[2025-04-04T15:01:28.575+0000] {processor.py:186} INFO - Started process (PID=3795) to work on /home/airflow/.local/lib/python3.12/site-packages/airflow/example_dags/example_xcom.py
[2025-04-04T15:01:28.576+0000] {processor.py:914} INFO - Processing file /home/airflow/.local/lib/python3.12/site-packages/airflow/example_dags/example_xcom.py for tasks to queue
[2025-04-04T15:01:28.578+0000] {logging_mixin.py:190} INFO - [2025-04-04T15:01:28.578+0000] {dagbag.py:588} INFO - Filling up the DagBag from /home/airflow/.local/lib/python3.12/site-packages/airflow/example_dags/example_xcom.py
[2025-04-04T15:01:28.585+0000] {processor.py:925} INFO - DAG(s) 'example_xcom' retrieved from /home/airflow/.local/lib/python3.12/site-packages/airflow/example_dags/example_xcom.py
[2025-04-04T15:01:28.605+0000] {logging_mixin.py:190} INFO - [2025-04-04T15:01:28.605+0000] {dag.py:3239} INFO - Sync 1 DAGs
[2025-04-04T15:01:28.625+0000] {logging_mixin.py:190} INFO - [2025-04-04T15:01:28.625+0000] {dag.py:4180} INFO - Setting next_dagrun for example_xcom to 2021-01-01 00:00:00+00:00, run_after=2021-01-01 00:00:00+00:00
[2025-04-04T15:01:28.641+0000] {processor.py:208} INFO - Processing /home/airflow/.local/lib/python3.12/site-packages/airflow/example_dags/example_xcom.py took 0.071 seconds
[2025-04-04T15:01:59.202+0000] {processor.py:186} INFO - Started process (PID=4086) to work on /home/airflow/.local/lib/python3.12/site-packages/airflow/example_dags/example_xcom.py
[2025-04-04T15:01:59.203+0000] {processor.py:914} INFO - Processing file /home/airflow/.local/lib/python3.12/site-packages/airflow/example_dags/example_xcom.py for tasks to queue
[2025-04-04T15:01:59.205+0000] {logging_mixin.py:190} INFO - [2025-04-04T15:01:59.205+0000] {dagbag.py:588} INFO - Filling up the DagBag from /home/airflow/.local/lib/python3.12/site-packages/airflow/example_dags/example_xcom.py
[2025-04-04T15:01:59.213+0000] {processor.py:925} INFO - DAG(s) 'example_xcom' retrieved from /home/airflow/.local/lib/python3.12/site-packages/airflow/example_dags/example_xcom.py
[2025-04-04T15:01:59.232+0000] {logging_mixin.py:190} INFO - [2025-04-04T15:01:59.232+0000] {dag.py:3239} INFO - Sync 1 DAGs
[2025-04-04T15:01:59.256+0000] {logging_mixin.py:190} INFO - [2025-04-04T15:01:59.256+0000] {dag.py:4180} INFO - Setting next_dagrun for example_xcom to 2021-01-01 00:00:00+00:00, run_after=2021-01-01 00:00:00+00:00
[2025-04-04T15:01:59.279+0000] {processor.py:208} INFO - Processing /home/airflow/.local/lib/python3.12/site-packages/airflow/example_dags/example_xcom.py took 0.081 seconds
[2025-04-04T15:02:30.077+0000] {processor.py:186} INFO - Started process (PID=4378) to work on /home/airflow/.local/lib/python3.12/site-packages/airflow/example_dags/example_xcom.py
[2025-04-04T15:02:30.078+0000] {processor.py:914} INFO - Processing file /home/airflow/.local/lib/python3.12/site-packages/airflow/example_dags/example_xcom.py for tasks to queue
[2025-04-04T15:02:30.080+0000] {logging_mixin.py:190} INFO - [2025-04-04T15:02:30.080+0000] {dagbag.py:588} INFO - Filling up the DagBag from /home/airflow/.local/lib/python3.12/site-packages/airflow/example_dags/example_xcom.py
[2025-04-04T15:02:30.088+0000] {processor.py:925} INFO - DAG(s) 'example_xcom' retrieved from /home/airflow/.local/lib/python3.12/site-packages/airflow/example_dags/example_xcom.py
[2025-04-04T15:02:30.126+0000] {logging_mixin.py:190} INFO - [2025-04-04T15:02:30.125+0000] {dag.py:3239} INFO - Sync 1 DAGs
[2025-04-04T15:02:30.148+0000] {logging_mixin.py:190} INFO - [2025-04-04T15:02:30.148+0000] {dag.py:4180} INFO - Setting next_dagrun for example_xcom to 2021-01-01 00:00:00+00:00, run_after=2021-01-01 00:00:00+00:00
[2025-04-04T15:02:30.167+0000] {processor.py:208} INFO - Processing /home/airflow/.local/lib/python3.12/site-packages/airflow/example_dags/example_xcom.py took 0.095 seconds
[2025-04-04T15:03:00.495+0000] {processor.py:186} INFO - Started process (PID=4671) to work on /home/airflow/.local/lib/python3.12/site-packages/airflow/example_dags/example_xcom.py
[2025-04-04T15:03:00.496+0000] {processor.py:914} INFO - Processing file /home/airflow/.local/lib/python3.12/site-packages/airflow/example_dags/example_xcom.py for tasks to queue
[2025-04-04T15:03:00.498+0000] {logging_mixin.py:190} INFO - [2025-04-04T15:03:00.498+0000] {dagbag.py:588} INFO - Filling up the DagBag from /home/airflow/.local/lib/python3.12/site-packages/airflow/example_dags/example_xcom.py
[2025-04-04T15:03:00.506+0000] {processor.py:925} INFO - DAG(s) 'example_xcom' retrieved from /home/airflow/.local/lib/python3.12/site-packages/airflow/example_dags/example_xcom.py
[2025-04-04T15:03:00.523+0000] {logging_mixin.py:190} INFO - [2025-04-04T15:03:00.523+0000] {dag.py:3239} INFO - Sync 1 DAGs
[2025-04-04T15:03:00.541+0000] {logging_mixin.py:190} INFO - [2025-04-04T15:03:00.541+0000] {dag.py:4180} INFO - Setting next_dagrun for example_xcom to 2021-01-01 00:00:00+00:00, run_after=2021-01-01 00:00:00+00:00
[2025-04-04T15:03:00.555+0000] {processor.py:208} INFO - Processing /home/airflow/.local/lib/python3.12/site-packages/airflow/example_dags/example_xcom.py took 0.065 seconds
[2025-04-04T15:03:31.489+0000] {processor.py:186} INFO - Started process (PID=4962) to work on /home/airflow/.local/lib/python3.12/site-packages/airflow/example_dags/example_xcom.py
[2025-04-04T15:03:31.490+0000] {processor.py:914} INFO - Processing file /home/airflow/.local/lib/python3.12/site-packages/airflow/example_dags/example_xcom.py for tasks to queue
[2025-04-04T15:03:31.492+0000] {logging_mixin.py:190} INFO - [2025-04-04T15:03:31.492+0000] {dagbag.py:588} INFO - Filling up the DagBag from /home/airflow/.local/lib/python3.12/site-packages/airflow/example_dags/example_xcom.py
[2025-04-04T15:03:31.499+0000] {processor.py:925} INFO - DAG(s) 'example_xcom' retrieved from /home/airflow/.local/lib/python3.12/site-packages/airflow/example_dags/example_xcom.py
[2025-04-04T15:03:31.517+0000] {logging_mixin.py:190} INFO - [2025-04-04T15:03:31.517+0000] {dag.py:3239} INFO - Sync 1 DAGs
[2025-04-04T15:03:31.536+0000] {logging_mixin.py:190} INFO - [2025-04-04T15:03:31.536+0000] {dag.py:4180} INFO - Setting next_dagrun for example_xcom to 2021-01-01 00:00:00+00:00, run_after=2021-01-01 00:00:00+00:00
[2025-04-04T15:03:31.552+0000] {processor.py:208} INFO - Processing /home/airflow/.local/lib/python3.12/site-packages/airflow/example_dags/example_xcom.py took 0.068 seconds
[2025-04-04T15:04:01.925+0000] {processor.py:186} INFO - Started process (PID=5253) to work on /home/airflow/.local/lib/python3.12/site-packages/airflow/example_dags/example_xcom.py
[2025-04-04T15:04:01.927+0000] {processor.py:914} INFO - Processing file /home/airflow/.local/lib/python3.12/site-packages/airflow/example_dags/example_xcom.py for tasks to queue
[2025-04-04T15:04:01.929+0000] {logging_mixin.py:190} INFO - [2025-04-04T15:04:01.929+0000] {dagbag.py:588} INFO - Filling up the DagBag from /home/airflow/.local/lib/python3.12/site-packages/airflow/example_dags/example_xcom.py
[2025-04-04T15:04:01.937+0000] {processor.py:925} INFO - DAG(s) 'example_xcom' retrieved from /home/airflow/.local/lib/python3.12/site-packages/airflow/example_dags/example_xcom.py
[2025-04-04T15:04:01.957+0000] {logging_mixin.py:190} INFO - [2025-04-04T15:04:01.957+0000] {dag.py:3239} INFO - Sync 1 DAGs
[2025-04-04T15:04:01.986+0000] {logging_mixin.py:190} INFO - [2025-04-04T15:04:01.985+0000] {dag.py:4180} INFO - Setting next_dagrun for example_xcom to 2021-01-01 00:00:00+00:00, run_after=2021-01-01 00:00:00+00:00
[2025-04-04T15:04:02.007+0000] {processor.py:208} INFO - Processing /home/airflow/.local/lib/python3.12/site-packages/airflow/example_dags/example_xcom.py took 0.087 seconds
[2025-04-04T15:04:32.166+0000] {processor.py:186} INFO - Started process (PID=5544) to work on /home/airflow/.local/lib/python3.12/site-packages/airflow/example_dags/example_xcom.py
[2025-04-04T15:04:32.167+0000] {processor.py:914} INFO - Processing file /home/airflow/.local/lib/python3.12/site-packages/airflow/example_dags/example_xcom.py for tasks to queue
[2025-04-04T15:04:32.170+0000] {logging_mixin.py:190} INFO - [2025-04-04T15:04:32.170+0000] {dagbag.py:588} INFO - Filling up the DagBag from /home/airflow/.local/lib/python3.12/site-packages/airflow/example_dags/example_xcom.py
[2025-04-04T15:04:32.180+0000] {processor.py:925} INFO - DAG(s) 'example_xcom' retrieved from /home/airflow/.local/lib/python3.12/site-packages/airflow/example_dags/example_xcom.py
[2025-04-04T15:04:32.204+0000] {logging_mixin.py:190} INFO - [2025-04-04T15:04:32.204+0000] {dag.py:3239} INFO - Sync 1 DAGs
[2025-04-04T15:04:32.238+0000] {logging_mixin.py:190} INFO - [2025-04-04T15:04:32.238+0000] {dag.py:4180} INFO - Setting next_dagrun for example_xcom to 2021-01-01 00:00:00+00:00, run_after=2021-01-01 00:00:00+00:00
[2025-04-04T15:04:32.261+0000] {processor.py:208} INFO - Processing /home/airflow/.local/lib/python3.12/site-packages/airflow/example_dags/example_xcom.py took 0.102 seconds
