[2025-04-04T14:55:18.753+0000] {processor.py:186} INFO - Started process (PID=267) to work on /home/airflow/.local/lib/python3.12/site-packages/airflow/example_dags/example_external_task_marker_dag.py
[2025-04-04T14:55:18.754+0000] {processor.py:914} INFO - Processing file /home/airflow/.local/lib/python3.12/site-packages/airflow/example_dags/example_external_task_marker_dag.py for tasks to queue
[2025-04-04T14:55:18.758+0000] {logging_mixin.py:190} INFO - [2025-04-04T14:55:18.758+0000] {dagbag.py:588} INFO - Filling up the DagBag from /home/airflow/.local/lib/python3.12/site-packages/airflow/example_dags/example_external_task_marker_dag.py
[2025-04-04T14:55:18.770+0000] {processor.py:925} INFO - DAG(s) 'example_external_task_marker_parent', 'example_external_task_marker_child' retrieved from /home/airflow/.local/lib/python3.12/site-packages/airflow/example_dags/example_external_task_marker_dag.py
[2025-04-04T14:55:18.875+0000] {logging_mixin.py:190} INFO - [2025-04-04T14:55:18.874+0000] {override.py:1912} INFO - Created Permission View: can edit on DAG:example_external_task_marker_parent
[2025-04-04T14:55:18.889+0000] {logging_mixin.py:190} INFO - [2025-04-04T14:55:18.888+0000] {override.py:1912} INFO - Created Permission View: can delete on DAG:example_external_task_marker_parent
[2025-04-04T14:55:18.898+0000] {logging_mixin.py:190} INFO - [2025-04-04T14:55:18.898+0000] {override.py:1912} INFO - Created Permission View: can read on DAG:example_external_task_marker_parent
[2025-04-04T14:55:18.908+0000] {logging_mixin.py:190} INFO - [2025-04-04T14:55:18.907+0000] {override.py:1912} INFO - Created Permission View: can create on DAG Run:example_external_task_marker_parent
[2025-04-04T14:55:18.916+0000] {logging_mixin.py:190} INFO - [2025-04-04T14:55:18.916+0000] {override.py:1912} INFO - Created Permission View: menu access on DAG Run:example_external_task_marker_parent
[2025-04-04T14:55:18.925+0000] {logging_mixin.py:190} INFO - [2025-04-04T14:55:18.925+0000] {override.py:1912} INFO - Created Permission View: can delete on DAG Run:example_external_task_marker_parent
[2025-04-04T14:55:18.933+0000] {logging_mixin.py:190} INFO - [2025-04-04T14:55:18.932+0000] {override.py:1912} INFO - Created Permission View: can read on DAG Run:example_external_task_marker_parent
[2025-04-04T14:55:18.952+0000] {logging_mixin.py:190} INFO - [2025-04-04T14:55:18.952+0000] {override.py:1912} INFO - Created Permission View: can edit on DAG:example_external_task_marker_child
[2025-04-04T14:55:18.963+0000] {logging_mixin.py:190} INFO - [2025-04-04T14:55:18.963+0000] {override.py:1912} INFO - Created Permission View: can delete on DAG:example_external_task_marker_child
[2025-04-04T14:55:18.974+0000] {logging_mixin.py:190} INFO - [2025-04-04T14:55:18.974+0000] {override.py:1912} INFO - Created Permission View: can read on DAG:example_external_task_marker_child
[2025-04-04T14:55:18.986+0000] {logging_mixin.py:190} INFO - [2025-04-04T14:55:18.985+0000] {override.py:1912} INFO - Created Permission View: can create on DAG Run:example_external_task_marker_child
[2025-04-04T14:55:18.996+0000] {logging_mixin.py:190} INFO - [2025-04-04T14:55:18.996+0000] {override.py:1912} INFO - Created Permission View: menu access on DAG Run:example_external_task_marker_child
[2025-04-04T14:55:19.012+0000] {logging_mixin.py:190} INFO - [2025-04-04T14:55:19.011+0000] {override.py:1912} INFO - Created Permission View: can delete on DAG Run:example_external_task_marker_child
[2025-04-04T14:55:19.022+0000] {logging_mixin.py:190} INFO - [2025-04-04T14:55:19.021+0000] {override.py:1912} INFO - Created Permission View: can read on DAG Run:example_external_task_marker_child
[2025-04-04T14:55:19.023+0000] {logging_mixin.py:190} INFO - [2025-04-04T14:55:19.022+0000] {dag.py:3239} INFO - Sync 2 DAGs
[2025-04-04T14:55:19.041+0000] {logging_mixin.py:190} INFO - [2025-04-04T14:55:19.041+0000] {dag.py:3262} INFO - Creating ORM DAG for example_external_task_marker_parent
[2025-04-04T14:55:19.043+0000] {logging_mixin.py:190} INFO - [2025-04-04T14:55:19.043+0000] {dag.py:3262} INFO - Creating ORM DAG for example_external_task_marker_child
[2025-04-04T14:55:19.045+0000] {logging_mixin.py:190} INFO - [2025-04-04T14:55:19.044+0000] {dag.py:4180} INFO - Setting next_dagrun for example_external_task_marker_child to None, run_after=None
[2025-04-04T14:55:19.046+0000] {logging_mixin.py:190} INFO - [2025-04-04T14:55:19.046+0000] {dag.py:4180} INFO - Setting next_dagrun for example_external_task_marker_parent to None, run_after=None
[2025-04-04T14:55:19.069+0000] {processor.py:208} INFO - Processing /home/airflow/.local/lib/python3.12/site-packages/airflow/example_dags/example_external_task_marker_dag.py took 0.322 seconds
[2025-04-04T14:55:49.915+0000] {processor.py:186} INFO - Started process (PID=558) to work on /home/airflow/.local/lib/python3.12/site-packages/airflow/example_dags/example_external_task_marker_dag.py
[2025-04-04T14:55:49.917+0000] {processor.py:914} INFO - Processing file /home/airflow/.local/lib/python3.12/site-packages/airflow/example_dags/example_external_task_marker_dag.py for tasks to queue
[2025-04-04T14:55:49.919+0000] {logging_mixin.py:190} INFO - [2025-04-04T14:55:49.919+0000] {dagbag.py:588} INFO - Filling up the DagBag from /home/airflow/.local/lib/python3.12/site-packages/airflow/example_dags/example_external_task_marker_dag.py
[2025-04-04T14:55:49.928+0000] {processor.py:925} INFO - DAG(s) 'example_external_task_marker_parent', 'example_external_task_marker_child' retrieved from /home/airflow/.local/lib/python3.12/site-packages/airflow/example_dags/example_external_task_marker_dag.py
[2025-04-04T14:55:49.950+0000] {logging_mixin.py:190} INFO - [2025-04-04T14:55:49.950+0000] {dag.py:3239} INFO - Sync 2 DAGs
[2025-04-04T14:55:49.964+0000] {logging_mixin.py:190} INFO - [2025-04-04T14:55:49.964+0000] {dag.py:4180} INFO - Setting next_dagrun for example_external_task_marker_child to None, run_after=None
[2025-04-04T14:55:49.968+0000] {logging_mixin.py:190} INFO - [2025-04-04T14:55:49.968+0000] {dag.py:4180} INFO - Setting next_dagrun for example_external_task_marker_parent to None, run_after=None
[2025-04-04T14:55:49.987+0000] {processor.py:208} INFO - Processing /home/airflow/.local/lib/python3.12/site-packages/airflow/example_dags/example_external_task_marker_dag.py took 0.077 seconds
[2025-04-04T14:56:20.589+0000] {processor.py:186} INFO - Started process (PID=850) to work on /home/airflow/.local/lib/python3.12/site-packages/airflow/example_dags/example_external_task_marker_dag.py
[2025-04-04T14:56:20.590+0000] {processor.py:914} INFO - Processing file /home/airflow/.local/lib/python3.12/site-packages/airflow/example_dags/example_external_task_marker_dag.py for tasks to queue
[2025-04-04T14:56:20.596+0000] {logging_mixin.py:190} INFO - [2025-04-04T14:56:20.595+0000] {dagbag.py:588} INFO - Filling up the DagBag from /home/airflow/.local/lib/python3.12/site-packages/airflow/example_dags/example_external_task_marker_dag.py
[2025-04-04T14:56:20.621+0000] {processor.py:925} INFO - DAG(s) 'example_external_task_marker_child', 'example_external_task_marker_parent' retrieved from /home/airflow/.local/lib/python3.12/site-packages/airflow/example_dags/example_external_task_marker_dag.py
[2025-04-04T14:56:20.700+0000] {logging_mixin.py:190} INFO - [2025-04-04T14:56:20.700+0000] {dag.py:3239} INFO - Sync 2 DAGs
[2025-04-04T14:56:20.734+0000] {logging_mixin.py:190} INFO - [2025-04-04T14:56:20.734+0000] {dag.py:4180} INFO - Setting next_dagrun for example_external_task_marker_child to None, run_after=None
[2025-04-04T14:56:20.741+0000] {logging_mixin.py:190} INFO - [2025-04-04T14:56:20.741+0000] {dag.py:4180} INFO - Setting next_dagrun for example_external_task_marker_parent to None, run_after=None
[2025-04-04T14:56:20.772+0000] {processor.py:208} INFO - Processing /home/airflow/.local/lib/python3.12/site-packages/airflow/example_dags/example_external_task_marker_dag.py took 0.194 seconds
[2025-04-04T14:56:51.242+0000] {processor.py:186} INFO - Started process (PID=1141) to work on /home/airflow/.local/lib/python3.12/site-packages/airflow/example_dags/example_external_task_marker_dag.py
[2025-04-04T14:56:51.243+0000] {processor.py:914} INFO - Processing file /home/airflow/.local/lib/python3.12/site-packages/airflow/example_dags/example_external_task_marker_dag.py for tasks to queue
[2025-04-04T14:56:51.246+0000] {logging_mixin.py:190} INFO - [2025-04-04T14:56:51.246+0000] {dagbag.py:588} INFO - Filling up the DagBag from /home/airflow/.local/lib/python3.12/site-packages/airflow/example_dags/example_external_task_marker_dag.py
[2025-04-04T14:56:51.253+0000] {processor.py:925} INFO - DAG(s) 'example_external_task_marker_child', 'example_external_task_marker_parent' retrieved from /home/airflow/.local/lib/python3.12/site-packages/airflow/example_dags/example_external_task_marker_dag.py
[2025-04-04T14:56:51.279+0000] {logging_mixin.py:190} INFO - [2025-04-04T14:56:51.279+0000] {dag.py:3239} INFO - Sync 2 DAGs
[2025-04-04T14:56:51.293+0000] {logging_mixin.py:190} INFO - [2025-04-04T14:56:51.293+0000] {dag.py:4180} INFO - Setting next_dagrun for example_external_task_marker_child to None, run_after=None
[2025-04-04T14:56:51.298+0000] {logging_mixin.py:190} INFO - [2025-04-04T14:56:51.297+0000] {dag.py:4180} INFO - Setting next_dagrun for example_external_task_marker_parent to None, run_after=None
[2025-04-04T14:56:51.317+0000] {processor.py:208} INFO - Processing /home/airflow/.local/lib/python3.12/site-packages/airflow/example_dags/example_external_task_marker_dag.py took 0.083 seconds
[2025-04-04T14:57:21.780+0000] {processor.py:186} INFO - Started process (PID=1432) to work on /home/airflow/.local/lib/python3.12/site-packages/airflow/example_dags/example_external_task_marker_dag.py
[2025-04-04T14:57:21.782+0000] {processor.py:914} INFO - Processing file /home/airflow/.local/lib/python3.12/site-packages/airflow/example_dags/example_external_task_marker_dag.py for tasks to queue
[2025-04-04T14:57:21.785+0000] {logging_mixin.py:190} INFO - [2025-04-04T14:57:21.785+0000] {dagbag.py:588} INFO - Filling up the DagBag from /home/airflow/.local/lib/python3.12/site-packages/airflow/example_dags/example_external_task_marker_dag.py
[2025-04-04T14:57:21.793+0000] {processor.py:925} INFO - DAG(s) 'example_external_task_marker_parent', 'example_external_task_marker_child' retrieved from /home/airflow/.local/lib/python3.12/site-packages/airflow/example_dags/example_external_task_marker_dag.py
[2025-04-04T14:57:21.826+0000] {logging_mixin.py:190} INFO - [2025-04-04T14:57:21.826+0000] {dag.py:3239} INFO - Sync 2 DAGs
[2025-04-04T14:57:21.853+0000] {logging_mixin.py:190} INFO - [2025-04-04T14:57:21.852+0000] {dag.py:4180} INFO - Setting next_dagrun for example_external_task_marker_child to None, run_after=None
[2025-04-04T14:57:21.859+0000] {logging_mixin.py:190} INFO - [2025-04-04T14:57:21.859+0000] {dag.py:4180} INFO - Setting next_dagrun for example_external_task_marker_parent to None, run_after=None
[2025-04-04T14:57:21.882+0000] {processor.py:208} INFO - Processing /home/airflow/.local/lib/python3.12/site-packages/airflow/example_dags/example_external_task_marker_dag.py took 0.107 seconds
[2025-04-04T14:57:52.138+0000] {processor.py:186} INFO - Started process (PID=1723) to work on /home/airflow/.local/lib/python3.12/site-packages/airflow/example_dags/example_external_task_marker_dag.py
[2025-04-04T14:57:52.139+0000] {processor.py:914} INFO - Processing file /home/airflow/.local/lib/python3.12/site-packages/airflow/example_dags/example_external_task_marker_dag.py for tasks to queue
[2025-04-04T14:57:52.141+0000] {logging_mixin.py:190} INFO - [2025-04-04T14:57:52.141+0000] {dagbag.py:588} INFO - Filling up the DagBag from /home/airflow/.local/lib/python3.12/site-packages/airflow/example_dags/example_external_task_marker_dag.py
[2025-04-04T14:57:52.148+0000] {processor.py:925} INFO - DAG(s) 'example_external_task_marker_child', 'example_external_task_marker_parent' retrieved from /home/airflow/.local/lib/python3.12/site-packages/airflow/example_dags/example_external_task_marker_dag.py
[2025-04-04T14:57:52.170+0000] {logging_mixin.py:190} INFO - [2025-04-04T14:57:52.170+0000] {dag.py:3239} INFO - Sync 2 DAGs
[2025-04-04T14:57:52.184+0000] {logging_mixin.py:190} INFO - [2025-04-04T14:57:52.184+0000] {dag.py:4180} INFO - Setting next_dagrun for example_external_task_marker_child to None, run_after=None
[2025-04-04T14:57:52.188+0000] {logging_mixin.py:190} INFO - [2025-04-04T14:57:52.188+0000] {dag.py:4180} INFO - Setting next_dagrun for example_external_task_marker_parent to None, run_after=None
[2025-04-04T14:57:52.206+0000] {processor.py:208} INFO - Processing /home/airflow/.local/lib/python3.12/site-packages/airflow/example_dags/example_external_task_marker_dag.py took 0.073 seconds
[2025-04-04T14:58:22.366+0000] {processor.py:186} INFO - Started process (PID=2014) to work on /home/airflow/.local/lib/python3.12/site-packages/airflow/example_dags/example_external_task_marker_dag.py
[2025-04-04T14:58:22.368+0000] {processor.py:914} INFO - Processing file /home/airflow/.local/lib/python3.12/site-packages/airflow/example_dags/example_external_task_marker_dag.py for tasks to queue
[2025-04-04T14:58:22.370+0000] {logging_mixin.py:190} INFO - [2025-04-04T14:58:22.370+0000] {dagbag.py:588} INFO - Filling up the DagBag from /home/airflow/.local/lib/python3.12/site-packages/airflow/example_dags/example_external_task_marker_dag.py
[2025-04-04T14:58:22.377+0000] {processor.py:925} INFO - DAG(s) 'example_external_task_marker_parent', 'example_external_task_marker_child' retrieved from /home/airflow/.local/lib/python3.12/site-packages/airflow/example_dags/example_external_task_marker_dag.py
[2025-04-04T14:58:22.403+0000] {logging_mixin.py:190} INFO - [2025-04-04T14:58:22.402+0000] {dag.py:3239} INFO - Sync 2 DAGs
[2025-04-04T14:58:22.419+0000] {logging_mixin.py:190} INFO - [2025-04-04T14:58:22.419+0000] {dag.py:4180} INFO - Setting next_dagrun for example_external_task_marker_child to None, run_after=None
[2025-04-04T14:58:22.424+0000] {logging_mixin.py:190} INFO - [2025-04-04T14:58:22.423+0000] {dag.py:4180} INFO - Setting next_dagrun for example_external_task_marker_parent to None, run_after=None
[2025-04-04T14:58:22.445+0000] {processor.py:208} INFO - Processing /home/airflow/.local/lib/python3.12/site-packages/airflow/example_dags/example_external_task_marker_dag.py took 0.085 seconds
[2025-04-04T14:58:53.139+0000] {processor.py:186} INFO - Started process (PID=2307) to work on /home/airflow/.local/lib/python3.12/site-packages/airflow/example_dags/example_external_task_marker_dag.py
[2025-04-04T14:58:53.142+0000] {processor.py:914} INFO - Processing file /home/airflow/.local/lib/python3.12/site-packages/airflow/example_dags/example_external_task_marker_dag.py for tasks to queue
[2025-04-04T14:58:53.146+0000] {logging_mixin.py:190} INFO - [2025-04-04T14:58:53.145+0000] {dagbag.py:588} INFO - Filling up the DagBag from /home/airflow/.local/lib/python3.12/site-packages/airflow/example_dags/example_external_task_marker_dag.py
[2025-04-04T14:58:53.164+0000] {processor.py:925} INFO - DAG(s) 'example_external_task_marker_child', 'example_external_task_marker_parent' retrieved from /home/airflow/.local/lib/python3.12/site-packages/airflow/example_dags/example_external_task_marker_dag.py
[2025-04-04T14:58:53.196+0000] {logging_mixin.py:190} INFO - [2025-04-04T14:58:53.196+0000] {dag.py:3239} INFO - Sync 2 DAGs
[2025-04-04T14:58:53.213+0000] {logging_mixin.py:190} INFO - [2025-04-04T14:58:53.213+0000] {dag.py:4180} INFO - Setting next_dagrun for example_external_task_marker_child to None, run_after=None
[2025-04-04T14:58:53.217+0000] {logging_mixin.py:190} INFO - [2025-04-04T14:58:53.217+0000] {dag.py:4180} INFO - Setting next_dagrun for example_external_task_marker_parent to None, run_after=None
[2025-04-04T14:58:53.240+0000] {processor.py:208} INFO - Processing /home/airflow/.local/lib/python3.12/site-packages/airflow/example_dags/example_external_task_marker_dag.py took 0.107 seconds
[2025-04-04T14:59:23.490+0000] {processor.py:186} INFO - Started process (PID=2598) to work on /home/airflow/.local/lib/python3.12/site-packages/airflow/example_dags/example_external_task_marker_dag.py
[2025-04-04T14:59:23.491+0000] {processor.py:914} INFO - Processing file /home/airflow/.local/lib/python3.12/site-packages/airflow/example_dags/example_external_task_marker_dag.py for tasks to queue
[2025-04-04T14:59:23.494+0000] {logging_mixin.py:190} INFO - [2025-04-04T14:59:23.493+0000] {dagbag.py:588} INFO - Filling up the DagBag from /home/airflow/.local/lib/python3.12/site-packages/airflow/example_dags/example_external_task_marker_dag.py
[2025-04-04T14:59:23.500+0000] {processor.py:925} INFO - DAG(s) 'example_external_task_marker_child', 'example_external_task_marker_parent' retrieved from /home/airflow/.local/lib/python3.12/site-packages/airflow/example_dags/example_external_task_marker_dag.py
[2025-04-04T14:59:23.519+0000] {logging_mixin.py:190} INFO - [2025-04-04T14:59:23.519+0000] {dag.py:3239} INFO - Sync 2 DAGs
[2025-04-04T14:59:23.531+0000] {logging_mixin.py:190} INFO - [2025-04-04T14:59:23.531+0000] {dag.py:4180} INFO - Setting next_dagrun for example_external_task_marker_child to None, run_after=None
[2025-04-04T14:59:23.535+0000] {logging_mixin.py:190} INFO - [2025-04-04T14:59:23.535+0000] {dag.py:4180} INFO - Setting next_dagrun for example_external_task_marker_parent to None, run_after=None
[2025-04-04T14:59:23.548+0000] {processor.py:208} INFO - Processing /home/airflow/.local/lib/python3.12/site-packages/airflow/example_dags/example_external_task_marker_dag.py took 0.063 seconds
[2025-04-04T14:59:54.513+0000] {processor.py:186} INFO - Started process (PID=2889) to work on /home/airflow/.local/lib/python3.12/site-packages/airflow/example_dags/example_external_task_marker_dag.py
[2025-04-04T14:59:54.515+0000] {processor.py:914} INFO - Processing file /home/airflow/.local/lib/python3.12/site-packages/airflow/example_dags/example_external_task_marker_dag.py for tasks to queue
[2025-04-04T14:59:54.517+0000] {logging_mixin.py:190} INFO - [2025-04-04T14:59:54.517+0000] {dagbag.py:588} INFO - Filling up the DagBag from /home/airflow/.local/lib/python3.12/site-packages/airflow/example_dags/example_external_task_marker_dag.py
[2025-04-04T14:59:54.524+0000] {processor.py:925} INFO - DAG(s) 'example_external_task_marker_parent', 'example_external_task_marker_child' retrieved from /home/airflow/.local/lib/python3.12/site-packages/airflow/example_dags/example_external_task_marker_dag.py
[2025-04-04T14:59:54.545+0000] {logging_mixin.py:190} INFO - [2025-04-04T14:59:54.544+0000] {dag.py:3239} INFO - Sync 2 DAGs
[2025-04-04T14:59:54.560+0000] {logging_mixin.py:190} INFO - [2025-04-04T14:59:54.559+0000] {dag.py:4180} INFO - Setting next_dagrun for example_external_task_marker_child to None, run_after=None
[2025-04-04T14:59:54.563+0000] {logging_mixin.py:190} INFO - [2025-04-04T14:59:54.563+0000] {dag.py:4180} INFO - Setting next_dagrun for example_external_task_marker_parent to None, run_after=None
[2025-04-04T14:59:54.577+0000] {processor.py:208} INFO - Processing /home/airflow/.local/lib/python3.12/site-packages/airflow/example_dags/example_external_task_marker_dag.py took 0.069 seconds
[2025-04-04T15:00:25.084+0000] {processor.py:186} INFO - Started process (PID=3180) to work on /home/airflow/.local/lib/python3.12/site-packages/airflow/example_dags/example_external_task_marker_dag.py
[2025-04-04T15:00:25.085+0000] {processor.py:914} INFO - Processing file /home/airflow/.local/lib/python3.12/site-packages/airflow/example_dags/example_external_task_marker_dag.py for tasks to queue
[2025-04-04T15:00:25.087+0000] {logging_mixin.py:190} INFO - [2025-04-04T15:00:25.087+0000] {dagbag.py:588} INFO - Filling up the DagBag from /home/airflow/.local/lib/python3.12/site-packages/airflow/example_dags/example_external_task_marker_dag.py
[2025-04-04T15:00:25.094+0000] {processor.py:925} INFO - DAG(s) 'example_external_task_marker_parent', 'example_external_task_marker_child' retrieved from /home/airflow/.local/lib/python3.12/site-packages/airflow/example_dags/example_external_task_marker_dag.py
[2025-04-04T15:00:25.113+0000] {logging_mixin.py:190} INFO - [2025-04-04T15:00:25.112+0000] {dag.py:3239} INFO - Sync 2 DAGs
[2025-04-04T15:00:25.125+0000] {logging_mixin.py:190} INFO - [2025-04-04T15:00:25.125+0000] {dag.py:4180} INFO - Setting next_dagrun for example_external_task_marker_child to None, run_after=None
[2025-04-04T15:00:25.129+0000] {logging_mixin.py:190} INFO - [2025-04-04T15:00:25.129+0000] {dag.py:4180} INFO - Setting next_dagrun for example_external_task_marker_parent to None, run_after=None
[2025-04-04T15:00:25.152+0000] {processor.py:208} INFO - Processing /home/airflow/.local/lib/python3.12/site-packages/airflow/example_dags/example_external_task_marker_dag.py took 0.074 seconds
[2025-04-04T15:00:56.075+0000] {processor.py:186} INFO - Started process (PID=3471) to work on /home/airflow/.local/lib/python3.12/site-packages/airflow/example_dags/example_external_task_marker_dag.py
[2025-04-04T15:00:56.076+0000] {processor.py:914} INFO - Processing file /home/airflow/.local/lib/python3.12/site-packages/airflow/example_dags/example_external_task_marker_dag.py for tasks to queue
[2025-04-04T15:00:56.079+0000] {logging_mixin.py:190} INFO - [2025-04-04T15:00:56.078+0000] {dagbag.py:588} INFO - Filling up the DagBag from /home/airflow/.local/lib/python3.12/site-packages/airflow/example_dags/example_external_task_marker_dag.py
[2025-04-04T15:00:56.088+0000] {processor.py:925} INFO - DAG(s) 'example_external_task_marker_parent', 'example_external_task_marker_child' retrieved from /home/airflow/.local/lib/python3.12/site-packages/airflow/example_dags/example_external_task_marker_dag.py
[2025-04-04T15:00:56.111+0000] {logging_mixin.py:190} INFO - [2025-04-04T15:00:56.111+0000] {dag.py:3239} INFO - Sync 2 DAGs
[2025-04-04T15:00:56.126+0000] {logging_mixin.py:190} INFO - [2025-04-04T15:00:56.126+0000] {dag.py:4180} INFO - Setting next_dagrun for example_external_task_marker_child to None, run_after=None
[2025-04-04T15:00:56.131+0000] {logging_mixin.py:190} INFO - [2025-04-04T15:00:56.130+0000] {dag.py:4180} INFO - Setting next_dagrun for example_external_task_marker_parent to None, run_after=None
[2025-04-04T15:00:56.145+0000] {processor.py:208} INFO - Processing /home/airflow/.local/lib/python3.12/site-packages/airflow/example_dags/example_external_task_marker_dag.py took 0.075 seconds
[2025-04-04T15:01:27.118+0000] {processor.py:186} INFO - Started process (PID=3762) to work on /home/airflow/.local/lib/python3.12/site-packages/airflow/example_dags/example_external_task_marker_dag.py
[2025-04-04T15:01:27.120+0000] {processor.py:914} INFO - Processing file /home/airflow/.local/lib/python3.12/site-packages/airflow/example_dags/example_external_task_marker_dag.py for tasks to queue
[2025-04-04T15:01:27.123+0000] {logging_mixin.py:190} INFO - [2025-04-04T15:01:27.122+0000] {dagbag.py:588} INFO - Filling up the DagBag from /home/airflow/.local/lib/python3.12/site-packages/airflow/example_dags/example_external_task_marker_dag.py
[2025-04-04T15:01:27.131+0000] {processor.py:925} INFO - DAG(s) 'example_external_task_marker_parent', 'example_external_task_marker_child' retrieved from /home/airflow/.local/lib/python3.12/site-packages/airflow/example_dags/example_external_task_marker_dag.py
[2025-04-04T15:01:27.156+0000] {logging_mixin.py:190} INFO - [2025-04-04T15:01:27.156+0000] {dag.py:3239} INFO - Sync 2 DAGs
[2025-04-04T15:01:27.171+0000] {logging_mixin.py:190} INFO - [2025-04-04T15:01:27.171+0000] {dag.py:4180} INFO - Setting next_dagrun for example_external_task_marker_child to None, run_after=None
[2025-04-04T15:01:27.176+0000] {logging_mixin.py:190} INFO - [2025-04-04T15:01:27.176+0000] {dag.py:4180} INFO - Setting next_dagrun for example_external_task_marker_parent to None, run_after=None
[2025-04-04T15:01:27.190+0000] {processor.py:208} INFO - Processing /home/airflow/.local/lib/python3.12/site-packages/airflow/example_dags/example_external_task_marker_dag.py took 0.078 seconds
[2025-04-04T15:01:57.703+0000] {processor.py:186} INFO - Started process (PID=4053) to work on /home/airflow/.local/lib/python3.12/site-packages/airflow/example_dags/example_external_task_marker_dag.py
[2025-04-04T15:01:57.705+0000] {processor.py:914} INFO - Processing file /home/airflow/.local/lib/python3.12/site-packages/airflow/example_dags/example_external_task_marker_dag.py for tasks to queue
[2025-04-04T15:01:57.707+0000] {logging_mixin.py:190} INFO - [2025-04-04T15:01:57.707+0000] {dagbag.py:588} INFO - Filling up the DagBag from /home/airflow/.local/lib/python3.12/site-packages/airflow/example_dags/example_external_task_marker_dag.py
[2025-04-04T15:01:57.715+0000] {processor.py:925} INFO - DAG(s) 'example_external_task_marker_child', 'example_external_task_marker_parent' retrieved from /home/airflow/.local/lib/python3.12/site-packages/airflow/example_dags/example_external_task_marker_dag.py
[2025-04-04T15:01:57.739+0000] {logging_mixin.py:190} INFO - [2025-04-04T15:01:57.739+0000] {dag.py:3239} INFO - Sync 2 DAGs
[2025-04-04T15:01:57.753+0000] {logging_mixin.py:190} INFO - [2025-04-04T15:01:57.753+0000] {dag.py:4180} INFO - Setting next_dagrun for example_external_task_marker_child to None, run_after=None
[2025-04-04T15:01:57.758+0000] {logging_mixin.py:190} INFO - [2025-04-04T15:01:57.758+0000] {dag.py:4180} INFO - Setting next_dagrun for example_external_task_marker_parent to None, run_after=None
[2025-04-04T15:01:57.776+0000] {processor.py:208} INFO - Processing /home/airflow/.local/lib/python3.12/site-packages/airflow/example_dags/example_external_task_marker_dag.py took 0.077 seconds
[2025-04-04T15:02:28.650+0000] {processor.py:186} INFO - Started process (PID=4345) to work on /home/airflow/.local/lib/python3.12/site-packages/airflow/example_dags/example_external_task_marker_dag.py
[2025-04-04T15:02:28.651+0000] {processor.py:914} INFO - Processing file /home/airflow/.local/lib/python3.12/site-packages/airflow/example_dags/example_external_task_marker_dag.py for tasks to queue
[2025-04-04T15:02:28.653+0000] {logging_mixin.py:190} INFO - [2025-04-04T15:02:28.653+0000] {dagbag.py:588} INFO - Filling up the DagBag from /home/airflow/.local/lib/python3.12/site-packages/airflow/example_dags/example_external_task_marker_dag.py
[2025-04-04T15:02:28.660+0000] {processor.py:925} INFO - DAG(s) 'example_external_task_marker_parent', 'example_external_task_marker_child' retrieved from /home/airflow/.local/lib/python3.12/site-packages/airflow/example_dags/example_external_task_marker_dag.py
[2025-04-04T15:02:28.678+0000] {logging_mixin.py:190} INFO - [2025-04-04T15:02:28.678+0000] {dag.py:3239} INFO - Sync 2 DAGs
[2025-04-04T15:02:28.691+0000] {logging_mixin.py:190} INFO - [2025-04-04T15:02:28.691+0000] {dag.py:4180} INFO - Setting next_dagrun for example_external_task_marker_child to None, run_after=None
[2025-04-04T15:02:28.695+0000] {logging_mixin.py:190} INFO - [2025-04-04T15:02:28.694+0000] {dag.py:4180} INFO - Setting next_dagrun for example_external_task_marker_parent to None, run_after=None
[2025-04-04T15:02:28.708+0000] {processor.py:208} INFO - Processing /home/airflow/.local/lib/python3.12/site-packages/airflow/example_dags/example_external_task_marker_dag.py took 0.062 seconds
[2025-04-04T15:02:59.054+0000] {processor.py:186} INFO - Started process (PID=4636) to work on /home/airflow/.local/lib/python3.12/site-packages/airflow/example_dags/example_external_task_marker_dag.py
[2025-04-04T15:02:59.056+0000] {processor.py:914} INFO - Processing file /home/airflow/.local/lib/python3.12/site-packages/airflow/example_dags/example_external_task_marker_dag.py for tasks to queue
[2025-04-04T15:02:59.059+0000] {logging_mixin.py:190} INFO - [2025-04-04T15:02:59.059+0000] {dagbag.py:588} INFO - Filling up the DagBag from /home/airflow/.local/lib/python3.12/site-packages/airflow/example_dags/example_external_task_marker_dag.py
[2025-04-04T15:02:59.070+0000] {processor.py:925} INFO - DAG(s) 'example_external_task_marker_child', 'example_external_task_marker_parent' retrieved from /home/airflow/.local/lib/python3.12/site-packages/airflow/example_dags/example_external_task_marker_dag.py
[2025-04-04T15:02:59.094+0000] {logging_mixin.py:190} INFO - [2025-04-04T15:02:59.094+0000] {dag.py:3239} INFO - Sync 2 DAGs
[2025-04-04T15:02:59.108+0000] {logging_mixin.py:190} INFO - [2025-04-04T15:02:59.108+0000] {dag.py:4180} INFO - Setting next_dagrun for example_external_task_marker_child to None, run_after=None
[2025-04-04T15:02:59.113+0000] {logging_mixin.py:190} INFO - [2025-04-04T15:02:59.112+0000] {dag.py:4180} INFO - Setting next_dagrun for example_external_task_marker_parent to None, run_after=None
[2025-04-04T15:02:59.128+0000] {processor.py:208} INFO - Processing /home/airflow/.local/lib/python3.12/site-packages/airflow/example_dags/example_external_task_marker_dag.py took 0.080 seconds
[2025-04-04T15:03:30.012+0000] {processor.py:186} INFO - Started process (PID=4927) to work on /home/airflow/.local/lib/python3.12/site-packages/airflow/example_dags/example_external_task_marker_dag.py
[2025-04-04T15:03:30.014+0000] {processor.py:914} INFO - Processing file /home/airflow/.local/lib/python3.12/site-packages/airflow/example_dags/example_external_task_marker_dag.py for tasks to queue
[2025-04-04T15:03:30.017+0000] {logging_mixin.py:190} INFO - [2025-04-04T15:03:30.016+0000] {dagbag.py:588} INFO - Filling up the DagBag from /home/airflow/.local/lib/python3.12/site-packages/airflow/example_dags/example_external_task_marker_dag.py
[2025-04-04T15:03:30.025+0000] {processor.py:925} INFO - DAG(s) 'example_external_task_marker_parent', 'example_external_task_marker_child' retrieved from /home/airflow/.local/lib/python3.12/site-packages/airflow/example_dags/example_external_task_marker_dag.py
[2025-04-04T15:03:30.048+0000] {logging_mixin.py:190} INFO - [2025-04-04T15:03:30.048+0000] {dag.py:3239} INFO - Sync 2 DAGs
[2025-04-04T15:03:30.062+0000] {logging_mixin.py:190} INFO - [2025-04-04T15:03:30.062+0000] {dag.py:4180} INFO - Setting next_dagrun for example_external_task_marker_child to None, run_after=None
[2025-04-04T15:03:30.066+0000] {logging_mixin.py:190} INFO - [2025-04-04T15:03:30.065+0000] {dag.py:4180} INFO - Setting next_dagrun for example_external_task_marker_parent to None, run_after=None
[2025-04-04T15:03:30.088+0000] {processor.py:208} INFO - Processing /home/airflow/.local/lib/python3.12/site-packages/airflow/example_dags/example_external_task_marker_dag.py took 0.081 seconds
[2025-04-04T15:04:00.336+0000] {processor.py:186} INFO - Started process (PID=5218) to work on /home/airflow/.local/lib/python3.12/site-packages/airflow/example_dags/example_external_task_marker_dag.py
[2025-04-04T15:04:00.337+0000] {processor.py:914} INFO - Processing file /home/airflow/.local/lib/python3.12/site-packages/airflow/example_dags/example_external_task_marker_dag.py for tasks to queue
[2025-04-04T15:04:00.339+0000] {logging_mixin.py:190} INFO - [2025-04-04T15:04:00.339+0000] {dagbag.py:588} INFO - Filling up the DagBag from /home/airflow/.local/lib/python3.12/site-packages/airflow/example_dags/example_external_task_marker_dag.py
[2025-04-04T15:04:00.346+0000] {processor.py:925} INFO - DAG(s) 'example_external_task_marker_child', 'example_external_task_marker_parent' retrieved from /home/airflow/.local/lib/python3.12/site-packages/airflow/example_dags/example_external_task_marker_dag.py
[2025-04-04T15:04:00.365+0000] {logging_mixin.py:190} INFO - [2025-04-04T15:04:00.364+0000] {dag.py:3239} INFO - Sync 2 DAGs
[2025-04-04T15:04:00.377+0000] {logging_mixin.py:190} INFO - [2025-04-04T15:04:00.377+0000] {dag.py:4180} INFO - Setting next_dagrun for example_external_task_marker_child to None, run_after=None
[2025-04-04T15:04:00.380+0000] {logging_mixin.py:190} INFO - [2025-04-04T15:04:00.380+0000] {dag.py:4180} INFO - Setting next_dagrun for example_external_task_marker_parent to None, run_after=None
[2025-04-04T15:04:00.393+0000] {processor.py:208} INFO - Processing /home/airflow/.local/lib/python3.12/site-packages/airflow/example_dags/example_external_task_marker_dag.py took 0.063 seconds
[2025-04-04T15:04:30.540+0000] {processor.py:186} INFO - Started process (PID=5509) to work on /home/airflow/.local/lib/python3.12/site-packages/airflow/example_dags/example_external_task_marker_dag.py
[2025-04-04T15:04:30.541+0000] {processor.py:914} INFO - Processing file /home/airflow/.local/lib/python3.12/site-packages/airflow/example_dags/example_external_task_marker_dag.py for tasks to queue
[2025-04-04T15:04:30.543+0000] {logging_mixin.py:190} INFO - [2025-04-04T15:04:30.543+0000] {dagbag.py:588} INFO - Filling up the DagBag from /home/airflow/.local/lib/python3.12/site-packages/airflow/example_dags/example_external_task_marker_dag.py
[2025-04-04T15:04:30.550+0000] {processor.py:925} INFO - DAG(s) 'example_external_task_marker_parent', 'example_external_task_marker_child' retrieved from /home/airflow/.local/lib/python3.12/site-packages/airflow/example_dags/example_external_task_marker_dag.py
[2025-04-04T15:04:30.570+0000] {logging_mixin.py:190} INFO - [2025-04-04T15:04:30.570+0000] {dag.py:3239} INFO - Sync 2 DAGs
[2025-04-04T15:04:30.583+0000] {logging_mixin.py:190} INFO - [2025-04-04T15:04:30.583+0000] {dag.py:4180} INFO - Setting next_dagrun for example_external_task_marker_child to None, run_after=None
[2025-04-04T15:04:30.586+0000] {logging_mixin.py:190} INFO - [2025-04-04T15:04:30.586+0000] {dag.py:4180} INFO - Setting next_dagrun for example_external_task_marker_parent to None, run_after=None
[2025-04-04T15:04:30.600+0000] {processor.py:208} INFO - Processing /home/airflow/.local/lib/python3.12/site-packages/airflow/example_dags/example_external_task_marker_dag.py took 0.066 seconds
