[2025-04-04T14:55:32.164+0000] {processor.py:186} INFO - Started process (PID=452) to work on /home/airflow/.local/lib/python3.12/site-packages/airflow/example_dags/example_branch_python_dop_operator_3.py
[2025-04-04T14:55:32.166+0000] {processor.py:914} INFO - Processing file /home/airflow/.local/lib/python3.12/site-packages/airflow/example_dags/example_branch_python_dop_operator_3.py for tasks to queue
[2025-04-04T14:55:32.169+0000] {logging_mixin.py:190} INFO - [2025-04-04T14:55:32.168+0000] {dagbag.py:588} INFO - Filling up the DagBag from /home/airflow/.local/lib/python3.12/site-packages/airflow/example_dags/example_branch_python_dop_operator_3.py
[2025-04-04T14:55:32.181+0000] {processor.py:925} INFO - DAG(s) 'example_branch_dop_operator_v3' retrieved from /home/airflow/.local/lib/python3.12/site-packages/airflow/example_dags/example_branch_python_dop_operator_3.py
[2025-04-04T14:55:32.291+0000] {logging_mixin.py:190} INFO - [2025-04-04T14:55:32.290+0000] {override.py:1912} INFO - Created Permission View: can edit on DAG:example_branch_dop_operator_v3
[2025-04-04T14:55:32.307+0000] {logging_mixin.py:190} INFO - [2025-04-04T14:55:32.307+0000] {override.py:1912} INFO - Created Permission View: can delete on DAG:example_branch_dop_operator_v3
[2025-04-04T14:55:32.318+0000] {logging_mixin.py:190} INFO - [2025-04-04T14:55:32.318+0000] {override.py:1912} INFO - Created Permission View: can read on DAG:example_branch_dop_operator_v3
[2025-04-04T14:55:32.331+0000] {logging_mixin.py:190} INFO - [2025-04-04T14:55:32.330+0000] {override.py:1912} INFO - Created Permission View: can create on DAG Run:example_branch_dop_operator_v3
[2025-04-04T14:55:32.342+0000] {logging_mixin.py:190} INFO - [2025-04-04T14:55:32.342+0000] {override.py:1912} INFO - Created Permission View: menu access on DAG Run:example_branch_dop_operator_v3
[2025-04-04T14:55:32.354+0000] {logging_mixin.py:190} INFO - [2025-04-04T14:55:32.353+0000] {override.py:1912} INFO - Created Permission View: can delete on DAG Run:example_branch_dop_operator_v3
[2025-04-04T14:55:32.363+0000] {logging_mixin.py:190} INFO - [2025-04-04T14:55:32.363+0000] {override.py:1912} INFO - Created Permission View: can read on DAG Run:example_branch_dop_operator_v3
[2025-04-04T14:55:32.365+0000] {logging_mixin.py:190} INFO - [2025-04-04T14:55:32.364+0000] {dag.py:3239} INFO - Sync 1 DAGs
[2025-04-04T14:55:32.379+0000] {logging_mixin.py:190} INFO - [2025-04-04T14:55:32.378+0000] {dag.py:3262} INFO - Creating ORM DAG for example_branch_dop_operator_v3
[2025-04-04T14:55:32.392+0000] {logging_mixin.py:190} INFO - [2025-04-04T14:55:32.392+0000] {dag.py:4180} INFO - Setting next_dagrun for example_branch_dop_operator_v3 to 2025-04-04 14:54:00+00:00, run_after=2025-04-04 14:55:00+00:00
[2025-04-04T14:55:32.413+0000] {processor.py:208} INFO - Processing /home/airflow/.local/lib/python3.12/site-packages/airflow/example_dags/example_branch_python_dop_operator_3.py took 0.255 seconds
[2025-04-04T14:56:02.580+0000] {processor.py:186} INFO - Started process (PID=745) to work on /home/airflow/.local/lib/python3.12/site-packages/airflow/example_dags/example_branch_python_dop_operator_3.py
[2025-04-04T14:56:02.581+0000] {processor.py:914} INFO - Processing file /home/airflow/.local/lib/python3.12/site-packages/airflow/example_dags/example_branch_python_dop_operator_3.py for tasks to queue
[2025-04-04T14:56:02.583+0000] {logging_mixin.py:190} INFO - [2025-04-04T14:56:02.583+0000] {dagbag.py:588} INFO - Filling up the DagBag from /home/airflow/.local/lib/python3.12/site-packages/airflow/example_dags/example_branch_python_dop_operator_3.py
[2025-04-04T14:56:02.591+0000] {processor.py:925} INFO - DAG(s) 'example_branch_dop_operator_v3' retrieved from /home/airflow/.local/lib/python3.12/site-packages/airflow/example_dags/example_branch_python_dop_operator_3.py
[2025-04-04T14:56:02.609+0000] {logging_mixin.py:190} INFO - [2025-04-04T14:56:02.608+0000] {dag.py:3239} INFO - Sync 1 DAGs
[2025-04-04T14:56:02.632+0000] {logging_mixin.py:190} INFO - [2025-04-04T14:56:02.631+0000] {dag.py:4180} INFO - Setting next_dagrun for example_branch_dop_operator_v3 to 2025-04-04 14:55:00+00:00, run_after=2025-04-04 14:56:00+00:00
[2025-04-04T14:56:02.649+0000] {processor.py:208} INFO - Processing /home/airflow/.local/lib/python3.12/site-packages/airflow/example_dags/example_branch_python_dop_operator_3.py took 0.073 seconds
[2025-04-04T14:56:32.942+0000] {processor.py:186} INFO - Started process (PID=1035) to work on /home/airflow/.local/lib/python3.12/site-packages/airflow/example_dags/example_branch_python_dop_operator_3.py
[2025-04-04T14:56:32.943+0000] {processor.py:914} INFO - Processing file /home/airflow/.local/lib/python3.12/site-packages/airflow/example_dags/example_branch_python_dop_operator_3.py for tasks to queue
[2025-04-04T14:56:32.945+0000] {logging_mixin.py:190} INFO - [2025-04-04T14:56:32.945+0000] {dagbag.py:588} INFO - Filling up the DagBag from /home/airflow/.local/lib/python3.12/site-packages/airflow/example_dags/example_branch_python_dop_operator_3.py
[2025-04-04T14:56:32.954+0000] {processor.py:925} INFO - DAG(s) 'example_branch_dop_operator_v3' retrieved from /home/airflow/.local/lib/python3.12/site-packages/airflow/example_dags/example_branch_python_dop_operator_3.py
[2025-04-04T14:56:32.972+0000] {logging_mixin.py:190} INFO - [2025-04-04T14:56:32.971+0000] {dag.py:3239} INFO - Sync 1 DAGs
[2025-04-04T14:56:32.995+0000] {logging_mixin.py:190} INFO - [2025-04-04T14:56:32.995+0000] {dag.py:4180} INFO - Setting next_dagrun for example_branch_dop_operator_v3 to 2025-04-04 14:55:00+00:00, run_after=2025-04-04 14:56:00+00:00
[2025-04-04T14:56:33.012+0000] {processor.py:208} INFO - Processing /home/airflow/.local/lib/python3.12/site-packages/airflow/example_dags/example_branch_python_dop_operator_3.py took 0.074 seconds
[2025-04-04T14:57:04.284+0000] {processor.py:186} INFO - Started process (PID=1326) to work on /home/airflow/.local/lib/python3.12/site-packages/airflow/example_dags/example_branch_python_dop_operator_3.py
[2025-04-04T14:57:04.285+0000] {processor.py:914} INFO - Processing file /home/airflow/.local/lib/python3.12/site-packages/airflow/example_dags/example_branch_python_dop_operator_3.py for tasks to queue
[2025-04-04T14:57:04.287+0000] {logging_mixin.py:190} INFO - [2025-04-04T14:57:04.287+0000] {dagbag.py:588} INFO - Filling up the DagBag from /home/airflow/.local/lib/python3.12/site-packages/airflow/example_dags/example_branch_python_dop_operator_3.py
[2025-04-04T14:57:04.297+0000] {processor.py:925} INFO - DAG(s) 'example_branch_dop_operator_v3' retrieved from /home/airflow/.local/lib/python3.12/site-packages/airflow/example_dags/example_branch_python_dop_operator_3.py
[2025-04-04T14:57:04.313+0000] {logging_mixin.py:190} INFO - [2025-04-04T14:57:04.313+0000] {dag.py:3239} INFO - Sync 1 DAGs
[2025-04-04T14:57:04.336+0000] {logging_mixin.py:190} INFO - [2025-04-04T14:57:04.336+0000] {dag.py:4180} INFO - Setting next_dagrun for example_branch_dop_operator_v3 to 2025-04-04 14:56:00+00:00, run_after=2025-04-04 14:57:00+00:00
[2025-04-04T14:57:04.457+0000] {processor.py:208} INFO - Processing /home/airflow/.local/lib/python3.12/site-packages/airflow/example_dags/example_branch_python_dop_operator_3.py took 0.180 seconds
[2025-04-04T14:57:38.802+0000] {processor.py:186} INFO - Started process (PID=1617) to work on /home/airflow/.local/lib/python3.12/site-packages/airflow/example_dags/example_branch_python_dop_operator_3.py
[2025-04-04T14:57:38.803+0000] {processor.py:914} INFO - Processing file /home/airflow/.local/lib/python3.12/site-packages/airflow/example_dags/example_branch_python_dop_operator_3.py for tasks to queue
[2025-04-04T14:57:38.807+0000] {logging_mixin.py:190} INFO - [2025-04-04T14:57:38.806+0000] {dagbag.py:588} INFO - Filling up the DagBag from /home/airflow/.local/lib/python3.12/site-packages/airflow/example_dags/example_branch_python_dop_operator_3.py
[2025-04-04T14:57:38.819+0000] {processor.py:925} INFO - DAG(s) 'example_branch_dop_operator_v3' retrieved from /home/airflow/.local/lib/python3.12/site-packages/airflow/example_dags/example_branch_python_dop_operator_3.py
[2025-04-04T14:57:38.838+0000] {logging_mixin.py:190} INFO - [2025-04-04T14:57:38.838+0000] {dag.py:3239} INFO - Sync 1 DAGs
[2025-04-04T14:57:38.865+0000] {logging_mixin.py:190} INFO - [2025-04-04T14:57:38.864+0000] {dag.py:4180} INFO - Setting next_dagrun for example_branch_dop_operator_v3 to 2025-04-04 14:56:00+00:00, run_after=2025-04-04 14:57:00+00:00
[2025-04-04T14:57:38.886+0000] {processor.py:208} INFO - Processing /home/airflow/.local/lib/python3.12/site-packages/airflow/example_dags/example_branch_python_dop_operator_3.py took 0.089 seconds
[2025-04-04T14:58:10.701+0000] {processor.py:186} INFO - Started process (PID=1908) to work on /home/airflow/.local/lib/python3.12/site-packages/airflow/example_dags/example_branch_python_dop_operator_3.py
[2025-04-04T14:58:10.704+0000] {processor.py:914} INFO - Processing file /home/airflow/.local/lib/python3.12/site-packages/airflow/example_dags/example_branch_python_dop_operator_3.py for tasks to queue
[2025-04-04T14:58:10.707+0000] {logging_mixin.py:190} INFO - [2025-04-04T14:58:10.707+0000] {dagbag.py:588} INFO - Filling up the DagBag from /home/airflow/.local/lib/python3.12/site-packages/airflow/example_dags/example_branch_python_dop_operator_3.py
[2025-04-04T14:58:10.724+0000] {processor.py:925} INFO - DAG(s) 'example_branch_dop_operator_v3' retrieved from /home/airflow/.local/lib/python3.12/site-packages/airflow/example_dags/example_branch_python_dop_operator_3.py
[2025-04-04T14:58:10.749+0000] {logging_mixin.py:190} INFO - [2025-04-04T14:58:10.749+0000] {dag.py:3239} INFO - Sync 1 DAGs
[2025-04-04T14:58:10.778+0000] {logging_mixin.py:190} INFO - [2025-04-04T14:58:10.778+0000] {dag.py:4180} INFO - Setting next_dagrun for example_branch_dop_operator_v3 to 2025-04-04 14:57:00+00:00, run_after=2025-04-04 14:58:00+00:00
[2025-04-04T14:58:10.807+0000] {processor.py:208} INFO - Processing /home/airflow/.local/lib/python3.12/site-packages/airflow/example_dags/example_branch_python_dop_operator_3.py took 0.111 seconds
[2025-04-04T14:58:41.468+0000] {processor.py:186} INFO - Started process (PID=2199) to work on /home/airflow/.local/lib/python3.12/site-packages/airflow/example_dags/example_branch_python_dop_operator_3.py
[2025-04-04T14:58:41.469+0000] {processor.py:914} INFO - Processing file /home/airflow/.local/lib/python3.12/site-packages/airflow/example_dags/example_branch_python_dop_operator_3.py for tasks to queue
[2025-04-04T14:58:41.471+0000] {logging_mixin.py:190} INFO - [2025-04-04T14:58:41.471+0000] {dagbag.py:588} INFO - Filling up the DagBag from /home/airflow/.local/lib/python3.12/site-packages/airflow/example_dags/example_branch_python_dop_operator_3.py
[2025-04-04T14:58:41.481+0000] {processor.py:925} INFO - DAG(s) 'example_branch_dop_operator_v3' retrieved from /home/airflow/.local/lib/python3.12/site-packages/airflow/example_dags/example_branch_python_dop_operator_3.py
[2025-04-04T14:58:41.501+0000] {logging_mixin.py:190} INFO - [2025-04-04T14:58:41.501+0000] {dag.py:3239} INFO - Sync 1 DAGs
[2025-04-04T14:58:41.526+0000] {logging_mixin.py:190} INFO - [2025-04-04T14:58:41.525+0000] {dag.py:4180} INFO - Setting next_dagrun for example_branch_dop_operator_v3 to 2025-04-04 14:57:00+00:00, run_after=2025-04-04 14:58:00+00:00
[2025-04-04T14:58:41.543+0000] {processor.py:208} INFO - Processing /home/airflow/.local/lib/python3.12/site-packages/airflow/example_dags/example_branch_python_dop_operator_3.py took 0.080 seconds
[2025-04-04T14:59:11.938+0000] {processor.py:186} INFO - Started process (PID=2490) to work on /home/airflow/.local/lib/python3.12/site-packages/airflow/example_dags/example_branch_python_dop_operator_3.py
[2025-04-04T14:59:11.940+0000] {processor.py:914} INFO - Processing file /home/airflow/.local/lib/python3.12/site-packages/airflow/example_dags/example_branch_python_dop_operator_3.py for tasks to queue
[2025-04-04T14:59:11.942+0000] {logging_mixin.py:190} INFO - [2025-04-04T14:59:11.942+0000] {dagbag.py:588} INFO - Filling up the DagBag from /home/airflow/.local/lib/python3.12/site-packages/airflow/example_dags/example_branch_python_dop_operator_3.py
[2025-04-04T14:59:11.952+0000] {processor.py:925} INFO - DAG(s) 'example_branch_dop_operator_v3' retrieved from /home/airflow/.local/lib/python3.12/site-packages/airflow/example_dags/example_branch_python_dop_operator_3.py
[2025-04-04T14:59:11.973+0000] {logging_mixin.py:190} INFO - [2025-04-04T14:59:11.972+0000] {dag.py:3239} INFO - Sync 1 DAGs
[2025-04-04T14:59:11.997+0000] {logging_mixin.py:190} INFO - [2025-04-04T14:59:11.997+0000] {dag.py:4180} INFO - Setting next_dagrun for example_branch_dop_operator_v3 to 2025-04-04 14:58:00+00:00, run_after=2025-04-04 14:59:00+00:00
[2025-04-04T14:59:12.021+0000] {processor.py:208} INFO - Processing /home/airflow/.local/lib/python3.12/site-packages/airflow/example_dags/example_branch_python_dop_operator_3.py took 0.090 seconds
[2025-04-04T14:59:42.657+0000] {processor.py:186} INFO - Started process (PID=2781) to work on /home/airflow/.local/lib/python3.12/site-packages/airflow/example_dags/example_branch_python_dop_operator_3.py
[2025-04-04T14:59:42.658+0000] {processor.py:914} INFO - Processing file /home/airflow/.local/lib/python3.12/site-packages/airflow/example_dags/example_branch_python_dop_operator_3.py for tasks to queue
[2025-04-04T14:59:42.661+0000] {logging_mixin.py:190} INFO - [2025-04-04T14:59:42.661+0000] {dagbag.py:588} INFO - Filling up the DagBag from /home/airflow/.local/lib/python3.12/site-packages/airflow/example_dags/example_branch_python_dop_operator_3.py
[2025-04-04T14:59:42.673+0000] {processor.py:925} INFO - DAG(s) 'example_branch_dop_operator_v3' retrieved from /home/airflow/.local/lib/python3.12/site-packages/airflow/example_dags/example_branch_python_dop_operator_3.py
[2025-04-04T14:59:42.691+0000] {logging_mixin.py:190} INFO - [2025-04-04T14:59:42.691+0000] {dag.py:3239} INFO - Sync 1 DAGs
[2025-04-04T14:59:42.724+0000] {logging_mixin.py:190} INFO - [2025-04-04T14:59:42.723+0000] {dag.py:4180} INFO - Setting next_dagrun for example_branch_dop_operator_v3 to 2025-04-04 14:58:00+00:00, run_after=2025-04-04 14:59:00+00:00
[2025-04-04T14:59:42.743+0000] {processor.py:208} INFO - Processing /home/airflow/.local/lib/python3.12/site-packages/airflow/example_dags/example_branch_python_dop_operator_3.py took 0.091 seconds
[2025-04-04T15:00:13.409+0000] {processor.py:186} INFO - Started process (PID=3072) to work on /home/airflow/.local/lib/python3.12/site-packages/airflow/example_dags/example_branch_python_dop_operator_3.py
[2025-04-04T15:00:13.411+0000] {processor.py:914} INFO - Processing file /home/airflow/.local/lib/python3.12/site-packages/airflow/example_dags/example_branch_python_dop_operator_3.py for tasks to queue
[2025-04-04T15:00:13.415+0000] {logging_mixin.py:190} INFO - [2025-04-04T15:00:13.414+0000] {dagbag.py:588} INFO - Filling up the DagBag from /home/airflow/.local/lib/python3.12/site-packages/airflow/example_dags/example_branch_python_dop_operator_3.py
[2025-04-04T15:00:13.427+0000] {processor.py:925} INFO - DAG(s) 'example_branch_dop_operator_v3' retrieved from /home/airflow/.local/lib/python3.12/site-packages/airflow/example_dags/example_branch_python_dop_operator_3.py
[2025-04-04T15:00:13.453+0000] {logging_mixin.py:190} INFO - [2025-04-04T15:00:13.452+0000] {dag.py:3239} INFO - Sync 1 DAGs
[2025-04-04T15:00:13.486+0000] {logging_mixin.py:190} INFO - [2025-04-04T15:00:13.486+0000] {dag.py:4180} INFO - Setting next_dagrun for example_branch_dop_operator_v3 to 2025-04-04 14:59:00+00:00, run_after=2025-04-04 15:00:00+00:00
[2025-04-04T15:00:13.505+0000] {processor.py:208} INFO - Processing /home/airflow/.local/lib/python3.12/site-packages/airflow/example_dags/example_branch_python_dop_operator_3.py took 0.103 seconds
[2025-04-04T15:00:45.826+0000] {processor.py:186} INFO - Started process (PID=3369) to work on /home/airflow/.local/lib/python3.12/site-packages/airflow/example_dags/example_branch_python_dop_operator_3.py
[2025-04-04T15:00:45.827+0000] {processor.py:914} INFO - Processing file /home/airflow/.local/lib/python3.12/site-packages/airflow/example_dags/example_branch_python_dop_operator_3.py for tasks to queue
[2025-04-04T15:00:45.832+0000] {logging_mixin.py:190} INFO - [2025-04-04T15:00:45.831+0000] {dagbag.py:588} INFO - Filling up the DagBag from /home/airflow/.local/lib/python3.12/site-packages/airflow/example_dags/example_branch_python_dop_operator_3.py
[2025-04-04T15:00:45.867+0000] {processor.py:925} INFO - DAG(s) 'example_branch_dop_operator_v3' retrieved from /home/airflow/.local/lib/python3.12/site-packages/airflow/example_dags/example_branch_python_dop_operator_3.py
[2025-04-04T15:00:45.900+0000] {logging_mixin.py:190} INFO - [2025-04-04T15:00:45.899+0000] {dag.py:3239} INFO - Sync 1 DAGs
[2025-04-04T15:00:45.954+0000] {logging_mixin.py:190} INFO - [2025-04-04T15:00:45.953+0000] {dag.py:4180} INFO - Setting next_dagrun for example_branch_dop_operator_v3 to 2025-04-04 14:59:00+00:00, run_after=2025-04-04 15:00:00+00:00
[2025-04-04T15:00:45.976+0000] {processor.py:208} INFO - Processing /home/airflow/.local/lib/python3.12/site-packages/airflow/example_dags/example_branch_python_dop_operator_3.py took 0.165 seconds
[2025-04-04T15:01:16.642+0000] {processor.py:186} INFO - Started process (PID=3661) to work on /home/airflow/.local/lib/python3.12/site-packages/airflow/example_dags/example_branch_python_dop_operator_3.py
[2025-04-04T15:01:16.643+0000] {processor.py:914} INFO - Processing file /home/airflow/.local/lib/python3.12/site-packages/airflow/example_dags/example_branch_python_dop_operator_3.py for tasks to queue
[2025-04-04T15:01:16.645+0000] {logging_mixin.py:190} INFO - [2025-04-04T15:01:16.645+0000] {dagbag.py:588} INFO - Filling up the DagBag from /home/airflow/.local/lib/python3.12/site-packages/airflow/example_dags/example_branch_python_dop_operator_3.py
[2025-04-04T15:01:16.654+0000] {processor.py:925} INFO - DAG(s) 'example_branch_dop_operator_v3' retrieved from /home/airflow/.local/lib/python3.12/site-packages/airflow/example_dags/example_branch_python_dop_operator_3.py
[2025-04-04T15:01:16.672+0000] {logging_mixin.py:190} INFO - [2025-04-04T15:01:16.672+0000] {dag.py:3239} INFO - Sync 1 DAGs
[2025-04-04T15:01:16.713+0000] {logging_mixin.py:190} INFO - [2025-04-04T15:01:16.713+0000] {dag.py:4180} INFO - Setting next_dagrun for example_branch_dop_operator_v3 to 2025-04-04 15:00:00+00:00, run_after=2025-04-04 15:01:00+00:00
[2025-04-04T15:01:16.737+0000] {processor.py:208} INFO - Processing /home/airflow/.local/lib/python3.12/site-packages/airflow/example_dags/example_branch_python_dop_operator_3.py took 0.101 seconds
[2025-04-04T15:01:48.132+0000] {processor.py:186} INFO - Started process (PID=3951) to work on /home/airflow/.local/lib/python3.12/site-packages/airflow/example_dags/example_branch_python_dop_operator_3.py
[2025-04-04T15:01:48.133+0000] {processor.py:914} INFO - Processing file /home/airflow/.local/lib/python3.12/site-packages/airflow/example_dags/example_branch_python_dop_operator_3.py for tasks to queue
[2025-04-04T15:01:48.135+0000] {logging_mixin.py:190} INFO - [2025-04-04T15:01:48.135+0000] {dagbag.py:588} INFO - Filling up the DagBag from /home/airflow/.local/lib/python3.12/site-packages/airflow/example_dags/example_branch_python_dop_operator_3.py
[2025-04-04T15:01:48.145+0000] {processor.py:925} INFO - DAG(s) 'example_branch_dop_operator_v3' retrieved from /home/airflow/.local/lib/python3.12/site-packages/airflow/example_dags/example_branch_python_dop_operator_3.py
[2025-04-04T15:01:48.162+0000] {logging_mixin.py:190} INFO - [2025-04-04T15:01:48.162+0000] {dag.py:3239} INFO - Sync 1 DAGs
[2025-04-04T15:01:48.185+0000] {logging_mixin.py:190} INFO - [2025-04-04T15:01:48.184+0000] {dag.py:4180} INFO - Setting next_dagrun for example_branch_dop_operator_v3 to 2025-04-04 15:00:00+00:00, run_after=2025-04-04 15:01:00+00:00
[2025-04-04T15:01:48.201+0000] {processor.py:208} INFO - Processing /home/airflow/.local/lib/python3.12/site-packages/airflow/example_dags/example_branch_python_dop_operator_3.py took 0.074 seconds
[2025-04-04T15:02:19.476+0000] {processor.py:186} INFO - Started process (PID=4243) to work on /home/airflow/.local/lib/python3.12/site-packages/airflow/example_dags/example_branch_python_dop_operator_3.py
[2025-04-04T15:02:19.478+0000] {processor.py:914} INFO - Processing file /home/airflow/.local/lib/python3.12/site-packages/airflow/example_dags/example_branch_python_dop_operator_3.py for tasks to queue
[2025-04-04T15:02:19.481+0000] {logging_mixin.py:190} INFO - [2025-04-04T15:02:19.481+0000] {dagbag.py:588} INFO - Filling up the DagBag from /home/airflow/.local/lib/python3.12/site-packages/airflow/example_dags/example_branch_python_dop_operator_3.py
[2025-04-04T15:02:19.491+0000] {processor.py:925} INFO - DAG(s) 'example_branch_dop_operator_v3' retrieved from /home/airflow/.local/lib/python3.12/site-packages/airflow/example_dags/example_branch_python_dop_operator_3.py
[2025-04-04T15:02:19.517+0000] {logging_mixin.py:190} INFO - [2025-04-04T15:02:19.517+0000] {dag.py:3239} INFO - Sync 1 DAGs
[2025-04-04T15:02:19.543+0000] {logging_mixin.py:190} INFO - [2025-04-04T15:02:19.542+0000] {dag.py:4180} INFO - Setting next_dagrun for example_branch_dop_operator_v3 to 2025-04-04 15:01:00+00:00, run_after=2025-04-04 15:02:00+00:00
[2025-04-04T15:02:19.564+0000] {processor.py:208} INFO - Processing /home/airflow/.local/lib/python3.12/site-packages/airflow/example_dags/example_branch_python_dop_operator_3.py took 0.093 seconds
[2025-04-04T15:02:50.830+0000] {processor.py:186} INFO - Started process (PID=4534) to work on /home/airflow/.local/lib/python3.12/site-packages/airflow/example_dags/example_branch_python_dop_operator_3.py
[2025-04-04T15:02:50.832+0000] {processor.py:914} INFO - Processing file /home/airflow/.local/lib/python3.12/site-packages/airflow/example_dags/example_branch_python_dop_operator_3.py for tasks to queue
[2025-04-04T15:02:50.834+0000] {logging_mixin.py:190} INFO - [2025-04-04T15:02:50.834+0000] {dagbag.py:588} INFO - Filling up the DagBag from /home/airflow/.local/lib/python3.12/site-packages/airflow/example_dags/example_branch_python_dop_operator_3.py
[2025-04-04T15:02:50.847+0000] {processor.py:925} INFO - DAG(s) 'example_branch_dop_operator_v3' retrieved from /home/airflow/.local/lib/python3.12/site-packages/airflow/example_dags/example_branch_python_dop_operator_3.py
[2025-04-04T15:02:50.865+0000] {logging_mixin.py:190} INFO - [2025-04-04T15:02:50.865+0000] {dag.py:3239} INFO - Sync 1 DAGs
[2025-04-04T15:02:50.888+0000] {logging_mixin.py:190} INFO - [2025-04-04T15:02:50.888+0000] {dag.py:4180} INFO - Setting next_dagrun for example_branch_dop_operator_v3 to 2025-04-04 15:01:00+00:00, run_after=2025-04-04 15:02:00+00:00
[2025-04-04T15:02:50.905+0000] {processor.py:208} INFO - Processing /home/airflow/.local/lib/python3.12/site-packages/airflow/example_dags/example_branch_python_dop_operator_3.py took 0.082 seconds
[2025-04-04T15:03:21.930+0000] {processor.py:186} INFO - Started process (PID=4825) to work on /home/airflow/.local/lib/python3.12/site-packages/airflow/example_dags/example_branch_python_dop_operator_3.py
[2025-04-04T15:03:21.931+0000] {processor.py:914} INFO - Processing file /home/airflow/.local/lib/python3.12/site-packages/airflow/example_dags/example_branch_python_dop_operator_3.py for tasks to queue
[2025-04-04T15:03:21.934+0000] {logging_mixin.py:190} INFO - [2025-04-04T15:03:21.934+0000] {dagbag.py:588} INFO - Filling up the DagBag from /home/airflow/.local/lib/python3.12/site-packages/airflow/example_dags/example_branch_python_dop_operator_3.py
[2025-04-04T15:03:21.943+0000] {processor.py:925} INFO - DAG(s) 'example_branch_dop_operator_v3' retrieved from /home/airflow/.local/lib/python3.12/site-packages/airflow/example_dags/example_branch_python_dop_operator_3.py
[2025-04-04T15:03:21.960+0000] {logging_mixin.py:190} INFO - [2025-04-04T15:03:21.960+0000] {dag.py:3239} INFO - Sync 1 DAGs
[2025-04-04T15:03:21.982+0000] {logging_mixin.py:190} INFO - [2025-04-04T15:03:21.982+0000] {dag.py:4180} INFO - Setting next_dagrun for example_branch_dop_operator_v3 to 2025-04-04 15:02:00+00:00, run_after=2025-04-04 15:03:00+00:00
[2025-04-04T15:03:21.998+0000] {processor.py:208} INFO - Processing /home/airflow/.local/lib/python3.12/site-packages/airflow/example_dags/example_branch_python_dop_operator_3.py took 0.073 seconds
[2025-04-04T15:03:53.135+0000] {processor.py:186} INFO - Started process (PID=5116) to work on /home/airflow/.local/lib/python3.12/site-packages/airflow/example_dags/example_branch_python_dop_operator_3.py
[2025-04-04T15:03:53.136+0000] {processor.py:914} INFO - Processing file /home/airflow/.local/lib/python3.12/site-packages/airflow/example_dags/example_branch_python_dop_operator_3.py for tasks to queue
[2025-04-04T15:03:53.138+0000] {logging_mixin.py:190} INFO - [2025-04-04T15:03:53.138+0000] {dagbag.py:588} INFO - Filling up the DagBag from /home/airflow/.local/lib/python3.12/site-packages/airflow/example_dags/example_branch_python_dop_operator_3.py
[2025-04-04T15:03:53.149+0000] {processor.py:925} INFO - DAG(s) 'example_branch_dop_operator_v3' retrieved from /home/airflow/.local/lib/python3.12/site-packages/airflow/example_dags/example_branch_python_dop_operator_3.py
[2025-04-04T15:03:53.167+0000] {logging_mixin.py:190} INFO - [2025-04-04T15:03:53.167+0000] {dag.py:3239} INFO - Sync 1 DAGs
[2025-04-04T15:03:53.195+0000] {logging_mixin.py:190} INFO - [2025-04-04T15:03:53.195+0000] {dag.py:4180} INFO - Setting next_dagrun for example_branch_dop_operator_v3 to 2025-04-04 15:02:00+00:00, run_after=2025-04-04 15:03:00+00:00
[2025-04-04T15:03:53.213+0000] {processor.py:208} INFO - Processing /home/airflow/.local/lib/python3.12/site-packages/airflow/example_dags/example_branch_python_dop_operator_3.py took 0.084 seconds
[2025-04-04T15:04:24.306+0000] {processor.py:186} INFO - Started process (PID=5407) to work on /home/airflow/.local/lib/python3.12/site-packages/airflow/example_dags/example_branch_python_dop_operator_3.py
[2025-04-04T15:04:24.307+0000] {processor.py:914} INFO - Processing file /home/airflow/.local/lib/python3.12/site-packages/airflow/example_dags/example_branch_python_dop_operator_3.py for tasks to queue
[2025-04-04T15:04:24.310+0000] {logging_mixin.py:190} INFO - [2025-04-04T15:04:24.309+0000] {dagbag.py:588} INFO - Filling up the DagBag from /home/airflow/.local/lib/python3.12/site-packages/airflow/example_dags/example_branch_python_dop_operator_3.py
[2025-04-04T15:04:24.320+0000] {processor.py:925} INFO - DAG(s) 'example_branch_dop_operator_v3' retrieved from /home/airflow/.local/lib/python3.12/site-packages/airflow/example_dags/example_branch_python_dop_operator_3.py
[2025-04-04T15:04:24.338+0000] {logging_mixin.py:190} INFO - [2025-04-04T15:04:24.338+0000] {dag.py:3239} INFO - Sync 1 DAGs
[2025-04-04T15:04:24.362+0000] {logging_mixin.py:190} INFO - [2025-04-04T15:04:24.362+0000] {dag.py:4180} INFO - Setting next_dagrun for example_branch_dop_operator_v3 to 2025-04-04 15:03:00+00:00, run_after=2025-04-04 15:04:00+00:00
[2025-04-04T15:04:24.385+0000] {processor.py:208} INFO - Processing /home/airflow/.local/lib/python3.12/site-packages/airflow/example_dags/example_branch_python_dop_operator_3.py took 0.084 seconds
