[2025-04-04T14:55:26.306+0000] {processor.py:186} INFO - Started process (PID=352) to work on /home/airflow/.local/lib/python3.12/site-packages/airflow/example_dags/example_subdag_operator.py
[2025-04-04T14:55:26.308+0000] {processor.py:914} INFO - Processing file /home/airflow/.local/lib/python3.12/site-packages/airflow/example_dags/example_subdag_operator.py for tasks to queue
[2025-04-04T14:55:26.312+0000] {logging_mixin.py:190} INFO - [2025-04-04T14:55:26.311+0000] {dagbag.py:588} INFO - Filling up the DagBag from /home/airflow/.local/lib/python3.12/site-packages/airflow/example_dags/example_subdag_operator.py
[2025-04-04T14:55:26.348+0000] {processor.py:925} INFO - DAG(s) 'example_subdag_operator.section-1', 'example_subdag_operator.section-2', 'example_subdag_operator' retrieved from /home/airflow/.local/lib/python3.12/site-packages/airflow/example_dags/example_subdag_operator.py
[2025-04-04T14:55:26.462+0000] {logging_mixin.py:190} INFO - [2025-04-04T14:55:26.461+0000] {override.py:1912} INFO - Created Permission View: can edit on DAG:example_subdag_operator
[2025-04-04T14:55:26.475+0000] {logging_mixin.py:190} INFO - [2025-04-04T14:55:26.475+0000] {override.py:1912} INFO - Created Permission View: can delete on DAG:example_subdag_operator
[2025-04-04T14:55:26.487+0000] {logging_mixin.py:190} INFO - [2025-04-04T14:55:26.486+0000] {override.py:1912} INFO - Created Permission View: can read on DAG:example_subdag_operator
[2025-04-04T14:55:26.497+0000] {logging_mixin.py:190} INFO - [2025-04-04T14:55:26.496+0000] {override.py:1912} INFO - Created Permission View: can create on DAG Run:example_subdag_operator
[2025-04-04T14:55:26.506+0000] {logging_mixin.py:190} INFO - [2025-04-04T14:55:26.505+0000] {override.py:1912} INFO - Created Permission View: menu access on DAG Run:example_subdag_operator
[2025-04-04T14:55:26.515+0000] {logging_mixin.py:190} INFO - [2025-04-04T14:55:26.515+0000] {override.py:1912} INFO - Created Permission View: can delete on DAG Run:example_subdag_operator
[2025-04-04T14:55:26.525+0000] {logging_mixin.py:190} INFO - [2025-04-04T14:55:26.525+0000] {override.py:1912} INFO - Created Permission View: can read on DAG Run:example_subdag_operator
[2025-04-04T14:55:26.526+0000] {logging_mixin.py:190} INFO - [2025-04-04T14:55:26.526+0000] {dag.py:3239} INFO - Sync 3 DAGs
[2025-04-04T14:55:26.551+0000] {logging_mixin.py:190} INFO - [2025-04-04T14:55:26.551+0000] {dag.py:3262} INFO - Creating ORM DAG for example_subdag_operator.section-1
[2025-04-04T14:55:26.556+0000] {logging_mixin.py:190} INFO - [2025-04-04T14:55:26.555+0000] {dag.py:3262} INFO - Creating ORM DAG for example_subdag_operator.section-2
[2025-04-04T14:55:26.558+0000] {logging_mixin.py:190} INFO - [2025-04-04T14:55:26.558+0000] {dag.py:3262} INFO - Creating ORM DAG for example_subdag_operator
[2025-04-04T14:55:26.581+0000] {logging_mixin.py:190} INFO - [2025-04-04T14:55:26.581+0000] {dag.py:4180} INFO - Setting next_dagrun for example_subdag_operator to 2022-01-01 00:00:00+00:00, run_after=2022-01-01 00:00:00+00:00
[2025-04-04T14:55:26.584+0000] {logging_mixin.py:190} INFO - [2025-04-04T14:55:26.583+0000] {dag.py:4180} INFO - Setting next_dagrun for example_subdag_operator.section-1 to None, run_after=None
[2025-04-04T14:55:26.584+0000] {logging_mixin.py:190} INFO - [2025-04-04T14:55:26.584+0000] {dag.py:4180} INFO - Setting next_dagrun for example_subdag_operator.section-2 to None, run_after=None
[2025-04-04T14:55:26.598+0000] {logging_mixin.py:190} INFO - [2025-04-04T14:55:26.598+0000] {dag.py:3239} INFO - Sync 2 DAGs
[2025-04-04T14:55:26.607+0000] {logging_mixin.py:190} INFO - [2025-04-04T14:55:26.607+0000] {dag.py:4180} INFO - Setting next_dagrun for example_subdag_operator.section-1 to None, run_after=None
[2025-04-04T14:55:26.612+0000] {logging_mixin.py:190} INFO - [2025-04-04T14:55:26.612+0000] {dag.py:4180} INFO - Setting next_dagrun for example_subdag_operator.section-2 to None, run_after=None
[2025-04-04T14:55:26.638+0000] {processor.py:208} INFO - Processing /home/airflow/.local/lib/python3.12/site-packages/airflow/example_dags/example_subdag_operator.py took 0.342 seconds
[2025-04-04T14:55:57.005+0000] {processor.py:186} INFO - Started process (PID=638) to work on /home/airflow/.local/lib/python3.12/site-packages/airflow/example_dags/example_subdag_operator.py
[2025-04-04T14:55:57.006+0000] {processor.py:914} INFO - Processing file /home/airflow/.local/lib/python3.12/site-packages/airflow/example_dags/example_subdag_operator.py for tasks to queue
[2025-04-04T14:55:57.009+0000] {logging_mixin.py:190} INFO - [2025-04-04T14:55:57.009+0000] {dagbag.py:588} INFO - Filling up the DagBag from /home/airflow/.local/lib/python3.12/site-packages/airflow/example_dags/example_subdag_operator.py
[2025-04-04T14:55:57.043+0000] {processor.py:925} INFO - DAG(s) 'example_subdag_operator.section-1', 'example_subdag_operator.section-2', 'example_subdag_operator' retrieved from /home/airflow/.local/lib/python3.12/site-packages/airflow/example_dags/example_subdag_operator.py
[2025-04-04T14:55:57.061+0000] {logging_mixin.py:190} INFO - [2025-04-04T14:55:57.061+0000] {dag.py:3239} INFO - Sync 3 DAGs
[2025-04-04T14:55:57.090+0000] {logging_mixin.py:190} INFO - [2025-04-04T14:55:57.090+0000] {dag.py:4180} INFO - Setting next_dagrun for example_subdag_operator to 2022-01-01 00:00:00+00:00, run_after=2022-01-01 00:00:00+00:00
[2025-04-04T14:55:57.095+0000] {logging_mixin.py:190} INFO - [2025-04-04T14:55:57.095+0000] {dag.py:4180} INFO - Setting next_dagrun for example_subdag_operator.section-1 to None, run_after=None
[2025-04-04T14:55:57.097+0000] {logging_mixin.py:190} INFO - [2025-04-04T14:55:57.097+0000] {dag.py:4180} INFO - Setting next_dagrun for example_subdag_operator.section-2 to None, run_after=None
[2025-04-04T14:55:57.106+0000] {logging_mixin.py:190} INFO - [2025-04-04T14:55:57.106+0000] {dag.py:3239} INFO - Sync 2 DAGs
[2025-04-04T14:55:57.114+0000] {logging_mixin.py:190} INFO - [2025-04-04T14:55:57.113+0000] {dag.py:4180} INFO - Setting next_dagrun for example_subdag_operator.section-1 to None, run_after=None
[2025-04-04T14:55:57.114+0000] {logging_mixin.py:190} INFO - [2025-04-04T14:55:57.114+0000] {dag.py:4180} INFO - Setting next_dagrun for example_subdag_operator.section-2 to None, run_after=None
[2025-04-04T14:55:57.126+0000] {processor.py:208} INFO - Processing /home/airflow/.local/lib/python3.12/site-packages/airflow/example_dags/example_subdag_operator.py took 0.128 seconds
[2025-04-04T14:56:28.705+0000] {processor.py:186} INFO - Started process (PID=930) to work on /home/airflow/.local/lib/python3.12/site-packages/airflow/example_dags/example_subdag_operator.py
[2025-04-04T14:56:28.706+0000] {processor.py:914} INFO - Processing file /home/airflow/.local/lib/python3.12/site-packages/airflow/example_dags/example_subdag_operator.py for tasks to queue
[2025-04-04T14:56:28.708+0000] {logging_mixin.py:190} INFO - [2025-04-04T14:56:28.708+0000] {dagbag.py:588} INFO - Filling up the DagBag from /home/airflow/.local/lib/python3.12/site-packages/airflow/example_dags/example_subdag_operator.py
[2025-04-04T14:56:28.731+0000] {processor.py:925} INFO - DAG(s) 'example_subdag_operator.section-1', 'example_subdag_operator.section-2', 'example_subdag_operator' retrieved from /home/airflow/.local/lib/python3.12/site-packages/airflow/example_dags/example_subdag_operator.py
[2025-04-04T14:56:28.744+0000] {logging_mixin.py:190} INFO - [2025-04-04T14:56:28.744+0000] {dag.py:3239} INFO - Sync 3 DAGs
[2025-04-04T14:56:28.764+0000] {logging_mixin.py:190} INFO - [2025-04-04T14:56:28.763+0000] {dag.py:4180} INFO - Setting next_dagrun for example_subdag_operator to 2022-01-01 00:00:00+00:00, run_after=2022-01-01 00:00:00+00:00
[2025-04-04T14:56:28.768+0000] {logging_mixin.py:190} INFO - [2025-04-04T14:56:28.768+0000] {dag.py:4180} INFO - Setting next_dagrun for example_subdag_operator.section-1 to None, run_after=None
[2025-04-04T14:56:28.770+0000] {logging_mixin.py:190} INFO - [2025-04-04T14:56:28.769+0000] {dag.py:4180} INFO - Setting next_dagrun for example_subdag_operator.section-2 to None, run_after=None
[2025-04-04T14:56:28.776+0000] {logging_mixin.py:190} INFO - [2025-04-04T14:56:28.776+0000] {dag.py:3239} INFO - Sync 2 DAGs
[2025-04-04T14:56:28.782+0000] {logging_mixin.py:190} INFO - [2025-04-04T14:56:28.782+0000] {dag.py:4180} INFO - Setting next_dagrun for example_subdag_operator.section-1 to None, run_after=None
[2025-04-04T14:56:28.783+0000] {logging_mixin.py:190} INFO - [2025-04-04T14:56:28.782+0000] {dag.py:4180} INFO - Setting next_dagrun for example_subdag_operator.section-2 to None, run_after=None
[2025-04-04T14:56:28.816+0000] {processor.py:208} INFO - Processing /home/airflow/.local/lib/python3.12/site-packages/airflow/example_dags/example_subdag_operator.py took 0.116 seconds
[2025-04-04T14:57:00.210+0000] {processor.py:186} INFO - Started process (PID=1221) to work on /home/airflow/.local/lib/python3.12/site-packages/airflow/example_dags/example_subdag_operator.py
[2025-04-04T14:57:00.212+0000] {processor.py:914} INFO - Processing file /home/airflow/.local/lib/python3.12/site-packages/airflow/example_dags/example_subdag_operator.py for tasks to queue
[2025-04-04T14:57:00.214+0000] {logging_mixin.py:190} INFO - [2025-04-04T14:57:00.214+0000] {dagbag.py:588} INFO - Filling up the DagBag from /home/airflow/.local/lib/python3.12/site-packages/airflow/example_dags/example_subdag_operator.py
[2025-04-04T14:57:00.239+0000] {processor.py:925} INFO - DAG(s) 'example_subdag_operator.section-1', 'example_subdag_operator.section-2', 'example_subdag_operator' retrieved from /home/airflow/.local/lib/python3.12/site-packages/airflow/example_dags/example_subdag_operator.py
[2025-04-04T14:57:00.252+0000] {logging_mixin.py:190} INFO - [2025-04-04T14:57:00.252+0000] {dag.py:3239} INFO - Sync 3 DAGs
[2025-04-04T14:57:00.275+0000] {logging_mixin.py:190} INFO - [2025-04-04T14:57:00.275+0000] {dag.py:4180} INFO - Setting next_dagrun for example_subdag_operator to 2022-01-01 00:00:00+00:00, run_after=2022-01-01 00:00:00+00:00
[2025-04-04T14:57:00.280+0000] {logging_mixin.py:190} INFO - [2025-04-04T14:57:00.280+0000] {dag.py:4180} INFO - Setting next_dagrun for example_subdag_operator.section-1 to None, run_after=None
[2025-04-04T14:57:00.282+0000] {logging_mixin.py:190} INFO - [2025-04-04T14:57:00.282+0000] {dag.py:4180} INFO - Setting next_dagrun for example_subdag_operator.section-2 to None, run_after=None
[2025-04-04T14:57:00.289+0000] {logging_mixin.py:190} INFO - [2025-04-04T14:57:00.289+0000] {dag.py:3239} INFO - Sync 2 DAGs
[2025-04-04T14:57:00.295+0000] {logging_mixin.py:190} INFO - [2025-04-04T14:57:00.295+0000] {dag.py:4180} INFO - Setting next_dagrun for example_subdag_operator.section-1 to None, run_after=None
[2025-04-04T14:57:00.296+0000] {logging_mixin.py:190} INFO - [2025-04-04T14:57:00.296+0000] {dag.py:4180} INFO - Setting next_dagrun for example_subdag_operator.section-2 to None, run_after=None
[2025-04-04T14:57:00.308+0000] {processor.py:208} INFO - Processing /home/airflow/.local/lib/python3.12/site-packages/airflow/example_dags/example_subdag_operator.py took 0.103 seconds
[2025-04-04T14:57:31.009+0000] {processor.py:186} INFO - Started process (PID=1512) to work on /home/airflow/.local/lib/python3.12/site-packages/airflow/example_dags/example_subdag_operator.py
[2025-04-04T14:57:31.010+0000] {processor.py:914} INFO - Processing file /home/airflow/.local/lib/python3.12/site-packages/airflow/example_dags/example_subdag_operator.py for tasks to queue
[2025-04-04T14:57:31.013+0000] {logging_mixin.py:190} INFO - [2025-04-04T14:57:31.012+0000] {dagbag.py:588} INFO - Filling up the DagBag from /home/airflow/.local/lib/python3.12/site-packages/airflow/example_dags/example_subdag_operator.py
[2025-04-04T14:57:31.039+0000] {processor.py:925} INFO - DAG(s) 'example_subdag_operator.section-1', 'example_subdag_operator.section-2', 'example_subdag_operator' retrieved from /home/airflow/.local/lib/python3.12/site-packages/airflow/example_dags/example_subdag_operator.py
[2025-04-04T14:57:31.053+0000] {logging_mixin.py:190} INFO - [2025-04-04T14:57:31.053+0000] {dag.py:3239} INFO - Sync 3 DAGs
[2025-04-04T14:57:31.074+0000] {logging_mixin.py:190} INFO - [2025-04-04T14:57:31.074+0000] {dag.py:4180} INFO - Setting next_dagrun for example_subdag_operator to 2022-01-01 00:00:00+00:00, run_after=2022-01-01 00:00:00+00:00
[2025-04-04T14:57:31.078+0000] {logging_mixin.py:190} INFO - [2025-04-04T14:57:31.078+0000] {dag.py:4180} INFO - Setting next_dagrun for example_subdag_operator.section-1 to None, run_after=None
[2025-04-04T14:57:31.081+0000] {logging_mixin.py:190} INFO - [2025-04-04T14:57:31.081+0000] {dag.py:4180} INFO - Setting next_dagrun for example_subdag_operator.section-2 to None, run_after=None
[2025-04-04T14:57:31.089+0000] {logging_mixin.py:190} INFO - [2025-04-04T14:57:31.089+0000] {dag.py:3239} INFO - Sync 2 DAGs
[2025-04-04T14:57:31.096+0000] {logging_mixin.py:190} INFO - [2025-04-04T14:57:31.096+0000] {dag.py:4180} INFO - Setting next_dagrun for example_subdag_operator.section-1 to None, run_after=None
[2025-04-04T14:57:31.097+0000] {logging_mixin.py:190} INFO - [2025-04-04T14:57:31.097+0000] {dag.py:4180} INFO - Setting next_dagrun for example_subdag_operator.section-2 to None, run_after=None
[2025-04-04T14:57:31.109+0000] {processor.py:208} INFO - Processing /home/airflow/.local/lib/python3.12/site-packages/airflow/example_dags/example_subdag_operator.py took 0.106 seconds
[2025-04-04T14:58:01.615+0000] {processor.py:186} INFO - Started process (PID=1798) to work on /home/airflow/.local/lib/python3.12/site-packages/airflow/example_dags/example_subdag_operator.py
[2025-04-04T14:58:01.616+0000] {processor.py:914} INFO - Processing file /home/airflow/.local/lib/python3.12/site-packages/airflow/example_dags/example_subdag_operator.py for tasks to queue
[2025-04-04T14:58:01.619+0000] {logging_mixin.py:190} INFO - [2025-04-04T14:58:01.618+0000] {dagbag.py:588} INFO - Filling up the DagBag from /home/airflow/.local/lib/python3.12/site-packages/airflow/example_dags/example_subdag_operator.py
[2025-04-04T14:58:01.650+0000] {processor.py:925} INFO - DAG(s) 'example_subdag_operator.section-1', 'example_subdag_operator.section-2', 'example_subdag_operator' retrieved from /home/airflow/.local/lib/python3.12/site-packages/airflow/example_dags/example_subdag_operator.py
[2025-04-04T14:58:01.666+0000] {logging_mixin.py:190} INFO - [2025-04-04T14:58:01.666+0000] {dag.py:3239} INFO - Sync 3 DAGs
[2025-04-04T14:58:01.693+0000] {logging_mixin.py:190} INFO - [2025-04-04T14:58:01.692+0000] {dag.py:4180} INFO - Setting next_dagrun for example_subdag_operator to 2022-01-01 00:00:00+00:00, run_after=2022-01-01 00:00:00+00:00
[2025-04-04T14:58:01.697+0000] {logging_mixin.py:190} INFO - [2025-04-04T14:58:01.697+0000] {dag.py:4180} INFO - Setting next_dagrun for example_subdag_operator.section-1 to None, run_after=None
[2025-04-04T14:58:01.700+0000] {logging_mixin.py:190} INFO - [2025-04-04T14:58:01.699+0000] {dag.py:4180} INFO - Setting next_dagrun for example_subdag_operator.section-2 to None, run_after=None
[2025-04-04T14:58:01.708+0000] {logging_mixin.py:190} INFO - [2025-04-04T14:58:01.708+0000] {dag.py:3239} INFO - Sync 2 DAGs
[2025-04-04T14:58:01.714+0000] {logging_mixin.py:190} INFO - [2025-04-04T14:58:01.714+0000] {dag.py:4180} INFO - Setting next_dagrun for example_subdag_operator.section-1 to None, run_after=None
[2025-04-04T14:58:01.715+0000] {logging_mixin.py:190} INFO - [2025-04-04T14:58:01.715+0000] {dag.py:4180} INFO - Setting next_dagrun for example_subdag_operator.section-2 to None, run_after=None
[2025-04-04T14:58:01.727+0000] {processor.py:208} INFO - Processing /home/airflow/.local/lib/python3.12/site-packages/airflow/example_dags/example_subdag_operator.py took 0.117 seconds
[2025-04-04T14:58:31.831+0000] {processor.py:186} INFO - Started process (PID=2086) to work on /home/airflow/.local/lib/python3.12/site-packages/airflow/example_dags/example_subdag_operator.py
[2025-04-04T14:58:31.833+0000] {processor.py:914} INFO - Processing file /home/airflow/.local/lib/python3.12/site-packages/airflow/example_dags/example_subdag_operator.py for tasks to queue
[2025-04-04T14:58:31.835+0000] {logging_mixin.py:190} INFO - [2025-04-04T14:58:31.835+0000] {dagbag.py:588} INFO - Filling up the DagBag from /home/airflow/.local/lib/python3.12/site-packages/airflow/example_dags/example_subdag_operator.py
[2025-04-04T14:58:31.859+0000] {processor.py:925} INFO - DAG(s) 'example_subdag_operator.section-1', 'example_subdag_operator.section-2', 'example_subdag_operator' retrieved from /home/airflow/.local/lib/python3.12/site-packages/airflow/example_dags/example_subdag_operator.py
[2025-04-04T14:58:31.872+0000] {logging_mixin.py:190} INFO - [2025-04-04T14:58:31.872+0000] {dag.py:3239} INFO - Sync 3 DAGs
[2025-04-04T14:58:31.897+0000] {logging_mixin.py:190} INFO - [2025-04-04T14:58:31.896+0000] {dag.py:4180} INFO - Setting next_dagrun for example_subdag_operator to 2022-01-01 00:00:00+00:00, run_after=2022-01-01 00:00:00+00:00
[2025-04-04T14:58:31.901+0000] {logging_mixin.py:190} INFO - [2025-04-04T14:58:31.901+0000] {dag.py:4180} INFO - Setting next_dagrun for example_subdag_operator.section-1 to None, run_after=None
[2025-04-04T14:58:31.903+0000] {logging_mixin.py:190} INFO - [2025-04-04T14:58:31.903+0000] {dag.py:4180} INFO - Setting next_dagrun for example_subdag_operator.section-2 to None, run_after=None
[2025-04-04T14:58:31.911+0000] {logging_mixin.py:190} INFO - [2025-04-04T14:58:31.911+0000] {dag.py:3239} INFO - Sync 2 DAGs
[2025-04-04T14:58:31.918+0000] {logging_mixin.py:190} INFO - [2025-04-04T14:58:31.918+0000] {dag.py:4180} INFO - Setting next_dagrun for example_subdag_operator.section-1 to None, run_after=None
[2025-04-04T14:58:31.919+0000] {logging_mixin.py:190} INFO - [2025-04-04T14:58:31.919+0000] {dag.py:4180} INFO - Setting next_dagrun for example_subdag_operator.section-2 to None, run_after=None
[2025-04-04T14:58:31.933+0000] {processor.py:208} INFO - Processing /home/airflow/.local/lib/python3.12/site-packages/airflow/example_dags/example_subdag_operator.py took 0.106 seconds
[2025-04-04T14:59:02.105+0000] {processor.py:186} INFO - Started process (PID=2375) to work on /home/airflow/.local/lib/python3.12/site-packages/airflow/example_dags/example_subdag_operator.py
[2025-04-04T14:59:02.107+0000] {processor.py:914} INFO - Processing file /home/airflow/.local/lib/python3.12/site-packages/airflow/example_dags/example_subdag_operator.py for tasks to queue
[2025-04-04T14:59:02.109+0000] {logging_mixin.py:190} INFO - [2025-04-04T14:59:02.109+0000] {dagbag.py:588} INFO - Filling up the DagBag from /home/airflow/.local/lib/python3.12/site-packages/airflow/example_dags/example_subdag_operator.py
[2025-04-04T14:59:02.137+0000] {processor.py:925} INFO - DAG(s) 'example_subdag_operator.section-1', 'example_subdag_operator.section-2', 'example_subdag_operator' retrieved from /home/airflow/.local/lib/python3.12/site-packages/airflow/example_dags/example_subdag_operator.py
[2025-04-04T14:59:02.159+0000] {logging_mixin.py:190} INFO - [2025-04-04T14:59:02.158+0000] {dag.py:3239} INFO - Sync 3 DAGs
[2025-04-04T14:59:02.193+0000] {logging_mixin.py:190} INFO - [2025-04-04T14:59:02.192+0000] {dag.py:4180} INFO - Setting next_dagrun for example_subdag_operator to 2022-01-01 00:00:00+00:00, run_after=2022-01-01 00:00:00+00:00
[2025-04-04T14:59:02.197+0000] {logging_mixin.py:190} INFO - [2025-04-04T14:59:02.196+0000] {dag.py:4180} INFO - Setting next_dagrun for example_subdag_operator.section-1 to None, run_after=None
[2025-04-04T14:59:02.199+0000] {logging_mixin.py:190} INFO - [2025-04-04T14:59:02.198+0000] {dag.py:4180} INFO - Setting next_dagrun for example_subdag_operator.section-2 to None, run_after=None
[2025-04-04T14:59:02.208+0000] {logging_mixin.py:190} INFO - [2025-04-04T14:59:02.208+0000] {dag.py:3239} INFO - Sync 2 DAGs
[2025-04-04T14:59:02.214+0000] {logging_mixin.py:190} INFO - [2025-04-04T14:59:02.213+0000] {dag.py:4180} INFO - Setting next_dagrun for example_subdag_operator.section-1 to None, run_after=None
[2025-04-04T14:59:02.214+0000] {logging_mixin.py:190} INFO - [2025-04-04T14:59:02.214+0000] {dag.py:4180} INFO - Setting next_dagrun for example_subdag_operator.section-2 to None, run_after=None
[2025-04-04T14:59:02.231+0000] {processor.py:208} INFO - Processing /home/airflow/.local/lib/python3.12/site-packages/airflow/example_dags/example_subdag_operator.py took 0.133 seconds
[2025-04-04T14:59:32.560+0000] {processor.py:186} INFO - Started process (PID=2668) to work on /home/airflow/.local/lib/python3.12/site-packages/airflow/example_dags/example_subdag_operator.py
[2025-04-04T14:59:32.562+0000] {processor.py:914} INFO - Processing file /home/airflow/.local/lib/python3.12/site-packages/airflow/example_dags/example_subdag_operator.py for tasks to queue
[2025-04-04T14:59:32.564+0000] {logging_mixin.py:190} INFO - [2025-04-04T14:59:32.564+0000] {dagbag.py:588} INFO - Filling up the DagBag from /home/airflow/.local/lib/python3.12/site-packages/airflow/example_dags/example_subdag_operator.py
[2025-04-04T14:59:32.588+0000] {processor.py:925} INFO - DAG(s) 'example_subdag_operator.section-1', 'example_subdag_operator.section-2', 'example_subdag_operator' retrieved from /home/airflow/.local/lib/python3.12/site-packages/airflow/example_dags/example_subdag_operator.py
[2025-04-04T14:59:32.601+0000] {logging_mixin.py:190} INFO - [2025-04-04T14:59:32.601+0000] {dag.py:3239} INFO - Sync 3 DAGs
[2025-04-04T14:59:32.622+0000] {logging_mixin.py:190} INFO - [2025-04-04T14:59:32.621+0000] {dag.py:4180} INFO - Setting next_dagrun for example_subdag_operator to 2022-01-01 00:00:00+00:00, run_after=2022-01-01 00:00:00+00:00
[2025-04-04T14:59:32.626+0000] {logging_mixin.py:190} INFO - [2025-04-04T14:59:32.625+0000] {dag.py:4180} INFO - Setting next_dagrun for example_subdag_operator.section-1 to None, run_after=None
[2025-04-04T14:59:32.627+0000] {logging_mixin.py:190} INFO - [2025-04-04T14:59:32.627+0000] {dag.py:4180} INFO - Setting next_dagrun for example_subdag_operator.section-2 to None, run_after=None
[2025-04-04T14:59:32.634+0000] {logging_mixin.py:190} INFO - [2025-04-04T14:59:32.634+0000] {dag.py:3239} INFO - Sync 2 DAGs
[2025-04-04T14:59:32.640+0000] {logging_mixin.py:190} INFO - [2025-04-04T14:59:32.639+0000] {dag.py:4180} INFO - Setting next_dagrun for example_subdag_operator.section-1 to None, run_after=None
[2025-04-04T14:59:32.640+0000] {logging_mixin.py:190} INFO - [2025-04-04T14:59:32.640+0000] {dag.py:4180} INFO - Setting next_dagrun for example_subdag_operator.section-2 to None, run_after=None
[2025-04-04T14:59:32.654+0000] {processor.py:208} INFO - Processing /home/airflow/.local/lib/python3.12/site-packages/airflow/example_dags/example_subdag_operator.py took 0.099 seconds
[2025-04-04T15:00:02.796+0000] {processor.py:186} INFO - Started process (PID=2959) to work on /home/airflow/.local/lib/python3.12/site-packages/airflow/example_dags/example_subdag_operator.py
[2025-04-04T15:00:02.797+0000] {processor.py:914} INFO - Processing file /home/airflow/.local/lib/python3.12/site-packages/airflow/example_dags/example_subdag_operator.py for tasks to queue
[2025-04-04T15:00:02.800+0000] {logging_mixin.py:190} INFO - [2025-04-04T15:00:02.800+0000] {dagbag.py:588} INFO - Filling up the DagBag from /home/airflow/.local/lib/python3.12/site-packages/airflow/example_dags/example_subdag_operator.py
[2025-04-04T15:00:02.824+0000] {processor.py:925} INFO - DAG(s) 'example_subdag_operator.section-1', 'example_subdag_operator.section-2', 'example_subdag_operator' retrieved from /home/airflow/.local/lib/python3.12/site-packages/airflow/example_dags/example_subdag_operator.py
[2025-04-04T15:00:02.838+0000] {logging_mixin.py:190} INFO - [2025-04-04T15:00:02.838+0000] {dag.py:3239} INFO - Sync 3 DAGs
[2025-04-04T15:00:02.861+0000] {logging_mixin.py:190} INFO - [2025-04-04T15:00:02.860+0000] {dag.py:4180} INFO - Setting next_dagrun for example_subdag_operator to 2022-01-01 00:00:00+00:00, run_after=2022-01-01 00:00:00+00:00
[2025-04-04T15:00:02.864+0000] {logging_mixin.py:190} INFO - [2025-04-04T15:00:02.864+0000] {dag.py:4180} INFO - Setting next_dagrun for example_subdag_operator.section-1 to None, run_after=None
[2025-04-04T15:00:02.867+0000] {logging_mixin.py:190} INFO - [2025-04-04T15:00:02.867+0000] {dag.py:4180} INFO - Setting next_dagrun for example_subdag_operator.section-2 to None, run_after=None
[2025-04-04T15:00:02.877+0000] {logging_mixin.py:190} INFO - [2025-04-04T15:00:02.876+0000] {dag.py:3239} INFO - Sync 2 DAGs
[2025-04-04T15:00:02.884+0000] {logging_mixin.py:190} INFO - [2025-04-04T15:00:02.883+0000] {dag.py:4180} INFO - Setting next_dagrun for example_subdag_operator.section-1 to None, run_after=None
[2025-04-04T15:00:02.885+0000] {logging_mixin.py:190} INFO - [2025-04-04T15:00:02.884+0000] {dag.py:4180} INFO - Setting next_dagrun for example_subdag_operator.section-2 to None, run_after=None
[2025-04-04T15:00:02.903+0000] {processor.py:208} INFO - Processing /home/airflow/.local/lib/python3.12/site-packages/airflow/example_dags/example_subdag_operator.py took 0.112 seconds
[2025-04-04T15:00:33.275+0000] {processor.py:186} INFO - Started process (PID=3250) to work on /home/airflow/.local/lib/python3.12/site-packages/airflow/example_dags/example_subdag_operator.py
[2025-04-04T15:00:33.277+0000] {processor.py:914} INFO - Processing file /home/airflow/.local/lib/python3.12/site-packages/airflow/example_dags/example_subdag_operator.py for tasks to queue
[2025-04-04T15:00:33.281+0000] {logging_mixin.py:190} INFO - [2025-04-04T15:00:33.280+0000] {dagbag.py:588} INFO - Filling up the DagBag from /home/airflow/.local/lib/python3.12/site-packages/airflow/example_dags/example_subdag_operator.py
[2025-04-04T15:00:33.320+0000] {processor.py:925} INFO - DAG(s) 'example_subdag_operator.section-1', 'example_subdag_operator.section-2', 'example_subdag_operator' retrieved from /home/airflow/.local/lib/python3.12/site-packages/airflow/example_dags/example_subdag_operator.py
[2025-04-04T15:00:33.353+0000] {logging_mixin.py:190} INFO - [2025-04-04T15:00:33.353+0000] {dag.py:3239} INFO - Sync 3 DAGs
[2025-04-04T15:00:33.382+0000] {logging_mixin.py:190} INFO - [2025-04-04T15:00:33.382+0000] {dag.py:4180} INFO - Setting next_dagrun for example_subdag_operator to 2022-01-01 00:00:00+00:00, run_after=2022-01-01 00:00:00+00:00
[2025-04-04T15:00:33.388+0000] {logging_mixin.py:190} INFO - [2025-04-04T15:00:33.388+0000] {dag.py:4180} INFO - Setting next_dagrun for example_subdag_operator.section-1 to None, run_after=None
[2025-04-04T15:00:33.391+0000] {logging_mixin.py:190} INFO - [2025-04-04T15:00:33.391+0000] {dag.py:4180} INFO - Setting next_dagrun for example_subdag_operator.section-2 to None, run_after=None
[2025-04-04T15:00:33.399+0000] {logging_mixin.py:190} INFO - [2025-04-04T15:00:33.399+0000] {dag.py:3239} INFO - Sync 2 DAGs
[2025-04-04T15:00:33.407+0000] {logging_mixin.py:190} INFO - [2025-04-04T15:00:33.406+0000] {dag.py:4180} INFO - Setting next_dagrun for example_subdag_operator.section-1 to None, run_after=None
[2025-04-04T15:00:33.407+0000] {logging_mixin.py:190} INFO - [2025-04-04T15:00:33.407+0000] {dag.py:4180} INFO - Setting next_dagrun for example_subdag_operator.section-2 to None, run_after=None
[2025-04-04T15:00:33.419+0000] {processor.py:208} INFO - Processing /home/airflow/.local/lib/python3.12/site-packages/airflow/example_dags/example_subdag_operator.py took 0.153 seconds
[2025-04-04T15:01:03.524+0000] {processor.py:186} INFO - Started process (PID=3541) to work on /home/airflow/.local/lib/python3.12/site-packages/airflow/example_dags/example_subdag_operator.py
[2025-04-04T15:01:03.526+0000] {processor.py:914} INFO - Processing file /home/airflow/.local/lib/python3.12/site-packages/airflow/example_dags/example_subdag_operator.py for tasks to queue
[2025-04-04T15:01:03.529+0000] {logging_mixin.py:190} INFO - [2025-04-04T15:01:03.528+0000] {dagbag.py:588} INFO - Filling up the DagBag from /home/airflow/.local/lib/python3.12/site-packages/airflow/example_dags/example_subdag_operator.py
[2025-04-04T15:01:03.554+0000] {processor.py:925} INFO - DAG(s) 'example_subdag_operator.section-1', 'example_subdag_operator.section-2', 'example_subdag_operator' retrieved from /home/airflow/.local/lib/python3.12/site-packages/airflow/example_dags/example_subdag_operator.py
[2025-04-04T15:01:03.573+0000] {logging_mixin.py:190} INFO - [2025-04-04T15:01:03.572+0000] {dag.py:3239} INFO - Sync 3 DAGs
[2025-04-04T15:01:03.601+0000] {logging_mixin.py:190} INFO - [2025-04-04T15:01:03.600+0000] {dag.py:4180} INFO - Setting next_dagrun for example_subdag_operator to 2022-01-01 00:00:00+00:00, run_after=2022-01-01 00:00:00+00:00
[2025-04-04T15:01:03.605+0000] {logging_mixin.py:190} INFO - [2025-04-04T15:01:03.605+0000] {dag.py:4180} INFO - Setting next_dagrun for example_subdag_operator.section-1 to None, run_after=None
[2025-04-04T15:01:03.607+0000] {logging_mixin.py:190} INFO - [2025-04-04T15:01:03.607+0000] {dag.py:4180} INFO - Setting next_dagrun for example_subdag_operator.section-2 to None, run_after=None
[2025-04-04T15:01:03.616+0000] {logging_mixin.py:190} INFO - [2025-04-04T15:01:03.615+0000] {dag.py:3239} INFO - Sync 2 DAGs
[2025-04-04T15:01:03.627+0000] {logging_mixin.py:190} INFO - [2025-04-04T15:01:03.627+0000] {dag.py:4180} INFO - Setting next_dagrun for example_subdag_operator.section-1 to None, run_after=None
[2025-04-04T15:01:03.628+0000] {logging_mixin.py:190} INFO - [2025-04-04T15:01:03.628+0000] {dag.py:4180} INFO - Setting next_dagrun for example_subdag_operator.section-2 to None, run_after=None
[2025-04-04T15:01:03.645+0000] {processor.py:208} INFO - Processing /home/airflow/.local/lib/python3.12/site-packages/airflow/example_dags/example_subdag_operator.py took 0.126 seconds
[2025-04-04T15:01:34.218+0000] {processor.py:186} INFO - Started process (PID=3832) to work on /home/airflow/.local/lib/python3.12/site-packages/airflow/example_dags/example_subdag_operator.py
[2025-04-04T15:01:34.220+0000] {processor.py:914} INFO - Processing file /home/airflow/.local/lib/python3.12/site-packages/airflow/example_dags/example_subdag_operator.py for tasks to queue
[2025-04-04T15:01:34.222+0000] {logging_mixin.py:190} INFO - [2025-04-04T15:01:34.222+0000] {dagbag.py:588} INFO - Filling up the DagBag from /home/airflow/.local/lib/python3.12/site-packages/airflow/example_dags/example_subdag_operator.py
[2025-04-04T15:01:34.253+0000] {processor.py:925} INFO - DAG(s) 'example_subdag_operator.section-1', 'example_subdag_operator.section-2', 'example_subdag_operator' retrieved from /home/airflow/.local/lib/python3.12/site-packages/airflow/example_dags/example_subdag_operator.py
[2025-04-04T15:01:34.268+0000] {logging_mixin.py:190} INFO - [2025-04-04T15:01:34.268+0000] {dag.py:3239} INFO - Sync 3 DAGs
[2025-04-04T15:01:34.290+0000] {logging_mixin.py:190} INFO - [2025-04-04T15:01:34.290+0000] {dag.py:4180} INFO - Setting next_dagrun for example_subdag_operator to 2022-01-01 00:00:00+00:00, run_after=2022-01-01 00:00:00+00:00
[2025-04-04T15:01:34.295+0000] {logging_mixin.py:190} INFO - [2025-04-04T15:01:34.295+0000] {dag.py:4180} INFO - Setting next_dagrun for example_subdag_operator.section-1 to None, run_after=None
[2025-04-04T15:01:34.297+0000] {logging_mixin.py:190} INFO - [2025-04-04T15:01:34.296+0000] {dag.py:4180} INFO - Setting next_dagrun for example_subdag_operator.section-2 to None, run_after=None
[2025-04-04T15:01:34.304+0000] {logging_mixin.py:190} INFO - [2025-04-04T15:01:34.304+0000] {dag.py:3239} INFO - Sync 2 DAGs
[2025-04-04T15:01:34.309+0000] {logging_mixin.py:190} INFO - [2025-04-04T15:01:34.308+0000] {dag.py:4180} INFO - Setting next_dagrun for example_subdag_operator.section-1 to None, run_after=None
[2025-04-04T15:01:34.309+0000] {logging_mixin.py:190} INFO - [2025-04-04T15:01:34.309+0000] {dag.py:4180} INFO - Setting next_dagrun for example_subdag_operator.section-2 to None, run_after=None
[2025-04-04T15:01:34.320+0000] {processor.py:208} INFO - Processing /home/airflow/.local/lib/python3.12/site-packages/airflow/example_dags/example_subdag_operator.py took 0.108 seconds
[2025-04-04T15:02:04.848+0000] {processor.py:186} INFO - Started process (PID=4123) to work on /home/airflow/.local/lib/python3.12/site-packages/airflow/example_dags/example_subdag_operator.py
[2025-04-04T15:02:04.849+0000] {processor.py:914} INFO - Processing file /home/airflow/.local/lib/python3.12/site-packages/airflow/example_dags/example_subdag_operator.py for tasks to queue
[2025-04-04T15:02:04.851+0000] {logging_mixin.py:190} INFO - [2025-04-04T15:02:04.851+0000] {dagbag.py:588} INFO - Filling up the DagBag from /home/airflow/.local/lib/python3.12/site-packages/airflow/example_dags/example_subdag_operator.py
[2025-04-04T15:02:04.870+0000] {processor.py:925} INFO - DAG(s) 'example_subdag_operator.section-1', 'example_subdag_operator.section-2', 'example_subdag_operator' retrieved from /home/airflow/.local/lib/python3.12/site-packages/airflow/example_dags/example_subdag_operator.py
[2025-04-04T15:02:04.882+0000] {logging_mixin.py:190} INFO - [2025-04-04T15:02:04.882+0000] {dag.py:3239} INFO - Sync 3 DAGs
[2025-04-04T15:02:04.901+0000] {logging_mixin.py:190} INFO - [2025-04-04T15:02:04.900+0000] {dag.py:4180} INFO - Setting next_dagrun for example_subdag_operator to 2022-01-01 00:00:00+00:00, run_after=2022-01-01 00:00:00+00:00
[2025-04-04T15:02:04.903+0000] {logging_mixin.py:190} INFO - [2025-04-04T15:02:04.903+0000] {dag.py:4180} INFO - Setting next_dagrun for example_subdag_operator.section-1 to None, run_after=None
[2025-04-04T15:02:04.906+0000] {logging_mixin.py:190} INFO - [2025-04-04T15:02:04.905+0000] {dag.py:4180} INFO - Setting next_dagrun for example_subdag_operator.section-2 to None, run_after=None
[2025-04-04T15:02:04.911+0000] {logging_mixin.py:190} INFO - [2025-04-04T15:02:04.911+0000] {dag.py:3239} INFO - Sync 2 DAGs
[2025-04-04T15:02:04.916+0000] {logging_mixin.py:190} INFO - [2025-04-04T15:02:04.916+0000] {dag.py:4180} INFO - Setting next_dagrun for example_subdag_operator.section-1 to None, run_after=None
[2025-04-04T15:02:04.917+0000] {logging_mixin.py:190} INFO - [2025-04-04T15:02:04.916+0000] {dag.py:4180} INFO - Setting next_dagrun for example_subdag_operator.section-2 to None, run_after=None
[2025-04-04T15:02:04.925+0000] {processor.py:208} INFO - Processing /home/airflow/.local/lib/python3.12/site-packages/airflow/example_dags/example_subdag_operator.py took 0.083 seconds
[2025-04-04T15:02:35.671+0000] {processor.py:186} INFO - Started process (PID=4413) to work on /home/airflow/.local/lib/python3.12/site-packages/airflow/example_dags/example_subdag_operator.py
[2025-04-04T15:02:35.672+0000] {processor.py:914} INFO - Processing file /home/airflow/.local/lib/python3.12/site-packages/airflow/example_dags/example_subdag_operator.py for tasks to queue
[2025-04-04T15:02:35.675+0000] {logging_mixin.py:190} INFO - [2025-04-04T15:02:35.675+0000] {dagbag.py:588} INFO - Filling up the DagBag from /home/airflow/.local/lib/python3.12/site-packages/airflow/example_dags/example_subdag_operator.py
[2025-04-04T15:02:35.701+0000] {processor.py:925} INFO - DAG(s) 'example_subdag_operator.section-1', 'example_subdag_operator.section-2', 'example_subdag_operator' retrieved from /home/airflow/.local/lib/python3.12/site-packages/airflow/example_dags/example_subdag_operator.py
[2025-04-04T15:02:35.716+0000] {logging_mixin.py:190} INFO - [2025-04-04T15:02:35.716+0000] {dag.py:3239} INFO - Sync 3 DAGs
[2025-04-04T15:02:35.740+0000] {logging_mixin.py:190} INFO - [2025-04-04T15:02:35.739+0000] {dag.py:4180} INFO - Setting next_dagrun for example_subdag_operator to 2022-01-01 00:00:00+00:00, run_after=2022-01-01 00:00:00+00:00
[2025-04-04T15:02:35.744+0000] {logging_mixin.py:190} INFO - [2025-04-04T15:02:35.744+0000] {dag.py:4180} INFO - Setting next_dagrun for example_subdag_operator.section-1 to None, run_after=None
[2025-04-04T15:02:35.746+0000] {logging_mixin.py:190} INFO - [2025-04-04T15:02:35.746+0000] {dag.py:4180} INFO - Setting next_dagrun for example_subdag_operator.section-2 to None, run_after=None
[2025-04-04T15:02:35.754+0000] {logging_mixin.py:190} INFO - [2025-04-04T15:02:35.754+0000] {dag.py:3239} INFO - Sync 2 DAGs
[2025-04-04T15:02:35.760+0000] {logging_mixin.py:190} INFO - [2025-04-04T15:02:35.760+0000] {dag.py:4180} INFO - Setting next_dagrun for example_subdag_operator.section-1 to None, run_after=None
[2025-04-04T15:02:35.761+0000] {logging_mixin.py:190} INFO - [2025-04-04T15:02:35.761+0000] {dag.py:4180} INFO - Setting next_dagrun for example_subdag_operator.section-2 to None, run_after=None
[2025-04-04T15:02:35.810+0000] {processor.py:208} INFO - Processing /home/airflow/.local/lib/python3.12/site-packages/airflow/example_dags/example_subdag_operator.py took 0.145 seconds
[2025-04-04T15:03:06.091+0000] {processor.py:186} INFO - Started process (PID=4711) to work on /home/airflow/.local/lib/python3.12/site-packages/airflow/example_dags/example_subdag_operator.py
[2025-04-04T15:03:06.092+0000] {processor.py:914} INFO - Processing file /home/airflow/.local/lib/python3.12/site-packages/airflow/example_dags/example_subdag_operator.py for tasks to queue
[2025-04-04T15:03:06.094+0000] {logging_mixin.py:190} INFO - [2025-04-04T15:03:06.094+0000] {dagbag.py:588} INFO - Filling up the DagBag from /home/airflow/.local/lib/python3.12/site-packages/airflow/example_dags/example_subdag_operator.py
[2025-04-04T15:03:06.122+0000] {processor.py:925} INFO - DAG(s) 'example_subdag_operator.section-1', 'example_subdag_operator.section-2', 'example_subdag_operator' retrieved from /home/airflow/.local/lib/python3.12/site-packages/airflow/example_dags/example_subdag_operator.py
[2025-04-04T15:03:06.137+0000] {logging_mixin.py:190} INFO - [2025-04-04T15:03:06.137+0000] {dag.py:3239} INFO - Sync 3 DAGs
[2025-04-04T15:03:06.161+0000] {logging_mixin.py:190} INFO - [2025-04-04T15:03:06.160+0000] {dag.py:4180} INFO - Setting next_dagrun for example_subdag_operator to 2022-01-01 00:00:00+00:00, run_after=2022-01-01 00:00:00+00:00
[2025-04-04T15:03:06.166+0000] {logging_mixin.py:190} INFO - [2025-04-04T15:03:06.166+0000] {dag.py:4180} INFO - Setting next_dagrun for example_subdag_operator.section-1 to None, run_after=None
[2025-04-04T15:03:06.170+0000] {logging_mixin.py:190} INFO - [2025-04-04T15:03:06.169+0000] {dag.py:4180} INFO - Setting next_dagrun for example_subdag_operator.section-2 to None, run_after=None
[2025-04-04T15:03:06.180+0000] {logging_mixin.py:190} INFO - [2025-04-04T15:03:06.180+0000] {dag.py:3239} INFO - Sync 2 DAGs
[2025-04-04T15:03:06.187+0000] {logging_mixin.py:190} INFO - [2025-04-04T15:03:06.187+0000] {dag.py:4180} INFO - Setting next_dagrun for example_subdag_operator.section-1 to None, run_after=None
[2025-04-04T15:03:06.188+0000] {logging_mixin.py:190} INFO - [2025-04-04T15:03:06.188+0000] {dag.py:4180} INFO - Setting next_dagrun for example_subdag_operator.section-2 to None, run_after=None
[2025-04-04T15:03:06.198+0000] {processor.py:208} INFO - Processing /home/airflow/.local/lib/python3.12/site-packages/airflow/example_dags/example_subdag_operator.py took 0.112 seconds
[2025-04-04T15:03:36.993+0000] {processor.py:186} INFO - Started process (PID=4997) to work on /home/airflow/.local/lib/python3.12/site-packages/airflow/example_dags/example_subdag_operator.py
[2025-04-04T15:03:36.994+0000] {processor.py:914} INFO - Processing file /home/airflow/.local/lib/python3.12/site-packages/airflow/example_dags/example_subdag_operator.py for tasks to queue
[2025-04-04T15:03:36.997+0000] {logging_mixin.py:190} INFO - [2025-04-04T15:03:36.996+0000] {dagbag.py:588} INFO - Filling up the DagBag from /home/airflow/.local/lib/python3.12/site-packages/airflow/example_dags/example_subdag_operator.py
[2025-04-04T15:03:37.029+0000] {processor.py:925} INFO - DAG(s) 'example_subdag_operator.section-1', 'example_subdag_operator.section-2', 'example_subdag_operator' retrieved from /home/airflow/.local/lib/python3.12/site-packages/airflow/example_dags/example_subdag_operator.py
[2025-04-04T15:03:37.044+0000] {logging_mixin.py:190} INFO - [2025-04-04T15:03:37.044+0000] {dag.py:3239} INFO - Sync 3 DAGs
[2025-04-04T15:03:37.072+0000] {logging_mixin.py:190} INFO - [2025-04-04T15:03:37.072+0000] {dag.py:4180} INFO - Setting next_dagrun for example_subdag_operator to 2022-01-01 00:00:00+00:00, run_after=2022-01-01 00:00:00+00:00
[2025-04-04T15:03:37.076+0000] {logging_mixin.py:190} INFO - [2025-04-04T15:03:37.076+0000] {dag.py:4180} INFO - Setting next_dagrun for example_subdag_operator.section-1 to None, run_after=None
[2025-04-04T15:03:37.079+0000] {logging_mixin.py:190} INFO - [2025-04-04T15:03:37.078+0000] {dag.py:4180} INFO - Setting next_dagrun for example_subdag_operator.section-2 to None, run_after=None
[2025-04-04T15:03:37.091+0000] {logging_mixin.py:190} INFO - [2025-04-04T15:03:37.091+0000] {dag.py:3239} INFO - Sync 2 DAGs
[2025-04-04T15:03:37.098+0000] {logging_mixin.py:190} INFO - [2025-04-04T15:03:37.098+0000] {dag.py:4180} INFO - Setting next_dagrun for example_subdag_operator.section-1 to None, run_after=None
[2025-04-04T15:03:37.100+0000] {logging_mixin.py:190} INFO - [2025-04-04T15:03:37.099+0000] {dag.py:4180} INFO - Setting next_dagrun for example_subdag_operator.section-2 to None, run_after=None
[2025-04-04T15:03:37.115+0000] {processor.py:208} INFO - Processing /home/airflow/.local/lib/python3.12/site-packages/airflow/example_dags/example_subdag_operator.py took 0.129 seconds
[2025-04-04T15:04:07.448+0000] {processor.py:186} INFO - Started process (PID=5288) to work on /home/airflow/.local/lib/python3.12/site-packages/airflow/example_dags/example_subdag_operator.py
[2025-04-04T15:04:07.451+0000] {processor.py:914} INFO - Processing file /home/airflow/.local/lib/python3.12/site-packages/airflow/example_dags/example_subdag_operator.py for tasks to queue
[2025-04-04T15:04:07.453+0000] {logging_mixin.py:190} INFO - [2025-04-04T15:04:07.453+0000] {dagbag.py:588} INFO - Filling up the DagBag from /home/airflow/.local/lib/python3.12/site-packages/airflow/example_dags/example_subdag_operator.py
[2025-04-04T15:04:07.486+0000] {processor.py:925} INFO - DAG(s) 'example_subdag_operator.section-1', 'example_subdag_operator.section-2', 'example_subdag_operator' retrieved from /home/airflow/.local/lib/python3.12/site-packages/airflow/example_dags/example_subdag_operator.py
[2025-04-04T15:04:07.501+0000] {logging_mixin.py:190} INFO - [2025-04-04T15:04:07.501+0000] {dag.py:3239} INFO - Sync 3 DAGs
[2025-04-04T15:04:07.523+0000] {logging_mixin.py:190} INFO - [2025-04-04T15:04:07.523+0000] {dag.py:4180} INFO - Setting next_dagrun for example_subdag_operator to 2022-01-01 00:00:00+00:00, run_after=2022-01-01 00:00:00+00:00
[2025-04-04T15:04:07.527+0000] {logging_mixin.py:190} INFO - [2025-04-04T15:04:07.527+0000] {dag.py:4180} INFO - Setting next_dagrun for example_subdag_operator.section-1 to None, run_after=None
[2025-04-04T15:04:07.530+0000] {logging_mixin.py:190} INFO - [2025-04-04T15:04:07.530+0000] {dag.py:4180} INFO - Setting next_dagrun for example_subdag_operator.section-2 to None, run_after=None
[2025-04-04T15:04:07.539+0000] {logging_mixin.py:190} INFO - [2025-04-04T15:04:07.538+0000] {dag.py:3239} INFO - Sync 2 DAGs
[2025-04-04T15:04:07.545+0000] {logging_mixin.py:190} INFO - [2025-04-04T15:04:07.544+0000] {dag.py:4180} INFO - Setting next_dagrun for example_subdag_operator.section-1 to None, run_after=None
[2025-04-04T15:04:07.545+0000] {logging_mixin.py:190} INFO - [2025-04-04T15:04:07.545+0000] {dag.py:4180} INFO - Setting next_dagrun for example_subdag_operator.section-2 to None, run_after=None
[2025-04-04T15:04:07.558+0000] {processor.py:208} INFO - Processing /home/airflow/.local/lib/python3.12/site-packages/airflow/example_dags/example_subdag_operator.py took 0.115 seconds
[2025-04-04T15:04:37.799+0000] {processor.py:186} INFO - Started process (PID=5579) to work on /home/airflow/.local/lib/python3.12/site-packages/airflow/example_dags/example_subdag_operator.py
[2025-04-04T15:04:37.800+0000] {processor.py:914} INFO - Processing file /home/airflow/.local/lib/python3.12/site-packages/airflow/example_dags/example_subdag_operator.py for tasks to queue
[2025-04-04T15:04:37.802+0000] {logging_mixin.py:190} INFO - [2025-04-04T15:04:37.802+0000] {dagbag.py:588} INFO - Filling up the DagBag from /home/airflow/.local/lib/python3.12/site-packages/airflow/example_dags/example_subdag_operator.py
[2025-04-04T15:04:37.823+0000] {processor.py:925} INFO - DAG(s) 'example_subdag_operator.section-1', 'example_subdag_operator.section-2', 'example_subdag_operator' retrieved from /home/airflow/.local/lib/python3.12/site-packages/airflow/example_dags/example_subdag_operator.py
[2025-04-04T15:04:37.838+0000] {logging_mixin.py:190} INFO - [2025-04-04T15:04:37.837+0000] {dag.py:3239} INFO - Sync 3 DAGs
[2025-04-04T15:04:37.859+0000] {logging_mixin.py:190} INFO - [2025-04-04T15:04:37.859+0000] {dag.py:4180} INFO - Setting next_dagrun for example_subdag_operator to 2022-01-01 00:00:00+00:00, run_after=2022-01-01 00:00:00+00:00
[2025-04-04T15:04:37.863+0000] {logging_mixin.py:190} INFO - [2025-04-04T15:04:37.862+0000] {dag.py:4180} INFO - Setting next_dagrun for example_subdag_operator.section-1 to None, run_after=None
[2025-04-04T15:04:37.864+0000] {logging_mixin.py:190} INFO - [2025-04-04T15:04:37.864+0000] {dag.py:4180} INFO - Setting next_dagrun for example_subdag_operator.section-2 to None, run_after=None
[2025-04-04T15:04:37.869+0000] {logging_mixin.py:190} INFO - [2025-04-04T15:04:37.869+0000] {dag.py:3239} INFO - Sync 2 DAGs
[2025-04-04T15:04:37.873+0000] {logging_mixin.py:190} INFO - [2025-04-04T15:04:37.873+0000] {dag.py:4180} INFO - Setting next_dagrun for example_subdag_operator.section-1 to None, run_after=None
[2025-04-04T15:04:37.874+0000] {logging_mixin.py:190} INFO - [2025-04-04T15:04:37.874+0000] {dag.py:4180} INFO - Setting next_dagrun for example_subdag_operator.section-2 to None, run_after=None
[2025-04-04T15:04:37.883+0000] {processor.py:208} INFO - Processing /home/airflow/.local/lib/python3.12/site-packages/airflow/example_dags/example_subdag_operator.py took 0.089 seconds
