[2025-04-04T14:55:17.318+0000] {processor.py:186} INFO - Started process (PID=229) to work on /home/airflow/.local/lib/python3.12/site-packages/airflow/example_dags/example_time_delta_sensor_async.py
[2025-04-04T14:55:17.319+0000] {processor.py:914} INFO - Processing file /home/airflow/.local/lib/python3.12/site-packages/airflow/example_dags/example_time_delta_sensor_async.py for tasks to queue
[2025-04-04T14:55:17.322+0000] {logging_mixin.py:190} INFO - [2025-04-04T14:55:17.322+0000] {dagbag.py:588} INFO - Filling up the DagBag from /home/airflow/.local/lib/python3.12/site-packages/airflow/example_dags/example_time_delta_sensor_async.py
[2025-04-04T14:55:17.330+0000] {processor.py:925} INFO - DAG(s) 'example_time_delta_sensor_async' retrieved from /home/airflow/.local/lib/python3.12/site-packages/airflow/example_dags/example_time_delta_sensor_async.py
[2025-04-04T14:55:17.600+0000] {logging_mixin.py:190} INFO - [2025-04-04T14:55:17.599+0000] {override.py:1912} INFO - Created Permission View: can edit on DAG:example_time_delta_sensor_async
[2025-04-04T14:55:17.611+0000] {logging_mixin.py:190} INFO - [2025-04-04T14:55:17.611+0000] {override.py:1912} INFO - Created Permission View: can delete on DAG:example_time_delta_sensor_async
[2025-04-04T14:55:17.618+0000] {logging_mixin.py:190} INFO - [2025-04-04T14:55:17.618+0000] {override.py:1912} INFO - Created Permission View: can read on DAG:example_time_delta_sensor_async
[2025-04-04T14:55:17.627+0000] {logging_mixin.py:190} INFO - [2025-04-04T14:55:17.626+0000] {override.py:1912} INFO - Created Permission View: can create on DAG Run:example_time_delta_sensor_async
[2025-04-04T14:55:17.634+0000] {logging_mixin.py:190} INFO - [2025-04-04T14:55:17.634+0000] {override.py:1912} INFO - Created Permission View: menu access on DAG Run:example_time_delta_sensor_async
[2025-04-04T14:55:17.642+0000] {logging_mixin.py:190} INFO - [2025-04-04T14:55:17.641+0000] {override.py:1912} INFO - Created Permission View: can delete on DAG Run:example_time_delta_sensor_async
[2025-04-04T14:55:17.649+0000] {logging_mixin.py:190} INFO - [2025-04-04T14:55:17.649+0000] {override.py:1912} INFO - Created Permission View: can read on DAG Run:example_time_delta_sensor_async
[2025-04-04T14:55:17.650+0000] {logging_mixin.py:190} INFO - [2025-04-04T14:55:17.650+0000] {dag.py:3239} INFO - Sync 1 DAGs
[2025-04-04T14:55:17.663+0000] {logging_mixin.py:190} INFO - [2025-04-04T14:55:17.662+0000] {dag.py:3262} INFO - Creating ORM DAG for example_time_delta_sensor_async
[2025-04-04T14:55:17.665+0000] {logging_mixin.py:190} INFO - [2025-04-04T14:55:17.664+0000] {dag.py:4180} INFO - Setting next_dagrun for example_time_delta_sensor_async to None, run_after=None
[2025-04-04T14:55:17.682+0000] {processor.py:208} INFO - Processing /home/airflow/.local/lib/python3.12/site-packages/airflow/example_dags/example_time_delta_sensor_async.py took 0.374 seconds
[2025-04-04T14:55:48.453+0000] {processor.py:186} INFO - Started process (PID=520) to work on /home/airflow/.local/lib/python3.12/site-packages/airflow/example_dags/example_time_delta_sensor_async.py
[2025-04-04T14:55:48.455+0000] {processor.py:914} INFO - Processing file /home/airflow/.local/lib/python3.12/site-packages/airflow/example_dags/example_time_delta_sensor_async.py for tasks to queue
[2025-04-04T14:55:48.458+0000] {logging_mixin.py:190} INFO - [2025-04-04T14:55:48.458+0000] {dagbag.py:588} INFO - Filling up the DagBag from /home/airflow/.local/lib/python3.12/site-packages/airflow/example_dags/example_time_delta_sensor_async.py
[2025-04-04T14:55:48.464+0000] {processor.py:925} INFO - DAG(s) 'example_time_delta_sensor_async' retrieved from /home/airflow/.local/lib/python3.12/site-packages/airflow/example_dags/example_time_delta_sensor_async.py
[2025-04-04T14:55:48.483+0000] {logging_mixin.py:190} INFO - [2025-04-04T14:55:48.483+0000] {dag.py:3239} INFO - Sync 1 DAGs
[2025-04-04T14:55:48.495+0000] {logging_mixin.py:190} INFO - [2025-04-04T14:55:48.495+0000] {dag.py:4180} INFO - Setting next_dagrun for example_time_delta_sensor_async to None, run_after=None
[2025-04-04T14:55:48.517+0000] {processor.py:208} INFO - Processing /home/airflow/.local/lib/python3.12/site-packages/airflow/example_dags/example_time_delta_sensor_async.py took 0.071 seconds
[2025-04-04T14:56:18.599+0000] {processor.py:186} INFO - Started process (PID=812) to work on /home/airflow/.local/lib/python3.12/site-packages/airflow/example_dags/example_time_delta_sensor_async.py
[2025-04-04T14:56:18.600+0000] {processor.py:914} INFO - Processing file /home/airflow/.local/lib/python3.12/site-packages/airflow/example_dags/example_time_delta_sensor_async.py for tasks to queue
[2025-04-04T14:56:18.603+0000] {logging_mixin.py:190} INFO - [2025-04-04T14:56:18.603+0000] {dagbag.py:588} INFO - Filling up the DagBag from /home/airflow/.local/lib/python3.12/site-packages/airflow/example_dags/example_time_delta_sensor_async.py
[2025-04-04T14:56:18.616+0000] {processor.py:925} INFO - DAG(s) 'example_time_delta_sensor_async' retrieved from /home/airflow/.local/lib/python3.12/site-packages/airflow/example_dags/example_time_delta_sensor_async.py
[2025-04-04T14:56:18.697+0000] {logging_mixin.py:190} INFO - [2025-04-04T14:56:18.696+0000] {dag.py:3239} INFO - Sync 1 DAGs
[2025-04-04T14:56:18.721+0000] {logging_mixin.py:190} INFO - [2025-04-04T14:56:18.720+0000] {dag.py:4180} INFO - Setting next_dagrun for example_time_delta_sensor_async to None, run_after=None
[2025-04-04T14:56:19.012+0000] {processor.py:208} INFO - Processing /home/airflow/.local/lib/python3.12/site-packages/airflow/example_dags/example_time_delta_sensor_async.py took 0.418 seconds
[2025-04-04T14:56:49.754+0000] {processor.py:186} INFO - Started process (PID=1103) to work on /home/airflow/.local/lib/python3.12/site-packages/airflow/example_dags/example_time_delta_sensor_async.py
[2025-04-04T14:56:49.756+0000] {processor.py:914} INFO - Processing file /home/airflow/.local/lib/python3.12/site-packages/airflow/example_dags/example_time_delta_sensor_async.py for tasks to queue
[2025-04-04T14:56:49.760+0000] {logging_mixin.py:190} INFO - [2025-04-04T14:56:49.759+0000] {dagbag.py:588} INFO - Filling up the DagBag from /home/airflow/.local/lib/python3.12/site-packages/airflow/example_dags/example_time_delta_sensor_async.py
[2025-04-04T14:56:49.767+0000] {processor.py:925} INFO - DAG(s) 'example_time_delta_sensor_async' retrieved from /home/airflow/.local/lib/python3.12/site-packages/airflow/example_dags/example_time_delta_sensor_async.py
[2025-04-04T14:56:49.786+0000] {logging_mixin.py:190} INFO - [2025-04-04T14:56:49.786+0000] {dag.py:3239} INFO - Sync 1 DAGs
[2025-04-04T14:56:49.799+0000] {logging_mixin.py:190} INFO - [2025-04-04T14:56:49.799+0000] {dag.py:4180} INFO - Setting next_dagrun for example_time_delta_sensor_async to None, run_after=None
[2025-04-04T14:56:49.817+0000] {processor.py:208} INFO - Processing /home/airflow/.local/lib/python3.12/site-packages/airflow/example_dags/example_time_delta_sensor_async.py took 0.073 seconds
[2025-04-04T14:57:20.244+0000] {processor.py:186} INFO - Started process (PID=1394) to work on /home/airflow/.local/lib/python3.12/site-packages/airflow/example_dags/example_time_delta_sensor_async.py
[2025-04-04T14:57:20.247+0000] {processor.py:914} INFO - Processing file /home/airflow/.local/lib/python3.12/site-packages/airflow/example_dags/example_time_delta_sensor_async.py for tasks to queue
[2025-04-04T14:57:20.249+0000] {logging_mixin.py:190} INFO - [2025-04-04T14:57:20.249+0000] {dagbag.py:588} INFO - Filling up the DagBag from /home/airflow/.local/lib/python3.12/site-packages/airflow/example_dags/example_time_delta_sensor_async.py
[2025-04-04T14:57:20.256+0000] {processor.py:925} INFO - DAG(s) 'example_time_delta_sensor_async' retrieved from /home/airflow/.local/lib/python3.12/site-packages/airflow/example_dags/example_time_delta_sensor_async.py
[2025-04-04T14:57:20.276+0000] {logging_mixin.py:190} INFO - [2025-04-04T14:57:20.276+0000] {dag.py:3239} INFO - Sync 1 DAGs
[2025-04-04T14:57:20.295+0000] {logging_mixin.py:190} INFO - [2025-04-04T14:57:20.295+0000] {dag.py:4180} INFO - Setting next_dagrun for example_time_delta_sensor_async to None, run_after=None
[2025-04-04T14:57:20.317+0000] {processor.py:208} INFO - Processing /home/airflow/.local/lib/python3.12/site-packages/airflow/example_dags/example_time_delta_sensor_async.py took 0.078 seconds
[2025-04-04T14:57:50.565+0000] {processor.py:186} INFO - Started process (PID=1685) to work on /home/airflow/.local/lib/python3.12/site-packages/airflow/example_dags/example_time_delta_sensor_async.py
[2025-04-04T14:57:50.567+0000] {processor.py:914} INFO - Processing file /home/airflow/.local/lib/python3.12/site-packages/airflow/example_dags/example_time_delta_sensor_async.py for tasks to queue
[2025-04-04T14:57:50.570+0000] {logging_mixin.py:190} INFO - [2025-04-04T14:57:50.569+0000] {dagbag.py:588} INFO - Filling up the DagBag from /home/airflow/.local/lib/python3.12/site-packages/airflow/example_dags/example_time_delta_sensor_async.py
[2025-04-04T14:57:50.579+0000] {processor.py:925} INFO - DAG(s) 'example_time_delta_sensor_async' retrieved from /home/airflow/.local/lib/python3.12/site-packages/airflow/example_dags/example_time_delta_sensor_async.py
[2025-04-04T14:57:50.609+0000] {logging_mixin.py:190} INFO - [2025-04-04T14:57:50.609+0000] {dag.py:3239} INFO - Sync 1 DAGs
[2025-04-04T14:57:50.627+0000] {logging_mixin.py:190} INFO - [2025-04-04T14:57:50.627+0000] {dag.py:4180} INFO - Setting next_dagrun for example_time_delta_sensor_async to None, run_after=None
[2025-04-04T14:57:50.647+0000] {processor.py:208} INFO - Processing /home/airflow/.local/lib/python3.12/site-packages/airflow/example_dags/example_time_delta_sensor_async.py took 0.090 seconds
[2025-04-04T14:58:20.735+0000] {processor.py:186} INFO - Started process (PID=1976) to work on /home/airflow/.local/lib/python3.12/site-packages/airflow/example_dags/example_time_delta_sensor_async.py
[2025-04-04T14:58:20.737+0000] {processor.py:914} INFO - Processing file /home/airflow/.local/lib/python3.12/site-packages/airflow/example_dags/example_time_delta_sensor_async.py for tasks to queue
[2025-04-04T14:58:20.740+0000] {logging_mixin.py:190} INFO - [2025-04-04T14:58:20.739+0000] {dagbag.py:588} INFO - Filling up the DagBag from /home/airflow/.local/lib/python3.12/site-packages/airflow/example_dags/example_time_delta_sensor_async.py
[2025-04-04T14:58:20.747+0000] {processor.py:925} INFO - DAG(s) 'example_time_delta_sensor_async' retrieved from /home/airflow/.local/lib/python3.12/site-packages/airflow/example_dags/example_time_delta_sensor_async.py
[2025-04-04T14:58:20.768+0000] {logging_mixin.py:190} INFO - [2025-04-04T14:58:20.767+0000] {dag.py:3239} INFO - Sync 1 DAGs
[2025-04-04T14:58:20.784+0000] {logging_mixin.py:190} INFO - [2025-04-04T14:58:20.783+0000] {dag.py:4180} INFO - Setting next_dagrun for example_time_delta_sensor_async to None, run_after=None
[2025-04-04T14:58:20.803+0000] {processor.py:208} INFO - Processing /home/airflow/.local/lib/python3.12/site-packages/airflow/example_dags/example_time_delta_sensor_async.py took 0.075 seconds
[2025-04-04T14:58:51.363+0000] {processor.py:186} INFO - Started process (PID=2267) to work on /home/airflow/.local/lib/python3.12/site-packages/airflow/example_dags/example_time_delta_sensor_async.py
[2025-04-04T14:58:51.364+0000] {processor.py:914} INFO - Processing file /home/airflow/.local/lib/python3.12/site-packages/airflow/example_dags/example_time_delta_sensor_async.py for tasks to queue
[2025-04-04T14:58:51.367+0000] {logging_mixin.py:190} INFO - [2025-04-04T14:58:51.366+0000] {dagbag.py:588} INFO - Filling up the DagBag from /home/airflow/.local/lib/python3.12/site-packages/airflow/example_dags/example_time_delta_sensor_async.py
[2025-04-04T14:58:51.374+0000] {processor.py:925} INFO - DAG(s) 'example_time_delta_sensor_async' retrieved from /home/airflow/.local/lib/python3.12/site-packages/airflow/example_dags/example_time_delta_sensor_async.py
[2025-04-04T14:58:51.395+0000] {logging_mixin.py:190} INFO - [2025-04-04T14:58:51.394+0000] {dag.py:3239} INFO - Sync 1 DAGs
[2025-04-04T14:58:51.410+0000] {logging_mixin.py:190} INFO - [2025-04-04T14:58:51.410+0000] {dag.py:4180} INFO - Setting next_dagrun for example_time_delta_sensor_async to None, run_after=None
[2025-04-04T14:58:51.431+0000] {processor.py:208} INFO - Processing /home/airflow/.local/lib/python3.12/site-packages/airflow/example_dags/example_time_delta_sensor_async.py took 0.075 seconds
[2025-04-04T14:59:21.880+0000] {processor.py:186} INFO - Started process (PID=2558) to work on /home/airflow/.local/lib/python3.12/site-packages/airflow/example_dags/example_time_delta_sensor_async.py
[2025-04-04T14:59:21.881+0000] {processor.py:914} INFO - Processing file /home/airflow/.local/lib/python3.12/site-packages/airflow/example_dags/example_time_delta_sensor_async.py for tasks to queue
[2025-04-04T14:59:21.883+0000] {logging_mixin.py:190} INFO - [2025-04-04T14:59:21.883+0000] {dagbag.py:588} INFO - Filling up the DagBag from /home/airflow/.local/lib/python3.12/site-packages/airflow/example_dags/example_time_delta_sensor_async.py
[2025-04-04T14:59:21.889+0000] {processor.py:925} INFO - DAG(s) 'example_time_delta_sensor_async' retrieved from /home/airflow/.local/lib/python3.12/site-packages/airflow/example_dags/example_time_delta_sensor_async.py
[2025-04-04T14:59:21.905+0000] {logging_mixin.py:190} INFO - [2025-04-04T14:59:21.905+0000] {dag.py:3239} INFO - Sync 1 DAGs
[2025-04-04T14:59:21.922+0000] {logging_mixin.py:190} INFO - [2025-04-04T14:59:21.921+0000] {dag.py:4180} INFO - Setting next_dagrun for example_time_delta_sensor_async to None, run_after=None
[2025-04-04T14:59:21.942+0000] {processor.py:208} INFO - Processing /home/airflow/.local/lib/python3.12/site-packages/airflow/example_dags/example_time_delta_sensor_async.py took 0.068 seconds
[2025-04-04T14:59:52.900+0000] {processor.py:186} INFO - Started process (PID=2847) to work on /home/airflow/.local/lib/python3.12/site-packages/airflow/example_dags/example_time_delta_sensor_async.py
[2025-04-04T14:59:52.902+0000] {processor.py:914} INFO - Processing file /home/airflow/.local/lib/python3.12/site-packages/airflow/example_dags/example_time_delta_sensor_async.py for tasks to queue
[2025-04-04T14:59:52.905+0000] {logging_mixin.py:190} INFO - [2025-04-04T14:59:52.904+0000] {dagbag.py:588} INFO - Filling up the DagBag from /home/airflow/.local/lib/python3.12/site-packages/airflow/example_dags/example_time_delta_sensor_async.py
[2025-04-04T14:59:52.914+0000] {processor.py:925} INFO - DAG(s) 'example_time_delta_sensor_async' retrieved from /home/airflow/.local/lib/python3.12/site-packages/airflow/example_dags/example_time_delta_sensor_async.py
[2025-04-04T14:59:52.937+0000] {logging_mixin.py:190} INFO - [2025-04-04T14:59:52.936+0000] {dag.py:3239} INFO - Sync 1 DAGs
[2025-04-04T14:59:52.952+0000] {logging_mixin.py:190} INFO - [2025-04-04T14:59:52.951+0000] {dag.py:4180} INFO - Setting next_dagrun for example_time_delta_sensor_async to None, run_after=None
[2025-04-04T14:59:53.021+0000] {processor.py:208} INFO - Processing /home/airflow/.local/lib/python3.12/site-packages/airflow/example_dags/example_time_delta_sensor_async.py took 0.131 seconds
[2025-04-04T15:00:23.505+0000] {processor.py:186} INFO - Started process (PID=3138) to work on /home/airflow/.local/lib/python3.12/site-packages/airflow/example_dags/example_time_delta_sensor_async.py
[2025-04-04T15:00:23.506+0000] {processor.py:914} INFO - Processing file /home/airflow/.local/lib/python3.12/site-packages/airflow/example_dags/example_time_delta_sensor_async.py for tasks to queue
[2025-04-04T15:00:23.508+0000] {logging_mixin.py:190} INFO - [2025-04-04T15:00:23.508+0000] {dagbag.py:588} INFO - Filling up the DagBag from /home/airflow/.local/lib/python3.12/site-packages/airflow/example_dags/example_time_delta_sensor_async.py
[2025-04-04T15:00:23.513+0000] {processor.py:925} INFO - DAG(s) 'example_time_delta_sensor_async' retrieved from /home/airflow/.local/lib/python3.12/site-packages/airflow/example_dags/example_time_delta_sensor_async.py
[2025-04-04T15:00:23.537+0000] {logging_mixin.py:190} INFO - [2025-04-04T15:00:23.536+0000] {dag.py:3239} INFO - Sync 1 DAGs
[2025-04-04T15:00:23.549+0000] {logging_mixin.py:190} INFO - [2025-04-04T15:00:23.549+0000] {dag.py:4180} INFO - Setting next_dagrun for example_time_delta_sensor_async to None, run_after=None
[2025-04-04T15:00:23.565+0000] {processor.py:208} INFO - Processing /home/airflow/.local/lib/python3.12/site-packages/airflow/example_dags/example_time_delta_sensor_async.py took 0.064 seconds
[2025-04-04T15:00:54.573+0000] {processor.py:186} INFO - Started process (PID=3431) to work on /home/airflow/.local/lib/python3.12/site-packages/airflow/example_dags/example_time_delta_sensor_async.py
[2025-04-04T15:00:54.575+0000] {processor.py:914} INFO - Processing file /home/airflow/.local/lib/python3.12/site-packages/airflow/example_dags/example_time_delta_sensor_async.py for tasks to queue
[2025-04-04T15:00:54.577+0000] {logging_mixin.py:190} INFO - [2025-04-04T15:00:54.576+0000] {dagbag.py:588} INFO - Filling up the DagBag from /home/airflow/.local/lib/python3.12/site-packages/airflow/example_dags/example_time_delta_sensor_async.py
[2025-04-04T15:00:54.584+0000] {processor.py:925} INFO - DAG(s) 'example_time_delta_sensor_async' retrieved from /home/airflow/.local/lib/python3.12/site-packages/airflow/example_dags/example_time_delta_sensor_async.py
[2025-04-04T15:00:54.601+0000] {logging_mixin.py:190} INFO - [2025-04-04T15:00:54.601+0000] {dag.py:3239} INFO - Sync 1 DAGs
[2025-04-04T15:00:54.614+0000] {logging_mixin.py:190} INFO - [2025-04-04T15:00:54.613+0000] {dag.py:4180} INFO - Setting next_dagrun for example_time_delta_sensor_async to None, run_after=None
[2025-04-04T15:00:54.632+0000] {processor.py:208} INFO - Processing /home/airflow/.local/lib/python3.12/site-packages/airflow/example_dags/example_time_delta_sensor_async.py took 0.064 seconds
[2025-04-04T15:01:25.479+0000] {processor.py:186} INFO - Started process (PID=3720) to work on /home/airflow/.local/lib/python3.12/site-packages/airflow/example_dags/example_time_delta_sensor_async.py
[2025-04-04T15:01:25.480+0000] {processor.py:914} INFO - Processing file /home/airflow/.local/lib/python3.12/site-packages/airflow/example_dags/example_time_delta_sensor_async.py for tasks to queue
[2025-04-04T15:01:25.482+0000] {logging_mixin.py:190} INFO - [2025-04-04T15:01:25.481+0000] {dagbag.py:588} INFO - Filling up the DagBag from /home/airflow/.local/lib/python3.12/site-packages/airflow/example_dags/example_time_delta_sensor_async.py
[2025-04-04T15:01:25.491+0000] {processor.py:925} INFO - DAG(s) 'example_time_delta_sensor_async' retrieved from /home/airflow/.local/lib/python3.12/site-packages/airflow/example_dags/example_time_delta_sensor_async.py
[2025-04-04T15:01:25.514+0000] {logging_mixin.py:190} INFO - [2025-04-04T15:01:25.514+0000] {dag.py:3239} INFO - Sync 1 DAGs
[2025-04-04T15:01:25.532+0000] {logging_mixin.py:190} INFO - [2025-04-04T15:01:25.531+0000] {dag.py:4180} INFO - Setting next_dagrun for example_time_delta_sensor_async to None, run_after=None
[2025-04-04T15:01:25.558+0000] {processor.py:208} INFO - Processing /home/airflow/.local/lib/python3.12/site-packages/airflow/example_dags/example_time_delta_sensor_async.py took 0.085 seconds
[2025-04-04T15:01:55.786+0000] {processor.py:186} INFO - Started process (PID=4011) to work on /home/airflow/.local/lib/python3.12/site-packages/airflow/example_dags/example_time_delta_sensor_async.py
[2025-04-04T15:01:55.788+0000] {processor.py:914} INFO - Processing file /home/airflow/.local/lib/python3.12/site-packages/airflow/example_dags/example_time_delta_sensor_async.py for tasks to queue
[2025-04-04T15:01:55.794+0000] {logging_mixin.py:190} INFO - [2025-04-04T15:01:55.794+0000] {dagbag.py:588} INFO - Filling up the DagBag from /home/airflow/.local/lib/python3.12/site-packages/airflow/example_dags/example_time_delta_sensor_async.py
[2025-04-04T15:01:55.800+0000] {processor.py:925} INFO - DAG(s) 'example_time_delta_sensor_async' retrieved from /home/airflow/.local/lib/python3.12/site-packages/airflow/example_dags/example_time_delta_sensor_async.py
[2025-04-04T15:01:55.835+0000] {logging_mixin.py:190} INFO - [2025-04-04T15:01:55.834+0000] {dag.py:3239} INFO - Sync 1 DAGs
[2025-04-04T15:01:55.856+0000] {logging_mixin.py:190} INFO - [2025-04-04T15:01:55.856+0000] {dag.py:4180} INFO - Setting next_dagrun for example_time_delta_sensor_async to None, run_after=None
[2025-04-04T15:01:55.888+0000] {processor.py:208} INFO - Processing /home/airflow/.local/lib/python3.12/site-packages/airflow/example_dags/example_time_delta_sensor_async.py took 0.109 seconds
[2025-04-04T15:02:26.138+0000] {processor.py:186} INFO - Started process (PID=4303) to work on /home/airflow/.local/lib/python3.12/site-packages/airflow/example_dags/example_time_delta_sensor_async.py
[2025-04-04T15:02:26.139+0000] {processor.py:914} INFO - Processing file /home/airflow/.local/lib/python3.12/site-packages/airflow/example_dags/example_time_delta_sensor_async.py for tasks to queue
[2025-04-04T15:02:26.141+0000] {logging_mixin.py:190} INFO - [2025-04-04T15:02:26.141+0000] {dagbag.py:588} INFO - Filling up the DagBag from /home/airflow/.local/lib/python3.12/site-packages/airflow/example_dags/example_time_delta_sensor_async.py
[2025-04-04T15:02:26.151+0000] {processor.py:925} INFO - DAG(s) 'example_time_delta_sensor_async' retrieved from /home/airflow/.local/lib/python3.12/site-packages/airflow/example_dags/example_time_delta_sensor_async.py
[2025-04-04T15:02:26.170+0000] {logging_mixin.py:190} INFO - [2025-04-04T15:02:26.170+0000] {dag.py:3239} INFO - Sync 1 DAGs
[2025-04-04T15:02:26.188+0000] {logging_mixin.py:190} INFO - [2025-04-04T15:02:26.187+0000] {dag.py:4180} INFO - Setting next_dagrun for example_time_delta_sensor_async to None, run_after=None
[2025-04-04T15:02:26.219+0000] {processor.py:208} INFO - Processing /home/airflow/.local/lib/python3.12/site-packages/airflow/example_dags/example_time_delta_sensor_async.py took 0.089 seconds
[2025-04-04T15:02:56.573+0000] {processor.py:186} INFO - Started process (PID=4596) to work on /home/airflow/.local/lib/python3.12/site-packages/airflow/example_dags/example_time_delta_sensor_async.py
[2025-04-04T15:02:56.577+0000] {processor.py:914} INFO - Processing file /home/airflow/.local/lib/python3.12/site-packages/airflow/example_dags/example_time_delta_sensor_async.py for tasks to queue
[2025-04-04T15:02:56.580+0000] {logging_mixin.py:190} INFO - [2025-04-04T15:02:56.580+0000] {dagbag.py:588} INFO - Filling up the DagBag from /home/airflow/.local/lib/python3.12/site-packages/airflow/example_dags/example_time_delta_sensor_async.py
[2025-04-04T15:02:56.588+0000] {processor.py:925} INFO - DAG(s) 'example_time_delta_sensor_async' retrieved from /home/airflow/.local/lib/python3.12/site-packages/airflow/example_dags/example_time_delta_sensor_async.py
[2025-04-04T15:02:56.612+0000] {logging_mixin.py:190} INFO - [2025-04-04T15:02:56.611+0000] {dag.py:3239} INFO - Sync 1 DAGs
[2025-04-04T15:02:56.629+0000] {logging_mixin.py:190} INFO - [2025-04-04T15:02:56.629+0000] {dag.py:4180} INFO - Setting next_dagrun for example_time_delta_sensor_async to None, run_after=None
[2025-04-04T15:02:56.651+0000] {processor.py:208} INFO - Processing /home/airflow/.local/lib/python3.12/site-packages/airflow/example_dags/example_time_delta_sensor_async.py took 0.083 seconds
[2025-04-04T15:03:27.526+0000] {processor.py:186} INFO - Started process (PID=4885) to work on /home/airflow/.local/lib/python3.12/site-packages/airflow/example_dags/example_time_delta_sensor_async.py
[2025-04-04T15:03:27.527+0000] {processor.py:914} INFO - Processing file /home/airflow/.local/lib/python3.12/site-packages/airflow/example_dags/example_time_delta_sensor_async.py for tasks to queue
[2025-04-04T15:03:27.529+0000] {logging_mixin.py:190} INFO - [2025-04-04T15:03:27.529+0000] {dagbag.py:588} INFO - Filling up the DagBag from /home/airflow/.local/lib/python3.12/site-packages/airflow/example_dags/example_time_delta_sensor_async.py
[2025-04-04T15:03:27.535+0000] {processor.py:925} INFO - DAG(s) 'example_time_delta_sensor_async' retrieved from /home/airflow/.local/lib/python3.12/site-packages/airflow/example_dags/example_time_delta_sensor_async.py
[2025-04-04T15:03:27.551+0000] {logging_mixin.py:190} INFO - [2025-04-04T15:03:27.551+0000] {dag.py:3239} INFO - Sync 1 DAGs
[2025-04-04T15:03:27.565+0000] {logging_mixin.py:190} INFO - [2025-04-04T15:03:27.564+0000] {dag.py:4180} INFO - Setting next_dagrun for example_time_delta_sensor_async to None, run_after=None
[2025-04-04T15:03:27.582+0000] {processor.py:208} INFO - Processing /home/airflow/.local/lib/python3.12/site-packages/airflow/example_dags/example_time_delta_sensor_async.py took 0.060 seconds
[2025-04-04T15:03:57.851+0000] {processor.py:186} INFO - Started process (PID=5176) to work on /home/airflow/.local/lib/python3.12/site-packages/airflow/example_dags/example_time_delta_sensor_async.py
[2025-04-04T15:03:57.852+0000] {processor.py:914} INFO - Processing file /home/airflow/.local/lib/python3.12/site-packages/airflow/example_dags/example_time_delta_sensor_async.py for tasks to queue
[2025-04-04T15:03:57.855+0000] {logging_mixin.py:190} INFO - [2025-04-04T15:03:57.854+0000] {dagbag.py:588} INFO - Filling up the DagBag from /home/airflow/.local/lib/python3.12/site-packages/airflow/example_dags/example_time_delta_sensor_async.py
[2025-04-04T15:03:57.864+0000] {processor.py:925} INFO - DAG(s) 'example_time_delta_sensor_async' retrieved from /home/airflow/.local/lib/python3.12/site-packages/airflow/example_dags/example_time_delta_sensor_async.py
[2025-04-04T15:03:57.887+0000] {logging_mixin.py:190} INFO - [2025-04-04T15:03:57.887+0000] {dag.py:3239} INFO - Sync 1 DAGs
[2025-04-04T15:03:57.907+0000] {logging_mixin.py:190} INFO - [2025-04-04T15:03:57.907+0000] {dag.py:4180} INFO - Setting next_dagrun for example_time_delta_sensor_async to None, run_after=None
[2025-04-04T15:03:57.929+0000] {processor.py:208} INFO - Processing /home/airflow/.local/lib/python3.12/site-packages/airflow/example_dags/example_time_delta_sensor_async.py took 0.083 seconds
[2025-04-04T15:04:28.026+0000] {processor.py:186} INFO - Started process (PID=5467) to work on /home/airflow/.local/lib/python3.12/site-packages/airflow/example_dags/example_time_delta_sensor_async.py
[2025-04-04T15:04:28.028+0000] {processor.py:914} INFO - Processing file /home/airflow/.local/lib/python3.12/site-packages/airflow/example_dags/example_time_delta_sensor_async.py for tasks to queue
[2025-04-04T15:04:28.031+0000] {logging_mixin.py:190} INFO - [2025-04-04T15:04:28.031+0000] {dagbag.py:588} INFO - Filling up the DagBag from /home/airflow/.local/lib/python3.12/site-packages/airflow/example_dags/example_time_delta_sensor_async.py
[2025-04-04T15:04:28.038+0000] {processor.py:925} INFO - DAG(s) 'example_time_delta_sensor_async' retrieved from /home/airflow/.local/lib/python3.12/site-packages/airflow/example_dags/example_time_delta_sensor_async.py
[2025-04-04T15:04:28.060+0000] {logging_mixin.py:190} INFO - [2025-04-04T15:04:28.059+0000] {dag.py:3239} INFO - Sync 1 DAGs
[2025-04-04T15:04:28.074+0000] {logging_mixin.py:190} INFO - [2025-04-04T15:04:28.074+0000] {dag.py:4180} INFO - Setting next_dagrun for example_time_delta_sensor_async to None, run_after=None
[2025-04-04T15:04:28.094+0000] {processor.py:208} INFO - Processing /home/airflow/.local/lib/python3.12/site-packages/airflow/example_dags/example_time_delta_sensor_async.py took 0.075 seconds
