[2025-04-04T14:55:25.986+0000] {processor.py:186} INFO - Started process (PID=342) to work on /home/airflow/.local/lib/python3.12/site-packages/airflow/example_dags/example_latest_only.py
[2025-04-04T14:55:25.987+0000] {processor.py:914} INFO - Processing file /home/airflow/.local/lib/python3.12/site-packages/airflow/example_dags/example_latest_only.py for tasks to queue
[2025-04-04T14:55:25.990+0000] {logging_mixin.py:190} INFO - [2025-04-04T14:55:25.989+0000] {dagbag.py:588} INFO - Filling up the DagBag from /home/airflow/.local/lib/python3.12/site-packages/airflow/example_dags/example_latest_only.py
[2025-04-04T14:55:25.997+0000] {processor.py:925} INFO - DAG(s) 'latest_only' retrieved from /home/airflow/.local/lib/python3.12/site-packages/airflow/example_dags/example_latest_only.py
[2025-04-04T14:55:26.117+0000] {logging_mixin.py:190} INFO - [2025-04-04T14:55:26.117+0000] {override.py:1912} INFO - Created Permission View: can edit on DAG:latest_only
[2025-04-04T14:55:26.132+0000] {logging_mixin.py:190} INFO - [2025-04-04T14:55:26.131+0000] {override.py:1912} INFO - Created Permission View: can delete on DAG:latest_only
[2025-04-04T14:55:26.142+0000] {logging_mixin.py:190} INFO - [2025-04-04T14:55:26.141+0000] {override.py:1912} INFO - Created Permission View: can read on DAG:latest_only
[2025-04-04T14:55:26.151+0000] {logging_mixin.py:190} INFO - [2025-04-04T14:55:26.151+0000] {override.py:1912} INFO - Created Permission View: can create on DAG Run:latest_only
[2025-04-04T14:55:26.160+0000] {logging_mixin.py:190} INFO - [2025-04-04T14:55:26.159+0000] {override.py:1912} INFO - Created Permission View: menu access on DAG Run:latest_only
[2025-04-04T14:55:26.169+0000] {logging_mixin.py:190} INFO - [2025-04-04T14:55:26.168+0000] {override.py:1912} INFO - Created Permission View: can delete on DAG Run:latest_only
[2025-04-04T14:55:26.179+0000] {logging_mixin.py:190} INFO - [2025-04-04T14:55:26.179+0000] {override.py:1912} INFO - Created Permission View: can read on DAG Run:latest_only
[2025-04-04T14:55:26.180+0000] {logging_mixin.py:190} INFO - [2025-04-04T14:55:26.179+0000] {dag.py:3239} INFO - Sync 1 DAGs
[2025-04-04T14:55:26.193+0000] {logging_mixin.py:190} INFO - [2025-04-04T14:55:26.193+0000] {dag.py:3262} INFO - Creating ORM DAG for latest_only
[2025-04-04T14:55:26.207+0000] {logging_mixin.py:190} INFO - [2025-04-04T14:55:26.207+0000] {dag.py:4180} INFO - Setting next_dagrun for latest_only to 2025-04-04 08:00:00+00:00, run_after=2025-04-04 12:00:00+00:00
[2025-04-04T14:55:26.227+0000] {processor.py:208} INFO - Processing /home/airflow/.local/lib/python3.12/site-packages/airflow/example_dags/example_latest_only.py took 0.248 seconds
[2025-04-04T14:55:56.871+0000] {processor.py:186} INFO - Started process (PID=633) to work on /home/airflow/.local/lib/python3.12/site-packages/airflow/example_dags/example_latest_only.py
[2025-04-04T14:55:56.872+0000] {processor.py:914} INFO - Processing file /home/airflow/.local/lib/python3.12/site-packages/airflow/example_dags/example_latest_only.py for tasks to queue
[2025-04-04T14:55:56.875+0000] {logging_mixin.py:190} INFO - [2025-04-04T14:55:56.875+0000] {dagbag.py:588} INFO - Filling up the DagBag from /home/airflow/.local/lib/python3.12/site-packages/airflow/example_dags/example_latest_only.py
[2025-04-04T14:55:56.882+0000] {processor.py:925} INFO - DAG(s) 'latest_only' retrieved from /home/airflow/.local/lib/python3.12/site-packages/airflow/example_dags/example_latest_only.py
[2025-04-04T14:55:56.904+0000] {logging_mixin.py:190} INFO - [2025-04-04T14:55:56.903+0000] {dag.py:3239} INFO - Sync 1 DAGs
[2025-04-04T14:55:56.925+0000] {logging_mixin.py:190} INFO - [2025-04-04T14:55:56.924+0000] {dag.py:4180} INFO - Setting next_dagrun for latest_only to 2025-04-04 08:00:00+00:00, run_after=2025-04-04 12:00:00+00:00
[2025-04-04T14:55:56.952+0000] {processor.py:208} INFO - Processing /home/airflow/.local/lib/python3.12/site-packages/airflow/example_dags/example_latest_only.py took 0.086 seconds
[2025-04-04T14:56:28.678+0000] {processor.py:186} INFO - Started process (PID=925) to work on /home/airflow/.local/lib/python3.12/site-packages/airflow/example_dags/example_latest_only.py
[2025-04-04T14:56:28.682+0000] {processor.py:914} INFO - Processing file /home/airflow/.local/lib/python3.12/site-packages/airflow/example_dags/example_latest_only.py for tasks to queue
[2025-04-04T14:56:28.684+0000] {logging_mixin.py:190} INFO - [2025-04-04T14:56:28.684+0000] {dagbag.py:588} INFO - Filling up the DagBag from /home/airflow/.local/lib/python3.12/site-packages/airflow/example_dags/example_latest_only.py
[2025-04-04T14:56:28.690+0000] {processor.py:925} INFO - DAG(s) 'latest_only' retrieved from /home/airflow/.local/lib/python3.12/site-packages/airflow/example_dags/example_latest_only.py
[2025-04-04T14:56:28.705+0000] {logging_mixin.py:190} INFO - [2025-04-04T14:56:28.705+0000] {dag.py:3239} INFO - Sync 1 DAGs
[2025-04-04T14:56:28.725+0000] {logging_mixin.py:190} INFO - [2025-04-04T14:56:28.724+0000] {dag.py:4180} INFO - Setting next_dagrun for latest_only to 2025-04-04 08:00:00+00:00, run_after=2025-04-04 12:00:00+00:00
[2025-04-04T14:56:28.758+0000] {processor.py:208} INFO - Processing /home/airflow/.local/lib/python3.12/site-packages/airflow/example_dags/example_latest_only.py took 0.085 seconds
[2025-04-04T14:57:00.183+0000] {processor.py:186} INFO - Started process (PID=1216) to work on /home/airflow/.local/lib/python3.12/site-packages/airflow/example_dags/example_latest_only.py
[2025-04-04T14:57:00.185+0000] {processor.py:914} INFO - Processing file /home/airflow/.local/lib/python3.12/site-packages/airflow/example_dags/example_latest_only.py for tasks to queue
[2025-04-04T14:57:00.187+0000] {logging_mixin.py:190} INFO - [2025-04-04T14:57:00.187+0000] {dagbag.py:588} INFO - Filling up the DagBag from /home/airflow/.local/lib/python3.12/site-packages/airflow/example_dags/example_latest_only.py
[2025-04-04T14:57:00.193+0000] {processor.py:925} INFO - DAG(s) 'latest_only' retrieved from /home/airflow/.local/lib/python3.12/site-packages/airflow/example_dags/example_latest_only.py
[2025-04-04T14:57:00.212+0000] {logging_mixin.py:190} INFO - [2025-04-04T14:57:00.211+0000] {dag.py:3239} INFO - Sync 1 DAGs
[2025-04-04T14:57:00.233+0000] {logging_mixin.py:190} INFO - [2025-04-04T14:57:00.232+0000] {dag.py:4180} INFO - Setting next_dagrun for latest_only to 2025-04-04 08:00:00+00:00, run_after=2025-04-04 12:00:00+00:00
[2025-04-04T14:57:00.265+0000] {processor.py:208} INFO - Processing /home/airflow/.local/lib/python3.12/site-packages/airflow/example_dags/example_latest_only.py took 0.087 seconds
[2025-04-04T14:57:30.886+0000] {processor.py:186} INFO - Started process (PID=1507) to work on /home/airflow/.local/lib/python3.12/site-packages/airflow/example_dags/example_latest_only.py
[2025-04-04T14:57:30.887+0000] {processor.py:914} INFO - Processing file /home/airflow/.local/lib/python3.12/site-packages/airflow/example_dags/example_latest_only.py for tasks to queue
[2025-04-04T14:57:30.890+0000] {logging_mixin.py:190} INFO - [2025-04-04T14:57:30.889+0000] {dagbag.py:588} INFO - Filling up the DagBag from /home/airflow/.local/lib/python3.12/site-packages/airflow/example_dags/example_latest_only.py
[2025-04-04T14:57:30.896+0000] {processor.py:925} INFO - DAG(s) 'latest_only' retrieved from /home/airflow/.local/lib/python3.12/site-packages/airflow/example_dags/example_latest_only.py
[2025-04-04T14:57:30.917+0000] {logging_mixin.py:190} INFO - [2025-04-04T14:57:30.917+0000] {dag.py:3239} INFO - Sync 1 DAGs
[2025-04-04T14:57:30.945+0000] {logging_mixin.py:190} INFO - [2025-04-04T14:57:30.945+0000] {dag.py:4180} INFO - Setting next_dagrun for latest_only to 2025-04-04 08:00:00+00:00, run_after=2025-04-04 12:00:00+00:00
[2025-04-04T14:57:30.967+0000] {processor.py:208} INFO - Processing /home/airflow/.local/lib/python3.12/site-packages/airflow/example_dags/example_latest_only.py took 0.085 seconds
[2025-04-04T14:58:01.475+0000] {processor.py:186} INFO - Started process (PID=1793) to work on /home/airflow/.local/lib/python3.12/site-packages/airflow/example_dags/example_latest_only.py
[2025-04-04T14:58:01.476+0000] {processor.py:914} INFO - Processing file /home/airflow/.local/lib/python3.12/site-packages/airflow/example_dags/example_latest_only.py for tasks to queue
[2025-04-04T14:58:01.480+0000] {logging_mixin.py:190} INFO - [2025-04-04T14:58:01.479+0000] {dagbag.py:588} INFO - Filling up the DagBag from /home/airflow/.local/lib/python3.12/site-packages/airflow/example_dags/example_latest_only.py
[2025-04-04T14:58:01.495+0000] {processor.py:925} INFO - DAG(s) 'latest_only' retrieved from /home/airflow/.local/lib/python3.12/site-packages/airflow/example_dags/example_latest_only.py
[2025-04-04T14:58:01.517+0000] {logging_mixin.py:190} INFO - [2025-04-04T14:58:01.517+0000] {dag.py:3239} INFO - Sync 1 DAGs
[2025-04-04T14:58:01.543+0000] {logging_mixin.py:190} INFO - [2025-04-04T14:58:01.543+0000] {dag.py:4180} INFO - Setting next_dagrun for latest_only to 2025-04-04 08:00:00+00:00, run_after=2025-04-04 12:00:00+00:00
[2025-04-04T14:58:01.570+0000] {processor.py:208} INFO - Processing /home/airflow/.local/lib/python3.12/site-packages/airflow/example_dags/example_latest_only.py took 0.102 seconds
[2025-04-04T14:58:31.691+0000] {processor.py:186} INFO - Started process (PID=2079) to work on /home/airflow/.local/lib/python3.12/site-packages/airflow/example_dags/example_latest_only.py
[2025-04-04T14:58:31.693+0000] {processor.py:914} INFO - Processing file /home/airflow/.local/lib/python3.12/site-packages/airflow/example_dags/example_latest_only.py for tasks to queue
[2025-04-04T14:58:31.697+0000] {logging_mixin.py:190} INFO - [2025-04-04T14:58:31.696+0000] {dagbag.py:588} INFO - Filling up the DagBag from /home/airflow/.local/lib/python3.12/site-packages/airflow/example_dags/example_latest_only.py
[2025-04-04T14:58:31.710+0000] {processor.py:925} INFO - DAG(s) 'latest_only' retrieved from /home/airflow/.local/lib/python3.12/site-packages/airflow/example_dags/example_latest_only.py
[2025-04-04T14:58:31.736+0000] {logging_mixin.py:190} INFO - [2025-04-04T14:58:31.735+0000] {dag.py:3239} INFO - Sync 1 DAGs
[2025-04-04T14:58:31.760+0000] {logging_mixin.py:190} INFO - [2025-04-04T14:58:31.760+0000] {dag.py:4180} INFO - Setting next_dagrun for latest_only to 2025-04-04 08:00:00+00:00, run_after=2025-04-04 12:00:00+00:00
[2025-04-04T14:58:31.782+0000] {processor.py:208} INFO - Processing /home/airflow/.local/lib/python3.12/site-packages/airflow/example_dags/example_latest_only.py took 0.096 seconds
[2025-04-04T14:59:01.947+0000] {processor.py:186} INFO - Started process (PID=2370) to work on /home/airflow/.local/lib/python3.12/site-packages/airflow/example_dags/example_latest_only.py
[2025-04-04T14:59:01.949+0000] {processor.py:914} INFO - Processing file /home/airflow/.local/lib/python3.12/site-packages/airflow/example_dags/example_latest_only.py for tasks to queue
[2025-04-04T14:59:01.951+0000] {logging_mixin.py:190} INFO - [2025-04-04T14:59:01.951+0000] {dagbag.py:588} INFO - Filling up the DagBag from /home/airflow/.local/lib/python3.12/site-packages/airflow/example_dags/example_latest_only.py
[2025-04-04T14:59:01.963+0000] {processor.py:925} INFO - DAG(s) 'latest_only' retrieved from /home/airflow/.local/lib/python3.12/site-packages/airflow/example_dags/example_latest_only.py
[2025-04-04T14:59:01.988+0000] {logging_mixin.py:190} INFO - [2025-04-04T14:59:01.987+0000] {dag.py:3239} INFO - Sync 1 DAGs
[2025-04-04T14:59:02.013+0000] {logging_mixin.py:190} INFO - [2025-04-04T14:59:02.013+0000] {dag.py:4180} INFO - Setting next_dagrun for latest_only to 2025-04-04 08:00:00+00:00, run_after=2025-04-04 12:00:00+00:00
[2025-04-04T14:59:02.059+0000] {processor.py:208} INFO - Processing /home/airflow/.local/lib/python3.12/site-packages/airflow/example_dags/example_latest_only.py took 0.117 seconds
[2025-04-04T14:59:32.451+0000] {processor.py:186} INFO - Started process (PID=2661) to work on /home/airflow/.local/lib/python3.12/site-packages/airflow/example_dags/example_latest_only.py
[2025-04-04T14:59:32.452+0000] {processor.py:914} INFO - Processing file /home/airflow/.local/lib/python3.12/site-packages/airflow/example_dags/example_latest_only.py for tasks to queue
[2025-04-04T14:59:32.454+0000] {logging_mixin.py:190} INFO - [2025-04-04T14:59:32.454+0000] {dagbag.py:588} INFO - Filling up the DagBag from /home/airflow/.local/lib/python3.12/site-packages/airflow/example_dags/example_latest_only.py
[2025-04-04T14:59:32.460+0000] {processor.py:925} INFO - DAG(s) 'latest_only' retrieved from /home/airflow/.local/lib/python3.12/site-packages/airflow/example_dags/example_latest_only.py
[2025-04-04T14:59:32.480+0000] {logging_mixin.py:190} INFO - [2025-04-04T14:59:32.480+0000] {dag.py:3239} INFO - Sync 1 DAGs
[2025-04-04T14:59:32.501+0000] {logging_mixin.py:190} INFO - [2025-04-04T14:59:32.500+0000] {dag.py:4180} INFO - Setting next_dagrun for latest_only to 2025-04-04 08:00:00+00:00, run_after=2025-04-04 12:00:00+00:00
[2025-04-04T14:59:32.519+0000] {processor.py:208} INFO - Processing /home/airflow/.local/lib/python3.12/site-packages/airflow/example_dags/example_latest_only.py took 0.073 seconds
[2025-04-04T15:00:02.663+0000] {processor.py:186} INFO - Started process (PID=2952) to work on /home/airflow/.local/lib/python3.12/site-packages/airflow/example_dags/example_latest_only.py
[2025-04-04T15:00:02.666+0000] {processor.py:914} INFO - Processing file /home/airflow/.local/lib/python3.12/site-packages/airflow/example_dags/example_latest_only.py for tasks to queue
[2025-04-04T15:00:02.668+0000] {logging_mixin.py:190} INFO - [2025-04-04T15:00:02.667+0000] {dagbag.py:588} INFO - Filling up the DagBag from /home/airflow/.local/lib/python3.12/site-packages/airflow/example_dags/example_latest_only.py
[2025-04-04T15:00:02.674+0000] {processor.py:925} INFO - DAG(s) 'latest_only' retrieved from /home/airflow/.local/lib/python3.12/site-packages/airflow/example_dags/example_latest_only.py
[2025-04-04T15:00:02.692+0000] {logging_mixin.py:190} INFO - [2025-04-04T15:00:02.691+0000] {dag.py:3239} INFO - Sync 1 DAGs
[2025-04-04T15:00:02.714+0000] {logging_mixin.py:190} INFO - [2025-04-04T15:00:02.714+0000] {dag.py:4180} INFO - Setting next_dagrun for latest_only to 2025-04-04 08:00:00+00:00, run_after=2025-04-04 12:00:00+00:00
[2025-04-04T15:00:02.739+0000] {processor.py:208} INFO - Processing /home/airflow/.local/lib/python3.12/site-packages/airflow/example_dags/example_latest_only.py took 0.083 seconds
[2025-04-04T15:00:33.125+0000] {processor.py:186} INFO - Started process (PID=3243) to work on /home/airflow/.local/lib/python3.12/site-packages/airflow/example_dags/example_latest_only.py
[2025-04-04T15:00:33.128+0000] {processor.py:914} INFO - Processing file /home/airflow/.local/lib/python3.12/site-packages/airflow/example_dags/example_latest_only.py for tasks to queue
[2025-04-04T15:00:33.131+0000] {logging_mixin.py:190} INFO - [2025-04-04T15:00:33.131+0000] {dagbag.py:588} INFO - Filling up the DagBag from /home/airflow/.local/lib/python3.12/site-packages/airflow/example_dags/example_latest_only.py
[2025-04-04T15:00:33.144+0000] {processor.py:925} INFO - DAG(s) 'latest_only' retrieved from /home/airflow/.local/lib/python3.12/site-packages/airflow/example_dags/example_latest_only.py
[2025-04-04T15:00:33.178+0000] {logging_mixin.py:190} INFO - [2025-04-04T15:00:33.177+0000] {dag.py:3239} INFO - Sync 1 DAGs
[2025-04-04T15:00:33.200+0000] {logging_mixin.py:190} INFO - [2025-04-04T15:00:33.200+0000] {dag.py:4180} INFO - Setting next_dagrun for latest_only to 2025-04-04 08:00:00+00:00, run_after=2025-04-04 12:00:00+00:00
[2025-04-04T15:00:33.218+0000] {processor.py:208} INFO - Processing /home/airflow/.local/lib/python3.12/site-packages/airflow/example_dags/example_latest_only.py took 0.107 seconds
[2025-04-04T15:01:03.383+0000] {processor.py:186} INFO - Started process (PID=3534) to work on /home/airflow/.local/lib/python3.12/site-packages/airflow/example_dags/example_latest_only.py
[2025-04-04T15:01:03.384+0000] {processor.py:914} INFO - Processing file /home/airflow/.local/lib/python3.12/site-packages/airflow/example_dags/example_latest_only.py for tasks to queue
[2025-04-04T15:01:03.386+0000] {logging_mixin.py:190} INFO - [2025-04-04T15:01:03.386+0000] {dagbag.py:588} INFO - Filling up the DagBag from /home/airflow/.local/lib/python3.12/site-packages/airflow/example_dags/example_latest_only.py
[2025-04-04T15:01:03.395+0000] {processor.py:925} INFO - DAG(s) 'latest_only' retrieved from /home/airflow/.local/lib/python3.12/site-packages/airflow/example_dags/example_latest_only.py
[2025-04-04T15:01:03.423+0000] {logging_mixin.py:190} INFO - [2025-04-04T15:01:03.422+0000] {dag.py:3239} INFO - Sync 1 DAGs
[2025-04-04T15:01:03.447+0000] {logging_mixin.py:190} INFO - [2025-04-04T15:01:03.447+0000] {dag.py:4180} INFO - Setting next_dagrun for latest_only to 2025-04-04 08:00:00+00:00, run_after=2025-04-04 12:00:00+00:00
[2025-04-04T15:01:03.473+0000] {processor.py:208} INFO - Processing /home/airflow/.local/lib/python3.12/site-packages/airflow/example_dags/example_latest_only.py took 0.094 seconds
[2025-04-04T15:01:34.095+0000] {processor.py:186} INFO - Started process (PID=3825) to work on /home/airflow/.local/lib/python3.12/site-packages/airflow/example_dags/example_latest_only.py
[2025-04-04T15:01:34.097+0000] {processor.py:914} INFO - Processing file /home/airflow/.local/lib/python3.12/site-packages/airflow/example_dags/example_latest_only.py for tasks to queue
[2025-04-04T15:01:34.099+0000] {logging_mixin.py:190} INFO - [2025-04-04T15:01:34.099+0000] {dagbag.py:588} INFO - Filling up the DagBag from /home/airflow/.local/lib/python3.12/site-packages/airflow/example_dags/example_latest_only.py
[2025-04-04T15:01:34.108+0000] {processor.py:925} INFO - DAG(s) 'latest_only' retrieved from /home/airflow/.local/lib/python3.12/site-packages/airflow/example_dags/example_latest_only.py
[2025-04-04T15:01:34.131+0000] {logging_mixin.py:190} INFO - [2025-04-04T15:01:34.131+0000] {dag.py:3239} INFO - Sync 1 DAGs
[2025-04-04T15:01:34.156+0000] {logging_mixin.py:190} INFO - [2025-04-04T15:01:34.156+0000] {dag.py:4180} INFO - Setting next_dagrun for latest_only to 2025-04-04 08:00:00+00:00, run_after=2025-04-04 12:00:00+00:00
[2025-04-04T15:01:34.175+0000] {processor.py:208} INFO - Processing /home/airflow/.local/lib/python3.12/site-packages/airflow/example_dags/example_latest_only.py took 0.089 seconds
[2025-04-04T15:02:04.734+0000] {processor.py:186} INFO - Started process (PID=4116) to work on /home/airflow/.local/lib/python3.12/site-packages/airflow/example_dags/example_latest_only.py
[2025-04-04T15:02:04.736+0000] {processor.py:914} INFO - Processing file /home/airflow/.local/lib/python3.12/site-packages/airflow/example_dags/example_latest_only.py for tasks to queue
[2025-04-04T15:02:04.738+0000] {logging_mixin.py:190} INFO - [2025-04-04T15:02:04.738+0000] {dagbag.py:588} INFO - Filling up the DagBag from /home/airflow/.local/lib/python3.12/site-packages/airflow/example_dags/example_latest_only.py
[2025-04-04T15:02:04.746+0000] {processor.py:925} INFO - DAG(s) 'latest_only' retrieved from /home/airflow/.local/lib/python3.12/site-packages/airflow/example_dags/example_latest_only.py
[2025-04-04T15:02:04.767+0000] {logging_mixin.py:190} INFO - [2025-04-04T15:02:04.767+0000] {dag.py:3239} INFO - Sync 1 DAGs
[2025-04-04T15:02:04.789+0000] {logging_mixin.py:190} INFO - [2025-04-04T15:02:04.789+0000] {dag.py:4180} INFO - Setting next_dagrun for latest_only to 2025-04-04 08:00:00+00:00, run_after=2025-04-04 12:00:00+00:00
[2025-04-04T15:02:04.807+0000] {processor.py:208} INFO - Processing /home/airflow/.local/lib/python3.12/site-packages/airflow/example_dags/example_latest_only.py took 0.080 seconds
[2025-04-04T15:02:35.529+0000] {processor.py:186} INFO - Started process (PID=4408) to work on /home/airflow/.local/lib/python3.12/site-packages/airflow/example_dags/example_latest_only.py
[2025-04-04T15:02:35.532+0000] {processor.py:914} INFO - Processing file /home/airflow/.local/lib/python3.12/site-packages/airflow/example_dags/example_latest_only.py for tasks to queue
[2025-04-04T15:02:35.536+0000] {logging_mixin.py:190} INFO - [2025-04-04T15:02:35.535+0000] {dagbag.py:588} INFO - Filling up the DagBag from /home/airflow/.local/lib/python3.12/site-packages/airflow/example_dags/example_latest_only.py
[2025-04-04T15:02:35.547+0000] {processor.py:925} INFO - DAG(s) 'latest_only' retrieved from /home/airflow/.local/lib/python3.12/site-packages/airflow/example_dags/example_latest_only.py
[2025-04-04T15:02:35.569+0000] {logging_mixin.py:190} INFO - [2025-04-04T15:02:35.568+0000] {dag.py:3239} INFO - Sync 1 DAGs
[2025-04-04T15:02:35.596+0000] {logging_mixin.py:190} INFO - [2025-04-04T15:02:35.596+0000] {dag.py:4180} INFO - Setting next_dagrun for latest_only to 2025-04-04 08:00:00+00:00, run_after=2025-04-04 12:00:00+00:00
[2025-04-04T15:02:35.654+0000] {processor.py:208} INFO - Processing /home/airflow/.local/lib/python3.12/site-packages/airflow/example_dags/example_latest_only.py took 0.133 seconds
[2025-04-04T15:03:05.876+0000] {processor.py:186} INFO - Started process (PID=4699) to work on /home/airflow/.local/lib/python3.12/site-packages/airflow/example_dags/example_latest_only.py
[2025-04-04T15:03:05.878+0000] {processor.py:914} INFO - Processing file /home/airflow/.local/lib/python3.12/site-packages/airflow/example_dags/example_latest_only.py for tasks to queue
[2025-04-04T15:03:05.880+0000] {logging_mixin.py:190} INFO - [2025-04-04T15:03:05.880+0000] {dagbag.py:588} INFO - Filling up the DagBag from /home/airflow/.local/lib/python3.12/site-packages/airflow/example_dags/example_latest_only.py
[2025-04-04T15:03:05.888+0000] {processor.py:925} INFO - DAG(s) 'latest_only' retrieved from /home/airflow/.local/lib/python3.12/site-packages/airflow/example_dags/example_latest_only.py
[2025-04-04T15:03:05.910+0000] {logging_mixin.py:190} INFO - [2025-04-04T15:03:05.909+0000] {dag.py:3239} INFO - Sync 1 DAGs
[2025-04-04T15:03:05.933+0000] {logging_mixin.py:190} INFO - [2025-04-04T15:03:05.933+0000] {dag.py:4180} INFO - Setting next_dagrun for latest_only to 2025-04-04 08:00:00+00:00, run_after=2025-04-04 12:00:00+00:00
[2025-04-04T15:03:05.954+0000] {processor.py:208} INFO - Processing /home/airflow/.local/lib/python3.12/site-packages/airflow/example_dags/example_latest_only.py took 0.084 seconds
[2025-04-04T15:03:36.841+0000] {processor.py:186} INFO - Started process (PID=4990) to work on /home/airflow/.local/lib/python3.12/site-packages/airflow/example_dags/example_latest_only.py
[2025-04-04T15:03:36.842+0000] {processor.py:914} INFO - Processing file /home/airflow/.local/lib/python3.12/site-packages/airflow/example_dags/example_latest_only.py for tasks to queue
[2025-04-04T15:03:36.847+0000] {logging_mixin.py:190} INFO - [2025-04-04T15:03:36.846+0000] {dagbag.py:588} INFO - Filling up the DagBag from /home/airflow/.local/lib/python3.12/site-packages/airflow/example_dags/example_latest_only.py
[2025-04-04T15:03:36.856+0000] {processor.py:925} INFO - DAG(s) 'latest_only' retrieved from /home/airflow/.local/lib/python3.12/site-packages/airflow/example_dags/example_latest_only.py
[2025-04-04T15:03:36.882+0000] {logging_mixin.py:190} INFO - [2025-04-04T15:03:36.882+0000] {dag.py:3239} INFO - Sync 1 DAGs
[2025-04-04T15:03:36.909+0000] {logging_mixin.py:190} INFO - [2025-04-04T15:03:36.909+0000] {dag.py:4180} INFO - Setting next_dagrun for latest_only to 2025-04-04 08:00:00+00:00, run_after=2025-04-04 12:00:00+00:00
[2025-04-04T15:03:36.938+0000] {processor.py:208} INFO - Processing /home/airflow/.local/lib/python3.12/site-packages/airflow/example_dags/example_latest_only.py took 0.105 seconds
[2025-04-04T15:04:07.307+0000] {processor.py:186} INFO - Started process (PID=5281) to work on /home/airflow/.local/lib/python3.12/site-packages/airflow/example_dags/example_latest_only.py
[2025-04-04T15:04:07.308+0000] {processor.py:914} INFO - Processing file /home/airflow/.local/lib/python3.12/site-packages/airflow/example_dags/example_latest_only.py for tasks to queue
[2025-04-04T15:04:07.311+0000] {logging_mixin.py:190} INFO - [2025-04-04T15:04:07.311+0000] {dagbag.py:588} INFO - Filling up the DagBag from /home/airflow/.local/lib/python3.12/site-packages/airflow/example_dags/example_latest_only.py
[2025-04-04T15:04:07.320+0000] {processor.py:925} INFO - DAG(s) 'latest_only' retrieved from /home/airflow/.local/lib/python3.12/site-packages/airflow/example_dags/example_latest_only.py
[2025-04-04T15:04:07.343+0000] {logging_mixin.py:190} INFO - [2025-04-04T15:04:07.343+0000] {dag.py:3239} INFO - Sync 1 DAGs
[2025-04-04T15:04:07.374+0000] {logging_mixin.py:190} INFO - [2025-04-04T15:04:07.374+0000] {dag.py:4180} INFO - Setting next_dagrun for latest_only to 2025-04-04 08:00:00+00:00, run_after=2025-04-04 12:00:00+00:00
[2025-04-04T15:04:07.396+0000] {processor.py:208} INFO - Processing /home/airflow/.local/lib/python3.12/site-packages/airflow/example_dags/example_latest_only.py took 0.095 seconds
[2025-04-04T15:04:37.694+0000] {processor.py:186} INFO - Started process (PID=5572) to work on /home/airflow/.local/lib/python3.12/site-packages/airflow/example_dags/example_latest_only.py
[2025-04-04T15:04:37.695+0000] {processor.py:914} INFO - Processing file /home/airflow/.local/lib/python3.12/site-packages/airflow/example_dags/example_latest_only.py for tasks to queue
[2025-04-04T15:04:37.698+0000] {logging_mixin.py:190} INFO - [2025-04-04T15:04:37.697+0000] {dagbag.py:588} INFO - Filling up the DagBag from /home/airflow/.local/lib/python3.12/site-packages/airflow/example_dags/example_latest_only.py
[2025-04-04T15:04:37.704+0000] {processor.py:925} INFO - DAG(s) 'latest_only' retrieved from /home/airflow/.local/lib/python3.12/site-packages/airflow/example_dags/example_latest_only.py
[2025-04-04T15:04:37.724+0000] {logging_mixin.py:190} INFO - [2025-04-04T15:04:37.723+0000] {dag.py:3239} INFO - Sync 1 DAGs
[2025-04-04T15:04:37.746+0000] {logging_mixin.py:190} INFO - [2025-04-04T15:04:37.746+0000] {dag.py:4180} INFO - Setting next_dagrun for latest_only to 2025-04-04 08:00:00+00:00, run_after=2025-04-04 12:00:00+00:00
[2025-04-04T15:04:37.764+0000] {processor.py:208} INFO - Processing /home/airflow/.local/lib/python3.12/site-packages/airflow/example_dags/example_latest_only.py took 0.075 seconds
