[2025-04-04T14:55:27.722+0000] {processor.py:186} INFO - Started process (PID=367) to work on /home/airflow/.local/lib/python3.12/site-packages/airflow/example_dags/example_complex.py
[2025-04-04T14:55:27.724+0000] {processor.py:914} INFO - Processing file /home/airflow/.local/lib/python3.12/site-packages/airflow/example_dags/example_complex.py for tasks to queue
[2025-04-04T14:55:27.728+0000] {logging_mixin.py:190} INFO - [2025-04-04T14:55:27.727+0000] {dagbag.py:588} INFO - Filling up the DagBag from /home/airflow/.local/lib/python3.12/site-packages/airflow/example_dags/example_complex.py
[2025-04-04T14:55:27.751+0000] {processor.py:925} INFO - DAG(s) 'example_complex' retrieved from /home/airflow/.local/lib/python3.12/site-packages/airflow/example_dags/example_complex.py
[2025-04-04T14:55:27.960+0000] {logging_mixin.py:190} INFO - [2025-04-04T14:55:27.958+0000] {override.py:1912} INFO - Created Permission View: can edit on DAG:example_complex
[2025-04-04T14:55:27.977+0000] {logging_mixin.py:190} INFO - [2025-04-04T14:55:27.977+0000] {override.py:1912} INFO - Created Permission View: can delete on DAG:example_complex
[2025-04-04T14:55:27.991+0000] {logging_mixin.py:190} INFO - [2025-04-04T14:55:27.990+0000] {override.py:1912} INFO - Created Permission View: can read on DAG:example_complex
[2025-04-04T14:55:28.008+0000] {logging_mixin.py:190} INFO - [2025-04-04T14:55:28.007+0000] {override.py:1912} INFO - Created Permission View: can create on DAG Run:example_complex
[2025-04-04T14:55:28.021+0000] {logging_mixin.py:190} INFO - [2025-04-04T14:55:28.021+0000] {override.py:1912} INFO - Created Permission View: menu access on DAG Run:example_complex
[2025-04-04T14:55:28.033+0000] {logging_mixin.py:190} INFO - [2025-04-04T14:55:28.033+0000] {override.py:1912} INFO - Created Permission View: can delete on DAG Run:example_complex
[2025-04-04T14:55:28.046+0000] {logging_mixin.py:190} INFO - [2025-04-04T14:55:28.045+0000] {override.py:1912} INFO - Created Permission View: can read on DAG Run:example_complex
[2025-04-04T14:55:28.047+0000] {logging_mixin.py:190} INFO - [2025-04-04T14:55:28.047+0000] {dag.py:3239} INFO - Sync 1 DAGs
[2025-04-04T14:55:28.067+0000] {logging_mixin.py:190} INFO - [2025-04-04T14:55:28.067+0000] {dag.py:3262} INFO - Creating ORM DAG for example_complex
[2025-04-04T14:55:28.069+0000] {logging_mixin.py:190} INFO - [2025-04-04T14:55:28.069+0000] {dag.py:4180} INFO - Setting next_dagrun for example_complex to None, run_after=None
[2025-04-04T14:55:28.118+0000] {processor.py:208} INFO - Processing /home/airflow/.local/lib/python3.12/site-packages/airflow/example_dags/example_complex.py took 0.404 seconds
[2025-04-04T14:55:58.445+0000] {processor.py:186} INFO - Started process (PID=658) to work on /home/airflow/.local/lib/python3.12/site-packages/airflow/example_dags/example_complex.py
[2025-04-04T14:55:58.446+0000] {processor.py:914} INFO - Processing file /home/airflow/.local/lib/python3.12/site-packages/airflow/example_dags/example_complex.py for tasks to queue
[2025-04-04T14:55:58.449+0000] {logging_mixin.py:190} INFO - [2025-04-04T14:55:58.448+0000] {dagbag.py:588} INFO - Filling up the DagBag from /home/airflow/.local/lib/python3.12/site-packages/airflow/example_dags/example_complex.py
[2025-04-04T14:55:58.459+0000] {processor.py:925} INFO - DAG(s) 'example_complex' retrieved from /home/airflow/.local/lib/python3.12/site-packages/airflow/example_dags/example_complex.py
[2025-04-04T14:55:58.485+0000] {logging_mixin.py:190} INFO - [2025-04-04T14:55:58.485+0000] {dag.py:3239} INFO - Sync 1 DAGs
[2025-04-04T14:55:58.501+0000] {logging_mixin.py:190} INFO - [2025-04-04T14:55:58.501+0000] {dag.py:4180} INFO - Setting next_dagrun for example_complex to None, run_after=None
[2025-04-04T14:55:58.516+0000] {processor.py:208} INFO - Processing /home/airflow/.local/lib/python3.12/site-packages/airflow/example_dags/example_complex.py took 0.076 seconds
[2025-04-04T14:56:29.064+0000] {processor.py:186} INFO - Started process (PID=950) to work on /home/airflow/.local/lib/python3.12/site-packages/airflow/example_dags/example_complex.py
[2025-04-04T14:56:29.065+0000] {processor.py:914} INFO - Processing file /home/airflow/.local/lib/python3.12/site-packages/airflow/example_dags/example_complex.py for tasks to queue
[2025-04-04T14:56:29.068+0000] {logging_mixin.py:190} INFO - [2025-04-04T14:56:29.067+0000] {dagbag.py:588} INFO - Filling up the DagBag from /home/airflow/.local/lib/python3.12/site-packages/airflow/example_dags/example_complex.py
[2025-04-04T14:56:29.078+0000] {processor.py:925} INFO - DAG(s) 'example_complex' retrieved from /home/airflow/.local/lib/python3.12/site-packages/airflow/example_dags/example_complex.py
[2025-04-04T14:56:29.104+0000] {logging_mixin.py:190} INFO - [2025-04-04T14:56:29.104+0000] {dag.py:3239} INFO - Sync 1 DAGs
[2025-04-04T14:56:29.116+0000] {logging_mixin.py:190} INFO - [2025-04-04T14:56:29.116+0000] {dag.py:4180} INFO - Setting next_dagrun for example_complex to None, run_after=None
[2025-04-04T14:56:29.159+0000] {processor.py:208} INFO - Processing /home/airflow/.local/lib/python3.12/site-packages/airflow/example_dags/example_complex.py took 0.100 seconds
[2025-04-04T14:57:00.489+0000] {processor.py:186} INFO - Started process (PID=1241) to work on /home/airflow/.local/lib/python3.12/site-packages/airflow/example_dags/example_complex.py
[2025-04-04T14:57:00.491+0000] {processor.py:914} INFO - Processing file /home/airflow/.local/lib/python3.12/site-packages/airflow/example_dags/example_complex.py for tasks to queue
[2025-04-04T14:57:00.494+0000] {logging_mixin.py:190} INFO - [2025-04-04T14:57:00.494+0000] {dagbag.py:588} INFO - Filling up the DagBag from /home/airflow/.local/lib/python3.12/site-packages/airflow/example_dags/example_complex.py
[2025-04-04T14:57:00.504+0000] {processor.py:925} INFO - DAG(s) 'example_complex' retrieved from /home/airflow/.local/lib/python3.12/site-packages/airflow/example_dags/example_complex.py
[2025-04-04T14:57:00.532+0000] {logging_mixin.py:190} INFO - [2025-04-04T14:57:00.531+0000] {dag.py:3239} INFO - Sync 1 DAGs
[2025-04-04T14:57:00.545+0000] {logging_mixin.py:190} INFO - [2025-04-04T14:57:00.545+0000] {dag.py:4180} INFO - Setting next_dagrun for example_complex to None, run_after=None
[2025-04-04T14:57:00.564+0000] {processor.py:208} INFO - Processing /home/airflow/.local/lib/python3.12/site-packages/airflow/example_dags/example_complex.py took 0.079 seconds
[2025-04-04T14:57:31.348+0000] {processor.py:186} INFO - Started process (PID=1527) to work on /home/airflow/.local/lib/python3.12/site-packages/airflow/example_dags/example_complex.py
[2025-04-04T14:57:31.349+0000] {processor.py:914} INFO - Processing file /home/airflow/.local/lib/python3.12/site-packages/airflow/example_dags/example_complex.py for tasks to queue
[2025-04-04T14:57:31.352+0000] {logging_mixin.py:190} INFO - [2025-04-04T14:57:31.352+0000] {dagbag.py:588} INFO - Filling up the DagBag from /home/airflow/.local/lib/python3.12/site-packages/airflow/example_dags/example_complex.py
[2025-04-04T14:57:31.362+0000] {processor.py:925} INFO - DAG(s) 'example_complex' retrieved from /home/airflow/.local/lib/python3.12/site-packages/airflow/example_dags/example_complex.py
[2025-04-04T14:57:31.390+0000] {logging_mixin.py:190} INFO - [2025-04-04T14:57:31.390+0000] {dag.py:3239} INFO - Sync 1 DAGs
[2025-04-04T14:57:31.403+0000] {logging_mixin.py:190} INFO - [2025-04-04T14:57:31.403+0000] {dag.py:4180} INFO - Setting next_dagrun for example_complex to None, run_after=None
[2025-04-04T14:57:31.422+0000] {processor.py:208} INFO - Processing /home/airflow/.local/lib/python3.12/site-packages/airflow/example_dags/example_complex.py took 0.078 seconds
[2025-04-04T14:58:03.137+0000] {processor.py:186} INFO - Started process (PID=1818) to work on /home/airflow/.local/lib/python3.12/site-packages/airflow/example_dags/example_complex.py
[2025-04-04T14:58:03.138+0000] {processor.py:914} INFO - Processing file /home/airflow/.local/lib/python3.12/site-packages/airflow/example_dags/example_complex.py for tasks to queue
[2025-04-04T14:58:03.141+0000] {logging_mixin.py:190} INFO - [2025-04-04T14:58:03.141+0000] {dagbag.py:588} INFO - Filling up the DagBag from /home/airflow/.local/lib/python3.12/site-packages/airflow/example_dags/example_complex.py
[2025-04-04T14:58:03.152+0000] {processor.py:925} INFO - DAG(s) 'example_complex' retrieved from /home/airflow/.local/lib/python3.12/site-packages/airflow/example_dags/example_complex.py
[2025-04-04T14:58:03.181+0000] {logging_mixin.py:190} INFO - [2025-04-04T14:58:03.181+0000] {dag.py:3239} INFO - Sync 1 DAGs
[2025-04-04T14:58:03.195+0000] {logging_mixin.py:190} INFO - [2025-04-04T14:58:03.195+0000] {dag.py:4180} INFO - Setting next_dagrun for example_complex to None, run_after=None
[2025-04-04T14:58:03.215+0000] {processor.py:208} INFO - Processing /home/airflow/.local/lib/python3.12/site-packages/airflow/example_dags/example_complex.py took 0.083 seconds
[2025-04-04T14:58:35.287+0000] {processor.py:186} INFO - Started process (PID=2111) to work on /home/airflow/.local/lib/python3.12/site-packages/airflow/example_dags/example_complex.py
[2025-04-04T14:58:35.288+0000] {processor.py:914} INFO - Processing file /home/airflow/.local/lib/python3.12/site-packages/airflow/example_dags/example_complex.py for tasks to queue
[2025-04-04T14:58:35.290+0000] {logging_mixin.py:190} INFO - [2025-04-04T14:58:35.290+0000] {dagbag.py:588} INFO - Filling up the DagBag from /home/airflow/.local/lib/python3.12/site-packages/airflow/example_dags/example_complex.py
[2025-04-04T14:58:35.300+0000] {processor.py:925} INFO - DAG(s) 'example_complex' retrieved from /home/airflow/.local/lib/python3.12/site-packages/airflow/example_dags/example_complex.py
[2025-04-04T14:58:35.331+0000] {logging_mixin.py:190} INFO - [2025-04-04T14:58:35.331+0000] {dag.py:3239} INFO - Sync 1 DAGs
[2025-04-04T14:58:35.344+0000] {logging_mixin.py:190} INFO - [2025-04-04T14:58:35.344+0000] {dag.py:4180} INFO - Setting next_dagrun for example_complex to None, run_after=None
[2025-04-04T14:58:35.362+0000] {processor.py:208} INFO - Processing /home/airflow/.local/lib/python3.12/site-packages/airflow/example_dags/example_complex.py took 0.081 seconds
[2025-04-04T14:59:06.319+0000] {processor.py:186} INFO - Started process (PID=2400) to work on /home/airflow/.local/lib/python3.12/site-packages/airflow/example_dags/example_complex.py
[2025-04-04T14:59:06.320+0000] {processor.py:914} INFO - Processing file /home/airflow/.local/lib/python3.12/site-packages/airflow/example_dags/example_complex.py for tasks to queue
[2025-04-04T14:59:06.325+0000] {logging_mixin.py:190} INFO - [2025-04-04T14:59:06.325+0000] {dagbag.py:588} INFO - Filling up the DagBag from /home/airflow/.local/lib/python3.12/site-packages/airflow/example_dags/example_complex.py
[2025-04-04T14:59:06.344+0000] {processor.py:925} INFO - DAG(s) 'example_complex' retrieved from /home/airflow/.local/lib/python3.12/site-packages/airflow/example_dags/example_complex.py
[2025-04-04T14:59:06.384+0000] {logging_mixin.py:190} INFO - [2025-04-04T14:59:06.384+0000] {dag.py:3239} INFO - Sync 1 DAGs
[2025-04-04T14:59:06.402+0000] {logging_mixin.py:190} INFO - [2025-04-04T14:59:06.402+0000] {dag.py:4180} INFO - Setting next_dagrun for example_complex to None, run_after=None
[2025-04-04T14:59:06.434+0000] {processor.py:208} INFO - Processing /home/airflow/.local/lib/python3.12/site-packages/airflow/example_dags/example_complex.py took 0.122 seconds
[2025-04-04T14:59:37.357+0000] {processor.py:186} INFO - Started process (PID=2693) to work on /home/airflow/.local/lib/python3.12/site-packages/airflow/example_dags/example_complex.py
[2025-04-04T14:59:37.358+0000] {processor.py:914} INFO - Processing file /home/airflow/.local/lib/python3.12/site-packages/airflow/example_dags/example_complex.py for tasks to queue
[2025-04-04T14:59:37.360+0000] {logging_mixin.py:190} INFO - [2025-04-04T14:59:37.360+0000] {dagbag.py:588} INFO - Filling up the DagBag from /home/airflow/.local/lib/python3.12/site-packages/airflow/example_dags/example_complex.py
[2025-04-04T14:59:37.370+0000] {processor.py:925} INFO - DAG(s) 'example_complex' retrieved from /home/airflow/.local/lib/python3.12/site-packages/airflow/example_dags/example_complex.py
[2025-04-04T14:59:37.420+0000] {logging_mixin.py:190} INFO - [2025-04-04T14:59:37.419+0000] {dag.py:3239} INFO - Sync 1 DAGs
[2025-04-04T14:59:37.451+0000] {logging_mixin.py:190} INFO - [2025-04-04T14:59:37.451+0000] {dag.py:4180} INFO - Setting next_dagrun for example_complex to None, run_after=None
[2025-04-04T14:59:37.470+0000] {processor.py:208} INFO - Processing /home/airflow/.local/lib/python3.12/site-packages/airflow/example_dags/example_complex.py took 0.119 seconds
[2025-04-04T15:00:08.937+0000] {processor.py:186} INFO - Started process (PID=2982) to work on /home/airflow/.local/lib/python3.12/site-packages/airflow/example_dags/example_complex.py
[2025-04-04T15:00:08.939+0000] {processor.py:914} INFO - Processing file /home/airflow/.local/lib/python3.12/site-packages/airflow/example_dags/example_complex.py for tasks to queue
[2025-04-04T15:00:08.941+0000] {logging_mixin.py:190} INFO - [2025-04-04T15:00:08.941+0000] {dagbag.py:588} INFO - Filling up the DagBag from /home/airflow/.local/lib/python3.12/site-packages/airflow/example_dags/example_complex.py
[2025-04-04T15:00:08.952+0000] {processor.py:925} INFO - DAG(s) 'example_complex' retrieved from /home/airflow/.local/lib/python3.12/site-packages/airflow/example_dags/example_complex.py
[2025-04-04T15:00:08.983+0000] {logging_mixin.py:190} INFO - [2025-04-04T15:00:08.983+0000] {dag.py:3239} INFO - Sync 1 DAGs
[2025-04-04T15:00:08.998+0000] {logging_mixin.py:190} INFO - [2025-04-04T15:00:08.998+0000] {dag.py:4180} INFO - Setting next_dagrun for example_complex to None, run_after=None
[2025-04-04T15:00:09.020+0000] {processor.py:208} INFO - Processing /home/airflow/.local/lib/python3.12/site-packages/airflow/example_dags/example_complex.py took 0.090 seconds
[2025-04-04T15:00:40.540+0000] {processor.py:186} INFO - Started process (PID=3275) to work on /home/airflow/.local/lib/python3.12/site-packages/airflow/example_dags/example_complex.py
[2025-04-04T15:00:40.541+0000] {processor.py:914} INFO - Processing file /home/airflow/.local/lib/python3.12/site-packages/airflow/example_dags/example_complex.py for tasks to queue
[2025-04-04T15:00:40.543+0000] {logging_mixin.py:190} INFO - [2025-04-04T15:00:40.543+0000] {dagbag.py:588} INFO - Filling up the DagBag from /home/airflow/.local/lib/python3.12/site-packages/airflow/example_dags/example_complex.py
[2025-04-04T15:00:40.553+0000] {processor.py:925} INFO - DAG(s) 'example_complex' retrieved from /home/airflow/.local/lib/python3.12/site-packages/airflow/example_dags/example_complex.py
[2025-04-04T15:00:40.585+0000] {logging_mixin.py:190} INFO - [2025-04-04T15:00:40.585+0000] {dag.py:3239} INFO - Sync 1 DAGs
[2025-04-04T15:00:40.600+0000] {logging_mixin.py:190} INFO - [2025-04-04T15:00:40.599+0000] {dag.py:4180} INFO - Setting next_dagrun for example_complex to None, run_after=None
[2025-04-04T15:00:40.618+0000] {processor.py:208} INFO - Processing /home/airflow/.local/lib/python3.12/site-packages/airflow/example_dags/example_complex.py took 0.084 seconds
[2025-04-04T15:01:11.774+0000] {processor.py:186} INFO - Started process (PID=3564) to work on /home/airflow/.local/lib/python3.12/site-packages/airflow/example_dags/example_complex.py
[2025-04-04T15:01:11.775+0000] {processor.py:914} INFO - Processing file /home/airflow/.local/lib/python3.12/site-packages/airflow/example_dags/example_complex.py for tasks to queue
[2025-04-04T15:01:11.778+0000] {logging_mixin.py:190} INFO - [2025-04-04T15:01:11.777+0000] {dagbag.py:588} INFO - Filling up the DagBag from /home/airflow/.local/lib/python3.12/site-packages/airflow/example_dags/example_complex.py
[2025-04-04T15:01:11.788+0000] {processor.py:925} INFO - DAG(s) 'example_complex' retrieved from /home/airflow/.local/lib/python3.12/site-packages/airflow/example_dags/example_complex.py
[2025-04-04T15:01:11.817+0000] {logging_mixin.py:190} INFO - [2025-04-04T15:01:11.816+0000] {dag.py:3239} INFO - Sync 1 DAGs
[2025-04-04T15:01:11.831+0000] {logging_mixin.py:190} INFO - [2025-04-04T15:01:11.831+0000] {dag.py:4180} INFO - Setting next_dagrun for example_complex to None, run_after=None
[2025-04-04T15:01:11.851+0000] {processor.py:208} INFO - Processing /home/airflow/.local/lib/python3.12/site-packages/airflow/example_dags/example_complex.py took 0.083 seconds
[2025-04-04T15:01:43.135+0000] {processor.py:186} INFO - Started process (PID=3857) to work on /home/airflow/.local/lib/python3.12/site-packages/airflow/example_dags/example_complex.py
[2025-04-04T15:01:43.136+0000] {processor.py:914} INFO - Processing file /home/airflow/.local/lib/python3.12/site-packages/airflow/example_dags/example_complex.py for tasks to queue
[2025-04-04T15:01:43.138+0000] {logging_mixin.py:190} INFO - [2025-04-04T15:01:43.138+0000] {dagbag.py:588} INFO - Filling up the DagBag from /home/airflow/.local/lib/python3.12/site-packages/airflow/example_dags/example_complex.py
[2025-04-04T15:01:43.149+0000] {processor.py:925} INFO - DAG(s) 'example_complex' retrieved from /home/airflow/.local/lib/python3.12/site-packages/airflow/example_dags/example_complex.py
[2025-04-04T15:01:43.174+0000] {logging_mixin.py:190} INFO - [2025-04-04T15:01:43.174+0000] {dag.py:3239} INFO - Sync 1 DAGs
[2025-04-04T15:01:43.187+0000] {logging_mixin.py:190} INFO - [2025-04-04T15:01:43.187+0000] {dag.py:4180} INFO - Setting next_dagrun for example_complex to None, run_after=None
[2025-04-04T15:01:43.206+0000] {processor.py:208} INFO - Processing /home/airflow/.local/lib/python3.12/site-packages/airflow/example_dags/example_complex.py took 0.076 seconds
[2025-04-04T15:02:13.866+0000] {processor.py:186} INFO - Started process (PID=4146) to work on /home/airflow/.local/lib/python3.12/site-packages/airflow/example_dags/example_complex.py
[2025-04-04T15:02:13.869+0000] {processor.py:914} INFO - Processing file /home/airflow/.local/lib/python3.12/site-packages/airflow/example_dags/example_complex.py for tasks to queue
[2025-04-04T15:02:13.872+0000] {logging_mixin.py:190} INFO - [2025-04-04T15:02:13.872+0000] {dagbag.py:588} INFO - Filling up the DagBag from /home/airflow/.local/lib/python3.12/site-packages/airflow/example_dags/example_complex.py
[2025-04-04T15:02:13.888+0000] {processor.py:925} INFO - DAG(s) 'example_complex' retrieved from /home/airflow/.local/lib/python3.12/site-packages/airflow/example_dags/example_complex.py
[2025-04-04T15:02:13.919+0000] {logging_mixin.py:190} INFO - [2025-04-04T15:02:13.919+0000] {dag.py:3239} INFO - Sync 1 DAGs
[2025-04-04T15:02:13.934+0000] {logging_mixin.py:190} INFO - [2025-04-04T15:02:13.934+0000] {dag.py:4180} INFO - Setting next_dagrun for example_complex to None, run_after=None
[2025-04-04T15:02:13.986+0000] {processor.py:208} INFO - Processing /home/airflow/.local/lib/python3.12/site-packages/airflow/example_dags/example_complex.py took 0.126 seconds
[2025-04-04T15:02:44.037+0000] {processor.py:186} INFO - Started process (PID=4433) to work on /home/airflow/.local/lib/python3.12/site-packages/airflow/example_dags/example_complex.py
[2025-04-04T15:02:44.039+0000] {processor.py:914} INFO - Processing file /home/airflow/.local/lib/python3.12/site-packages/airflow/example_dags/example_complex.py for tasks to queue
[2025-04-04T15:02:44.041+0000] {logging_mixin.py:190} INFO - [2025-04-04T15:02:44.041+0000] {dagbag.py:588} INFO - Filling up the DagBag from /home/airflow/.local/lib/python3.12/site-packages/airflow/example_dags/example_complex.py
[2025-04-04T15:02:44.052+0000] {processor.py:925} INFO - DAG(s) 'example_complex' retrieved from /home/airflow/.local/lib/python3.12/site-packages/airflow/example_dags/example_complex.py
[2025-04-04T15:02:44.081+0000] {logging_mixin.py:190} INFO - [2025-04-04T15:02:44.080+0000] {dag.py:3239} INFO - Sync 1 DAGs
[2025-04-04T15:02:44.095+0000] {logging_mixin.py:190} INFO - [2025-04-04T15:02:44.094+0000] {dag.py:4180} INFO - Setting next_dagrun for example_complex to None, run_after=None
[2025-04-04T15:02:44.115+0000] {processor.py:208} INFO - Processing /home/airflow/.local/lib/python3.12/site-packages/airflow/example_dags/example_complex.py took 0.082 seconds
[2025-04-04T15:03:14.332+0000] {processor.py:186} INFO - Started process (PID=4721) to work on /home/airflow/.local/lib/python3.12/site-packages/airflow/example_dags/example_complex.py
[2025-04-04T15:03:14.333+0000] {processor.py:914} INFO - Processing file /home/airflow/.local/lib/python3.12/site-packages/airflow/example_dags/example_complex.py for tasks to queue
[2025-04-04T15:03:14.336+0000] {logging_mixin.py:190} INFO - [2025-04-04T15:03:14.335+0000] {dagbag.py:588} INFO - Filling up the DagBag from /home/airflow/.local/lib/python3.12/site-packages/airflow/example_dags/example_complex.py
[2025-04-04T15:03:14.346+0000] {processor.py:925} INFO - DAG(s) 'example_complex' retrieved from /home/airflow/.local/lib/python3.12/site-packages/airflow/example_dags/example_complex.py
[2025-04-04T15:03:14.372+0000] {logging_mixin.py:190} INFO - [2025-04-04T15:03:14.372+0000] {dag.py:3239} INFO - Sync 1 DAGs
[2025-04-04T15:03:14.384+0000] {logging_mixin.py:190} INFO - [2025-04-04T15:03:14.384+0000] {dag.py:4180} INFO - Setting next_dagrun for example_complex to None, run_after=None
[2025-04-04T15:03:14.403+0000] {processor.py:208} INFO - Processing /home/airflow/.local/lib/python3.12/site-packages/airflow/example_dags/example_complex.py took 0.076 seconds
[2025-04-04T15:03:44.533+0000] {processor.py:186} INFO - Started process (PID=5012) to work on /home/airflow/.local/lib/python3.12/site-packages/airflow/example_dags/example_complex.py
[2025-04-04T15:03:44.535+0000] {processor.py:914} INFO - Processing file /home/airflow/.local/lib/python3.12/site-packages/airflow/example_dags/example_complex.py for tasks to queue
[2025-04-04T15:03:44.538+0000] {logging_mixin.py:190} INFO - [2025-04-04T15:03:44.537+0000] {dagbag.py:588} INFO - Filling up the DagBag from /home/airflow/.local/lib/python3.12/site-packages/airflow/example_dags/example_complex.py
[2025-04-04T15:03:44.552+0000] {processor.py:925} INFO - DAG(s) 'example_complex' retrieved from /home/airflow/.local/lib/python3.12/site-packages/airflow/example_dags/example_complex.py
[2025-04-04T15:03:44.585+0000] {logging_mixin.py:190} INFO - [2025-04-04T15:03:44.585+0000] {dag.py:3239} INFO - Sync 1 DAGs
[2025-04-04T15:03:44.600+0000] {logging_mixin.py:190} INFO - [2025-04-04T15:03:44.600+0000] {dag.py:4180} INFO - Setting next_dagrun for example_complex to None, run_after=None
[2025-04-04T15:03:44.623+0000] {processor.py:208} INFO - Processing /home/airflow/.local/lib/python3.12/site-packages/airflow/example_dags/example_complex.py took 0.099 seconds
[2025-04-04T15:04:14.736+0000] {processor.py:186} INFO - Started process (PID=5303) to work on /home/airflow/.local/lib/python3.12/site-packages/airflow/example_dags/example_complex.py
[2025-04-04T15:04:14.738+0000] {processor.py:914} INFO - Processing file /home/airflow/.local/lib/python3.12/site-packages/airflow/example_dags/example_complex.py for tasks to queue
[2025-04-04T15:04:14.741+0000] {logging_mixin.py:190} INFO - [2025-04-04T15:04:14.741+0000] {dagbag.py:588} INFO - Filling up the DagBag from /home/airflow/.local/lib/python3.12/site-packages/airflow/example_dags/example_complex.py
[2025-04-04T15:04:14.757+0000] {processor.py:925} INFO - DAG(s) 'example_complex' retrieved from /home/airflow/.local/lib/python3.12/site-packages/airflow/example_dags/example_complex.py
[2025-04-04T15:04:14.795+0000] {logging_mixin.py:190} INFO - [2025-04-04T15:04:14.795+0000] {dag.py:3239} INFO - Sync 1 DAGs
[2025-04-04T15:04:14.812+0000] {logging_mixin.py:190} INFO - [2025-04-04T15:04:14.812+0000] {dag.py:4180} INFO - Setting next_dagrun for example_complex to None, run_after=None
[2025-04-04T15:04:14.833+0000] {processor.py:208} INFO - Processing /home/airflow/.local/lib/python3.12/site-packages/airflow/example_dags/example_complex.py took 0.110 seconds
