[2025-04-04T14:55:30.674+0000] {processor.py:186} INFO - Started process (PID=422) to work on /home/airflow/.local/lib/python3.12/site-packages/airflow/example_dags/example_bash_decorator.py
[2025-04-04T14:55:30.675+0000] {processor.py:914} INFO - Processing file /home/airflow/.local/lib/python3.12/site-packages/airflow/example_dags/example_bash_decorator.py for tasks to queue
[2025-04-04T14:55:30.678+0000] {logging_mixin.py:190} INFO - [2025-04-04T14:55:30.677+0000] {dagbag.py:588} INFO - Filling up the DagBag from /home/airflow/.local/lib/python3.12/site-packages/airflow/example_dags/example_bash_decorator.py
[2025-04-04T14:55:30.698+0000] {processor.py:925} INFO - DAG(s) 'example_bash_decorator' retrieved from /home/airflow/.local/lib/python3.12/site-packages/airflow/example_dags/example_bash_decorator.py
[2025-04-04T14:55:30.821+0000] {logging_mixin.py:190} INFO - [2025-04-04T14:55:30.820+0000] {override.py:1912} INFO - Created Permission View: can edit on DAG:example_bash_decorator
[2025-04-04T14:55:30.835+0000] {logging_mixin.py:190} INFO - [2025-04-04T14:55:30.834+0000] {override.py:1912} INFO - Created Permission View: can delete on DAG:example_bash_decorator
[2025-04-04T14:55:30.845+0000] {logging_mixin.py:190} INFO - [2025-04-04T14:55:30.845+0000] {override.py:1912} INFO - Created Permission View: can read on DAG:example_bash_decorator
[2025-04-04T14:55:30.858+0000] {logging_mixin.py:190} INFO - [2025-04-04T14:55:30.857+0000] {override.py:1912} INFO - Created Permission View: can create on DAG Run:example_bash_decorator
[2025-04-04T14:55:30.867+0000] {logging_mixin.py:190} INFO - [2025-04-04T14:55:30.866+0000] {override.py:1912} INFO - Created Permission View: menu access on DAG Run:example_bash_decorator
[2025-04-04T14:55:30.876+0000] {logging_mixin.py:190} INFO - [2025-04-04T14:55:30.875+0000] {override.py:1912} INFO - Created Permission View: can delete on DAG Run:example_bash_decorator
[2025-04-04T14:55:30.886+0000] {logging_mixin.py:190} INFO - [2025-04-04T14:55:30.886+0000] {override.py:1912} INFO - Created Permission View: can read on DAG Run:example_bash_decorator
[2025-04-04T14:55:30.887+0000] {logging_mixin.py:190} INFO - [2025-04-04T14:55:30.887+0000] {dag.py:3239} INFO - Sync 1 DAGs
[2025-04-04T14:55:30.900+0000] {logging_mixin.py:190} INFO - [2025-04-04T14:55:30.900+0000] {dag.py:3262} INFO - Creating ORM DAG for example_bash_decorator
[2025-04-04T14:55:30.902+0000] {logging_mixin.py:190} INFO - [2025-04-04T14:55:30.902+0000] {dag.py:4180} INFO - Setting next_dagrun for example_bash_decorator to None, run_after=None
[2025-04-04T14:55:30.923+0000] {processor.py:208} INFO - Processing /home/airflow/.local/lib/python3.12/site-packages/airflow/example_dags/example_bash_decorator.py took 0.254 seconds
[2025-04-04T14:56:01.307+0000] {processor.py:186} INFO - Started process (PID=708) to work on /home/airflow/.local/lib/python3.12/site-packages/airflow/example_dags/example_bash_decorator.py
[2025-04-04T14:56:01.308+0000] {processor.py:914} INFO - Processing file /home/airflow/.local/lib/python3.12/site-packages/airflow/example_dags/example_bash_decorator.py for tasks to queue
[2025-04-04T14:56:01.310+0000] {logging_mixin.py:190} INFO - [2025-04-04T14:56:01.310+0000] {dagbag.py:588} INFO - Filling up the DagBag from /home/airflow/.local/lib/python3.12/site-packages/airflow/example_dags/example_bash_decorator.py
[2025-04-04T14:56:01.324+0000] {processor.py:925} INFO - DAG(s) 'example_bash_decorator' retrieved from /home/airflow/.local/lib/python3.12/site-packages/airflow/example_dags/example_bash_decorator.py
[2025-04-04T14:56:01.346+0000] {logging_mixin.py:190} INFO - [2025-04-04T14:56:01.345+0000] {dag.py:3239} INFO - Sync 1 DAGs
[2025-04-04T14:56:01.358+0000] {logging_mixin.py:190} INFO - [2025-04-04T14:56:01.358+0000] {dag.py:4180} INFO - Setting next_dagrun for example_bash_decorator to None, run_after=None
[2025-04-04T14:56:01.379+0000] {processor.py:208} INFO - Processing /home/airflow/.local/lib/python3.12/site-packages/airflow/example_dags/example_bash_decorator.py took 0.076 seconds
[2025-04-04T14:56:31.781+0000] {processor.py:186} INFO - Started process (PID=997) to work on /home/airflow/.local/lib/python3.12/site-packages/airflow/example_dags/example_bash_decorator.py
[2025-04-04T14:56:31.783+0000] {processor.py:914} INFO - Processing file /home/airflow/.local/lib/python3.12/site-packages/airflow/example_dags/example_bash_decorator.py for tasks to queue
[2025-04-04T14:56:31.786+0000] {logging_mixin.py:190} INFO - [2025-04-04T14:56:31.786+0000] {dagbag.py:588} INFO - Filling up the DagBag from /home/airflow/.local/lib/python3.12/site-packages/airflow/example_dags/example_bash_decorator.py
[2025-04-04T14:56:31.803+0000] {processor.py:925} INFO - DAG(s) 'example_bash_decorator' retrieved from /home/airflow/.local/lib/python3.12/site-packages/airflow/example_dags/example_bash_decorator.py
[2025-04-04T14:56:31.833+0000] {logging_mixin.py:190} INFO - [2025-04-04T14:56:31.832+0000] {dag.py:3239} INFO - Sync 1 DAGs
[2025-04-04T14:56:31.853+0000] {logging_mixin.py:190} INFO - [2025-04-04T14:56:31.852+0000] {dag.py:4180} INFO - Setting next_dagrun for example_bash_decorator to None, run_after=None
[2025-04-04T14:56:31.875+0000] {processor.py:208} INFO - Processing /home/airflow/.local/lib/python3.12/site-packages/airflow/example_dags/example_bash_decorator.py took 0.099 seconds
[2025-04-04T14:57:02.265+0000] {processor.py:186} INFO - Started process (PID=1288) to work on /home/airflow/.local/lib/python3.12/site-packages/airflow/example_dags/example_bash_decorator.py
[2025-04-04T14:57:02.266+0000] {processor.py:914} INFO - Processing file /home/airflow/.local/lib/python3.12/site-packages/airflow/example_dags/example_bash_decorator.py for tasks to queue
[2025-04-04T14:57:02.268+0000] {logging_mixin.py:190} INFO - [2025-04-04T14:57:02.268+0000] {dagbag.py:588} INFO - Filling up the DagBag from /home/airflow/.local/lib/python3.12/site-packages/airflow/example_dags/example_bash_decorator.py
[2025-04-04T14:57:02.281+0000] {processor.py:925} INFO - DAG(s) 'example_bash_decorator' retrieved from /home/airflow/.local/lib/python3.12/site-packages/airflow/example_dags/example_bash_decorator.py
[2025-04-04T14:57:02.301+0000] {logging_mixin.py:190} INFO - [2025-04-04T14:57:02.301+0000] {dag.py:3239} INFO - Sync 1 DAGs
[2025-04-04T14:57:02.313+0000] {logging_mixin.py:190} INFO - [2025-04-04T14:57:02.313+0000] {dag.py:4180} INFO - Setting next_dagrun for example_bash_decorator to None, run_after=None
[2025-04-04T14:57:02.331+0000] {processor.py:208} INFO - Processing /home/airflow/.local/lib/python3.12/site-packages/airflow/example_dags/example_bash_decorator.py took 0.072 seconds
[2025-04-04T14:57:33.266+0000] {processor.py:186} INFO - Started process (PID=1579) to work on /home/airflow/.local/lib/python3.12/site-packages/airflow/example_dags/example_bash_decorator.py
[2025-04-04T14:57:33.267+0000] {processor.py:914} INFO - Processing file /home/airflow/.local/lib/python3.12/site-packages/airflow/example_dags/example_bash_decorator.py for tasks to queue
[2025-04-04T14:57:33.269+0000] {logging_mixin.py:190} INFO - [2025-04-04T14:57:33.269+0000] {dagbag.py:588} INFO - Filling up the DagBag from /home/airflow/.local/lib/python3.12/site-packages/airflow/example_dags/example_bash_decorator.py
[2025-04-04T14:57:33.282+0000] {processor.py:925} INFO - DAG(s) 'example_bash_decorator' retrieved from /home/airflow/.local/lib/python3.12/site-packages/airflow/example_dags/example_bash_decorator.py
[2025-04-04T14:57:33.306+0000] {logging_mixin.py:190} INFO - [2025-04-04T14:57:33.306+0000] {dag.py:3239} INFO - Sync 1 DAGs
[2025-04-04T14:57:33.320+0000] {logging_mixin.py:190} INFO - [2025-04-04T14:57:33.319+0000] {dag.py:4180} INFO - Setting next_dagrun for example_bash_decorator to None, run_after=None
[2025-04-04T14:57:33.337+0000] {processor.py:208} INFO - Processing /home/airflow/.local/lib/python3.12/site-packages/airflow/example_dags/example_bash_decorator.py took 0.077 seconds
[2025-04-04T14:58:04.019+0000] {processor.py:186} INFO - Started process (PID=1868) to work on /home/airflow/.local/lib/python3.12/site-packages/airflow/example_dags/example_bash_decorator.py
[2025-04-04T14:58:04.021+0000] {processor.py:914} INFO - Processing file /home/airflow/.local/lib/python3.12/site-packages/airflow/example_dags/example_bash_decorator.py for tasks to queue
[2025-04-04T14:58:04.029+0000] {logging_mixin.py:190} INFO - [2025-04-04T14:58:04.027+0000] {dagbag.py:588} INFO - Filling up the DagBag from /home/airflow/.local/lib/python3.12/site-packages/airflow/example_dags/example_bash_decorator.py
[2025-04-04T14:58:04.061+0000] {processor.py:925} INFO - DAG(s) 'example_bash_decorator' retrieved from /home/airflow/.local/lib/python3.12/site-packages/airflow/example_dags/example_bash_decorator.py
[2025-04-04T14:58:04.083+0000] {logging_mixin.py:190} INFO - [2025-04-04T14:58:04.083+0000] {dag.py:3239} INFO - Sync 1 DAGs
[2025-04-04T14:58:04.099+0000] {logging_mixin.py:190} INFO - [2025-04-04T14:58:04.099+0000] {dag.py:4180} INFO - Setting next_dagrun for example_bash_decorator to None, run_after=None
[2025-04-04T14:58:04.120+0000] {processor.py:208} INFO - Processing /home/airflow/.local/lib/python3.12/site-packages/airflow/example_dags/example_bash_decorator.py took 0.106 seconds
[2025-04-04T14:58:35.917+0000] {processor.py:186} INFO - Started process (PID=2159) to work on /home/airflow/.local/lib/python3.12/site-packages/airflow/example_dags/example_bash_decorator.py
[2025-04-04T14:58:35.919+0000] {processor.py:914} INFO - Processing file /home/airflow/.local/lib/python3.12/site-packages/airflow/example_dags/example_bash_decorator.py for tasks to queue
[2025-04-04T14:58:35.921+0000] {logging_mixin.py:190} INFO - [2025-04-04T14:58:35.921+0000] {dagbag.py:588} INFO - Filling up the DagBag from /home/airflow/.local/lib/python3.12/site-packages/airflow/example_dags/example_bash_decorator.py
[2025-04-04T14:58:35.934+0000] {processor.py:925} INFO - DAG(s) 'example_bash_decorator' retrieved from /home/airflow/.local/lib/python3.12/site-packages/airflow/example_dags/example_bash_decorator.py
[2025-04-04T14:58:35.956+0000] {logging_mixin.py:190} INFO - [2025-04-04T14:58:35.956+0000] {dag.py:3239} INFO - Sync 1 DAGs
[2025-04-04T14:58:35.969+0000] {logging_mixin.py:190} INFO - [2025-04-04T14:58:35.969+0000] {dag.py:4180} INFO - Setting next_dagrun for example_bash_decorator to None, run_after=None
[2025-04-04T14:58:35.988+0000] {processor.py:208} INFO - Processing /home/airflow/.local/lib/python3.12/site-packages/airflow/example_dags/example_bash_decorator.py took 0.076 seconds
[2025-04-04T14:59:07.397+0000] {processor.py:186} INFO - Started process (PID=2445) to work on /home/airflow/.local/lib/python3.12/site-packages/airflow/example_dags/example_bash_decorator.py
[2025-04-04T14:59:07.398+0000] {processor.py:914} INFO - Processing file /home/airflow/.local/lib/python3.12/site-packages/airflow/example_dags/example_bash_decorator.py for tasks to queue
[2025-04-04T14:59:07.401+0000] {logging_mixin.py:190} INFO - [2025-04-04T14:59:07.400+0000] {dagbag.py:588} INFO - Filling up the DagBag from /home/airflow/.local/lib/python3.12/site-packages/airflow/example_dags/example_bash_decorator.py
[2025-04-04T14:59:07.417+0000] {processor.py:925} INFO - DAG(s) 'example_bash_decorator' retrieved from /home/airflow/.local/lib/python3.12/site-packages/airflow/example_dags/example_bash_decorator.py
[2025-04-04T14:59:07.443+0000] {logging_mixin.py:190} INFO - [2025-04-04T14:59:07.443+0000] {dag.py:3239} INFO - Sync 1 DAGs
[2025-04-04T14:59:07.459+0000] {logging_mixin.py:190} INFO - [2025-04-04T14:59:07.458+0000] {dag.py:4180} INFO - Setting next_dagrun for example_bash_decorator to None, run_after=None
[2025-04-04T14:59:07.492+0000] {processor.py:208} INFO - Processing /home/airflow/.local/lib/python3.12/site-packages/airflow/example_dags/example_bash_decorator.py took 0.102 seconds
[2025-04-04T14:59:37.958+0000] {processor.py:186} INFO - Started process (PID=2738) to work on /home/airflow/.local/lib/python3.12/site-packages/airflow/example_dags/example_bash_decorator.py
[2025-04-04T14:59:37.960+0000] {processor.py:914} INFO - Processing file /home/airflow/.local/lib/python3.12/site-packages/airflow/example_dags/example_bash_decorator.py for tasks to queue
[2025-04-04T14:59:37.962+0000] {logging_mixin.py:190} INFO - [2025-04-04T14:59:37.962+0000] {dagbag.py:588} INFO - Filling up the DagBag from /home/airflow/.local/lib/python3.12/site-packages/airflow/example_dags/example_bash_decorator.py
[2025-04-04T14:59:37.978+0000] {processor.py:925} INFO - DAG(s) 'example_bash_decorator' retrieved from /home/airflow/.local/lib/python3.12/site-packages/airflow/example_dags/example_bash_decorator.py
[2025-04-04T14:59:37.998+0000] {logging_mixin.py:190} INFO - [2025-04-04T14:59:37.998+0000] {dag.py:3239} INFO - Sync 1 DAGs
[2025-04-04T14:59:38.010+0000] {logging_mixin.py:190} INFO - [2025-04-04T14:59:38.010+0000] {dag.py:4180} INFO - Setting next_dagrun for example_bash_decorator to None, run_after=None
[2025-04-04T14:59:38.029+0000] {processor.py:208} INFO - Processing /home/airflow/.local/lib/python3.12/site-packages/airflow/example_dags/example_bash_decorator.py took 0.075 seconds
[2025-04-04T15:00:09.447+0000] {processor.py:186} INFO - Started process (PID=3027) to work on /home/airflow/.local/lib/python3.12/site-packages/airflow/example_dags/example_bash_decorator.py
[2025-04-04T15:00:09.449+0000] {processor.py:914} INFO - Processing file /home/airflow/.local/lib/python3.12/site-packages/airflow/example_dags/example_bash_decorator.py for tasks to queue
[2025-04-04T15:00:09.451+0000] {logging_mixin.py:190} INFO - [2025-04-04T15:00:09.451+0000] {dagbag.py:588} INFO - Filling up the DagBag from /home/airflow/.local/lib/python3.12/site-packages/airflow/example_dags/example_bash_decorator.py
[2025-04-04T15:00:09.465+0000] {processor.py:925} INFO - DAG(s) 'example_bash_decorator' retrieved from /home/airflow/.local/lib/python3.12/site-packages/airflow/example_dags/example_bash_decorator.py
[2025-04-04T15:00:09.489+0000] {logging_mixin.py:190} INFO - [2025-04-04T15:00:09.489+0000] {dag.py:3239} INFO - Sync 1 DAGs
[2025-04-04T15:00:09.502+0000] {logging_mixin.py:190} INFO - [2025-04-04T15:00:09.502+0000] {dag.py:4180} INFO - Setting next_dagrun for example_bash_decorator to None, run_after=None
[2025-04-04T15:00:09.520+0000] {processor.py:208} INFO - Processing /home/airflow/.local/lib/python3.12/site-packages/airflow/example_dags/example_bash_decorator.py took 0.078 seconds
[2025-04-04T15:00:41.149+0000] {processor.py:186} INFO - Started process (PID=3320) to work on /home/airflow/.local/lib/python3.12/site-packages/airflow/example_dags/example_bash_decorator.py
[2025-04-04T15:00:41.150+0000] {processor.py:914} INFO - Processing file /home/airflow/.local/lib/python3.12/site-packages/airflow/example_dags/example_bash_decorator.py for tasks to queue
[2025-04-04T15:00:41.152+0000] {logging_mixin.py:190} INFO - [2025-04-04T15:00:41.152+0000] {dagbag.py:588} INFO - Filling up the DagBag from /home/airflow/.local/lib/python3.12/site-packages/airflow/example_dags/example_bash_decorator.py
[2025-04-04T15:00:41.164+0000] {processor.py:925} INFO - DAG(s) 'example_bash_decorator' retrieved from /home/airflow/.local/lib/python3.12/site-packages/airflow/example_dags/example_bash_decorator.py
[2025-04-04T15:00:41.186+0000] {logging_mixin.py:190} INFO - [2025-04-04T15:00:41.186+0000] {dag.py:3239} INFO - Sync 1 DAGs
[2025-04-04T15:00:41.206+0000] {logging_mixin.py:190} INFO - [2025-04-04T15:00:41.206+0000] {dag.py:4180} INFO - Setting next_dagrun for example_bash_decorator to None, run_after=None
[2025-04-04T15:00:41.224+0000] {processor.py:208} INFO - Processing /home/airflow/.local/lib/python3.12/site-packages/airflow/example_dags/example_bash_decorator.py took 0.080 seconds
[2025-04-04T15:01:12.393+0000] {processor.py:186} INFO - Started process (PID=3609) to work on /home/airflow/.local/lib/python3.12/site-packages/airflow/example_dags/example_bash_decorator.py
[2025-04-04T15:01:12.394+0000] {processor.py:914} INFO - Processing file /home/airflow/.local/lib/python3.12/site-packages/airflow/example_dags/example_bash_decorator.py for tasks to queue
[2025-04-04T15:01:12.397+0000] {logging_mixin.py:190} INFO - [2025-04-04T15:01:12.397+0000] {dagbag.py:588} INFO - Filling up the DagBag from /home/airflow/.local/lib/python3.12/site-packages/airflow/example_dags/example_bash_decorator.py
[2025-04-04T15:01:12.419+0000] {processor.py:925} INFO - DAG(s) 'example_bash_decorator' retrieved from /home/airflow/.local/lib/python3.12/site-packages/airflow/example_dags/example_bash_decorator.py
[2025-04-04T15:01:12.449+0000] {logging_mixin.py:190} INFO - [2025-04-04T15:01:12.448+0000] {dag.py:3239} INFO - Sync 1 DAGs
[2025-04-04T15:01:12.476+0000] {logging_mixin.py:190} INFO - [2025-04-04T15:01:12.475+0000] {dag.py:4180} INFO - Setting next_dagrun for example_bash_decorator to None, run_after=None
[2025-04-04T15:01:12.504+0000] {processor.py:208} INFO - Processing /home/airflow/.local/lib/python3.12/site-packages/airflow/example_dags/example_bash_decorator.py took 0.117 seconds
[2025-04-04T15:01:43.850+0000] {processor.py:186} INFO - Started process (PID=3905) to work on /home/airflow/.local/lib/python3.12/site-packages/airflow/example_dags/example_bash_decorator.py
[2025-04-04T15:01:43.851+0000] {processor.py:914} INFO - Processing file /home/airflow/.local/lib/python3.12/site-packages/airflow/example_dags/example_bash_decorator.py for tasks to queue
[2025-04-04T15:01:43.853+0000] {logging_mixin.py:190} INFO - [2025-04-04T15:01:43.853+0000] {dagbag.py:588} INFO - Filling up the DagBag from /home/airflow/.local/lib/python3.12/site-packages/airflow/example_dags/example_bash_decorator.py
[2025-04-04T15:01:43.866+0000] {processor.py:925} INFO - DAG(s) 'example_bash_decorator' retrieved from /home/airflow/.local/lib/python3.12/site-packages/airflow/example_dags/example_bash_decorator.py
[2025-04-04T15:01:43.890+0000] {logging_mixin.py:190} INFO - [2025-04-04T15:01:43.890+0000] {dag.py:3239} INFO - Sync 1 DAGs
[2025-04-04T15:01:43.902+0000] {logging_mixin.py:190} INFO - [2025-04-04T15:01:43.902+0000] {dag.py:4180} INFO - Setting next_dagrun for example_bash_decorator to None, run_after=None
[2025-04-04T15:01:43.918+0000] {processor.py:208} INFO - Processing /home/airflow/.local/lib/python3.12/site-packages/airflow/example_dags/example_bash_decorator.py took 0.073 seconds
[2025-04-04T15:02:14.986+0000] {processor.py:186} INFO - Started process (PID=4196) to work on /home/airflow/.local/lib/python3.12/site-packages/airflow/example_dags/example_bash_decorator.py
[2025-04-04T15:02:14.989+0000] {processor.py:914} INFO - Processing file /home/airflow/.local/lib/python3.12/site-packages/airflow/example_dags/example_bash_decorator.py for tasks to queue
[2025-04-04T15:02:14.991+0000] {logging_mixin.py:190} INFO - [2025-04-04T15:02:14.990+0000] {dagbag.py:588} INFO - Filling up the DagBag from /home/airflow/.local/lib/python3.12/site-packages/airflow/example_dags/example_bash_decorator.py
[2025-04-04T15:02:15.006+0000] {processor.py:925} INFO - DAG(s) 'example_bash_decorator' retrieved from /home/airflow/.local/lib/python3.12/site-packages/airflow/example_dags/example_bash_decorator.py
[2025-04-04T15:02:15.029+0000] {logging_mixin.py:190} INFO - [2025-04-04T15:02:15.028+0000] {dag.py:3239} INFO - Sync 1 DAGs
[2025-04-04T15:02:15.050+0000] {logging_mixin.py:190} INFO - [2025-04-04T15:02:15.050+0000] {dag.py:4180} INFO - Setting next_dagrun for example_bash_decorator to None, run_after=None
[2025-04-04T15:02:15.100+0000] {processor.py:208} INFO - Processing /home/airflow/.local/lib/python3.12/site-packages/airflow/example_dags/example_bash_decorator.py took 0.120 seconds
[2025-04-04T15:02:45.456+0000] {processor.py:186} INFO - Started process (PID=4483) to work on /home/airflow/.local/lib/python3.12/site-packages/airflow/example_dags/example_bash_decorator.py
[2025-04-04T15:02:45.457+0000] {processor.py:914} INFO - Processing file /home/airflow/.local/lib/python3.12/site-packages/airflow/example_dags/example_bash_decorator.py for tasks to queue
[2025-04-04T15:02:45.459+0000] {logging_mixin.py:190} INFO - [2025-04-04T15:02:45.458+0000] {dagbag.py:588} INFO - Filling up the DagBag from /home/airflow/.local/lib/python3.12/site-packages/airflow/example_dags/example_bash_decorator.py
[2025-04-04T15:02:45.470+0000] {processor.py:925} INFO - DAG(s) 'example_bash_decorator' retrieved from /home/airflow/.local/lib/python3.12/site-packages/airflow/example_dags/example_bash_decorator.py
[2025-04-04T15:02:45.488+0000] {logging_mixin.py:190} INFO - [2025-04-04T15:02:45.487+0000] {dag.py:3239} INFO - Sync 1 DAGs
[2025-04-04T15:02:45.500+0000] {logging_mixin.py:190} INFO - [2025-04-04T15:02:45.500+0000] {dag.py:4180} INFO - Setting next_dagrun for example_bash_decorator to None, run_after=None
[2025-04-04T15:02:45.515+0000] {processor.py:208} INFO - Processing /home/airflow/.local/lib/python3.12/site-packages/airflow/example_dags/example_bash_decorator.py took 0.064 seconds
[2025-04-04T15:03:16.831+0000] {processor.py:186} INFO - Started process (PID=4785) to work on /home/airflow/.local/lib/python3.12/site-packages/airflow/example_dags/example_bash_decorator.py
[2025-04-04T15:03:16.833+0000] {processor.py:914} INFO - Processing file /home/airflow/.local/lib/python3.12/site-packages/airflow/example_dags/example_bash_decorator.py for tasks to queue
[2025-04-04T15:03:16.835+0000] {logging_mixin.py:190} INFO - [2025-04-04T15:03:16.835+0000] {dagbag.py:588} INFO - Filling up the DagBag from /home/airflow/.local/lib/python3.12/site-packages/airflow/example_dags/example_bash_decorator.py
[2025-04-04T15:03:16.848+0000] {processor.py:925} INFO - DAG(s) 'example_bash_decorator' retrieved from /home/airflow/.local/lib/python3.12/site-packages/airflow/example_dags/example_bash_decorator.py
[2025-04-04T15:03:16.871+0000] {logging_mixin.py:190} INFO - [2025-04-04T15:03:16.871+0000] {dag.py:3239} INFO - Sync 1 DAGs
[2025-04-04T15:03:16.885+0000] {logging_mixin.py:190} INFO - [2025-04-04T15:03:16.885+0000] {dag.py:4180} INFO - Setting next_dagrun for example_bash_decorator to None, run_after=None
[2025-04-04T15:03:16.903+0000] {processor.py:208} INFO - Processing /home/airflow/.local/lib/python3.12/site-packages/airflow/example_dags/example_bash_decorator.py took 0.077 seconds
[2025-04-04T15:03:48.030+0000] {processor.py:186} INFO - Started process (PID=5076) to work on /home/airflow/.local/lib/python3.12/site-packages/airflow/example_dags/example_bash_decorator.py
[2025-04-04T15:03:48.032+0000] {processor.py:914} INFO - Processing file /home/airflow/.local/lib/python3.12/site-packages/airflow/example_dags/example_bash_decorator.py for tasks to queue
[2025-04-04T15:03:48.033+0000] {logging_mixin.py:190} INFO - [2025-04-04T15:03:48.033+0000] {dagbag.py:588} INFO - Filling up the DagBag from /home/airflow/.local/lib/python3.12/site-packages/airflow/example_dags/example_bash_decorator.py
[2025-04-04T15:03:48.046+0000] {processor.py:925} INFO - DAG(s) 'example_bash_decorator' retrieved from /home/airflow/.local/lib/python3.12/site-packages/airflow/example_dags/example_bash_decorator.py
[2025-04-04T15:03:48.067+0000] {logging_mixin.py:190} INFO - [2025-04-04T15:03:48.067+0000] {dag.py:3239} INFO - Sync 1 DAGs
[2025-04-04T15:03:48.082+0000] {logging_mixin.py:190} INFO - [2025-04-04T15:03:48.082+0000] {dag.py:4180} INFO - Setting next_dagrun for example_bash_decorator to None, run_after=None
[2025-04-04T15:03:48.104+0000] {processor.py:208} INFO - Processing /home/airflow/.local/lib/python3.12/site-packages/airflow/example_dags/example_bash_decorator.py took 0.079 seconds
[2025-04-04T15:04:19.109+0000] {processor.py:186} INFO - Started process (PID=5367) to work on /home/airflow/.local/lib/python3.12/site-packages/airflow/example_dags/example_bash_decorator.py
[2025-04-04T15:04:19.111+0000] {processor.py:914} INFO - Processing file /home/airflow/.local/lib/python3.12/site-packages/airflow/example_dags/example_bash_decorator.py for tasks to queue
[2025-04-04T15:04:19.114+0000] {logging_mixin.py:190} INFO - [2025-04-04T15:04:19.113+0000] {dagbag.py:588} INFO - Filling up the DagBag from /home/airflow/.local/lib/python3.12/site-packages/airflow/example_dags/example_bash_decorator.py
[2025-04-04T15:04:19.126+0000] {processor.py:925} INFO - DAG(s) 'example_bash_decorator' retrieved from /home/airflow/.local/lib/python3.12/site-packages/airflow/example_dags/example_bash_decorator.py
[2025-04-04T15:04:19.148+0000] {logging_mixin.py:190} INFO - [2025-04-04T15:04:19.147+0000] {dag.py:3239} INFO - Sync 1 DAGs
[2025-04-04T15:04:19.162+0000] {logging_mixin.py:190} INFO - [2025-04-04T15:04:19.161+0000] {dag.py:4180} INFO - Setting next_dagrun for example_bash_decorator to None, run_after=None
[2025-04-04T15:04:19.179+0000] {processor.py:208} INFO - Processing /home/airflow/.local/lib/python3.12/site-packages/airflow/example_dags/example_bash_decorator.py took 0.075 seconds
