[2025-04-04T14:55:26.225+0000] {processor.py:186} INFO - Started process (PID=347) to work on /home/airflow/.local/lib/python3.12/site-packages/airflow/example_dags/example_dataset_alias_with_no_taskflow.py
[2025-04-04T14:55:26.226+0000] {processor.py:914} INFO - Processing file /home/airflow/.local/lib/python3.12/site-packages/airflow/example_dags/example_dataset_alias_with_no_taskflow.py for tasks to queue
[2025-04-04T14:55:26.229+0000] {logging_mixin.py:190} INFO - [2025-04-04T14:55:26.229+0000] {dagbag.py:588} INFO - Filling up the DagBag from /home/airflow/.local/lib/python3.12/site-packages/airflow/example_dags/example_dataset_alias_with_no_taskflow.py
[2025-04-04T14:55:26.720+0000] {processor.py:925} INFO - DAG(s) 'dataset_alias_example_alias_consumer_with_no_taskflow', 'dataset_s3_bucket_consumer_with_no_taskflow', 'dataset_s3_bucket_producer_with_no_taskflow', 'dataset_alias_example_alias_producer_with_no_taskflow' retrieved from /home/airflow/.local/lib/python3.12/site-packages/airflow/example_dags/example_dataset_alias_with_no_taskflow.py
[2025-04-04T14:55:27.062+0000] {logging_mixin.py:190} INFO - [2025-04-04T14:55:27.061+0000] {override.py:1912} INFO - Created Permission View: can edit on DAG:dataset_alias_example_alias_consumer_with_no_taskflow
[2025-04-04T14:55:27.096+0000] {logging_mixin.py:190} INFO - [2025-04-04T14:55:27.095+0000] {override.py:1912} INFO - Created Permission View: can delete on DAG:dataset_alias_example_alias_consumer_with_no_taskflow
[2025-04-04T14:55:27.129+0000] {logging_mixin.py:190} INFO - [2025-04-04T14:55:27.128+0000] {override.py:1912} INFO - Created Permission View: can read on DAG:dataset_alias_example_alias_consumer_with_no_taskflow
[2025-04-04T14:55:27.186+0000] {logging_mixin.py:190} INFO - [2025-04-04T14:55:27.186+0000] {override.py:1912} INFO - Created Permission View: can create on DAG Run:dataset_alias_example_alias_consumer_with_no_taskflow
[2025-04-04T14:55:27.216+0000] {logging_mixin.py:190} INFO - [2025-04-04T14:55:27.215+0000] {override.py:1912} INFO - Created Permission View: menu access on DAG Run:dataset_alias_example_alias_consumer_with_no_taskflow
[2025-04-04T14:55:27.249+0000] {logging_mixin.py:190} INFO - [2025-04-04T14:55:27.249+0000] {override.py:1912} INFO - Created Permission View: can delete on DAG Run:dataset_alias_example_alias_consumer_with_no_taskflow
[2025-04-04T14:55:27.306+0000] {logging_mixin.py:190} INFO - [2025-04-04T14:55:27.305+0000] {override.py:1912} INFO - Created Permission View: can read on DAG Run:dataset_alias_example_alias_consumer_with_no_taskflow
[2025-04-04T14:55:27.402+0000] {logging_mixin.py:190} INFO - [2025-04-04T14:55:27.401+0000] {override.py:1912} INFO - Created Permission View: can edit on DAG:dataset_s3_bucket_consumer_with_no_taskflow
[2025-04-04T14:55:27.451+0000] {logging_mixin.py:190} INFO - [2025-04-04T14:55:27.451+0000] {override.py:1912} INFO - Created Permission View: can delete on DAG:dataset_s3_bucket_consumer_with_no_taskflow
[2025-04-04T14:55:27.506+0000] {logging_mixin.py:190} INFO - [2025-04-04T14:55:27.506+0000] {override.py:1912} INFO - Created Permission View: can read on DAG:dataset_s3_bucket_consumer_with_no_taskflow
[2025-04-04T14:55:27.543+0000] {logging_mixin.py:190} INFO - [2025-04-04T14:55:27.543+0000] {override.py:1912} INFO - Created Permission View: can create on DAG Run:dataset_s3_bucket_consumer_with_no_taskflow
[2025-04-04T14:55:27.554+0000] {logging_mixin.py:190} INFO - [2025-04-04T14:55:27.553+0000] {override.py:1912} INFO - Created Permission View: menu access on DAG Run:dataset_s3_bucket_consumer_with_no_taskflow
[2025-04-04T14:55:27.564+0000] {logging_mixin.py:190} INFO - [2025-04-04T14:55:27.564+0000] {override.py:1912} INFO - Created Permission View: can delete on DAG Run:dataset_s3_bucket_consumer_with_no_taskflow
[2025-04-04T14:55:27.575+0000] {logging_mixin.py:190} INFO - [2025-04-04T14:55:27.574+0000] {override.py:1912} INFO - Created Permission View: can read on DAG Run:dataset_s3_bucket_consumer_with_no_taskflow
[2025-04-04T14:55:27.595+0000] {logging_mixin.py:190} INFO - [2025-04-04T14:55:27.595+0000] {override.py:1912} INFO - Created Permission View: can edit on DAG:dataset_s3_bucket_producer_with_no_taskflow
[2025-04-04T14:55:27.607+0000] {logging_mixin.py:190} INFO - [2025-04-04T14:55:27.606+0000] {override.py:1912} INFO - Created Permission View: can delete on DAG:dataset_s3_bucket_producer_with_no_taskflow
[2025-04-04T14:55:27.616+0000] {logging_mixin.py:190} INFO - [2025-04-04T14:55:27.616+0000] {override.py:1912} INFO - Created Permission View: can read on DAG:dataset_s3_bucket_producer_with_no_taskflow
[2025-04-04T14:55:27.630+0000] {logging_mixin.py:190} INFO - [2025-04-04T14:55:27.629+0000] {override.py:1912} INFO - Created Permission View: can create on DAG Run:dataset_s3_bucket_producer_with_no_taskflow
[2025-04-04T14:55:27.641+0000] {logging_mixin.py:190} INFO - [2025-04-04T14:55:27.641+0000] {override.py:1912} INFO - Created Permission View: menu access on DAG Run:dataset_s3_bucket_producer_with_no_taskflow
[2025-04-04T14:55:27.653+0000] {logging_mixin.py:190} INFO - [2025-04-04T14:55:27.653+0000] {override.py:1912} INFO - Created Permission View: can delete on DAG Run:dataset_s3_bucket_producer_with_no_taskflow
[2025-04-04T14:55:27.664+0000] {logging_mixin.py:190} INFO - [2025-04-04T14:55:27.663+0000] {override.py:1912} INFO - Created Permission View: can read on DAG Run:dataset_s3_bucket_producer_with_no_taskflow
[2025-04-04T14:55:27.694+0000] {logging_mixin.py:190} INFO - [2025-04-04T14:55:27.693+0000] {override.py:1912} INFO - Created Permission View: can edit on DAG:dataset_alias_example_alias_producer_with_no_taskflow
[2025-04-04T14:55:27.708+0000] {logging_mixin.py:190} INFO - [2025-04-04T14:55:27.707+0000] {override.py:1912} INFO - Created Permission View: can delete on DAG:dataset_alias_example_alias_producer_with_no_taskflow
[2025-04-04T14:55:27.720+0000] {logging_mixin.py:190} INFO - [2025-04-04T14:55:27.719+0000] {override.py:1912} INFO - Created Permission View: can read on DAG:dataset_alias_example_alias_producer_with_no_taskflow
[2025-04-04T14:55:27.736+0000] {logging_mixin.py:190} INFO - [2025-04-04T14:55:27.735+0000] {override.py:1912} INFO - Created Permission View: can create on DAG Run:dataset_alias_example_alias_producer_with_no_taskflow
[2025-04-04T14:55:27.752+0000] {logging_mixin.py:190} INFO - [2025-04-04T14:55:27.751+0000] {override.py:1912} INFO - Created Permission View: menu access on DAG Run:dataset_alias_example_alias_producer_with_no_taskflow
[2025-04-04T14:55:27.768+0000] {logging_mixin.py:190} INFO - [2025-04-04T14:55:27.767+0000] {override.py:1912} INFO - Created Permission View: can delete on DAG Run:dataset_alias_example_alias_producer_with_no_taskflow
[2025-04-04T14:55:27.783+0000] {logging_mixin.py:190} INFO - [2025-04-04T14:55:27.783+0000] {override.py:1912} INFO - Created Permission View: can read on DAG Run:dataset_alias_example_alias_producer_with_no_taskflow
[2025-04-04T14:55:27.785+0000] {logging_mixin.py:190} INFO - [2025-04-04T14:55:27.784+0000] {dag.py:3239} INFO - Sync 4 DAGs
[2025-04-04T14:55:27.813+0000] {logging_mixin.py:190} INFO - [2025-04-04T14:55:27.812+0000] {dag.py:3262} INFO - Creating ORM DAG for dataset_s3_bucket_consumer_with_no_taskflow
[2025-04-04T14:55:27.815+0000] {logging_mixin.py:190} INFO - [2025-04-04T14:55:27.815+0000] {dag.py:3262} INFO - Creating ORM DAG for dataset_alias_example_alias_consumer_with_no_taskflow
[2025-04-04T14:55:27.817+0000] {logging_mixin.py:190} INFO - [2025-04-04T14:55:27.817+0000] {dag.py:3262} INFO - Creating ORM DAG for dataset_s3_bucket_producer_with_no_taskflow
[2025-04-04T14:55:27.819+0000] {logging_mixin.py:190} INFO - [2025-04-04T14:55:27.819+0000] {dag.py:3262} INFO - Creating ORM DAG for dataset_alias_example_alias_producer_with_no_taskflow
[2025-04-04T14:55:27.843+0000] {logging_mixin.py:190} INFO - [2025-04-04T14:55:27.843+0000] {dag.py:4180} INFO - Setting next_dagrun for dataset_alias_example_alias_consumer_with_no_taskflow to None, run_after=None
[2025-04-04T14:55:27.846+0000] {logging_mixin.py:190} INFO - [2025-04-04T14:55:27.846+0000] {dag.py:4180} INFO - Setting next_dagrun for dataset_alias_example_alias_producer_with_no_taskflow to None, run_after=None
[2025-04-04T14:55:27.849+0000] {logging_mixin.py:190} INFO - [2025-04-04T14:55:27.848+0000] {dag.py:4180} INFO - Setting next_dagrun for dataset_s3_bucket_consumer_with_no_taskflow to None, run_after=None
[2025-04-04T14:55:27.851+0000] {logging_mixin.py:190} INFO - [2025-04-04T14:55:27.850+0000] {dag.py:4180} INFO - Setting next_dagrun for dataset_s3_bucket_producer_with_no_taskflow to None, run_after=None
[2025-04-04T14:55:27.910+0000] {processor.py:208} INFO - Processing /home/airflow/.local/lib/python3.12/site-packages/airflow/example_dags/example_dataset_alias_with_no_taskflow.py took 1.690 seconds
[2025-04-04T14:55:58.313+0000] {processor.py:186} INFO - Started process (PID=650) to work on /home/airflow/.local/lib/python3.12/site-packages/airflow/example_dags/example_dataset_alias_with_no_taskflow.py
[2025-04-04T14:55:58.314+0000] {processor.py:914} INFO - Processing file /home/airflow/.local/lib/python3.12/site-packages/airflow/example_dags/example_dataset_alias_with_no_taskflow.py for tasks to queue
[2025-04-04T14:55:58.316+0000] {logging_mixin.py:190} INFO - [2025-04-04T14:55:58.316+0000] {dagbag.py:588} INFO - Filling up the DagBag from /home/airflow/.local/lib/python3.12/site-packages/airflow/example_dags/example_dataset_alias_with_no_taskflow.py
[2025-04-04T14:55:58.733+0000] {processor.py:925} INFO - DAG(s) 'dataset_s3_bucket_consumer_with_no_taskflow', 'dataset_alias_example_alias_producer_with_no_taskflow', 'dataset_alias_example_alias_consumer_with_no_taskflow', 'dataset_s3_bucket_producer_with_no_taskflow' retrieved from /home/airflow/.local/lib/python3.12/site-packages/airflow/example_dags/example_dataset_alias_with_no_taskflow.py
[2025-04-04T14:55:58.753+0000] {logging_mixin.py:190} INFO - [2025-04-04T14:55:58.752+0000] {dag.py:3239} INFO - Sync 4 DAGs
[2025-04-04T14:55:58.768+0000] {logging_mixin.py:190} INFO - [2025-04-04T14:55:58.767+0000] {dag.py:4180} INFO - Setting next_dagrun for dataset_alias_example_alias_consumer_with_no_taskflow to None, run_after=None
[2025-04-04T14:55:58.770+0000] {logging_mixin.py:190} INFO - [2025-04-04T14:55:58.770+0000] {dag.py:4180} INFO - Setting next_dagrun for dataset_alias_example_alias_producer_with_no_taskflow to None, run_after=None
[2025-04-04T14:55:58.772+0000] {logging_mixin.py:190} INFO - [2025-04-04T14:55:58.772+0000] {dag.py:4180} INFO - Setting next_dagrun for dataset_s3_bucket_consumer_with_no_taskflow to None, run_after=None
[2025-04-04T14:55:58.773+0000] {logging_mixin.py:190} INFO - [2025-04-04T14:55:58.773+0000] {dag.py:4180} INFO - Setting next_dagrun for dataset_s3_bucket_producer_with_no_taskflow to None, run_after=None
[2025-04-04T14:55:58.791+0000] {processor.py:208} INFO - Processing /home/airflow/.local/lib/python3.12/site-packages/airflow/example_dags/example_dataset_alias_with_no_taskflow.py took 0.482 seconds
[2025-04-04T14:56:28.856+0000] {processor.py:186} INFO - Started process (PID=940) to work on /home/airflow/.local/lib/python3.12/site-packages/airflow/example_dags/example_dataset_alias_with_no_taskflow.py
[2025-04-04T14:56:28.857+0000] {processor.py:914} INFO - Processing file /home/airflow/.local/lib/python3.12/site-packages/airflow/example_dags/example_dataset_alias_with_no_taskflow.py for tasks to queue
[2025-04-04T14:56:28.859+0000] {logging_mixin.py:190} INFO - [2025-04-04T14:56:28.859+0000] {dagbag.py:588} INFO - Filling up the DagBag from /home/airflow/.local/lib/python3.12/site-packages/airflow/example_dags/example_dataset_alias_with_no_taskflow.py
[2025-04-04T14:56:29.304+0000] {processor.py:925} INFO - DAG(s) 'dataset_s3_bucket_consumer_with_no_taskflow', 'dataset_alias_example_alias_consumer_with_no_taskflow', 'dataset_alias_example_alias_producer_with_no_taskflow', 'dataset_s3_bucket_producer_with_no_taskflow' retrieved from /home/airflow/.local/lib/python3.12/site-packages/airflow/example_dags/example_dataset_alias_with_no_taskflow.py
[2025-04-04T14:56:29.327+0000] {logging_mixin.py:190} INFO - [2025-04-04T14:56:29.326+0000] {dag.py:3239} INFO - Sync 4 DAGs
[2025-04-04T14:56:29.346+0000] {logging_mixin.py:190} INFO - [2025-04-04T14:56:29.346+0000] {dag.py:4180} INFO - Setting next_dagrun for dataset_alias_example_alias_consumer_with_no_taskflow to None, run_after=None
[2025-04-04T14:56:29.349+0000] {logging_mixin.py:190} INFO - [2025-04-04T14:56:29.349+0000] {dag.py:4180} INFO - Setting next_dagrun for dataset_alias_example_alias_producer_with_no_taskflow to None, run_after=None
[2025-04-04T14:56:29.351+0000] {logging_mixin.py:190} INFO - [2025-04-04T14:56:29.351+0000] {dag.py:4180} INFO - Setting next_dagrun for dataset_s3_bucket_consumer_with_no_taskflow to None, run_after=None
[2025-04-04T14:56:29.353+0000] {logging_mixin.py:190} INFO - [2025-04-04T14:56:29.353+0000] {dag.py:4180} INFO - Setting next_dagrun for dataset_s3_bucket_producer_with_no_taskflow to None, run_after=None
[2025-04-04T14:56:29.395+0000] {processor.py:208} INFO - Processing /home/airflow/.local/lib/python3.12/site-packages/airflow/example_dags/example_dataset_alias_with_no_taskflow.py took 0.544 seconds
[2025-04-04T14:57:00.420+0000] {processor.py:186} INFO - Started process (PID=1236) to work on /home/airflow/.local/lib/python3.12/site-packages/airflow/example_dags/example_dataset_alias_with_no_taskflow.py
[2025-04-04T14:57:00.422+0000] {processor.py:914} INFO - Processing file /home/airflow/.local/lib/python3.12/site-packages/airflow/example_dags/example_dataset_alias_with_no_taskflow.py for tasks to queue
[2025-04-04T14:57:00.424+0000] {logging_mixin.py:190} INFO - [2025-04-04T14:57:00.424+0000] {dagbag.py:588} INFO - Filling up the DagBag from /home/airflow/.local/lib/python3.12/site-packages/airflow/example_dags/example_dataset_alias_with_no_taskflow.py
[2025-04-04T14:57:00.749+0000] {processor.py:925} INFO - DAG(s) 'dataset_s3_bucket_producer_with_no_taskflow', 'dataset_alias_example_alias_consumer_with_no_taskflow', 'dataset_s3_bucket_consumer_with_no_taskflow', 'dataset_alias_example_alias_producer_with_no_taskflow' retrieved from /home/airflow/.local/lib/python3.12/site-packages/airflow/example_dags/example_dataset_alias_with_no_taskflow.py
[2025-04-04T14:57:00.922+0000] {logging_mixin.py:190} INFO - [2025-04-04T14:57:00.921+0000] {dag.py:3239} INFO - Sync 4 DAGs
[2025-04-04T14:57:00.941+0000] {logging_mixin.py:190} INFO - [2025-04-04T14:57:00.941+0000] {dag.py:4180} INFO - Setting next_dagrun for dataset_alias_example_alias_consumer_with_no_taskflow to None, run_after=None
[2025-04-04T14:57:00.945+0000] {logging_mixin.py:190} INFO - [2025-04-04T14:57:00.945+0000] {dag.py:4180} INFO - Setting next_dagrun for dataset_alias_example_alias_producer_with_no_taskflow to None, run_after=None
[2025-04-04T14:57:00.947+0000] {logging_mixin.py:190} INFO - [2025-04-04T14:57:00.947+0000] {dag.py:4180} INFO - Setting next_dagrun for dataset_s3_bucket_consumer_with_no_taskflow to None, run_after=None
[2025-04-04T14:57:00.949+0000] {logging_mixin.py:190} INFO - [2025-04-04T14:57:00.949+0000] {dag.py:4180} INFO - Setting next_dagrun for dataset_s3_bucket_producer_with_no_taskflow to None, run_after=None
[2025-04-04T14:57:00.969+0000] {processor.py:208} INFO - Processing /home/airflow/.local/lib/python3.12/site-packages/airflow/example_dags/example_dataset_alias_with_no_taskflow.py took 0.555 seconds
[2025-04-04T14:57:31.462+0000] {processor.py:186} INFO - Started process (PID=1537) to work on /home/airflow/.local/lib/python3.12/site-packages/airflow/example_dags/example_dataset_alias_with_no_taskflow.py
[2025-04-04T14:57:31.463+0000] {processor.py:914} INFO - Processing file /home/airflow/.local/lib/python3.12/site-packages/airflow/example_dags/example_dataset_alias_with_no_taskflow.py for tasks to queue
[2025-04-04T14:57:31.467+0000] {logging_mixin.py:190} INFO - [2025-04-04T14:57:31.467+0000] {dagbag.py:588} INFO - Filling up the DagBag from /home/airflow/.local/lib/python3.12/site-packages/airflow/example_dags/example_dataset_alias_with_no_taskflow.py
[2025-04-04T14:57:31.790+0000] {processor.py:925} INFO - DAG(s) 'dataset_s3_bucket_producer_with_no_taskflow', 'dataset_alias_example_alias_consumer_with_no_taskflow', 'dataset_s3_bucket_consumer_with_no_taskflow', 'dataset_alias_example_alias_producer_with_no_taskflow' retrieved from /home/airflow/.local/lib/python3.12/site-packages/airflow/example_dags/example_dataset_alias_with_no_taskflow.py
[2025-04-04T14:57:31.956+0000] {logging_mixin.py:190} INFO - [2025-04-04T14:57:31.955+0000] {dag.py:3239} INFO - Sync 4 DAGs
[2025-04-04T14:57:31.973+0000] {logging_mixin.py:190} INFO - [2025-04-04T14:57:31.973+0000] {dag.py:4180} INFO - Setting next_dagrun for dataset_alias_example_alias_consumer_with_no_taskflow to None, run_after=None
[2025-04-04T14:57:31.976+0000] {logging_mixin.py:190} INFO - [2025-04-04T14:57:31.976+0000] {dag.py:4180} INFO - Setting next_dagrun for dataset_alias_example_alias_producer_with_no_taskflow to None, run_after=None
[2025-04-04T14:57:31.977+0000] {logging_mixin.py:190} INFO - [2025-04-04T14:57:31.977+0000] {dag.py:4180} INFO - Setting next_dagrun for dataset_s3_bucket_consumer_with_no_taskflow to None, run_after=None
[2025-04-04T14:57:31.979+0000] {logging_mixin.py:190} INFO - [2025-04-04T14:57:31.979+0000] {dag.py:4180} INFO - Setting next_dagrun for dataset_s3_bucket_producer_with_no_taskflow to None, run_after=None
[2025-04-04T14:57:32.072+0000] {processor.py:208} INFO - Processing /home/airflow/.local/lib/python3.12/site-packages/airflow/example_dags/example_dataset_alias_with_no_taskflow.py took 0.615 seconds
[2025-04-04T14:58:03.391+0000] {processor.py:186} INFO - Started process (PID=1843) to work on /home/airflow/.local/lib/python3.12/site-packages/airflow/example_dags/example_dataset_alias_with_no_taskflow.py
[2025-04-04T14:58:03.392+0000] {processor.py:914} INFO - Processing file /home/airflow/.local/lib/python3.12/site-packages/airflow/example_dags/example_dataset_alias_with_no_taskflow.py for tasks to queue
[2025-04-04T14:58:03.395+0000] {logging_mixin.py:190} INFO - [2025-04-04T14:58:03.395+0000] {dagbag.py:588} INFO - Filling up the DagBag from /home/airflow/.local/lib/python3.12/site-packages/airflow/example_dags/example_dataset_alias_with_no_taskflow.py
[2025-04-04T14:58:03.829+0000] {processor.py:925} INFO - DAG(s) 'dataset_s3_bucket_consumer_with_no_taskflow', 'dataset_alias_example_alias_producer_with_no_taskflow', 'dataset_s3_bucket_producer_with_no_taskflow', 'dataset_alias_example_alias_consumer_with_no_taskflow' retrieved from /home/airflow/.local/lib/python3.12/site-packages/airflow/example_dags/example_dataset_alias_with_no_taskflow.py
[2025-04-04T14:58:04.133+0000] {logging_mixin.py:190} INFO - [2025-04-04T14:58:04.133+0000] {dag.py:3239} INFO - Sync 4 DAGs
[2025-04-04T14:58:04.151+0000] {logging_mixin.py:190} INFO - [2025-04-04T14:58:04.151+0000] {dag.py:4180} INFO - Setting next_dagrun for dataset_alias_example_alias_consumer_with_no_taskflow to None, run_after=None
[2025-04-04T14:58:04.154+0000] {logging_mixin.py:190} INFO - [2025-04-04T14:58:04.153+0000] {dag.py:4180} INFO - Setting next_dagrun for dataset_alias_example_alias_producer_with_no_taskflow to None, run_after=None
[2025-04-04T14:58:04.156+0000] {logging_mixin.py:190} INFO - [2025-04-04T14:58:04.156+0000] {dag.py:4180} INFO - Setting next_dagrun for dataset_s3_bucket_consumer_with_no_taskflow to None, run_after=None
[2025-04-04T14:58:04.158+0000] {logging_mixin.py:190} INFO - [2025-04-04T14:58:04.157+0000] {dag.py:4180} INFO - Setting next_dagrun for dataset_s3_bucket_producer_with_no_taskflow to None, run_after=None
[2025-04-04T14:58:04.179+0000] {processor.py:208} INFO - Processing /home/airflow/.local/lib/python3.12/site-packages/airflow/example_dags/example_dataset_alias_with_no_taskflow.py took 0.795 seconds
[2025-04-04T14:58:35.810+0000] {processor.py:186} INFO - Started process (PID=2151) to work on /home/airflow/.local/lib/python3.12/site-packages/airflow/example_dags/example_dataset_alias_with_no_taskflow.py
[2025-04-04T14:58:35.811+0000] {processor.py:914} INFO - Processing file /home/airflow/.local/lib/python3.12/site-packages/airflow/example_dags/example_dataset_alias_with_no_taskflow.py for tasks to queue
[2025-04-04T14:58:35.813+0000] {logging_mixin.py:190} INFO - [2025-04-04T14:58:35.813+0000] {dagbag.py:588} INFO - Filling up the DagBag from /home/airflow/.local/lib/python3.12/site-packages/airflow/example_dags/example_dataset_alias_with_no_taskflow.py
[2025-04-04T14:58:36.263+0000] {processor.py:925} INFO - DAG(s) 'dataset_s3_bucket_consumer_with_no_taskflow', 'dataset_s3_bucket_producer_with_no_taskflow', 'dataset_alias_example_alias_consumer_with_no_taskflow', 'dataset_alias_example_alias_producer_with_no_taskflow' retrieved from /home/airflow/.local/lib/python3.12/site-packages/airflow/example_dags/example_dataset_alias_with_no_taskflow.py
[2025-04-04T14:58:36.280+0000] {logging_mixin.py:190} INFO - [2025-04-04T14:58:36.279+0000] {dag.py:3239} INFO - Sync 4 DAGs
[2025-04-04T14:58:36.300+0000] {logging_mixin.py:190} INFO - [2025-04-04T14:58:36.300+0000] {dag.py:4180} INFO - Setting next_dagrun for dataset_alias_example_alias_consumer_with_no_taskflow to None, run_after=None
[2025-04-04T14:58:36.302+0000] {logging_mixin.py:190} INFO - [2025-04-04T14:58:36.302+0000] {dag.py:4180} INFO - Setting next_dagrun for dataset_alias_example_alias_producer_with_no_taskflow to None, run_after=None
[2025-04-04T14:58:36.304+0000] {logging_mixin.py:190} INFO - [2025-04-04T14:58:36.304+0000] {dag.py:4180} INFO - Setting next_dagrun for dataset_s3_bucket_consumer_with_no_taskflow to None, run_after=None
[2025-04-04T14:58:36.305+0000] {logging_mixin.py:190} INFO - [2025-04-04T14:58:36.305+0000] {dag.py:4180} INFO - Setting next_dagrun for dataset_s3_bucket_producer_with_no_taskflow to None, run_after=None
[2025-04-04T14:58:36.325+0000] {processor.py:208} INFO - Processing /home/airflow/.local/lib/python3.12/site-packages/airflow/example_dags/example_dataset_alias_with_no_taskflow.py took 0.520 seconds
[2025-04-04T14:59:07.584+0000] {processor.py:186} INFO - Started process (PID=2455) to work on /home/airflow/.local/lib/python3.12/site-packages/airflow/example_dags/example_dataset_alias_with_no_taskflow.py
[2025-04-04T14:59:07.585+0000] {processor.py:914} INFO - Processing file /home/airflow/.local/lib/python3.12/site-packages/airflow/example_dags/example_dataset_alias_with_no_taskflow.py for tasks to queue
[2025-04-04T14:59:07.588+0000] {logging_mixin.py:190} INFO - [2025-04-04T14:59:07.587+0000] {dagbag.py:588} INFO - Filling up the DagBag from /home/airflow/.local/lib/python3.12/site-packages/airflow/example_dags/example_dataset_alias_with_no_taskflow.py
[2025-04-04T14:59:08.126+0000] {processor.py:925} INFO - DAG(s) 'dataset_s3_bucket_producer_with_no_taskflow', 'dataset_s3_bucket_consumer_with_no_taskflow', 'dataset_alias_example_alias_consumer_with_no_taskflow', 'dataset_alias_example_alias_producer_with_no_taskflow' retrieved from /home/airflow/.local/lib/python3.12/site-packages/airflow/example_dags/example_dataset_alias_with_no_taskflow.py
[2025-04-04T14:59:08.145+0000] {logging_mixin.py:190} INFO - [2025-04-04T14:59:08.144+0000] {dag.py:3239} INFO - Sync 4 DAGs
[2025-04-04T14:59:08.164+0000] {logging_mixin.py:190} INFO - [2025-04-04T14:59:08.164+0000] {dag.py:4180} INFO - Setting next_dagrun for dataset_alias_example_alias_consumer_with_no_taskflow to None, run_after=None
[2025-04-04T14:59:08.167+0000] {logging_mixin.py:190} INFO - [2025-04-04T14:59:08.167+0000] {dag.py:4180} INFO - Setting next_dagrun for dataset_alias_example_alias_producer_with_no_taskflow to None, run_after=None
[2025-04-04T14:59:08.169+0000] {logging_mixin.py:190} INFO - [2025-04-04T14:59:08.169+0000] {dag.py:4180} INFO - Setting next_dagrun for dataset_s3_bucket_consumer_with_no_taskflow to None, run_after=None
[2025-04-04T14:59:08.170+0000] {logging_mixin.py:190} INFO - [2025-04-04T14:59:08.170+0000] {dag.py:4180} INFO - Setting next_dagrun for dataset_s3_bucket_producer_with_no_taskflow to None, run_after=None
[2025-04-04T14:59:08.188+0000] {processor.py:208} INFO - Processing /home/airflow/.local/lib/python3.12/site-packages/airflow/example_dags/example_dataset_alias_with_no_taskflow.py took 0.611 seconds
[2025-04-04T14:59:39.103+0000] {processor.py:186} INFO - Started process (PID=2748) to work on /home/airflow/.local/lib/python3.12/site-packages/airflow/example_dags/example_dataset_alias_with_no_taskflow.py
[2025-04-04T14:59:39.105+0000] {processor.py:914} INFO - Processing file /home/airflow/.local/lib/python3.12/site-packages/airflow/example_dags/example_dataset_alias_with_no_taskflow.py for tasks to queue
[2025-04-04T14:59:39.107+0000] {logging_mixin.py:190} INFO - [2025-04-04T14:59:39.107+0000] {dagbag.py:588} INFO - Filling up the DagBag from /home/airflow/.local/lib/python3.12/site-packages/airflow/example_dags/example_dataset_alias_with_no_taskflow.py
[2025-04-04T14:59:39.829+0000] {processor.py:925} INFO - DAG(s) 'dataset_s3_bucket_consumer_with_no_taskflow', 'dataset_alias_example_alias_consumer_with_no_taskflow', 'dataset_s3_bucket_producer_with_no_taskflow', 'dataset_alias_example_alias_producer_with_no_taskflow' retrieved from /home/airflow/.local/lib/python3.12/site-packages/airflow/example_dags/example_dataset_alias_with_no_taskflow.py
[2025-04-04T14:59:39.854+0000] {logging_mixin.py:190} INFO - [2025-04-04T14:59:39.853+0000] {dag.py:3239} INFO - Sync 4 DAGs
[2025-04-04T14:59:39.878+0000] {logging_mixin.py:190} INFO - [2025-04-04T14:59:39.878+0000] {dag.py:4180} INFO - Setting next_dagrun for dataset_alias_example_alias_consumer_with_no_taskflow to None, run_after=None
[2025-04-04T14:59:39.881+0000] {logging_mixin.py:190} INFO - [2025-04-04T14:59:39.881+0000] {dag.py:4180} INFO - Setting next_dagrun for dataset_alias_example_alias_producer_with_no_taskflow to None, run_after=None
[2025-04-04T14:59:39.883+0000] {logging_mixin.py:190} INFO - [2025-04-04T14:59:39.883+0000] {dag.py:4180} INFO - Setting next_dagrun for dataset_s3_bucket_consumer_with_no_taskflow to None, run_after=None
[2025-04-04T14:59:39.885+0000] {logging_mixin.py:190} INFO - [2025-04-04T14:59:39.884+0000] {dag.py:4180} INFO - Setting next_dagrun for dataset_s3_bucket_producer_with_no_taskflow to None, run_after=None
[2025-04-04T14:59:39.960+0000] {processor.py:208} INFO - Processing /home/airflow/.local/lib/python3.12/site-packages/airflow/example_dags/example_dataset_alias_with_no_taskflow.py took 0.862 seconds
[2025-04-04T15:00:10.603+0000] {processor.py:186} INFO - Started process (PID=3039) to work on /home/airflow/.local/lib/python3.12/site-packages/airflow/example_dags/example_dataset_alias_with_no_taskflow.py
[2025-04-04T15:00:10.606+0000] {processor.py:914} INFO - Processing file /home/airflow/.local/lib/python3.12/site-packages/airflow/example_dags/example_dataset_alias_with_no_taskflow.py for tasks to queue
[2025-04-04T15:00:10.608+0000] {logging_mixin.py:190} INFO - [2025-04-04T15:00:10.608+0000] {dagbag.py:588} INFO - Filling up the DagBag from /home/airflow/.local/lib/python3.12/site-packages/airflow/example_dags/example_dataset_alias_with_no_taskflow.py
[2025-04-04T15:00:11.119+0000] {processor.py:925} INFO - DAG(s) 'dataset_s3_bucket_producer_with_no_taskflow', 'dataset_alias_example_alias_producer_with_no_taskflow', 'dataset_s3_bucket_consumer_with_no_taskflow', 'dataset_alias_example_alias_consumer_with_no_taskflow' retrieved from /home/airflow/.local/lib/python3.12/site-packages/airflow/example_dags/example_dataset_alias_with_no_taskflow.py
[2025-04-04T15:00:11.141+0000] {logging_mixin.py:190} INFO - [2025-04-04T15:00:11.141+0000] {dag.py:3239} INFO - Sync 4 DAGs
[2025-04-04T15:00:11.161+0000] {logging_mixin.py:190} INFO - [2025-04-04T15:00:11.161+0000] {dag.py:4180} INFO - Setting next_dagrun for dataset_alias_example_alias_consumer_with_no_taskflow to None, run_after=None
[2025-04-04T15:00:11.164+0000] {logging_mixin.py:190} INFO - [2025-04-04T15:00:11.164+0000] {dag.py:4180} INFO - Setting next_dagrun for dataset_alias_example_alias_producer_with_no_taskflow to None, run_after=None
[2025-04-04T15:00:11.167+0000] {logging_mixin.py:190} INFO - [2025-04-04T15:00:11.167+0000] {dag.py:4180} INFO - Setting next_dagrun for dataset_s3_bucket_consumer_with_no_taskflow to None, run_after=None
[2025-04-04T15:00:11.169+0000] {logging_mixin.py:190} INFO - [2025-04-04T15:00:11.169+0000] {dag.py:4180} INFO - Setting next_dagrun for dataset_s3_bucket_producer_with_no_taskflow to None, run_after=None
[2025-04-04T15:00:11.190+0000] {processor.py:208} INFO - Processing /home/airflow/.local/lib/python3.12/site-packages/airflow/example_dags/example_dataset_alias_with_no_taskflow.py took 0.592 seconds
[2025-04-04T15:00:41.264+0000] {processor.py:186} INFO - Started process (PID=3328) to work on /home/airflow/.local/lib/python3.12/site-packages/airflow/example_dags/example_dataset_alias_with_no_taskflow.py
[2025-04-04T15:00:41.265+0000] {processor.py:914} INFO - Processing file /home/airflow/.local/lib/python3.12/site-packages/airflow/example_dags/example_dataset_alias_with_no_taskflow.py for tasks to queue
[2025-04-04T15:00:41.268+0000] {logging_mixin.py:190} INFO - [2025-04-04T15:00:41.267+0000] {dagbag.py:588} INFO - Filling up the DagBag from /home/airflow/.local/lib/python3.12/site-packages/airflow/example_dags/example_dataset_alias_with_no_taskflow.py
[2025-04-04T15:00:41.848+0000] {processor.py:925} INFO - DAG(s) 'dataset_s3_bucket_producer_with_no_taskflow', 'dataset_s3_bucket_consumer_with_no_taskflow', 'dataset_alias_example_alias_producer_with_no_taskflow', 'dataset_alias_example_alias_consumer_with_no_taskflow' retrieved from /home/airflow/.local/lib/python3.12/site-packages/airflow/example_dags/example_dataset_alias_with_no_taskflow.py
[2025-04-04T15:00:41.866+0000] {logging_mixin.py:190} INFO - [2025-04-04T15:00:41.866+0000] {dag.py:3239} INFO - Sync 4 DAGs
[2025-04-04T15:00:41.884+0000] {logging_mixin.py:190} INFO - [2025-04-04T15:00:41.884+0000] {dag.py:4180} INFO - Setting next_dagrun for dataset_alias_example_alias_consumer_with_no_taskflow to None, run_after=None
[2025-04-04T15:00:41.887+0000] {logging_mixin.py:190} INFO - [2025-04-04T15:00:41.887+0000] {dag.py:4180} INFO - Setting next_dagrun for dataset_alias_example_alias_producer_with_no_taskflow to None, run_after=None
[2025-04-04T15:00:41.888+0000] {logging_mixin.py:190} INFO - [2025-04-04T15:00:41.888+0000] {dag.py:4180} INFO - Setting next_dagrun for dataset_s3_bucket_consumer_with_no_taskflow to None, run_after=None
[2025-04-04T15:00:41.889+0000] {logging_mixin.py:190} INFO - [2025-04-04T15:00:41.889+0000] {dag.py:4180} INFO - Setting next_dagrun for dataset_s3_bucket_producer_with_no_taskflow to None, run_after=None
[2025-04-04T15:00:41.912+0000] {processor.py:208} INFO - Processing /home/airflow/.local/lib/python3.12/site-packages/airflow/example_dags/example_dataset_alias_with_no_taskflow.py took 0.654 seconds
[2025-04-04T15:01:12.738+0000] {processor.py:186} INFO - Started process (PID=3621) to work on /home/airflow/.local/lib/python3.12/site-packages/airflow/example_dags/example_dataset_alias_with_no_taskflow.py
[2025-04-04T15:01:12.740+0000] {processor.py:914} INFO - Processing file /home/airflow/.local/lib/python3.12/site-packages/airflow/example_dags/example_dataset_alias_with_no_taskflow.py for tasks to queue
[2025-04-04T15:01:12.746+0000] {logging_mixin.py:190} INFO - [2025-04-04T15:01:12.745+0000] {dagbag.py:588} INFO - Filling up the DagBag from /home/airflow/.local/lib/python3.12/site-packages/airflow/example_dags/example_dataset_alias_with_no_taskflow.py
[2025-04-04T15:01:13.425+0000] {processor.py:925} INFO - DAG(s) 'dataset_s3_bucket_producer_with_no_taskflow', 'dataset_s3_bucket_consumer_with_no_taskflow', 'dataset_alias_example_alias_consumer_with_no_taskflow', 'dataset_alias_example_alias_producer_with_no_taskflow' retrieved from /home/airflow/.local/lib/python3.12/site-packages/airflow/example_dags/example_dataset_alias_with_no_taskflow.py
[2025-04-04T15:01:13.462+0000] {logging_mixin.py:190} INFO - [2025-04-04T15:01:13.461+0000] {dag.py:3239} INFO - Sync 4 DAGs
[2025-04-04T15:01:13.495+0000] {logging_mixin.py:190} INFO - [2025-04-04T15:01:13.495+0000] {dag.py:4180} INFO - Setting next_dagrun for dataset_alias_example_alias_consumer_with_no_taskflow to None, run_after=None
[2025-04-04T15:01:13.501+0000] {logging_mixin.py:190} INFO - [2025-04-04T15:01:13.500+0000] {dag.py:4180} INFO - Setting next_dagrun for dataset_alias_example_alias_producer_with_no_taskflow to None, run_after=None
[2025-04-04T15:01:13.504+0000] {logging_mixin.py:190} INFO - [2025-04-04T15:01:13.504+0000] {dag.py:4180} INFO - Setting next_dagrun for dataset_s3_bucket_consumer_with_no_taskflow to None, run_after=None
[2025-04-04T15:01:13.510+0000] {logging_mixin.py:190} INFO - [2025-04-04T15:01:13.509+0000] {dag.py:4180} INFO - Setting next_dagrun for dataset_s3_bucket_producer_with_no_taskflow to None, run_after=None
[2025-04-04T15:01:13.543+0000] {processor.py:208} INFO - Processing /home/airflow/.local/lib/python3.12/site-packages/airflow/example_dags/example_dataset_alias_with_no_taskflow.py took 0.822 seconds
[2025-04-04T15:01:43.850+0000] {processor.py:186} INFO - Started process (PID=3902) to work on /home/airflow/.local/lib/python3.12/site-packages/airflow/example_dags/example_dataset_alias_with_no_taskflow.py
[2025-04-04T15:01:43.851+0000] {processor.py:914} INFO - Processing file /home/airflow/.local/lib/python3.12/site-packages/airflow/example_dags/example_dataset_alias_with_no_taskflow.py for tasks to queue
[2025-04-04T15:01:43.853+0000] {logging_mixin.py:190} INFO - [2025-04-04T15:01:43.853+0000] {dagbag.py:588} INFO - Filling up the DagBag from /home/airflow/.local/lib/python3.12/site-packages/airflow/example_dags/example_dataset_alias_with_no_taskflow.py
[2025-04-04T15:01:44.309+0000] {processor.py:925} INFO - DAG(s) 'dataset_alias_example_alias_producer_with_no_taskflow', 'dataset_alias_example_alias_consumer_with_no_taskflow', 'dataset_s3_bucket_producer_with_no_taskflow', 'dataset_s3_bucket_consumer_with_no_taskflow' retrieved from /home/airflow/.local/lib/python3.12/site-packages/airflow/example_dags/example_dataset_alias_with_no_taskflow.py
[2025-04-04T15:01:44.331+0000] {logging_mixin.py:190} INFO - [2025-04-04T15:01:44.330+0000] {dag.py:3239} INFO - Sync 4 DAGs
[2025-04-04T15:01:44.351+0000] {logging_mixin.py:190} INFO - [2025-04-04T15:01:44.350+0000] {dag.py:4180} INFO - Setting next_dagrun for dataset_alias_example_alias_consumer_with_no_taskflow to None, run_after=None
[2025-04-04T15:01:44.353+0000] {logging_mixin.py:190} INFO - [2025-04-04T15:01:44.353+0000] {dag.py:4180} INFO - Setting next_dagrun for dataset_alias_example_alias_producer_with_no_taskflow to None, run_after=None
[2025-04-04T15:01:44.355+0000] {logging_mixin.py:190} INFO - [2025-04-04T15:01:44.355+0000] {dag.py:4180} INFO - Setting next_dagrun for dataset_s3_bucket_consumer_with_no_taskflow to None, run_after=None
[2025-04-04T15:01:44.357+0000] {logging_mixin.py:190} INFO - [2025-04-04T15:01:44.357+0000] {dag.py:4180} INFO - Setting next_dagrun for dataset_s3_bucket_producer_with_no_taskflow to None, run_after=None
[2025-04-04T15:01:44.405+0000] {processor.py:208} INFO - Processing /home/airflow/.local/lib/python3.12/site-packages/airflow/example_dags/example_dataset_alias_with_no_taskflow.py took 0.560 seconds
[2025-04-04T15:02:14.957+0000] {processor.py:186} INFO - Started process (PID=4191) to work on /home/airflow/.local/lib/python3.12/site-packages/airflow/example_dags/example_dataset_alias_with_no_taskflow.py
[2025-04-04T15:02:14.962+0000] {processor.py:914} INFO - Processing file /home/airflow/.local/lib/python3.12/site-packages/airflow/example_dags/example_dataset_alias_with_no_taskflow.py for tasks to queue
[2025-04-04T15:02:14.964+0000] {logging_mixin.py:190} INFO - [2025-04-04T15:02:14.964+0000] {dagbag.py:588} INFO - Filling up the DagBag from /home/airflow/.local/lib/python3.12/site-packages/airflow/example_dags/example_dataset_alias_with_no_taskflow.py
[2025-04-04T15:02:15.444+0000] {processor.py:925} INFO - DAG(s) 'dataset_s3_bucket_consumer_with_no_taskflow', 'dataset_alias_example_alias_consumer_with_no_taskflow', 'dataset_alias_example_alias_producer_with_no_taskflow', 'dataset_s3_bucket_producer_with_no_taskflow' retrieved from /home/airflow/.local/lib/python3.12/site-packages/airflow/example_dags/example_dataset_alias_with_no_taskflow.py
[2025-04-04T15:02:15.463+0000] {logging_mixin.py:190} INFO - [2025-04-04T15:02:15.463+0000] {dag.py:3239} INFO - Sync 4 DAGs
[2025-04-04T15:02:15.484+0000] {logging_mixin.py:190} INFO - [2025-04-04T15:02:15.484+0000] {dag.py:4180} INFO - Setting next_dagrun for dataset_alias_example_alias_consumer_with_no_taskflow to None, run_after=None
[2025-04-04T15:02:15.488+0000] {logging_mixin.py:190} INFO - [2025-04-04T15:02:15.488+0000] {dag.py:4180} INFO - Setting next_dagrun for dataset_alias_example_alias_producer_with_no_taskflow to None, run_after=None
[2025-04-04T15:02:15.490+0000] {logging_mixin.py:190} INFO - [2025-04-04T15:02:15.490+0000] {dag.py:4180} INFO - Setting next_dagrun for dataset_s3_bucket_consumer_with_no_taskflow to None, run_after=None
[2025-04-04T15:02:15.492+0000] {logging_mixin.py:190} INFO - [2025-04-04T15:02:15.492+0000] {dag.py:4180} INFO - Setting next_dagrun for dataset_s3_bucket_producer_with_no_taskflow to None, run_after=None
[2025-04-04T15:02:15.675+0000] {processor.py:208} INFO - Processing /home/airflow/.local/lib/python3.12/site-packages/airflow/example_dags/example_dataset_alias_with_no_taskflow.py took 0.724 seconds
[2025-04-04T15:02:45.767+0000] {processor.py:186} INFO - Started process (PID=4506) to work on /home/airflow/.local/lib/python3.12/site-packages/airflow/example_dags/example_dataset_alias_with_no_taskflow.py
[2025-04-04T15:02:45.768+0000] {processor.py:914} INFO - Processing file /home/airflow/.local/lib/python3.12/site-packages/airflow/example_dags/example_dataset_alias_with_no_taskflow.py for tasks to queue
[2025-04-04T15:02:45.771+0000] {logging_mixin.py:190} INFO - [2025-04-04T15:02:45.770+0000] {dagbag.py:588} INFO - Filling up the DagBag from /home/airflow/.local/lib/python3.12/site-packages/airflow/example_dags/example_dataset_alias_with_no_taskflow.py
[2025-04-04T15:02:46.301+0000] {processor.py:925} INFO - DAG(s) 'dataset_alias_example_alias_consumer_with_no_taskflow', 'dataset_alias_example_alias_producer_with_no_taskflow', 'dataset_s3_bucket_producer_with_no_taskflow', 'dataset_s3_bucket_consumer_with_no_taskflow' retrieved from /home/airflow/.local/lib/python3.12/site-packages/airflow/example_dags/example_dataset_alias_with_no_taskflow.py
[2025-04-04T15:02:46.315+0000] {logging_mixin.py:190} INFO - [2025-04-04T15:02:46.315+0000] {dag.py:3239} INFO - Sync 4 DAGs
[2025-04-04T15:02:46.330+0000] {logging_mixin.py:190} INFO - [2025-04-04T15:02:46.330+0000] {dag.py:4180} INFO - Setting next_dagrun for dataset_alias_example_alias_consumer_with_no_taskflow to None, run_after=None
[2025-04-04T15:02:46.333+0000] {logging_mixin.py:190} INFO - [2025-04-04T15:02:46.333+0000] {dag.py:4180} INFO - Setting next_dagrun for dataset_alias_example_alias_producer_with_no_taskflow to None, run_after=None
[2025-04-04T15:02:46.336+0000] {logging_mixin.py:190} INFO - [2025-04-04T15:02:46.335+0000] {dag.py:4180} INFO - Setting next_dagrun for dataset_s3_bucket_consumer_with_no_taskflow to None, run_after=None
[2025-04-04T15:02:46.337+0000] {logging_mixin.py:190} INFO - [2025-04-04T15:02:46.337+0000] {dag.py:4180} INFO - Setting next_dagrun for dataset_s3_bucket_producer_with_no_taskflow to None, run_after=None
[2025-04-04T15:02:46.354+0000] {processor.py:208} INFO - Processing /home/airflow/.local/lib/python3.12/site-packages/airflow/example_dags/example_dataset_alias_with_no_taskflow.py took 0.591 seconds
[2025-04-04T15:03:16.502+0000] {processor.py:186} INFO - Started process (PID=4767) to work on /home/airflow/.local/lib/python3.12/site-packages/airflow/example_dags/example_dataset_alias_with_no_taskflow.py
[2025-04-04T15:03:16.503+0000] {processor.py:914} INFO - Processing file /home/airflow/.local/lib/python3.12/site-packages/airflow/example_dags/example_dataset_alias_with_no_taskflow.py for tasks to queue
[2025-04-04T15:03:16.506+0000] {logging_mixin.py:190} INFO - [2025-04-04T15:03:16.506+0000] {dagbag.py:588} INFO - Filling up the DagBag from /home/airflow/.local/lib/python3.12/site-packages/airflow/example_dags/example_dataset_alias_with_no_taskflow.py
[2025-04-04T15:03:16.990+0000] {processor.py:925} INFO - DAG(s) 'dataset_alias_example_alias_producer_with_no_taskflow', 'dataset_s3_bucket_consumer_with_no_taskflow', 'dataset_s3_bucket_producer_with_no_taskflow', 'dataset_alias_example_alias_consumer_with_no_taskflow' retrieved from /home/airflow/.local/lib/python3.12/site-packages/airflow/example_dags/example_dataset_alias_with_no_taskflow.py
[2025-04-04T15:03:17.010+0000] {logging_mixin.py:190} INFO - [2025-04-04T15:03:17.010+0000] {dag.py:3239} INFO - Sync 4 DAGs
[2025-04-04T15:03:17.031+0000] {logging_mixin.py:190} INFO - [2025-04-04T15:03:17.030+0000] {dag.py:4180} INFO - Setting next_dagrun for dataset_alias_example_alias_consumer_with_no_taskflow to None, run_after=None
[2025-04-04T15:03:17.035+0000] {logging_mixin.py:190} INFO - [2025-04-04T15:03:17.035+0000] {dag.py:4180} INFO - Setting next_dagrun for dataset_alias_example_alias_producer_with_no_taskflow to None, run_after=None
[2025-04-04T15:03:17.037+0000] {logging_mixin.py:190} INFO - [2025-04-04T15:03:17.037+0000] {dag.py:4180} INFO - Setting next_dagrun for dataset_s3_bucket_consumer_with_no_taskflow to None, run_after=None
[2025-04-04T15:03:17.038+0000] {logging_mixin.py:190} INFO - [2025-04-04T15:03:17.038+0000] {dag.py:4180} INFO - Setting next_dagrun for dataset_s3_bucket_producer_with_no_taskflow to None, run_after=None
[2025-04-04T15:03:17.060+0000] {processor.py:208} INFO - Processing /home/airflow/.local/lib/python3.12/site-packages/airflow/example_dags/example_dataset_alias_with_no_taskflow.py took 0.562 seconds
[2025-04-04T15:03:47.671+0000] {processor.py:186} INFO - Started process (PID=5058) to work on /home/airflow/.local/lib/python3.12/site-packages/airflow/example_dags/example_dataset_alias_with_no_taskflow.py
[2025-04-04T15:03:47.672+0000] {processor.py:914} INFO - Processing file /home/airflow/.local/lib/python3.12/site-packages/airflow/example_dags/example_dataset_alias_with_no_taskflow.py for tasks to queue
[2025-04-04T15:03:47.676+0000] {logging_mixin.py:190} INFO - [2025-04-04T15:03:47.675+0000] {dagbag.py:588} INFO - Filling up the DagBag from /home/airflow/.local/lib/python3.12/site-packages/airflow/example_dags/example_dataset_alias_with_no_taskflow.py
[2025-04-04T15:03:48.189+0000] {processor.py:925} INFO - DAG(s) 'dataset_s3_bucket_consumer_with_no_taskflow', 'dataset_alias_example_alias_consumer_with_no_taskflow', 'dataset_alias_example_alias_producer_with_no_taskflow', 'dataset_s3_bucket_producer_with_no_taskflow' retrieved from /home/airflow/.local/lib/python3.12/site-packages/airflow/example_dags/example_dataset_alias_with_no_taskflow.py
[2025-04-04T15:03:48.207+0000] {logging_mixin.py:190} INFO - [2025-04-04T15:03:48.207+0000] {dag.py:3239} INFO - Sync 4 DAGs
[2025-04-04T15:03:48.224+0000] {logging_mixin.py:190} INFO - [2025-04-04T15:03:48.224+0000] {dag.py:4180} INFO - Setting next_dagrun for dataset_alias_example_alias_consumer_with_no_taskflow to None, run_after=None
[2025-04-04T15:03:48.226+0000] {logging_mixin.py:190} INFO - [2025-04-04T15:03:48.226+0000] {dag.py:4180} INFO - Setting next_dagrun for dataset_alias_example_alias_producer_with_no_taskflow to None, run_after=None
[2025-04-04T15:03:48.228+0000] {logging_mixin.py:190} INFO - [2025-04-04T15:03:48.228+0000] {dag.py:4180} INFO - Setting next_dagrun for dataset_s3_bucket_consumer_with_no_taskflow to None, run_after=None
[2025-04-04T15:03:48.229+0000] {logging_mixin.py:190} INFO - [2025-04-04T15:03:48.229+0000] {dag.py:4180} INFO - Setting next_dagrun for dataset_s3_bucket_producer_with_no_taskflow to None, run_after=None
[2025-04-04T15:03:48.246+0000] {processor.py:208} INFO - Processing /home/airflow/.local/lib/python3.12/site-packages/airflow/example_dags/example_dataset_alias_with_no_taskflow.py took 0.580 seconds
[2025-04-04T15:04:18.888+0000] {processor.py:186} INFO - Started process (PID=5354) to work on /home/airflow/.local/lib/python3.12/site-packages/airflow/example_dags/example_dataset_alias_with_no_taskflow.py
[2025-04-04T15:04:18.889+0000] {processor.py:914} INFO - Processing file /home/airflow/.local/lib/python3.12/site-packages/airflow/example_dags/example_dataset_alias_with_no_taskflow.py for tasks to queue
[2025-04-04T15:04:18.891+0000] {logging_mixin.py:190} INFO - [2025-04-04T15:04:18.891+0000] {dagbag.py:588} INFO - Filling up the DagBag from /home/airflow/.local/lib/python3.12/site-packages/airflow/example_dags/example_dataset_alias_with_no_taskflow.py
[2025-04-04T15:04:19.350+0000] {processor.py:925} INFO - DAG(s) 'dataset_s3_bucket_producer_with_no_taskflow', 'dataset_alias_example_alias_producer_with_no_taskflow', 'dataset_alias_example_alias_consumer_with_no_taskflow', 'dataset_s3_bucket_consumer_with_no_taskflow' retrieved from /home/airflow/.local/lib/python3.12/site-packages/airflow/example_dags/example_dataset_alias_with_no_taskflow.py
[2025-04-04T15:04:19.370+0000] {logging_mixin.py:190} INFO - [2025-04-04T15:04:19.370+0000] {dag.py:3239} INFO - Sync 4 DAGs
[2025-04-04T15:04:19.388+0000] {logging_mixin.py:190} INFO - [2025-04-04T15:04:19.387+0000] {dag.py:4180} INFO - Setting next_dagrun for dataset_alias_example_alias_consumer_with_no_taskflow to None, run_after=None
[2025-04-04T15:04:19.390+0000] {logging_mixin.py:190} INFO - [2025-04-04T15:04:19.390+0000] {dag.py:4180} INFO - Setting next_dagrun for dataset_alias_example_alias_producer_with_no_taskflow to None, run_after=None
[2025-04-04T15:04:19.392+0000] {logging_mixin.py:190} INFO - [2025-04-04T15:04:19.392+0000] {dag.py:4180} INFO - Setting next_dagrun for dataset_s3_bucket_consumer_with_no_taskflow to None, run_after=None
[2025-04-04T15:04:19.393+0000] {logging_mixin.py:190} INFO - [2025-04-04T15:04:19.393+0000] {dag.py:4180} INFO - Setting next_dagrun for dataset_s3_bucket_producer_with_no_taskflow to None, run_after=None
[2025-04-04T15:04:19.412+0000] {processor.py:208} INFO - Processing /home/airflow/.local/lib/python3.12/site-packages/airflow/example_dags/example_dataset_alias_with_no_taskflow.py took 0.529 seconds
