[2025-04-04T14:55:22.473+0000] {processor.py:186} INFO - Started process (PID=332) to work on /home/airflow/.local/lib/python3.12/site-packages/airflow/example_dags/example_inlet_event_extra.py
[2025-04-04T14:55:22.474+0000] {processor.py:914} INFO - Processing file /home/airflow/.local/lib/python3.12/site-packages/airflow/example_dags/example_inlet_event_extra.py for tasks to queue
[2025-04-04T14:55:22.478+0000] {logging_mixin.py:190} INFO - [2025-04-04T14:55:22.477+0000] {dagbag.py:588} INFO - Filling up the DagBag from /home/airflow/.local/lib/python3.12/site-packages/airflow/example_dags/example_inlet_event_extra.py
[2025-04-04T14:55:23.547+0000] {processor.py:925} INFO - DAG(s) 'read_dataset_event_from_classic', 'read_dataset_event' retrieved from /home/airflow/.local/lib/python3.12/site-packages/airflow/example_dags/example_inlet_event_extra.py
[2025-04-04T14:55:25.352+0000] {logging_mixin.py:190} INFO - [2025-04-04T14:55:25.351+0000] {override.py:1912} INFO - Created Permission View: can edit on DAG:read_dataset_event_from_classic
[2025-04-04T14:55:25.411+0000] {logging_mixin.py:190} INFO - [2025-04-04T14:55:25.410+0000] {override.py:1912} INFO - Created Permission View: can delete on DAG:read_dataset_event_from_classic
[2025-04-04T14:55:25.465+0000] {logging_mixin.py:190} INFO - [2025-04-04T14:55:25.464+0000] {override.py:1912} INFO - Created Permission View: can read on DAG:read_dataset_event_from_classic
[2025-04-04T14:55:25.596+0000] {logging_mixin.py:190} INFO - [2025-04-04T14:55:25.595+0000] {override.py:1912} INFO - Created Permission View: can create on DAG Run:read_dataset_event_from_classic
[2025-04-04T14:55:25.651+0000] {logging_mixin.py:190} INFO - [2025-04-04T14:55:25.650+0000] {override.py:1912} INFO - Created Permission View: menu access on DAG Run:read_dataset_event_from_classic
[2025-04-04T14:55:25.692+0000] {logging_mixin.py:190} INFO - [2025-04-04T14:55:25.692+0000] {override.py:1912} INFO - Created Permission View: can delete on DAG Run:read_dataset_event_from_classic
[2025-04-04T14:55:25.747+0000] {logging_mixin.py:190} INFO - [2025-04-04T14:55:25.747+0000] {override.py:1912} INFO - Created Permission View: can read on DAG Run:read_dataset_event_from_classic
[2025-04-04T14:55:25.766+0000] {logging_mixin.py:190} INFO - [2025-04-04T14:55:25.766+0000] {override.py:1912} INFO - Created Permission View: can edit on DAG:read_dataset_event
[2025-04-04T14:55:25.775+0000] {logging_mixin.py:190} INFO - [2025-04-04T14:55:25.775+0000] {override.py:1912} INFO - Created Permission View: can delete on DAG:read_dataset_event
[2025-04-04T14:55:25.783+0000] {logging_mixin.py:190} INFO - [2025-04-04T14:55:25.783+0000] {override.py:1912} INFO - Created Permission View: can read on DAG:read_dataset_event
[2025-04-04T14:55:25.792+0000] {logging_mixin.py:190} INFO - [2025-04-04T14:55:25.792+0000] {override.py:1912} INFO - Created Permission View: can create on DAG Run:read_dataset_event
[2025-04-04T14:55:25.798+0000] {logging_mixin.py:190} INFO - [2025-04-04T14:55:25.798+0000] {override.py:1912} INFO - Created Permission View: menu access on DAG Run:read_dataset_event
[2025-04-04T14:55:25.805+0000] {logging_mixin.py:190} INFO - [2025-04-04T14:55:25.805+0000] {override.py:1912} INFO - Created Permission View: can delete on DAG Run:read_dataset_event
[2025-04-04T14:55:25.812+0000] {logging_mixin.py:190} INFO - [2025-04-04T14:55:25.812+0000] {override.py:1912} INFO - Created Permission View: can read on DAG Run:read_dataset_event
[2025-04-04T14:55:25.813+0000] {logging_mixin.py:190} INFO - [2025-04-04T14:55:25.812+0000] {dag.py:3239} INFO - Sync 2 DAGs
[2025-04-04T14:55:25.825+0000] {logging_mixin.py:190} INFO - [2025-04-04T14:55:25.825+0000] {dag.py:3262} INFO - Creating ORM DAG for read_dataset_event_from_classic
[2025-04-04T14:55:25.826+0000] {logging_mixin.py:190} INFO - [2025-04-04T14:55:25.826+0000] {dag.py:3262} INFO - Creating ORM DAG for read_dataset_event
[2025-04-04T14:55:25.834+0000] {logging_mixin.py:190} INFO - [2025-04-04T14:55:25.834+0000] {dag.py:4180} INFO - Setting next_dagrun for read_dataset_event to 2025-04-03 00:00:00+00:00, run_after=2025-04-04 00:00:00+00:00
[2025-04-04T14:55:25.836+0000] {logging_mixin.py:190} INFO - [2025-04-04T14:55:25.836+0000] {dag.py:4180} INFO - Setting next_dagrun for read_dataset_event_from_classic to 2025-04-03 00:00:00+00:00, run_after=2025-04-04 00:00:00+00:00
[2025-04-04T14:55:25.853+0000] {processor.py:208} INFO - Processing /home/airflow/.local/lib/python3.12/site-packages/airflow/example_dags/example_inlet_event_extra.py took 3.386 seconds
[2025-04-04T14:55:55.982+0000] {processor.py:186} INFO - Started process (PID=620) to work on /home/airflow/.local/lib/python3.12/site-packages/airflow/example_dags/example_inlet_event_extra.py
[2025-04-04T14:55:55.984+0000] {processor.py:914} INFO - Processing file /home/airflow/.local/lib/python3.12/site-packages/airflow/example_dags/example_inlet_event_extra.py for tasks to queue
[2025-04-04T14:55:55.987+0000] {logging_mixin.py:190} INFO - [2025-04-04T14:55:55.987+0000] {dagbag.py:588} INFO - Filling up the DagBag from /home/airflow/.local/lib/python3.12/site-packages/airflow/example_dags/example_inlet_event_extra.py
[2025-04-04T14:55:56.336+0000] {processor.py:925} INFO - DAG(s) 'read_dataset_event', 'read_dataset_event_from_classic' retrieved from /home/airflow/.local/lib/python3.12/site-packages/airflow/example_dags/example_inlet_event_extra.py
[2025-04-04T14:55:56.656+0000] {logging_mixin.py:190} INFO - [2025-04-04T14:55:56.656+0000] {dag.py:3239} INFO - Sync 2 DAGs
[2025-04-04T14:55:56.673+0000] {logging_mixin.py:190} INFO - [2025-04-04T14:55:56.673+0000] {dag.py:4180} INFO - Setting next_dagrun for read_dataset_event to 2025-04-03 00:00:00+00:00, run_after=2025-04-04 00:00:00+00:00
[2025-04-04T14:55:56.677+0000] {logging_mixin.py:190} INFO - [2025-04-04T14:55:56.677+0000] {dag.py:4180} INFO - Setting next_dagrun for read_dataset_event_from_classic to 2025-04-03 00:00:00+00:00, run_after=2025-04-04 00:00:00+00:00
[2025-04-04T14:55:56.693+0000] {processor.py:208} INFO - Processing /home/airflow/.local/lib/python3.12/site-packages/airflow/example_dags/example_inlet_event_extra.py took 0.718 seconds
[2025-04-04T14:56:27.535+0000] {processor.py:186} INFO - Started process (PID=915) to work on /home/airflow/.local/lib/python3.12/site-packages/airflow/example_dags/example_inlet_event_extra.py
[2025-04-04T14:56:27.541+0000] {processor.py:914} INFO - Processing file /home/airflow/.local/lib/python3.12/site-packages/airflow/example_dags/example_inlet_event_extra.py for tasks to queue
[2025-04-04T14:56:27.544+0000] {logging_mixin.py:190} INFO - [2025-04-04T14:56:27.543+0000] {dagbag.py:588} INFO - Filling up the DagBag from /home/airflow/.local/lib/python3.12/site-packages/airflow/example_dags/example_inlet_event_extra.py
[2025-04-04T14:56:27.860+0000] {processor.py:925} INFO - DAG(s) 'read_dataset_event_from_classic', 'read_dataset_event' retrieved from /home/airflow/.local/lib/python3.12/site-packages/airflow/example_dags/example_inlet_event_extra.py
[2025-04-04T14:56:28.454+0000] {logging_mixin.py:190} INFO - [2025-04-04T14:56:28.454+0000] {dag.py:3239} INFO - Sync 2 DAGs
[2025-04-04T14:56:28.480+0000] {logging_mixin.py:190} INFO - [2025-04-04T14:56:28.480+0000] {dag.py:4180} INFO - Setting next_dagrun for read_dataset_event to 2025-04-03 00:00:00+00:00, run_after=2025-04-04 00:00:00+00:00
[2025-04-04T14:56:28.484+0000] {logging_mixin.py:190} INFO - [2025-04-04T14:56:28.484+0000] {dag.py:4180} INFO - Setting next_dagrun for read_dataset_event_from_classic to 2025-04-03 00:00:00+00:00, run_after=2025-04-04 00:00:00+00:00
[2025-04-04T14:56:28.541+0000] {processor.py:208} INFO - Processing /home/airflow/.local/lib/python3.12/site-packages/airflow/example_dags/example_inlet_event_extra.py took 1.010 seconds
[2025-04-04T14:56:59.136+0000] {processor.py:186} INFO - Started process (PID=1206) to work on /home/airflow/.local/lib/python3.12/site-packages/airflow/example_dags/example_inlet_event_extra.py
[2025-04-04T14:56:59.137+0000] {processor.py:914} INFO - Processing file /home/airflow/.local/lib/python3.12/site-packages/airflow/example_dags/example_inlet_event_extra.py for tasks to queue
[2025-04-04T14:56:59.141+0000] {logging_mixin.py:190} INFO - [2025-04-04T14:56:59.140+0000] {dagbag.py:588} INFO - Filling up the DagBag from /home/airflow/.local/lib/python3.12/site-packages/airflow/example_dags/example_inlet_event_extra.py
[2025-04-04T14:56:59.587+0000] {processor.py:925} INFO - DAG(s) 'read_dataset_event', 'read_dataset_event_from_classic' retrieved from /home/airflow/.local/lib/python3.12/site-packages/airflow/example_dags/example_inlet_event_extra.py
[2025-04-04T14:56:59.618+0000] {logging_mixin.py:190} INFO - [2025-04-04T14:56:59.617+0000] {dag.py:3239} INFO - Sync 2 DAGs
[2025-04-04T14:57:00.014+0000] {logging_mixin.py:190} INFO - [2025-04-04T14:57:00.014+0000] {dag.py:4180} INFO - Setting next_dagrun for read_dataset_event to 2025-04-03 00:00:00+00:00, run_after=2025-04-04 00:00:00+00:00
[2025-04-04T14:57:00.019+0000] {logging_mixin.py:190} INFO - [2025-04-04T14:57:00.019+0000] {dag.py:4180} INFO - Setting next_dagrun for read_dataset_event_from_classic to 2025-04-03 00:00:00+00:00, run_after=2025-04-04 00:00:00+00:00
[2025-04-04T14:57:00.135+0000] {processor.py:208} INFO - Processing /home/airflow/.local/lib/python3.12/site-packages/airflow/example_dags/example_inlet_event_extra.py took 1.004 seconds
[2025-04-04T14:57:30.763+0000] {processor.py:186} INFO - Started process (PID=1499) to work on /home/airflow/.local/lib/python3.12/site-packages/airflow/example_dags/example_inlet_event_extra.py
[2025-04-04T14:57:30.764+0000] {processor.py:914} INFO - Processing file /home/airflow/.local/lib/python3.12/site-packages/airflow/example_dags/example_inlet_event_extra.py for tasks to queue
[2025-04-04T14:57:30.768+0000] {logging_mixin.py:190} INFO - [2025-04-04T14:57:30.768+0000] {dagbag.py:588} INFO - Filling up the DagBag from /home/airflow/.local/lib/python3.12/site-packages/airflow/example_dags/example_inlet_event_extra.py
[2025-04-04T14:57:31.096+0000] {processor.py:925} INFO - DAG(s) 'read_dataset_event', 'read_dataset_event_from_classic' retrieved from /home/airflow/.local/lib/python3.12/site-packages/airflow/example_dags/example_inlet_event_extra.py
[2025-04-04T14:57:31.118+0000] {logging_mixin.py:190} INFO - [2025-04-04T14:57:31.118+0000] {dag.py:3239} INFO - Sync 2 DAGs
[2025-04-04T14:57:31.285+0000] {logging_mixin.py:190} INFO - [2025-04-04T14:57:31.285+0000] {dag.py:4180} INFO - Setting next_dagrun for read_dataset_event to 2025-04-03 00:00:00+00:00, run_after=2025-04-04 00:00:00+00:00
[2025-04-04T14:57:31.290+0000] {logging_mixin.py:190} INFO - [2025-04-04T14:57:31.290+0000] {dag.py:4180} INFO - Setting next_dagrun for read_dataset_event_from_classic to 2025-04-03 00:00:00+00:00, run_after=2025-04-04 00:00:00+00:00
[2025-04-04T14:57:31.305+0000] {processor.py:208} INFO - Processing /home/airflow/.local/lib/python3.12/site-packages/airflow/example_dags/example_inlet_event_extra.py took 0.548 seconds
[2025-04-04T14:58:01.917+0000] {processor.py:186} INFO - Started process (PID=1808) to work on /home/airflow/.local/lib/python3.12/site-packages/airflow/example_dags/example_inlet_event_extra.py
[2025-04-04T14:58:01.931+0000] {processor.py:914} INFO - Processing file /home/airflow/.local/lib/python3.12/site-packages/airflow/example_dags/example_inlet_event_extra.py for tasks to queue
[2025-04-04T14:58:01.933+0000] {logging_mixin.py:190} INFO - [2025-04-04T14:58:01.933+0000] {dagbag.py:588} INFO - Filling up the DagBag from /home/airflow/.local/lib/python3.12/site-packages/airflow/example_dags/example_inlet_event_extra.py
[2025-04-04T14:58:03.007+0000] {processor.py:925} INFO - DAG(s) 'read_dataset_event', 'read_dataset_event_from_classic' retrieved from /home/airflow/.local/lib/python3.12/site-packages/airflow/example_dags/example_inlet_event_extra.py
[2025-04-04T14:58:03.037+0000] {logging_mixin.py:190} INFO - [2025-04-04T14:58:03.036+0000] {dag.py:3239} INFO - Sync 2 DAGs
[2025-04-04T14:58:03.064+0000] {logging_mixin.py:190} INFO - [2025-04-04T14:58:03.064+0000] {dag.py:4180} INFO - Setting next_dagrun for read_dataset_event to 2025-04-03 00:00:00+00:00, run_after=2025-04-04 00:00:00+00:00
[2025-04-04T14:58:03.069+0000] {logging_mixin.py:190} INFO - [2025-04-04T14:58:03.069+0000] {dag.py:4180} INFO - Setting next_dagrun for read_dataset_event_from_classic to 2025-04-03 00:00:00+00:00, run_after=2025-04-04 00:00:00+00:00
[2025-04-04T14:58:03.086+0000] {processor.py:208} INFO - Processing /home/airflow/.local/lib/python3.12/site-packages/airflow/example_dags/example_inlet_event_extra.py took 1.175 seconds
[2025-04-04T14:58:34.084+0000] {processor.py:186} INFO - Started process (PID=2099) to work on /home/airflow/.local/lib/python3.12/site-packages/airflow/example_dags/example_inlet_event_extra.py
[2025-04-04T14:58:34.086+0000] {processor.py:914} INFO - Processing file /home/airflow/.local/lib/python3.12/site-packages/airflow/example_dags/example_inlet_event_extra.py for tasks to queue
[2025-04-04T14:58:34.418+0000] {logging_mixin.py:190} INFO - [2025-04-04T14:58:34.092+0000] {dagbag.py:588} INFO - Filling up the DagBag from /home/airflow/.local/lib/python3.12/site-packages/airflow/example_dags/example_inlet_event_extra.py
[2025-04-04T14:58:35.182+0000] {processor.py:925} INFO - DAG(s) 'read_dataset_event_from_classic', 'read_dataset_event' retrieved from /home/airflow/.local/lib/python3.12/site-packages/airflow/example_dags/example_inlet_event_extra.py
[2025-04-04T14:58:35.198+0000] {logging_mixin.py:190} INFO - [2025-04-04T14:58:35.198+0000] {dag.py:3239} INFO - Sync 2 DAGs
[2025-04-04T14:58:35.218+0000] {logging_mixin.py:190} INFO - [2025-04-04T14:58:35.218+0000] {dag.py:4180} INFO - Setting next_dagrun for read_dataset_event to 2025-04-03 00:00:00+00:00, run_after=2025-04-04 00:00:00+00:00
[2025-04-04T14:58:35.222+0000] {logging_mixin.py:190} INFO - [2025-04-04T14:58:35.222+0000] {dag.py:4180} INFO - Setting next_dagrun for read_dataset_event_from_classic to 2025-04-03 00:00:00+00:00, run_after=2025-04-04 00:00:00+00:00
[2025-04-04T14:58:35.235+0000] {processor.py:208} INFO - Processing /home/airflow/.local/lib/python3.12/site-packages/airflow/example_dags/example_inlet_event_extra.py took 1.202 seconds
[2025-04-04T14:59:05.980+0000] {processor.py:186} INFO - Started process (PID=2397) to work on /home/airflow/.local/lib/python3.12/site-packages/airflow/example_dags/example_inlet_event_extra.py
[2025-04-04T14:59:05.982+0000] {processor.py:914} INFO - Processing file /home/airflow/.local/lib/python3.12/site-packages/airflow/example_dags/example_inlet_event_extra.py for tasks to queue
[2025-04-04T14:59:05.985+0000] {logging_mixin.py:190} INFO - [2025-04-04T14:59:05.984+0000] {dagbag.py:588} INFO - Filling up the DagBag from /home/airflow/.local/lib/python3.12/site-packages/airflow/example_dags/example_inlet_event_extra.py
[2025-04-04T14:59:06.500+0000] {processor.py:925} INFO - DAG(s) 'read_dataset_event_from_classic', 'read_dataset_event' retrieved from /home/airflow/.local/lib/python3.12/site-packages/airflow/example_dags/example_inlet_event_extra.py
[2025-04-04T14:59:06.523+0000] {logging_mixin.py:190} INFO - [2025-04-04T14:59:06.523+0000] {dag.py:3239} INFO - Sync 2 DAGs
[2025-04-04T14:59:06.550+0000] {logging_mixin.py:190} INFO - [2025-04-04T14:59:06.549+0000] {dag.py:4180} INFO - Setting next_dagrun for read_dataset_event to 2025-04-03 00:00:00+00:00, run_after=2025-04-04 00:00:00+00:00
[2025-04-04T14:59:06.556+0000] {logging_mixin.py:190} INFO - [2025-04-04T14:59:06.555+0000] {dag.py:4180} INFO - Setting next_dagrun for read_dataset_event_from_classic to 2025-04-03 00:00:00+00:00, run_after=2025-04-04 00:00:00+00:00
[2025-04-04T14:59:06.579+0000] {processor.py:208} INFO - Processing /home/airflow/.local/lib/python3.12/site-packages/airflow/example_dags/example_inlet_event_extra.py took 0.604 seconds
[2025-04-04T14:59:36.721+0000] {processor.py:186} INFO - Started process (PID=2686) to work on /home/airflow/.local/lib/python3.12/site-packages/airflow/example_dags/example_inlet_event_extra.py
[2025-04-04T14:59:36.722+0000] {processor.py:914} INFO - Processing file /home/airflow/.local/lib/python3.12/site-packages/airflow/example_dags/example_inlet_event_extra.py for tasks to queue
[2025-04-04T14:59:36.725+0000] {logging_mixin.py:190} INFO - [2025-04-04T14:59:36.725+0000] {dagbag.py:588} INFO - Filling up the DagBag from /home/airflow/.local/lib/python3.12/site-packages/airflow/example_dags/example_inlet_event_extra.py
[2025-04-04T14:59:37.225+0000] {processor.py:925} INFO - DAG(s) 'read_dataset_event', 'read_dataset_event_from_classic' retrieved from /home/airflow/.local/lib/python3.12/site-packages/airflow/example_dags/example_inlet_event_extra.py
[2025-04-04T14:59:37.248+0000] {logging_mixin.py:190} INFO - [2025-04-04T14:59:37.247+0000] {dag.py:3239} INFO - Sync 2 DAGs
[2025-04-04T14:59:37.285+0000] {logging_mixin.py:190} INFO - [2025-04-04T14:59:37.284+0000] {dag.py:4180} INFO - Setting next_dagrun for read_dataset_event to 2025-04-03 00:00:00+00:00, run_after=2025-04-04 00:00:00+00:00
[2025-04-04T14:59:37.293+0000] {logging_mixin.py:190} INFO - [2025-04-04T14:59:37.293+0000] {dag.py:4180} INFO - Setting next_dagrun for read_dataset_event_from_classic to 2025-04-03 00:00:00+00:00, run_after=2025-04-04 00:00:00+00:00
[2025-04-04T14:59:37.327+0000] {processor.py:208} INFO - Processing /home/airflow/.local/lib/python3.12/site-packages/airflow/example_dags/example_inlet_event_extra.py took 0.610 seconds
[2025-04-04T15:00:08.172+0000] {processor.py:186} INFO - Started process (PID=2977) to work on /home/airflow/.local/lib/python3.12/site-packages/airflow/example_dags/example_inlet_event_extra.py
[2025-04-04T15:00:08.173+0000] {processor.py:914} INFO - Processing file /home/airflow/.local/lib/python3.12/site-packages/airflow/example_dags/example_inlet_event_extra.py for tasks to queue
[2025-04-04T15:00:08.176+0000] {logging_mixin.py:190} INFO - [2025-04-04T15:00:08.175+0000] {dagbag.py:588} INFO - Filling up the DagBag from /home/airflow/.local/lib/python3.12/site-packages/airflow/example_dags/example_inlet_event_extra.py
[2025-04-04T15:00:08.791+0000] {processor.py:925} INFO - DAG(s) 'read_dataset_event', 'read_dataset_event_from_classic' retrieved from /home/airflow/.local/lib/python3.12/site-packages/airflow/example_dags/example_inlet_event_extra.py
[2025-04-04T15:00:08.820+0000] {logging_mixin.py:190} INFO - [2025-04-04T15:00:08.819+0000] {dag.py:3239} INFO - Sync 2 DAGs
[2025-04-04T15:00:08.863+0000] {logging_mixin.py:190} INFO - [2025-04-04T15:00:08.862+0000] {dag.py:4180} INFO - Setting next_dagrun for read_dataset_event to 2025-04-03 00:00:00+00:00, run_after=2025-04-04 00:00:00+00:00
[2025-04-04T15:00:08.870+0000] {logging_mixin.py:190} INFO - [2025-04-04T15:00:08.869+0000] {dag.py:4180} INFO - Setting next_dagrun for read_dataset_event_from_classic to 2025-04-03 00:00:00+00:00, run_after=2025-04-04 00:00:00+00:00
[2025-04-04T15:00:08.890+0000] {processor.py:208} INFO - Processing /home/airflow/.local/lib/python3.12/site-packages/airflow/example_dags/example_inlet_event_extra.py took 0.725 seconds
[2025-04-04T15:00:39.688+0000] {processor.py:186} INFO - Started process (PID=3268) to work on /home/airflow/.local/lib/python3.12/site-packages/airflow/example_dags/example_inlet_event_extra.py
[2025-04-04T15:00:39.690+0000] {processor.py:914} INFO - Processing file /home/airflow/.local/lib/python3.12/site-packages/airflow/example_dags/example_inlet_event_extra.py for tasks to queue
[2025-04-04T15:00:39.692+0000] {logging_mixin.py:190} INFO - [2025-04-04T15:00:39.692+0000] {dagbag.py:588} INFO - Filling up the DagBag from /home/airflow/.local/lib/python3.12/site-packages/airflow/example_dags/example_inlet_event_extra.py
[2025-04-04T15:00:40.368+0000] {processor.py:925} INFO - DAG(s) 'read_dataset_event', 'read_dataset_event_from_classic' retrieved from /home/airflow/.local/lib/python3.12/site-packages/airflow/example_dags/example_inlet_event_extra.py
[2025-04-04T15:00:40.388+0000] {logging_mixin.py:190} INFO - [2025-04-04T15:00:40.388+0000] {dag.py:3239} INFO - Sync 2 DAGs
[2025-04-04T15:00:40.464+0000] {logging_mixin.py:190} INFO - [2025-04-04T15:00:40.464+0000] {dag.py:4180} INFO - Setting next_dagrun for read_dataset_event to 2025-04-03 00:00:00+00:00, run_after=2025-04-04 00:00:00+00:00
[2025-04-04T15:00:40.470+0000] {logging_mixin.py:190} INFO - [2025-04-04T15:00:40.470+0000] {dag.py:4180} INFO - Setting next_dagrun for read_dataset_event_from_classic to 2025-04-03 00:00:00+00:00, run_after=2025-04-04 00:00:00+00:00
[2025-04-04T15:00:40.485+0000] {processor.py:208} INFO - Processing /home/airflow/.local/lib/python3.12/site-packages/airflow/example_dags/example_inlet_event_extra.py took 0.803 seconds
[2025-04-04T15:01:10.890+0000] {processor.py:186} INFO - Started process (PID=3559) to work on /home/airflow/.local/lib/python3.12/site-packages/airflow/example_dags/example_inlet_event_extra.py
[2025-04-04T15:01:10.891+0000] {processor.py:914} INFO - Processing file /home/airflow/.local/lib/python3.12/site-packages/airflow/example_dags/example_inlet_event_extra.py for tasks to queue
[2025-04-04T15:01:10.894+0000] {logging_mixin.py:190} INFO - [2025-04-04T15:01:10.893+0000] {dagbag.py:588} INFO - Filling up the DagBag from /home/airflow/.local/lib/python3.12/site-packages/airflow/example_dags/example_inlet_event_extra.py
[2025-04-04T15:01:11.669+0000] {processor.py:925} INFO - DAG(s) 'read_dataset_event', 'read_dataset_event_from_classic' retrieved from /home/airflow/.local/lib/python3.12/site-packages/airflow/example_dags/example_inlet_event_extra.py
[2025-04-04T15:01:11.688+0000] {logging_mixin.py:190} INFO - [2025-04-04T15:01:11.688+0000] {dag.py:3239} INFO - Sync 2 DAGs
[2025-04-04T15:01:11.709+0000] {logging_mixin.py:190} INFO - [2025-04-04T15:01:11.709+0000] {dag.py:4180} INFO - Setting next_dagrun for read_dataset_event to 2025-04-03 00:00:00+00:00, run_after=2025-04-04 00:00:00+00:00
[2025-04-04T15:01:11.714+0000] {logging_mixin.py:190} INFO - [2025-04-04T15:01:11.714+0000] {dag.py:4180} INFO - Setting next_dagrun for read_dataset_event_from_classic to 2025-04-03 00:00:00+00:00, run_after=2025-04-04 00:00:00+00:00
[2025-04-04T15:01:11.728+0000] {processor.py:208} INFO - Processing /home/airflow/.local/lib/python3.12/site-packages/airflow/example_dags/example_inlet_event_extra.py took 0.843 seconds
[2025-04-04T15:01:42.551+0000] {processor.py:186} INFO - Started process (PID=3850) to work on /home/airflow/.local/lib/python3.12/site-packages/airflow/example_dags/example_inlet_event_extra.py
[2025-04-04T15:01:42.553+0000] {processor.py:914} INFO - Processing file /home/airflow/.local/lib/python3.12/site-packages/airflow/example_dags/example_inlet_event_extra.py for tasks to queue
[2025-04-04T15:01:42.555+0000] {logging_mixin.py:190} INFO - [2025-04-04T15:01:42.555+0000] {dagbag.py:588} INFO - Filling up the DagBag from /home/airflow/.local/lib/python3.12/site-packages/airflow/example_dags/example_inlet_event_extra.py
[2025-04-04T15:01:43.031+0000] {processor.py:925} INFO - DAG(s) 'read_dataset_event_from_classic', 'read_dataset_event' retrieved from /home/airflow/.local/lib/python3.12/site-packages/airflow/example_dags/example_inlet_event_extra.py
[2025-04-04T15:01:43.051+0000] {logging_mixin.py:190} INFO - [2025-04-04T15:01:43.051+0000] {dag.py:3239} INFO - Sync 2 DAGs
[2025-04-04T15:01:43.071+0000] {logging_mixin.py:190} INFO - [2025-04-04T15:01:43.071+0000] {dag.py:4180} INFO - Setting next_dagrun for read_dataset_event to 2025-04-03 00:00:00+00:00, run_after=2025-04-04 00:00:00+00:00
[2025-04-04T15:01:43.076+0000] {logging_mixin.py:190} INFO - [2025-04-04T15:01:43.075+0000] {dag.py:4180} INFO - Setting next_dagrun for read_dataset_event_from_classic to 2025-04-03 00:00:00+00:00, run_after=2025-04-04 00:00:00+00:00
[2025-04-04T15:01:43.090+0000] {processor.py:208} INFO - Processing /home/airflow/.local/lib/python3.12/site-packages/airflow/example_dags/example_inlet_event_extra.py took 0.545 seconds
[2025-04-04T15:02:13.149+0000] {processor.py:186} INFO - Started process (PID=4138) to work on /home/airflow/.local/lib/python3.12/site-packages/airflow/example_dags/example_inlet_event_extra.py
[2025-04-04T15:02:13.155+0000] {processor.py:914} INFO - Processing file /home/airflow/.local/lib/python3.12/site-packages/airflow/example_dags/example_inlet_event_extra.py for tasks to queue
[2025-04-04T15:02:13.158+0000] {logging_mixin.py:190} INFO - [2025-04-04T15:02:13.158+0000] {dagbag.py:588} INFO - Filling up the DagBag from /home/airflow/.local/lib/python3.12/site-packages/airflow/example_dags/example_inlet_event_extra.py
[2025-04-04T15:02:13.681+0000] {processor.py:925} INFO - DAG(s) 'read_dataset_event', 'read_dataset_event_from_classic' retrieved from /home/airflow/.local/lib/python3.12/site-packages/airflow/example_dags/example_inlet_event_extra.py
[2025-04-04T15:02:13.705+0000] {logging_mixin.py:190} INFO - [2025-04-04T15:02:13.704+0000] {dag.py:3239} INFO - Sync 2 DAGs
[2025-04-04T15:02:13.727+0000] {logging_mixin.py:190} INFO - [2025-04-04T15:02:13.727+0000] {dag.py:4180} INFO - Setting next_dagrun for read_dataset_event to 2025-04-03 00:00:00+00:00, run_after=2025-04-04 00:00:00+00:00
[2025-04-04T15:02:13.731+0000] {logging_mixin.py:190} INFO - [2025-04-04T15:02:13.731+0000] {dag.py:4180} INFO - Setting next_dagrun for read_dataset_event_from_classic to 2025-04-03 00:00:00+00:00, run_after=2025-04-04 00:00:00+00:00
[2025-04-04T15:02:13.805+0000] {processor.py:208} INFO - Processing /home/airflow/.local/lib/python3.12/site-packages/airflow/example_dags/example_inlet_event_extra.py took 0.662 seconds
[2025-04-04T15:02:43.976+0000] {processor.py:186} INFO - Started process (PID=4430) to work on /home/airflow/.local/lib/python3.12/site-packages/airflow/example_dags/example_inlet_event_extra.py
[2025-04-04T15:02:43.978+0000] {processor.py:914} INFO - Processing file /home/airflow/.local/lib/python3.12/site-packages/airflow/example_dags/example_inlet_event_extra.py for tasks to queue
[2025-04-04T15:02:43.982+0000] {logging_mixin.py:190} INFO - [2025-04-04T15:02:43.981+0000] {dagbag.py:588} INFO - Filling up the DagBag from /home/airflow/.local/lib/python3.12/site-packages/airflow/example_dags/example_inlet_event_extra.py
[2025-04-04T15:02:44.414+0000] {processor.py:925} INFO - DAG(s) 'read_dataset_event', 'read_dataset_event_from_classic' retrieved from /home/airflow/.local/lib/python3.12/site-packages/airflow/example_dags/example_inlet_event_extra.py
[2025-04-04T15:02:44.431+0000] {logging_mixin.py:190} INFO - [2025-04-04T15:02:44.431+0000] {dag.py:3239} INFO - Sync 2 DAGs
[2025-04-04T15:02:44.449+0000] {logging_mixin.py:190} INFO - [2025-04-04T15:02:44.448+0000] {dag.py:4180} INFO - Setting next_dagrun for read_dataset_event to 2025-04-03 00:00:00+00:00, run_after=2025-04-04 00:00:00+00:00
[2025-04-04T15:02:44.453+0000] {logging_mixin.py:190} INFO - [2025-04-04T15:02:44.453+0000] {dag.py:4180} INFO - Setting next_dagrun for read_dataset_event_from_classic to 2025-04-03 00:00:00+00:00, run_after=2025-04-04 00:00:00+00:00
[2025-04-04T15:02:44.466+0000] {processor.py:208} INFO - Processing /home/airflow/.local/lib/python3.12/site-packages/airflow/example_dags/example_inlet_event_extra.py took 0.499 seconds
[2025-04-04T15:03:15.393+0000] {processor.py:186} INFO - Started process (PID=4729) to work on /home/airflow/.local/lib/python3.12/site-packages/airflow/example_dags/example_inlet_event_extra.py
[2025-04-04T15:03:15.394+0000] {processor.py:914} INFO - Processing file /home/airflow/.local/lib/python3.12/site-packages/airflow/example_dags/example_inlet_event_extra.py for tasks to queue
[2025-04-04T15:03:15.396+0000] {logging_mixin.py:190} INFO - [2025-04-04T15:03:15.396+0000] {dagbag.py:588} INFO - Filling up the DagBag from /home/airflow/.local/lib/python3.12/site-packages/airflow/example_dags/example_inlet_event_extra.py
[2025-04-04T15:03:15.877+0000] {processor.py:925} INFO - DAG(s) 'read_dataset_event_from_classic', 'read_dataset_event' retrieved from /home/airflow/.local/lib/python3.12/site-packages/airflow/example_dags/example_inlet_event_extra.py
[2025-04-04T15:03:15.899+0000] {logging_mixin.py:190} INFO - [2025-04-04T15:03:15.898+0000] {dag.py:3239} INFO - Sync 2 DAGs
[2025-04-04T15:03:15.922+0000] {logging_mixin.py:190} INFO - [2025-04-04T15:03:15.922+0000] {dag.py:4180} INFO - Setting next_dagrun for read_dataset_event to 2025-04-03 00:00:00+00:00, run_after=2025-04-04 00:00:00+00:00
[2025-04-04T15:03:15.927+0000] {logging_mixin.py:190} INFO - [2025-04-04T15:03:15.927+0000] {dag.py:4180} INFO - Setting next_dagrun for read_dataset_event_from_classic to 2025-04-03 00:00:00+00:00, run_after=2025-04-04 00:00:00+00:00
[2025-04-04T15:03:15.945+0000] {processor.py:208} INFO - Processing /home/airflow/.local/lib/python3.12/site-packages/airflow/example_dags/example_inlet_event_extra.py took 0.557 seconds
[2025-04-04T15:03:46.554+0000] {processor.py:186} INFO - Started process (PID=5026) to work on /home/airflow/.local/lib/python3.12/site-packages/airflow/example_dags/example_inlet_event_extra.py
[2025-04-04T15:03:46.555+0000] {processor.py:914} INFO - Processing file /home/airflow/.local/lib/python3.12/site-packages/airflow/example_dags/example_inlet_event_extra.py for tasks to queue
[2025-04-04T15:03:46.557+0000] {logging_mixin.py:190} INFO - [2025-04-04T15:03:46.557+0000] {dagbag.py:588} INFO - Filling up the DagBag from /home/airflow/.local/lib/python3.12/site-packages/airflow/example_dags/example_inlet_event_extra.py
[2025-04-04T15:03:47.047+0000] {processor.py:925} INFO - DAG(s) 'read_dataset_event', 'read_dataset_event_from_classic' retrieved from /home/airflow/.local/lib/python3.12/site-packages/airflow/example_dags/example_inlet_event_extra.py
[2025-04-04T15:03:47.067+0000] {logging_mixin.py:190} INFO - [2025-04-04T15:03:47.067+0000] {dag.py:3239} INFO - Sync 2 DAGs
[2025-04-04T15:03:47.089+0000] {logging_mixin.py:190} INFO - [2025-04-04T15:03:47.089+0000] {dag.py:4180} INFO - Setting next_dagrun for read_dataset_event to 2025-04-03 00:00:00+00:00, run_after=2025-04-04 00:00:00+00:00
[2025-04-04T15:03:47.094+0000] {logging_mixin.py:190} INFO - [2025-04-04T15:03:47.094+0000] {dag.py:4180} INFO - Setting next_dagrun for read_dataset_event_from_classic to 2025-04-03 00:00:00+00:00, run_after=2025-04-04 00:00:00+00:00
[2025-04-04T15:03:47.109+0000] {processor.py:208} INFO - Processing /home/airflow/.local/lib/python3.12/site-packages/airflow/example_dags/example_inlet_event_extra.py took 0.559 seconds
[2025-04-04T15:04:17.853+0000] {processor.py:186} INFO - Started process (PID=5317) to work on /home/airflow/.local/lib/python3.12/site-packages/airflow/example_dags/example_inlet_event_extra.py
[2025-04-04T15:04:17.855+0000] {processor.py:914} INFO - Processing file /home/airflow/.local/lib/python3.12/site-packages/airflow/example_dags/example_inlet_event_extra.py for tasks to queue
[2025-04-04T15:04:17.857+0000] {logging_mixin.py:190} INFO - [2025-04-04T15:04:17.857+0000] {dagbag.py:588} INFO - Filling up the DagBag from /home/airflow/.local/lib/python3.12/site-packages/airflow/example_dags/example_inlet_event_extra.py
[2025-04-04T15:04:18.315+0000] {processor.py:925} INFO - DAG(s) 'read_dataset_event_from_classic', 'read_dataset_event' retrieved from /home/airflow/.local/lib/python3.12/site-packages/airflow/example_dags/example_inlet_event_extra.py
[2025-04-04T15:04:18.340+0000] {logging_mixin.py:190} INFO - [2025-04-04T15:04:18.340+0000] {dag.py:3239} INFO - Sync 2 DAGs
[2025-04-04T15:04:18.381+0000] {logging_mixin.py:190} INFO - [2025-04-04T15:04:18.381+0000] {dag.py:4180} INFO - Setting next_dagrun for read_dataset_event to 2025-04-03 00:00:00+00:00, run_after=2025-04-04 00:00:00+00:00
[2025-04-04T15:04:18.387+0000] {logging_mixin.py:190} INFO - [2025-04-04T15:04:18.387+0000] {dag.py:4180} INFO - Setting next_dagrun for read_dataset_event_from_classic to 2025-04-03 00:00:00+00:00, run_after=2025-04-04 00:00:00+00:00
[2025-04-04T15:04:18.406+0000] {processor.py:208} INFO - Processing /home/airflow/.local/lib/python3.12/site-packages/airflow/example_dags/example_inlet_event_extra.py took 0.558 seconds
