[2025-04-04T14:55:19.632+0000] {processor.py:186} INFO - Started process (PID=284) to work on /home/airflow/.local/lib/python3.12/site-packages/airflow/example_dags/example_xcomargs.py
[2025-04-04T14:55:19.633+0000] {processor.py:914} INFO - Processing file /home/airflow/.local/lib/python3.12/site-packages/airflow/example_dags/example_xcomargs.py for tasks to queue
[2025-04-04T14:55:19.637+0000] {logging_mixin.py:190} INFO - [2025-04-04T14:55:19.636+0000] {dagbag.py:588} INFO - Filling up the DagBag from /home/airflow/.local/lib/python3.12/site-packages/airflow/example_dags/example_xcomargs.py
[2025-04-04T14:55:19.651+0000] {processor.py:925} INFO - DAG(s) 'example_xcom_args_with_operators', 'example_xcom_args' retrieved from /home/airflow/.local/lib/python3.12/site-packages/airflow/example_dags/example_xcomargs.py
[2025-04-04T14:55:19.924+0000] {logging_mixin.py:190} INFO - [2025-04-04T14:55:19.923+0000] {override.py:1912} INFO - Created Permission View: can edit on DAG:example_xcom_args_with_operators
[2025-04-04T14:55:19.951+0000] {logging_mixin.py:190} INFO - [2025-04-04T14:55:19.950+0000] {override.py:1912} INFO - Created Permission View: can delete on DAG:example_xcom_args_with_operators
[2025-04-04T14:55:19.961+0000] {logging_mixin.py:190} INFO - [2025-04-04T14:55:19.960+0000] {override.py:1912} INFO - Created Permission View: can read on DAG:example_xcom_args_with_operators
[2025-04-04T14:55:19.971+0000] {logging_mixin.py:190} INFO - [2025-04-04T14:55:19.971+0000] {override.py:1912} INFO - Created Permission View: can create on DAG Run:example_xcom_args_with_operators
[2025-04-04T14:55:19.980+0000] {logging_mixin.py:190} INFO - [2025-04-04T14:55:19.979+0000] {override.py:1912} INFO - Created Permission View: menu access on DAG Run:example_xcom_args_with_operators
[2025-04-04T14:55:19.987+0000] {logging_mixin.py:190} INFO - [2025-04-04T14:55:19.987+0000] {override.py:1912} INFO - Created Permission View: can delete on DAG Run:example_xcom_args_with_operators
[2025-04-04T14:55:19.997+0000] {logging_mixin.py:190} INFO - [2025-04-04T14:55:19.997+0000] {override.py:1912} INFO - Created Permission View: can read on DAG Run:example_xcom_args_with_operators
[2025-04-04T14:55:20.021+0000] {logging_mixin.py:190} INFO - [2025-04-04T14:55:20.021+0000] {override.py:1912} INFO - Created Permission View: can edit on DAG:example_xcom_args
[2025-04-04T14:55:20.032+0000] {logging_mixin.py:190} INFO - [2025-04-04T14:55:20.032+0000] {override.py:1912} INFO - Created Permission View: can delete on DAG:example_xcom_args
[2025-04-04T14:55:20.043+0000] {logging_mixin.py:190} INFO - [2025-04-04T14:55:20.042+0000] {override.py:1912} INFO - Created Permission View: can read on DAG:example_xcom_args
[2025-04-04T14:55:20.053+0000] {logging_mixin.py:190} INFO - [2025-04-04T14:55:20.053+0000] {override.py:1912} INFO - Created Permission View: can create on DAG Run:example_xcom_args
[2025-04-04T14:55:20.062+0000] {logging_mixin.py:190} INFO - [2025-04-04T14:55:20.061+0000] {override.py:1912} INFO - Created Permission View: menu access on DAG Run:example_xcom_args
[2025-04-04T14:55:20.071+0000] {logging_mixin.py:190} INFO - [2025-04-04T14:55:20.071+0000] {override.py:1912} INFO - Created Permission View: can delete on DAG Run:example_xcom_args
[2025-04-04T14:55:20.081+0000] {logging_mixin.py:190} INFO - [2025-04-04T14:55:20.080+0000] {override.py:1912} INFO - Created Permission View: can read on DAG Run:example_xcom_args
[2025-04-04T14:55:20.083+0000] {logging_mixin.py:190} INFO - [2025-04-04T14:55:20.083+0000] {dag.py:3239} INFO - Sync 2 DAGs
[2025-04-04T14:55:20.118+0000] {logging_mixin.py:190} INFO - [2025-04-04T14:55:20.118+0000] {dag.py:3262} INFO - Creating ORM DAG for example_xcom_args
[2025-04-04T14:55:20.119+0000] {logging_mixin.py:190} INFO - [2025-04-04T14:55:20.119+0000] {dag.py:3262} INFO - Creating ORM DAG for example_xcom_args_with_operators
[2025-04-04T14:55:20.121+0000] {logging_mixin.py:190} INFO - [2025-04-04T14:55:20.121+0000] {dag.py:4180} INFO - Setting next_dagrun for example_xcom_args to None, run_after=None
[2025-04-04T14:55:20.122+0000] {logging_mixin.py:190} INFO - [2025-04-04T14:55:20.122+0000] {dag.py:4180} INFO - Setting next_dagrun for example_xcom_args_with_operators to None, run_after=None
[2025-04-04T14:55:20.147+0000] {processor.py:208} INFO - Processing /home/airflow/.local/lib/python3.12/site-packages/airflow/example_dags/example_xcomargs.py took 0.523 seconds
[2025-04-04T14:55:51.165+0000] {processor.py:186} INFO - Started process (PID=575) to work on /home/airflow/.local/lib/python3.12/site-packages/airflow/example_dags/example_xcomargs.py
[2025-04-04T14:55:51.167+0000] {processor.py:914} INFO - Processing file /home/airflow/.local/lib/python3.12/site-packages/airflow/example_dags/example_xcomargs.py for tasks to queue
[2025-04-04T14:55:51.169+0000] {logging_mixin.py:190} INFO - [2025-04-04T14:55:51.169+0000] {dagbag.py:588} INFO - Filling up the DagBag from /home/airflow/.local/lib/python3.12/site-packages/airflow/example_dags/example_xcomargs.py
[2025-04-04T14:55:51.179+0000] {processor.py:925} INFO - DAG(s) 'example_xcom_args', 'example_xcom_args_with_operators' retrieved from /home/airflow/.local/lib/python3.12/site-packages/airflow/example_dags/example_xcomargs.py
[2025-04-04T14:55:51.208+0000] {logging_mixin.py:190} INFO - [2025-04-04T14:55:51.208+0000] {dag.py:3239} INFO - Sync 2 DAGs
[2025-04-04T14:55:51.220+0000] {logging_mixin.py:190} INFO - [2025-04-04T14:55:51.220+0000] {dag.py:4180} INFO - Setting next_dagrun for example_xcom_args to None, run_after=None
[2025-04-04T14:55:51.225+0000] {logging_mixin.py:190} INFO - [2025-04-04T14:55:51.225+0000] {dag.py:4180} INFO - Setting next_dagrun for example_xcom_args_with_operators to None, run_after=None
[2025-04-04T14:55:51.239+0000] {processor.py:208} INFO - Processing /home/airflow/.local/lib/python3.12/site-packages/airflow/example_dags/example_xcomargs.py took 0.080 seconds
[2025-04-04T14:56:21.872+0000] {processor.py:186} INFO - Started process (PID=867) to work on /home/airflow/.local/lib/python3.12/site-packages/airflow/example_dags/example_xcomargs.py
[2025-04-04T14:56:21.874+0000] {processor.py:914} INFO - Processing file /home/airflow/.local/lib/python3.12/site-packages/airflow/example_dags/example_xcomargs.py for tasks to queue
[2025-04-04T14:56:21.877+0000] {logging_mixin.py:190} INFO - [2025-04-04T14:56:21.876+0000] {dagbag.py:588} INFO - Filling up the DagBag from /home/airflow/.local/lib/python3.12/site-packages/airflow/example_dags/example_xcomargs.py
[2025-04-04T14:56:21.886+0000] {processor.py:925} INFO - DAG(s) 'example_xcom_args_with_operators', 'example_xcom_args' retrieved from /home/airflow/.local/lib/python3.12/site-packages/airflow/example_dags/example_xcomargs.py
[2025-04-04T14:56:21.911+0000] {logging_mixin.py:190} INFO - [2025-04-04T14:56:21.911+0000] {dag.py:3239} INFO - Sync 2 DAGs
[2025-04-04T14:56:21.926+0000] {logging_mixin.py:190} INFO - [2025-04-04T14:56:21.925+0000] {dag.py:4180} INFO - Setting next_dagrun for example_xcom_args to None, run_after=None
[2025-04-04T14:56:21.929+0000] {logging_mixin.py:190} INFO - [2025-04-04T14:56:21.929+0000] {dag.py:4180} INFO - Setting next_dagrun for example_xcom_args_with_operators to None, run_after=None
[2025-04-04T14:56:21.943+0000] {processor.py:208} INFO - Processing /home/airflow/.local/lib/python3.12/site-packages/airflow/example_dags/example_xcomargs.py took 0.077 seconds
[2025-04-04T14:56:52.514+0000] {processor.py:186} INFO - Started process (PID=1158) to work on /home/airflow/.local/lib/python3.12/site-packages/airflow/example_dags/example_xcomargs.py
[2025-04-04T14:56:52.515+0000] {processor.py:914} INFO - Processing file /home/airflow/.local/lib/python3.12/site-packages/airflow/example_dags/example_xcomargs.py for tasks to queue
[2025-04-04T14:56:52.518+0000] {logging_mixin.py:190} INFO - [2025-04-04T14:56:52.517+0000] {dagbag.py:588} INFO - Filling up the DagBag from /home/airflow/.local/lib/python3.12/site-packages/airflow/example_dags/example_xcomargs.py
[2025-04-04T14:56:52.531+0000] {processor.py:925} INFO - DAG(s) 'example_xcom_args_with_operators', 'example_xcom_args' retrieved from /home/airflow/.local/lib/python3.12/site-packages/airflow/example_dags/example_xcomargs.py
[2025-04-04T14:56:52.558+0000] {logging_mixin.py:190} INFO - [2025-04-04T14:56:52.558+0000] {dag.py:3239} INFO - Sync 2 DAGs
[2025-04-04T14:56:52.574+0000] {logging_mixin.py:190} INFO - [2025-04-04T14:56:52.574+0000] {dag.py:4180} INFO - Setting next_dagrun for example_xcom_args to None, run_after=None
[2025-04-04T14:56:52.579+0000] {logging_mixin.py:190} INFO - [2025-04-04T14:56:52.578+0000] {dag.py:4180} INFO - Setting next_dagrun for example_xcom_args_with_operators to None, run_after=None
[2025-04-04T14:56:52.610+0000] {processor.py:208} INFO - Processing /home/airflow/.local/lib/python3.12/site-packages/airflow/example_dags/example_xcomargs.py took 0.101 seconds
[2025-04-04T14:57:23.096+0000] {processor.py:186} INFO - Started process (PID=1449) to work on /home/airflow/.local/lib/python3.12/site-packages/airflow/example_dags/example_xcomargs.py
[2025-04-04T14:57:23.099+0000] {processor.py:914} INFO - Processing file /home/airflow/.local/lib/python3.12/site-packages/airflow/example_dags/example_xcomargs.py for tasks to queue
[2025-04-04T14:57:23.102+0000] {logging_mixin.py:190} INFO - [2025-04-04T14:57:23.102+0000] {dagbag.py:588} INFO - Filling up the DagBag from /home/airflow/.local/lib/python3.12/site-packages/airflow/example_dags/example_xcomargs.py
[2025-04-04T14:57:23.113+0000] {processor.py:925} INFO - DAG(s) 'example_xcom_args_with_operators', 'example_xcom_args' retrieved from /home/airflow/.local/lib/python3.12/site-packages/airflow/example_dags/example_xcomargs.py
[2025-04-04T14:57:23.144+0000] {logging_mixin.py:190} INFO - [2025-04-04T14:57:23.144+0000] {dag.py:3239} INFO - Sync 2 DAGs
[2025-04-04T14:57:23.161+0000] {logging_mixin.py:190} INFO - [2025-04-04T14:57:23.160+0000] {dag.py:4180} INFO - Setting next_dagrun for example_xcom_args to None, run_after=None
[2025-04-04T14:57:23.166+0000] {logging_mixin.py:190} INFO - [2025-04-04T14:57:23.165+0000] {dag.py:4180} INFO - Setting next_dagrun for example_xcom_args_with_operators to None, run_after=None
[2025-04-04T14:57:23.186+0000] {processor.py:208} INFO - Processing /home/airflow/.local/lib/python3.12/site-packages/airflow/example_dags/example_xcomargs.py took 0.096 seconds
[2025-04-04T14:57:53.385+0000] {processor.py:186} INFO - Started process (PID=1740) to work on /home/airflow/.local/lib/python3.12/site-packages/airflow/example_dags/example_xcomargs.py
[2025-04-04T14:57:53.386+0000] {processor.py:914} INFO - Processing file /home/airflow/.local/lib/python3.12/site-packages/airflow/example_dags/example_xcomargs.py for tasks to queue
[2025-04-04T14:57:53.389+0000] {logging_mixin.py:190} INFO - [2025-04-04T14:57:53.388+0000] {dagbag.py:588} INFO - Filling up the DagBag from /home/airflow/.local/lib/python3.12/site-packages/airflow/example_dags/example_xcomargs.py
[2025-04-04T14:57:53.401+0000] {processor.py:925} INFO - DAG(s) 'example_xcom_args', 'example_xcom_args_with_operators' retrieved from /home/airflow/.local/lib/python3.12/site-packages/airflow/example_dags/example_xcomargs.py
[2025-04-04T14:57:53.430+0000] {logging_mixin.py:190} INFO - [2025-04-04T14:57:53.430+0000] {dag.py:3239} INFO - Sync 2 DAGs
[2025-04-04T14:57:53.454+0000] {logging_mixin.py:190} INFO - [2025-04-04T14:57:53.454+0000] {dag.py:4180} INFO - Setting next_dagrun for example_xcom_args to None, run_after=None
[2025-04-04T14:57:53.461+0000] {logging_mixin.py:190} INFO - [2025-04-04T14:57:53.461+0000] {dag.py:4180} INFO - Setting next_dagrun for example_xcom_args_with_operators to None, run_after=None
[2025-04-04T14:57:53.484+0000] {processor.py:208} INFO - Processing /home/airflow/.local/lib/python3.12/site-packages/airflow/example_dags/example_xcomargs.py took 0.104 seconds
[2025-04-04T14:58:23.660+0000] {processor.py:186} INFO - Started process (PID=2031) to work on /home/airflow/.local/lib/python3.12/site-packages/airflow/example_dags/example_xcomargs.py
[2025-04-04T14:58:23.662+0000] {processor.py:914} INFO - Processing file /home/airflow/.local/lib/python3.12/site-packages/airflow/example_dags/example_xcomargs.py for tasks to queue
[2025-04-04T14:58:23.666+0000] {logging_mixin.py:190} INFO - [2025-04-04T14:58:23.666+0000] {dagbag.py:588} INFO - Filling up the DagBag from /home/airflow/.local/lib/python3.12/site-packages/airflow/example_dags/example_xcomargs.py
[2025-04-04T14:58:23.675+0000] {processor.py:925} INFO - DAG(s) 'example_xcom_args_with_operators', 'example_xcom_args' retrieved from /home/airflow/.local/lib/python3.12/site-packages/airflow/example_dags/example_xcomargs.py
[2025-04-04T14:58:23.698+0000] {logging_mixin.py:190} INFO - [2025-04-04T14:58:23.698+0000] {dag.py:3239} INFO - Sync 2 DAGs
[2025-04-04T14:58:23.713+0000] {logging_mixin.py:190} INFO - [2025-04-04T14:58:23.713+0000] {dag.py:4180} INFO - Setting next_dagrun for example_xcom_args to None, run_after=None
[2025-04-04T14:58:23.717+0000] {logging_mixin.py:190} INFO - [2025-04-04T14:58:23.717+0000] {dag.py:4180} INFO - Setting next_dagrun for example_xcom_args_with_operators to None, run_after=None
[2025-04-04T14:58:23.734+0000] {processor.py:208} INFO - Processing /home/airflow/.local/lib/python3.12/site-packages/airflow/example_dags/example_xcomargs.py took 0.080 seconds
[2025-04-04T14:58:54.352+0000] {processor.py:186} INFO - Started process (PID=2322) to work on /home/airflow/.local/lib/python3.12/site-packages/airflow/example_dags/example_xcomargs.py
[2025-04-04T14:58:54.354+0000] {processor.py:914} INFO - Processing file /home/airflow/.local/lib/python3.12/site-packages/airflow/example_dags/example_xcomargs.py for tasks to queue
[2025-04-04T14:58:54.357+0000] {logging_mixin.py:190} INFO - [2025-04-04T14:58:54.356+0000] {dagbag.py:588} INFO - Filling up the DagBag from /home/airflow/.local/lib/python3.12/site-packages/airflow/example_dags/example_xcomargs.py
[2025-04-04T14:58:54.366+0000] {processor.py:925} INFO - DAG(s) 'example_xcom_args_with_operators', 'example_xcom_args' retrieved from /home/airflow/.local/lib/python3.12/site-packages/airflow/example_dags/example_xcomargs.py
[2025-04-04T14:58:54.388+0000] {logging_mixin.py:190} INFO - [2025-04-04T14:58:54.388+0000] {dag.py:3239} INFO - Sync 2 DAGs
[2025-04-04T14:58:54.402+0000] {logging_mixin.py:190} INFO - [2025-04-04T14:58:54.402+0000] {dag.py:4180} INFO - Setting next_dagrun for example_xcom_args to None, run_after=None
[2025-04-04T14:58:54.408+0000] {logging_mixin.py:190} INFO - [2025-04-04T14:58:54.408+0000] {dag.py:4180} INFO - Setting next_dagrun for example_xcom_args_with_operators to None, run_after=None
[2025-04-04T14:58:54.431+0000] {processor.py:208} INFO - Processing /home/airflow/.local/lib/python3.12/site-packages/airflow/example_dags/example_xcomargs.py took 0.084 seconds
[2025-04-04T14:59:24.714+0000] {processor.py:186} INFO - Started process (PID=2613) to work on /home/airflow/.local/lib/python3.12/site-packages/airflow/example_dags/example_xcomargs.py
[2025-04-04T14:59:24.715+0000] {processor.py:914} INFO - Processing file /home/airflow/.local/lib/python3.12/site-packages/airflow/example_dags/example_xcomargs.py for tasks to queue
[2025-04-04T14:59:24.718+0000] {logging_mixin.py:190} INFO - [2025-04-04T14:59:24.717+0000] {dagbag.py:588} INFO - Filling up the DagBag from /home/airflow/.local/lib/python3.12/site-packages/airflow/example_dags/example_xcomargs.py
[2025-04-04T14:59:24.727+0000] {processor.py:925} INFO - DAG(s) 'example_xcom_args_with_operators', 'example_xcom_args' retrieved from /home/airflow/.local/lib/python3.12/site-packages/airflow/example_dags/example_xcomargs.py
[2025-04-04T14:59:24.749+0000] {logging_mixin.py:190} INFO - [2025-04-04T14:59:24.749+0000] {dag.py:3239} INFO - Sync 2 DAGs
[2025-04-04T14:59:24.763+0000] {logging_mixin.py:190} INFO - [2025-04-04T14:59:24.763+0000] {dag.py:4180} INFO - Setting next_dagrun for example_xcom_args to None, run_after=None
[2025-04-04T14:59:24.767+0000] {logging_mixin.py:190} INFO - [2025-04-04T14:59:24.767+0000] {dag.py:4180} INFO - Setting next_dagrun for example_xcom_args_with_operators to None, run_after=None
[2025-04-04T14:59:24.785+0000] {processor.py:208} INFO - Processing /home/airflow/.local/lib/python3.12/site-packages/airflow/example_dags/example_xcomargs.py took 0.077 seconds
[2025-04-04T14:59:55.748+0000] {processor.py:186} INFO - Started process (PID=2904) to work on /home/airflow/.local/lib/python3.12/site-packages/airflow/example_dags/example_xcomargs.py
[2025-04-04T14:59:55.749+0000] {processor.py:914} INFO - Processing file /home/airflow/.local/lib/python3.12/site-packages/airflow/example_dags/example_xcomargs.py for tasks to queue
[2025-04-04T14:59:55.755+0000] {logging_mixin.py:190} INFO - [2025-04-04T14:59:55.754+0000] {dagbag.py:588} INFO - Filling up the DagBag from /home/airflow/.local/lib/python3.12/site-packages/airflow/example_dags/example_xcomargs.py
[2025-04-04T14:59:55.769+0000] {processor.py:925} INFO - DAG(s) 'example_xcom_args', 'example_xcom_args_with_operators' retrieved from /home/airflow/.local/lib/python3.12/site-packages/airflow/example_dags/example_xcomargs.py
[2025-04-04T14:59:55.797+0000] {logging_mixin.py:190} INFO - [2025-04-04T14:59:55.797+0000] {dag.py:3239} INFO - Sync 2 DAGs
[2025-04-04T14:59:55.812+0000] {logging_mixin.py:190} INFO - [2025-04-04T14:59:55.812+0000] {dag.py:4180} INFO - Setting next_dagrun for example_xcom_args to None, run_after=None
[2025-04-04T14:59:55.817+0000] {logging_mixin.py:190} INFO - [2025-04-04T14:59:55.817+0000] {dag.py:4180} INFO - Setting next_dagrun for example_xcom_args_with_operators to None, run_after=None
[2025-04-04T14:59:55.833+0000] {processor.py:208} INFO - Processing /home/airflow/.local/lib/python3.12/site-packages/airflow/example_dags/example_xcomargs.py took 0.090 seconds
[2025-04-04T15:00:26.342+0000] {processor.py:186} INFO - Started process (PID=3195) to work on /home/airflow/.local/lib/python3.12/site-packages/airflow/example_dags/example_xcomargs.py
[2025-04-04T15:00:26.344+0000] {processor.py:914} INFO - Processing file /home/airflow/.local/lib/python3.12/site-packages/airflow/example_dags/example_xcomargs.py for tasks to queue
[2025-04-04T15:00:26.346+0000] {logging_mixin.py:190} INFO - [2025-04-04T15:00:26.346+0000] {dagbag.py:588} INFO - Filling up the DagBag from /home/airflow/.local/lib/python3.12/site-packages/airflow/example_dags/example_xcomargs.py
[2025-04-04T15:00:26.356+0000] {processor.py:925} INFO - DAG(s) 'example_xcom_args', 'example_xcom_args_with_operators' retrieved from /home/airflow/.local/lib/python3.12/site-packages/airflow/example_dags/example_xcomargs.py
[2025-04-04T15:00:26.382+0000] {logging_mixin.py:190} INFO - [2025-04-04T15:00:26.382+0000] {dag.py:3239} INFO - Sync 2 DAGs
[2025-04-04T15:00:26.395+0000] {logging_mixin.py:190} INFO - [2025-04-04T15:00:26.395+0000] {dag.py:4180} INFO - Setting next_dagrun for example_xcom_args to None, run_after=None
[2025-04-04T15:00:26.399+0000] {logging_mixin.py:190} INFO - [2025-04-04T15:00:26.399+0000] {dag.py:4180} INFO - Setting next_dagrun for example_xcom_args_with_operators to None, run_after=None
[2025-04-04T15:00:26.416+0000] {processor.py:208} INFO - Processing /home/airflow/.local/lib/python3.12/site-packages/airflow/example_dags/example_xcomargs.py took 0.078 seconds
[2025-04-04T15:00:57.306+0000] {processor.py:186} INFO - Started process (PID=3486) to work on /home/airflow/.local/lib/python3.12/site-packages/airflow/example_dags/example_xcomargs.py
[2025-04-04T15:00:57.307+0000] {processor.py:914} INFO - Processing file /home/airflow/.local/lib/python3.12/site-packages/airflow/example_dags/example_xcomargs.py for tasks to queue
[2025-04-04T15:00:57.309+0000] {logging_mixin.py:190} INFO - [2025-04-04T15:00:57.309+0000] {dagbag.py:588} INFO - Filling up the DagBag from /home/airflow/.local/lib/python3.12/site-packages/airflow/example_dags/example_xcomargs.py
[2025-04-04T15:00:57.318+0000] {processor.py:925} INFO - DAG(s) 'example_xcom_args', 'example_xcom_args_with_operators' retrieved from /home/airflow/.local/lib/python3.12/site-packages/airflow/example_dags/example_xcomargs.py
[2025-04-04T15:00:57.338+0000] {logging_mixin.py:190} INFO - [2025-04-04T15:00:57.338+0000] {dag.py:3239} INFO - Sync 2 DAGs
[2025-04-04T15:00:57.351+0000] {logging_mixin.py:190} INFO - [2025-04-04T15:00:57.351+0000] {dag.py:4180} INFO - Setting next_dagrun for example_xcom_args to None, run_after=None
[2025-04-04T15:00:57.355+0000] {logging_mixin.py:190} INFO - [2025-04-04T15:00:57.354+0000] {dag.py:4180} INFO - Setting next_dagrun for example_xcom_args_with_operators to None, run_after=None
[2025-04-04T15:00:57.370+0000] {processor.py:208} INFO - Processing /home/airflow/.local/lib/python3.12/site-packages/airflow/example_dags/example_xcomargs.py took 0.069 seconds
[2025-04-04T15:01:28.365+0000] {processor.py:186} INFO - Started process (PID=3777) to work on /home/airflow/.local/lib/python3.12/site-packages/airflow/example_dags/example_xcomargs.py
[2025-04-04T15:01:28.367+0000] {processor.py:914} INFO - Processing file /home/airflow/.local/lib/python3.12/site-packages/airflow/example_dags/example_xcomargs.py for tasks to queue
[2025-04-04T15:01:28.370+0000] {logging_mixin.py:190} INFO - [2025-04-04T15:01:28.370+0000] {dagbag.py:588} INFO - Filling up the DagBag from /home/airflow/.local/lib/python3.12/site-packages/airflow/example_dags/example_xcomargs.py
[2025-04-04T15:01:28.379+0000] {processor.py:925} INFO - DAG(s) 'example_xcom_args', 'example_xcom_args_with_operators' retrieved from /home/airflow/.local/lib/python3.12/site-packages/airflow/example_dags/example_xcomargs.py
[2025-04-04T15:01:28.405+0000] {logging_mixin.py:190} INFO - [2025-04-04T15:01:28.405+0000] {dag.py:3239} INFO - Sync 2 DAGs
[2025-04-04T15:01:28.417+0000] {logging_mixin.py:190} INFO - [2025-04-04T15:01:28.417+0000] {dag.py:4180} INFO - Setting next_dagrun for example_xcom_args to None, run_after=None
[2025-04-04T15:01:28.422+0000] {logging_mixin.py:190} INFO - [2025-04-04T15:01:28.422+0000] {dag.py:4180} INFO - Setting next_dagrun for example_xcom_args_with_operators to None, run_after=None
[2025-04-04T15:01:28.438+0000] {processor.py:208} INFO - Processing /home/airflow/.local/lib/python3.12/site-packages/airflow/example_dags/example_xcomargs.py took 0.077 seconds
[2025-04-04T15:01:58.967+0000] {processor.py:186} INFO - Started process (PID=4068) to work on /home/airflow/.local/lib/python3.12/site-packages/airflow/example_dags/example_xcomargs.py
[2025-04-04T15:01:58.968+0000] {processor.py:914} INFO - Processing file /home/airflow/.local/lib/python3.12/site-packages/airflow/example_dags/example_xcomargs.py for tasks to queue
[2025-04-04T15:01:58.972+0000] {logging_mixin.py:190} INFO - [2025-04-04T15:01:58.972+0000] {dagbag.py:588} INFO - Filling up the DagBag from /home/airflow/.local/lib/python3.12/site-packages/airflow/example_dags/example_xcomargs.py
[2025-04-04T15:01:58.982+0000] {processor.py:925} INFO - DAG(s) 'example_xcom_args_with_operators', 'example_xcom_args' retrieved from /home/airflow/.local/lib/python3.12/site-packages/airflow/example_dags/example_xcomargs.py
[2025-04-04T15:01:59.005+0000] {logging_mixin.py:190} INFO - [2025-04-04T15:01:59.005+0000] {dag.py:3239} INFO - Sync 2 DAGs
[2025-04-04T15:01:59.026+0000] {logging_mixin.py:190} INFO - [2025-04-04T15:01:59.026+0000] {dag.py:4180} INFO - Setting next_dagrun for example_xcom_args to None, run_after=None
[2025-04-04T15:01:59.031+0000] {logging_mixin.py:190} INFO - [2025-04-04T15:01:59.031+0000] {dag.py:4180} INFO - Setting next_dagrun for example_xcom_args_with_operators to None, run_after=None
[2025-04-04T15:01:59.054+0000] {processor.py:208} INFO - Processing /home/airflow/.local/lib/python3.12/site-packages/airflow/example_dags/example_xcomargs.py took 0.092 seconds
[2025-04-04T15:02:29.876+0000] {processor.py:186} INFO - Started process (PID=4360) to work on /home/airflow/.local/lib/python3.12/site-packages/airflow/example_dags/example_xcomargs.py
[2025-04-04T15:02:29.878+0000] {processor.py:914} INFO - Processing file /home/airflow/.local/lib/python3.12/site-packages/airflow/example_dags/example_xcomargs.py for tasks to queue
[2025-04-04T15:02:29.880+0000] {logging_mixin.py:190} INFO - [2025-04-04T15:02:29.880+0000] {dagbag.py:588} INFO - Filling up the DagBag from /home/airflow/.local/lib/python3.12/site-packages/airflow/example_dags/example_xcomargs.py
[2025-04-04T15:02:29.889+0000] {processor.py:925} INFO - DAG(s) 'example_xcom_args', 'example_xcom_args_with_operators' retrieved from /home/airflow/.local/lib/python3.12/site-packages/airflow/example_dags/example_xcomargs.py
[2025-04-04T15:02:29.909+0000] {logging_mixin.py:190} INFO - [2025-04-04T15:02:29.909+0000] {dag.py:3239} INFO - Sync 2 DAGs
[2025-04-04T15:02:29.921+0000] {logging_mixin.py:190} INFO - [2025-04-04T15:02:29.921+0000] {dag.py:4180} INFO - Setting next_dagrun for example_xcom_args to None, run_after=None
[2025-04-04T15:02:29.925+0000] {logging_mixin.py:190} INFO - [2025-04-04T15:02:29.925+0000] {dag.py:4180} INFO - Setting next_dagrun for example_xcom_args_with_operators to None, run_after=None
[2025-04-04T15:02:29.941+0000] {processor.py:208} INFO - Processing /home/airflow/.local/lib/python3.12/site-packages/airflow/example_dags/example_xcomargs.py took 0.070 seconds
[2025-04-04T15:03:00.298+0000] {processor.py:186} INFO - Started process (PID=4651) to work on /home/airflow/.local/lib/python3.12/site-packages/airflow/example_dags/example_xcomargs.py
[2025-04-04T15:03:00.299+0000] {processor.py:914} INFO - Processing file /home/airflow/.local/lib/python3.12/site-packages/airflow/example_dags/example_xcomargs.py for tasks to queue
[2025-04-04T15:03:00.301+0000] {logging_mixin.py:190} INFO - [2025-04-04T15:03:00.301+0000] {dagbag.py:588} INFO - Filling up the DagBag from /home/airflow/.local/lib/python3.12/site-packages/airflow/example_dags/example_xcomargs.py
[2025-04-04T15:03:00.310+0000] {processor.py:925} INFO - DAG(s) 'example_xcom_args', 'example_xcom_args_with_operators' retrieved from /home/airflow/.local/lib/python3.12/site-packages/airflow/example_dags/example_xcomargs.py
[2025-04-04T15:03:00.332+0000] {logging_mixin.py:190} INFO - [2025-04-04T15:03:00.332+0000] {dag.py:3239} INFO - Sync 2 DAGs
[2025-04-04T15:03:00.344+0000] {logging_mixin.py:190} INFO - [2025-04-04T15:03:00.344+0000] {dag.py:4180} INFO - Setting next_dagrun for example_xcom_args to None, run_after=None
[2025-04-04T15:03:00.348+0000] {logging_mixin.py:190} INFO - [2025-04-04T15:03:00.348+0000] {dag.py:4180} INFO - Setting next_dagrun for example_xcom_args_with_operators to None, run_after=None
[2025-04-04T15:03:00.363+0000] {processor.py:208} INFO - Processing /home/airflow/.local/lib/python3.12/site-packages/airflow/example_dags/example_xcomargs.py took 0.069 seconds
[2025-04-04T15:03:31.293+0000] {processor.py:186} INFO - Started process (PID=4942) to work on /home/airflow/.local/lib/python3.12/site-packages/airflow/example_dags/example_xcomargs.py
[2025-04-04T15:03:31.295+0000] {processor.py:914} INFO - Processing file /home/airflow/.local/lib/python3.12/site-packages/airflow/example_dags/example_xcomargs.py for tasks to queue
[2025-04-04T15:03:31.298+0000] {logging_mixin.py:190} INFO - [2025-04-04T15:03:31.297+0000] {dagbag.py:588} INFO - Filling up the DagBag from /home/airflow/.local/lib/python3.12/site-packages/airflow/example_dags/example_xcomargs.py
[2025-04-04T15:03:31.307+0000] {processor.py:925} INFO - DAG(s) 'example_xcom_args', 'example_xcom_args_with_operators' retrieved from /home/airflow/.local/lib/python3.12/site-packages/airflow/example_dags/example_xcomargs.py
[2025-04-04T15:03:31.328+0000] {logging_mixin.py:190} INFO - [2025-04-04T15:03:31.327+0000] {dag.py:3239} INFO - Sync 2 DAGs
[2025-04-04T15:03:31.339+0000] {logging_mixin.py:190} INFO - [2025-04-04T15:03:31.339+0000] {dag.py:4180} INFO - Setting next_dagrun for example_xcom_args to None, run_after=None
[2025-04-04T15:03:31.342+0000] {logging_mixin.py:190} INFO - [2025-04-04T15:03:31.342+0000] {dag.py:4180} INFO - Setting next_dagrun for example_xcom_args_with_operators to None, run_after=None
[2025-04-04T15:03:31.355+0000] {processor.py:208} INFO - Processing /home/airflow/.local/lib/python3.12/site-packages/airflow/example_dags/example_xcomargs.py took 0.069 seconds
[2025-04-04T15:04:01.573+0000] {processor.py:186} INFO - Started process (PID=5233) to work on /home/airflow/.local/lib/python3.12/site-packages/airflow/example_dags/example_xcomargs.py
[2025-04-04T15:04:01.575+0000] {processor.py:914} INFO - Processing file /home/airflow/.local/lib/python3.12/site-packages/airflow/example_dags/example_xcomargs.py for tasks to queue
[2025-04-04T15:04:01.577+0000] {logging_mixin.py:190} INFO - [2025-04-04T15:04:01.577+0000] {dagbag.py:588} INFO - Filling up the DagBag from /home/airflow/.local/lib/python3.12/site-packages/airflow/example_dags/example_xcomargs.py
[2025-04-04T15:04:01.593+0000] {processor.py:925} INFO - DAG(s) 'example_xcom_args', 'example_xcom_args_with_operators' retrieved from /home/airflow/.local/lib/python3.12/site-packages/airflow/example_dags/example_xcomargs.py
[2025-04-04T15:04:01.620+0000] {logging_mixin.py:190} INFO - [2025-04-04T15:04:01.620+0000] {dag.py:3239} INFO - Sync 2 DAGs
[2025-04-04T15:04:01.636+0000] {logging_mixin.py:190} INFO - [2025-04-04T15:04:01.636+0000] {dag.py:4180} INFO - Setting next_dagrun for example_xcom_args to None, run_after=None
[2025-04-04T15:04:01.640+0000] {logging_mixin.py:190} INFO - [2025-04-04T15:04:01.640+0000] {dag.py:4180} INFO - Setting next_dagrun for example_xcom_args_with_operators to None, run_after=None
[2025-04-04T15:04:01.658+0000] {processor.py:208} INFO - Processing /home/airflow/.local/lib/python3.12/site-packages/airflow/example_dags/example_xcomargs.py took 0.090 seconds
[2025-04-04T15:04:31.765+0000] {processor.py:186} INFO - Started process (PID=5524) to work on /home/airflow/.local/lib/python3.12/site-packages/airflow/example_dags/example_xcomargs.py
[2025-04-04T15:04:31.766+0000] {processor.py:914} INFO - Processing file /home/airflow/.local/lib/python3.12/site-packages/airflow/example_dags/example_xcomargs.py for tasks to queue
[2025-04-04T15:04:31.769+0000] {logging_mixin.py:190} INFO - [2025-04-04T15:04:31.769+0000] {dagbag.py:588} INFO - Filling up the DagBag from /home/airflow/.local/lib/python3.12/site-packages/airflow/example_dags/example_xcomargs.py
[2025-04-04T15:04:31.779+0000] {processor.py:925} INFO - DAG(s) 'example_xcom_args', 'example_xcom_args_with_operators' retrieved from /home/airflow/.local/lib/python3.12/site-packages/airflow/example_dags/example_xcomargs.py
[2025-04-04T15:04:31.804+0000] {logging_mixin.py:190} INFO - [2025-04-04T15:04:31.803+0000] {dag.py:3239} INFO - Sync 2 DAGs
[2025-04-04T15:04:31.818+0000] {logging_mixin.py:190} INFO - [2025-04-04T15:04:31.818+0000] {dag.py:4180} INFO - Setting next_dagrun for example_xcom_args to None, run_after=None
[2025-04-04T15:04:31.823+0000] {logging_mixin.py:190} INFO - [2025-04-04T15:04:31.822+0000] {dag.py:4180} INFO - Setting next_dagrun for example_xcom_args_with_operators to None, run_after=None
[2025-04-04T15:04:31.844+0000] {processor.py:208} INFO - Processing /home/airflow/.local/lib/python3.12/site-packages/airflow/example_dags/example_xcomargs.py took 0.084 seconds
