[2025-04-04T14:55:20.941+0000] {processor.py:186} INFO - Started process (PID=309) to work on /home/airflow/.local/lib/python3.12/site-packages/airflow/example_dags/example_python_operator.py
[2025-04-04T14:55:20.943+0000] {processor.py:914} INFO - Processing file /home/airflow/.local/lib/python3.12/site-packages/airflow/example_dags/example_python_operator.py for tasks to queue
[2025-04-04T14:55:20.946+0000] {logging_mixin.py:190} INFO - [2025-04-04T14:55:20.945+0000] {dagbag.py:588} INFO - Filling up the DagBag from /home/airflow/.local/lib/python3.12/site-packages/airflow/example_dags/example_python_operator.py
[2025-04-04T14:55:20.962+0000] {processor.py:925} INFO - DAG(s) 'example_python_operator' retrieved from /home/airflow/.local/lib/python3.12/site-packages/airflow/example_dags/example_python_operator.py
[2025-04-04T14:55:21.081+0000] {logging_mixin.py:190} INFO - [2025-04-04T14:55:21.081+0000] {override.py:1912} INFO - Created Permission View: can edit on DAG:example_python_operator
[2025-04-04T14:55:21.096+0000] {logging_mixin.py:190} INFO - [2025-04-04T14:55:21.095+0000] {override.py:1912} INFO - Created Permission View: can delete on DAG:example_python_operator
[2025-04-04T14:55:21.106+0000] {logging_mixin.py:190} INFO - [2025-04-04T14:55:21.105+0000] {override.py:1912} INFO - Created Permission View: can read on DAG:example_python_operator
[2025-04-04T14:55:21.118+0000] {logging_mixin.py:190} INFO - [2025-04-04T14:55:21.117+0000] {override.py:1912} INFO - Created Permission View: can create on DAG Run:example_python_operator
[2025-04-04T14:55:21.126+0000] {logging_mixin.py:190} INFO - [2025-04-04T14:55:21.126+0000] {override.py:1912} INFO - Created Permission View: menu access on DAG Run:example_python_operator
[2025-04-04T14:55:21.136+0000] {logging_mixin.py:190} INFO - [2025-04-04T14:55:21.135+0000] {override.py:1912} INFO - Created Permission View: can delete on DAG Run:example_python_operator
[2025-04-04T14:55:21.147+0000] {logging_mixin.py:190} INFO - [2025-04-04T14:55:21.146+0000] {override.py:1912} INFO - Created Permission View: can read on DAG Run:example_python_operator
[2025-04-04T14:55:21.148+0000] {logging_mixin.py:190} INFO - [2025-04-04T14:55:21.148+0000] {dag.py:3239} INFO - Sync 1 DAGs
[2025-04-04T14:55:21.163+0000] {logging_mixin.py:190} INFO - [2025-04-04T14:55:21.163+0000] {dag.py:3262} INFO - Creating ORM DAG for example_python_operator
[2025-04-04T14:55:21.166+0000] {logging_mixin.py:190} INFO - [2025-04-04T14:55:21.166+0000] {dag.py:4180} INFO - Setting next_dagrun for example_python_operator to None, run_after=None
[2025-04-04T14:55:21.195+0000] {processor.py:208} INFO - Processing /home/airflow/.local/lib/python3.12/site-packages/airflow/example_dags/example_python_operator.py took 0.261 seconds
[2025-04-04T14:55:51.495+0000] {processor.py:186} INFO - Started process (PID=600) to work on /home/airflow/.local/lib/python3.12/site-packages/airflow/example_dags/example_python_operator.py
[2025-04-04T14:55:51.497+0000] {processor.py:914} INFO - Processing file /home/airflow/.local/lib/python3.12/site-packages/airflow/example_dags/example_python_operator.py for tasks to queue
[2025-04-04T14:55:51.499+0000] {logging_mixin.py:190} INFO - [2025-04-04T14:55:51.498+0000] {dagbag.py:588} INFO - Filling up the DagBag from /home/airflow/.local/lib/python3.12/site-packages/airflow/example_dags/example_python_operator.py
[2025-04-04T14:55:51.509+0000] {processor.py:925} INFO - DAG(s) 'example_python_operator' retrieved from /home/airflow/.local/lib/python3.12/site-packages/airflow/example_dags/example_python_operator.py
[2025-04-04T14:55:51.527+0000] {logging_mixin.py:190} INFO - [2025-04-04T14:55:51.526+0000] {dag.py:3239} INFO - Sync 1 DAGs
[2025-04-04T14:55:51.538+0000] {logging_mixin.py:190} INFO - [2025-04-04T14:55:51.538+0000] {dag.py:4180} INFO - Setting next_dagrun for example_python_operator to None, run_after=None
[2025-04-04T14:55:51.552+0000] {processor.py:208} INFO - Processing /home/airflow/.local/lib/python3.12/site-packages/airflow/example_dags/example_python_operator.py took 0.061 seconds
[2025-04-04T14:56:22.243+0000] {processor.py:186} INFO - Started process (PID=892) to work on /home/airflow/.local/lib/python3.12/site-packages/airflow/example_dags/example_python_operator.py
[2025-04-04T14:56:22.244+0000] {processor.py:914} INFO - Processing file /home/airflow/.local/lib/python3.12/site-packages/airflow/example_dags/example_python_operator.py for tasks to queue
[2025-04-04T14:56:22.246+0000] {logging_mixin.py:190} INFO - [2025-04-04T14:56:22.246+0000] {dagbag.py:588} INFO - Filling up the DagBag from /home/airflow/.local/lib/python3.12/site-packages/airflow/example_dags/example_python_operator.py
[2025-04-04T14:56:22.262+0000] {processor.py:925} INFO - DAG(s) 'example_python_operator' retrieved from /home/airflow/.local/lib/python3.12/site-packages/airflow/example_dags/example_python_operator.py
[2025-04-04T14:56:22.282+0000] {logging_mixin.py:190} INFO - [2025-04-04T14:56:22.282+0000] {dag.py:3239} INFO - Sync 1 DAGs
[2025-04-04T14:56:22.296+0000] {logging_mixin.py:190} INFO - [2025-04-04T14:56:22.295+0000] {dag.py:4180} INFO - Setting next_dagrun for example_python_operator to None, run_after=None
[2025-04-04T14:56:22.310+0000] {processor.py:208} INFO - Processing /home/airflow/.local/lib/python3.12/site-packages/airflow/example_dags/example_python_operator.py took 0.073 seconds
[2025-04-04T14:56:52.816+0000] {processor.py:186} INFO - Started process (PID=1181) to work on /home/airflow/.local/lib/python3.12/site-packages/airflow/example_dags/example_python_operator.py
[2025-04-04T14:56:52.818+0000] {processor.py:914} INFO - Processing file /home/airflow/.local/lib/python3.12/site-packages/airflow/example_dags/example_python_operator.py for tasks to queue
[2025-04-04T14:56:52.820+0000] {logging_mixin.py:190} INFO - [2025-04-04T14:56:52.820+0000] {dagbag.py:588} INFO - Filling up the DagBag from /home/airflow/.local/lib/python3.12/site-packages/airflow/example_dags/example_python_operator.py
[2025-04-04T14:56:52.831+0000] {processor.py:925} INFO - DAG(s) 'example_python_operator' retrieved from /home/airflow/.local/lib/python3.12/site-packages/airflow/example_dags/example_python_operator.py
[2025-04-04T14:56:52.857+0000] {logging_mixin.py:190} INFO - [2025-04-04T14:56:52.857+0000] {dag.py:3239} INFO - Sync 1 DAGs
[2025-04-04T14:56:52.871+0000] {logging_mixin.py:190} INFO - [2025-04-04T14:56:52.871+0000] {dag.py:4180} INFO - Setting next_dagrun for example_python_operator to None, run_after=None
[2025-04-04T14:56:52.909+0000] {processor.py:208} INFO - Processing /home/airflow/.local/lib/python3.12/site-packages/airflow/example_dags/example_python_operator.py took 0.098 seconds
[2025-04-04T14:57:23.536+0000] {processor.py:186} INFO - Started process (PID=1472) to work on /home/airflow/.local/lib/python3.12/site-packages/airflow/example_dags/example_python_operator.py
[2025-04-04T14:57:23.543+0000] {processor.py:914} INFO - Processing file /home/airflow/.local/lib/python3.12/site-packages/airflow/example_dags/example_python_operator.py for tasks to queue
[2025-04-04T14:57:23.546+0000] {logging_mixin.py:190} INFO - [2025-04-04T14:57:23.545+0000] {dagbag.py:588} INFO - Filling up the DagBag from /home/airflow/.local/lib/python3.12/site-packages/airflow/example_dags/example_python_operator.py
[2025-04-04T14:57:23.560+0000] {processor.py:925} INFO - DAG(s) 'example_python_operator' retrieved from /home/airflow/.local/lib/python3.12/site-packages/airflow/example_dags/example_python_operator.py
[2025-04-04T14:57:23.593+0000] {logging_mixin.py:190} INFO - [2025-04-04T14:57:23.592+0000] {dag.py:3239} INFO - Sync 1 DAGs
[2025-04-04T14:57:23.611+0000] {logging_mixin.py:190} INFO - [2025-04-04T14:57:23.610+0000] {dag.py:4180} INFO - Setting next_dagrun for example_python_operator to None, run_after=None
[2025-04-04T14:57:23.676+0000] {processor.py:208} INFO - Processing /home/airflow/.local/lib/python3.12/site-packages/airflow/example_dags/example_python_operator.py took 0.148 seconds
[2025-04-04T14:57:53.822+0000] {processor.py:186} INFO - Started process (PID=1765) to work on /home/airflow/.local/lib/python3.12/site-packages/airflow/example_dags/example_python_operator.py
[2025-04-04T14:57:53.825+0000] {processor.py:914} INFO - Processing file /home/airflow/.local/lib/python3.12/site-packages/airflow/example_dags/example_python_operator.py for tasks to queue
[2025-04-04T14:57:53.828+0000] {logging_mixin.py:190} INFO - [2025-04-04T14:57:53.828+0000] {dagbag.py:588} INFO - Filling up the DagBag from /home/airflow/.local/lib/python3.12/site-packages/airflow/example_dags/example_python_operator.py
[2025-04-04T14:57:53.840+0000] {processor.py:925} INFO - DAG(s) 'example_python_operator' retrieved from /home/airflow/.local/lib/python3.12/site-packages/airflow/example_dags/example_python_operator.py
[2025-04-04T14:57:53.867+0000] {logging_mixin.py:190} INFO - [2025-04-04T14:57:53.867+0000] {dag.py:3239} INFO - Sync 1 DAGs
[2025-04-04T14:57:53.882+0000] {logging_mixin.py:190} INFO - [2025-04-04T14:57:53.882+0000] {dag.py:4180} INFO - Setting next_dagrun for example_python_operator to None, run_after=None
[2025-04-04T14:57:53.906+0000] {processor.py:208} INFO - Processing /home/airflow/.local/lib/python3.12/site-packages/airflow/example_dags/example_python_operator.py took 0.091 seconds
[2025-04-04T14:58:24.026+0000] {processor.py:186} INFO - Started process (PID=2056) to work on /home/airflow/.local/lib/python3.12/site-packages/airflow/example_dags/example_python_operator.py
[2025-04-04T14:58:24.027+0000] {processor.py:914} INFO - Processing file /home/airflow/.local/lib/python3.12/site-packages/airflow/example_dags/example_python_operator.py for tasks to queue
[2025-04-04T14:58:24.029+0000] {logging_mixin.py:190} INFO - [2025-04-04T14:58:24.029+0000] {dagbag.py:588} INFO - Filling up the DagBag from /home/airflow/.local/lib/python3.12/site-packages/airflow/example_dags/example_python_operator.py
[2025-04-04T14:58:24.039+0000] {processor.py:925} INFO - DAG(s) 'example_python_operator' retrieved from /home/airflow/.local/lib/python3.12/site-packages/airflow/example_dags/example_python_operator.py
[2025-04-04T14:58:24.059+0000] {logging_mixin.py:190} INFO - [2025-04-04T14:58:24.059+0000] {dag.py:3239} INFO - Sync 1 DAGs
[2025-04-04T14:58:24.072+0000] {logging_mixin.py:190} INFO - [2025-04-04T14:58:24.071+0000] {dag.py:4180} INFO - Setting next_dagrun for example_python_operator to None, run_after=None
[2025-04-04T14:58:24.089+0000] {processor.py:208} INFO - Processing /home/airflow/.local/lib/python3.12/site-packages/airflow/example_dags/example_python_operator.py took 0.068 seconds
[2025-04-04T14:58:54.708+0000] {processor.py:186} INFO - Started process (PID=2347) to work on /home/airflow/.local/lib/python3.12/site-packages/airflow/example_dags/example_python_operator.py
[2025-04-04T14:58:54.710+0000] {processor.py:914} INFO - Processing file /home/airflow/.local/lib/python3.12/site-packages/airflow/example_dags/example_python_operator.py for tasks to queue
[2025-04-04T14:58:54.712+0000] {logging_mixin.py:190} INFO - [2025-04-04T14:58:54.712+0000] {dagbag.py:588} INFO - Filling up the DagBag from /home/airflow/.local/lib/python3.12/site-packages/airflow/example_dags/example_python_operator.py
[2025-04-04T14:58:54.724+0000] {processor.py:925} INFO - DAG(s) 'example_python_operator' retrieved from /home/airflow/.local/lib/python3.12/site-packages/airflow/example_dags/example_python_operator.py
[2025-04-04T14:58:54.749+0000] {logging_mixin.py:190} INFO - [2025-04-04T14:58:54.749+0000] {dag.py:3239} INFO - Sync 1 DAGs
[2025-04-04T14:58:54.764+0000] {logging_mixin.py:190} INFO - [2025-04-04T14:58:54.764+0000] {dag.py:4180} INFO - Setting next_dagrun for example_python_operator to None, run_after=None
[2025-04-04T14:58:54.785+0000] {processor.py:208} INFO - Processing /home/airflow/.local/lib/python3.12/site-packages/airflow/example_dags/example_python_operator.py took 0.082 seconds
[2025-04-04T14:59:25.066+0000] {processor.py:186} INFO - Started process (PID=2638) to work on /home/airflow/.local/lib/python3.12/site-packages/airflow/example_dags/example_python_operator.py
[2025-04-04T14:59:25.070+0000] {processor.py:914} INFO - Processing file /home/airflow/.local/lib/python3.12/site-packages/airflow/example_dags/example_python_operator.py for tasks to queue
[2025-04-04T14:59:25.075+0000] {logging_mixin.py:190} INFO - [2025-04-04T14:59:25.075+0000] {dagbag.py:588} INFO - Filling up the DagBag from /home/airflow/.local/lib/python3.12/site-packages/airflow/example_dags/example_python_operator.py
[2025-04-04T14:59:25.088+0000] {processor.py:925} INFO - DAG(s) 'example_python_operator' retrieved from /home/airflow/.local/lib/python3.12/site-packages/airflow/example_dags/example_python_operator.py
[2025-04-04T14:59:25.112+0000] {logging_mixin.py:190} INFO - [2025-04-04T14:59:25.112+0000] {dag.py:3239} INFO - Sync 1 DAGs
[2025-04-04T14:59:25.132+0000] {logging_mixin.py:190} INFO - [2025-04-04T14:59:25.131+0000] {dag.py:4180} INFO - Setting next_dagrun for example_python_operator to None, run_after=None
[2025-04-04T14:59:25.160+0000] {processor.py:208} INFO - Processing /home/airflow/.local/lib/python3.12/site-packages/airflow/example_dags/example_python_operator.py took 0.106 seconds
[2025-04-04T14:59:56.112+0000] {processor.py:186} INFO - Started process (PID=2929) to work on /home/airflow/.local/lib/python3.12/site-packages/airflow/example_dags/example_python_operator.py
[2025-04-04T14:59:56.114+0000] {processor.py:914} INFO - Processing file /home/airflow/.local/lib/python3.12/site-packages/airflow/example_dags/example_python_operator.py for tasks to queue
[2025-04-04T14:59:56.116+0000] {logging_mixin.py:190} INFO - [2025-04-04T14:59:56.115+0000] {dagbag.py:588} INFO - Filling up the DagBag from /home/airflow/.local/lib/python3.12/site-packages/airflow/example_dags/example_python_operator.py
[2025-04-04T14:59:56.128+0000] {processor.py:925} INFO - DAG(s) 'example_python_operator' retrieved from /home/airflow/.local/lib/python3.12/site-packages/airflow/example_dags/example_python_operator.py
[2025-04-04T14:59:56.147+0000] {logging_mixin.py:190} INFO - [2025-04-04T14:59:56.147+0000] {dag.py:3239} INFO - Sync 1 DAGs
[2025-04-04T14:59:56.159+0000] {logging_mixin.py:190} INFO - [2025-04-04T14:59:56.159+0000] {dag.py:4180} INFO - Setting next_dagrun for example_python_operator to None, run_after=None
[2025-04-04T14:59:56.174+0000] {processor.py:208} INFO - Processing /home/airflow/.local/lib/python3.12/site-packages/airflow/example_dags/example_python_operator.py took 0.067 seconds
[2025-04-04T15:00:26.725+0000] {processor.py:186} INFO - Started process (PID=3220) to work on /home/airflow/.local/lib/python3.12/site-packages/airflow/example_dags/example_python_operator.py
[2025-04-04T15:00:26.726+0000] {processor.py:914} INFO - Processing file /home/airflow/.local/lib/python3.12/site-packages/airflow/example_dags/example_python_operator.py for tasks to queue
[2025-04-04T15:00:26.728+0000] {logging_mixin.py:190} INFO - [2025-04-04T15:00:26.728+0000] {dagbag.py:588} INFO - Filling up the DagBag from /home/airflow/.local/lib/python3.12/site-packages/airflow/example_dags/example_python_operator.py
[2025-04-04T15:00:26.740+0000] {processor.py:925} INFO - DAG(s) 'example_python_operator' retrieved from /home/airflow/.local/lib/python3.12/site-packages/airflow/example_dags/example_python_operator.py
[2025-04-04T15:00:26.760+0000] {logging_mixin.py:190} INFO - [2025-04-04T15:00:26.760+0000] {dag.py:3239} INFO - Sync 1 DAGs
[2025-04-04T15:00:26.773+0000] {logging_mixin.py:190} INFO - [2025-04-04T15:00:26.773+0000] {dag.py:4180} INFO - Setting next_dagrun for example_python_operator to None, run_after=None
[2025-04-04T15:00:26.789+0000] {processor.py:208} INFO - Processing /home/airflow/.local/lib/python3.12/site-packages/airflow/example_dags/example_python_operator.py took 0.069 seconds
[2025-04-04T15:00:57.605+0000] {processor.py:186} INFO - Started process (PID=3511) to work on /home/airflow/.local/lib/python3.12/site-packages/airflow/example_dags/example_python_operator.py
[2025-04-04T15:00:57.606+0000] {processor.py:914} INFO - Processing file /home/airflow/.local/lib/python3.12/site-packages/airflow/example_dags/example_python_operator.py for tasks to queue
[2025-04-04T15:00:57.608+0000] {logging_mixin.py:190} INFO - [2025-04-04T15:00:57.607+0000] {dagbag.py:588} INFO - Filling up the DagBag from /home/airflow/.local/lib/python3.12/site-packages/airflow/example_dags/example_python_operator.py
[2025-04-04T15:00:57.618+0000] {processor.py:925} INFO - DAG(s) 'example_python_operator' retrieved from /home/airflow/.local/lib/python3.12/site-packages/airflow/example_dags/example_python_operator.py
[2025-04-04T15:00:57.636+0000] {logging_mixin.py:190} INFO - [2025-04-04T15:00:57.636+0000] {dag.py:3239} INFO - Sync 1 DAGs
[2025-04-04T15:00:57.647+0000] {logging_mixin.py:190} INFO - [2025-04-04T15:00:57.647+0000] {dag.py:4180} INFO - Setting next_dagrun for example_python_operator to None, run_after=None
[2025-04-04T15:00:57.663+0000] {processor.py:208} INFO - Processing /home/airflow/.local/lib/python3.12/site-packages/airflow/example_dags/example_python_operator.py took 0.063 seconds
[2025-04-04T15:01:28.678+0000] {processor.py:186} INFO - Started process (PID=3802) to work on /home/airflow/.local/lib/python3.12/site-packages/airflow/example_dags/example_python_operator.py
[2025-04-04T15:01:28.679+0000] {processor.py:914} INFO - Processing file /home/airflow/.local/lib/python3.12/site-packages/airflow/example_dags/example_python_operator.py for tasks to queue
[2025-04-04T15:01:28.681+0000] {logging_mixin.py:190} INFO - [2025-04-04T15:01:28.680+0000] {dagbag.py:588} INFO - Filling up the DagBag from /home/airflow/.local/lib/python3.12/site-packages/airflow/example_dags/example_python_operator.py
[2025-04-04T15:01:28.690+0000] {processor.py:925} INFO - DAG(s) 'example_python_operator' retrieved from /home/airflow/.local/lib/python3.12/site-packages/airflow/example_dags/example_python_operator.py
[2025-04-04T15:01:28.708+0000] {logging_mixin.py:190} INFO - [2025-04-04T15:01:28.708+0000] {dag.py:3239} INFO - Sync 1 DAGs
[2025-04-04T15:01:28.720+0000] {logging_mixin.py:190} INFO - [2025-04-04T15:01:28.720+0000] {dag.py:4180} INFO - Setting next_dagrun for example_python_operator to None, run_after=None
[2025-04-04T15:01:28.737+0000] {processor.py:208} INFO - Processing /home/airflow/.local/lib/python3.12/site-packages/airflow/example_dags/example_python_operator.py took 0.064 seconds
[2025-04-04T15:01:59.320+0000] {processor.py:186} INFO - Started process (PID=4093) to work on /home/airflow/.local/lib/python3.12/site-packages/airflow/example_dags/example_python_operator.py
[2025-04-04T15:01:59.321+0000] {processor.py:914} INFO - Processing file /home/airflow/.local/lib/python3.12/site-packages/airflow/example_dags/example_python_operator.py for tasks to queue
[2025-04-04T15:01:59.324+0000] {logging_mixin.py:190} INFO - [2025-04-04T15:01:59.323+0000] {dagbag.py:588} INFO - Filling up the DagBag from /home/airflow/.local/lib/python3.12/site-packages/airflow/example_dags/example_python_operator.py
[2025-04-04T15:01:59.336+0000] {processor.py:925} INFO - DAG(s) 'example_python_operator' retrieved from /home/airflow/.local/lib/python3.12/site-packages/airflow/example_dags/example_python_operator.py
[2025-04-04T15:01:59.354+0000] {logging_mixin.py:190} INFO - [2025-04-04T15:01:59.354+0000] {dag.py:3239} INFO - Sync 1 DAGs
[2025-04-04T15:01:59.368+0000] {logging_mixin.py:190} INFO - [2025-04-04T15:01:59.368+0000] {dag.py:4180} INFO - Setting next_dagrun for example_python_operator to None, run_after=None
[2025-04-04T15:01:59.389+0000] {processor.py:208} INFO - Processing /home/airflow/.local/lib/python3.12/site-packages/airflow/example_dags/example_python_operator.py took 0.074 seconds
[2025-04-04T15:02:30.189+0000] {processor.py:186} INFO - Started process (PID=4385) to work on /home/airflow/.local/lib/python3.12/site-packages/airflow/example_dags/example_python_operator.py
[2025-04-04T15:02:30.190+0000] {processor.py:914} INFO - Processing file /home/airflow/.local/lib/python3.12/site-packages/airflow/example_dags/example_python_operator.py for tasks to queue
[2025-04-04T15:02:30.192+0000] {logging_mixin.py:190} INFO - [2025-04-04T15:02:30.191+0000] {dagbag.py:588} INFO - Filling up the DagBag from /home/airflow/.local/lib/python3.12/site-packages/airflow/example_dags/example_python_operator.py
[2025-04-04T15:02:30.202+0000] {processor.py:925} INFO - DAG(s) 'example_python_operator' retrieved from /home/airflow/.local/lib/python3.12/site-packages/airflow/example_dags/example_python_operator.py
[2025-04-04T15:02:30.226+0000] {logging_mixin.py:190} INFO - [2025-04-04T15:02:30.226+0000] {dag.py:3239} INFO - Sync 1 DAGs
[2025-04-04T15:02:30.248+0000] {logging_mixin.py:190} INFO - [2025-04-04T15:02:30.248+0000] {dag.py:4180} INFO - Setting next_dagrun for example_python_operator to None, run_after=None
[2025-04-04T15:02:30.283+0000] {processor.py:208} INFO - Processing /home/airflow/.local/lib/python3.12/site-packages/airflow/example_dags/example_python_operator.py took 0.099 seconds
[2025-04-04T15:03:00.592+0000] {processor.py:186} INFO - Started process (PID=4676) to work on /home/airflow/.local/lib/python3.12/site-packages/airflow/example_dags/example_python_operator.py
[2025-04-04T15:03:00.593+0000] {processor.py:914} INFO - Processing file /home/airflow/.local/lib/python3.12/site-packages/airflow/example_dags/example_python_operator.py for tasks to queue
[2025-04-04T15:03:00.595+0000] {logging_mixin.py:190} INFO - [2025-04-04T15:03:00.595+0000] {dagbag.py:588} INFO - Filling up the DagBag from /home/airflow/.local/lib/python3.12/site-packages/airflow/example_dags/example_python_operator.py
[2025-04-04T15:03:00.606+0000] {processor.py:925} INFO - DAG(s) 'example_python_operator' retrieved from /home/airflow/.local/lib/python3.12/site-packages/airflow/example_dags/example_python_operator.py
[2025-04-04T15:03:00.626+0000] {logging_mixin.py:190} INFO - [2025-04-04T15:03:00.626+0000] {dag.py:3239} INFO - Sync 1 DAGs
[2025-04-04T15:03:00.639+0000] {logging_mixin.py:190} INFO - [2025-04-04T15:03:00.638+0000] {dag.py:4180} INFO - Setting next_dagrun for example_python_operator to None, run_after=None
[2025-04-04T15:03:00.655+0000] {processor.py:208} INFO - Processing /home/airflow/.local/lib/python3.12/site-packages/airflow/example_dags/example_python_operator.py took 0.067 seconds
[2025-04-04T15:03:31.489+0000] {processor.py:186} INFO - Started process (PID=4965) to work on /home/airflow/.local/lib/python3.12/site-packages/airflow/example_dags/example_python_operator.py
[2025-04-04T15:03:31.490+0000] {processor.py:914} INFO - Processing file /home/airflow/.local/lib/python3.12/site-packages/airflow/example_dags/example_python_operator.py for tasks to queue
[2025-04-04T15:03:31.492+0000] {logging_mixin.py:190} INFO - [2025-04-04T15:03:31.492+0000] {dagbag.py:588} INFO - Filling up the DagBag from /home/airflow/.local/lib/python3.12/site-packages/airflow/example_dags/example_python_operator.py
[2025-04-04T15:03:31.502+0000] {processor.py:925} INFO - DAG(s) 'example_python_operator' retrieved from /home/airflow/.local/lib/python3.12/site-packages/airflow/example_dags/example_python_operator.py
[2025-04-04T15:03:31.520+0000] {logging_mixin.py:190} INFO - [2025-04-04T15:03:31.519+0000] {dag.py:3239} INFO - Sync 1 DAGs
[2025-04-04T15:03:31.530+0000] {logging_mixin.py:190} INFO - [2025-04-04T15:03:31.530+0000] {dag.py:4180} INFO - Setting next_dagrun for example_python_operator to None, run_after=None
[2025-04-04T15:03:31.546+0000] {processor.py:208} INFO - Processing /home/airflow/.local/lib/python3.12/site-packages/airflow/example_dags/example_python_operator.py took 0.062 seconds
[2025-04-04T15:04:01.927+0000] {processor.py:186} INFO - Started process (PID=5256) to work on /home/airflow/.local/lib/python3.12/site-packages/airflow/example_dags/example_python_operator.py
[2025-04-04T15:04:01.928+0000] {processor.py:914} INFO - Processing file /home/airflow/.local/lib/python3.12/site-packages/airflow/example_dags/example_python_operator.py for tasks to queue
[2025-04-04T15:04:01.930+0000] {logging_mixin.py:190} INFO - [2025-04-04T15:04:01.930+0000] {dagbag.py:588} INFO - Filling up the DagBag from /home/airflow/.local/lib/python3.12/site-packages/airflow/example_dags/example_python_operator.py
[2025-04-04T15:04:01.941+0000] {processor.py:925} INFO - DAG(s) 'example_python_operator' retrieved from /home/airflow/.local/lib/python3.12/site-packages/airflow/example_dags/example_python_operator.py
[2025-04-04T15:04:01.963+0000] {logging_mixin.py:190} INFO - [2025-04-04T15:04:01.963+0000] {dag.py:3239} INFO - Sync 1 DAGs
[2025-04-04T15:04:01.983+0000] {logging_mixin.py:190} INFO - [2025-04-04T15:04:01.983+0000] {dag.py:4180} INFO - Setting next_dagrun for example_python_operator to None, run_after=None
[2025-04-04T15:04:02.006+0000] {processor.py:208} INFO - Processing /home/airflow/.local/lib/python3.12/site-packages/airflow/example_dags/example_python_operator.py took 0.084 seconds
[2025-04-04T15:04:32.166+0000] {processor.py:186} INFO - Started process (PID=5547) to work on /home/airflow/.local/lib/python3.12/site-packages/airflow/example_dags/example_python_operator.py
[2025-04-04T15:04:32.167+0000] {processor.py:914} INFO - Processing file /home/airflow/.local/lib/python3.12/site-packages/airflow/example_dags/example_python_operator.py for tasks to queue
[2025-04-04T15:04:32.170+0000] {logging_mixin.py:190} INFO - [2025-04-04T15:04:32.170+0000] {dagbag.py:588} INFO - Filling up the DagBag from /home/airflow/.local/lib/python3.12/site-packages/airflow/example_dags/example_python_operator.py
[2025-04-04T15:04:32.184+0000] {processor.py:925} INFO - DAG(s) 'example_python_operator' retrieved from /home/airflow/.local/lib/python3.12/site-packages/airflow/example_dags/example_python_operator.py
[2025-04-04T15:04:32.214+0000] {logging_mixin.py:190} INFO - [2025-04-04T15:04:32.214+0000] {dag.py:3239} INFO - Sync 1 DAGs
[2025-04-04T15:04:32.237+0000] {logging_mixin.py:190} INFO - [2025-04-04T15:04:32.237+0000] {dag.py:4180} INFO - Setting next_dagrun for example_python_operator to None, run_after=None
[2025-04-04T15:04:32.260+0000] {processor.py:208} INFO - Processing /home/airflow/.local/lib/python3.12/site-packages/airflow/example_dags/example_python_operator.py took 0.100 seconds
