[2025-04-04T14:55:31.618+0000] {processor.py:186} INFO - Started process (PID=437) to work on /home/airflow/.local/lib/python3.12/site-packages/airflow/example_dags/example_sensor_decorator.py
[2025-04-04T14:55:31.619+0000] {processor.py:914} INFO - Processing file /home/airflow/.local/lib/python3.12/site-packages/airflow/example_dags/example_sensor_decorator.py for tasks to queue
[2025-04-04T14:55:31.623+0000] {logging_mixin.py:190} INFO - [2025-04-04T14:55:31.622+0000] {dagbag.py:588} INFO - Filling up the DagBag from /home/airflow/.local/lib/python3.12/site-packages/airflow/example_dags/example_sensor_decorator.py
[2025-04-04T14:55:31.634+0000] {processor.py:925} INFO - DAG(s) 'example_sensor_decorator' retrieved from /home/airflow/.local/lib/python3.12/site-packages/airflow/example_dags/example_sensor_decorator.py
[2025-04-04T14:55:31.739+0000] {logging_mixin.py:190} INFO - [2025-04-04T14:55:31.738+0000] {override.py:1912} INFO - Created Permission View: can edit on DAG:example_sensor_decorator
[2025-04-04T14:55:31.751+0000] {logging_mixin.py:190} INFO - [2025-04-04T14:55:31.751+0000] {override.py:1912} INFO - Created Permission View: can delete on DAG:example_sensor_decorator
[2025-04-04T14:55:31.758+0000] {logging_mixin.py:190} INFO - [2025-04-04T14:55:31.758+0000] {override.py:1912} INFO - Created Permission View: can read on DAG:example_sensor_decorator
[2025-04-04T14:55:31.769+0000] {logging_mixin.py:190} INFO - [2025-04-04T14:55:31.768+0000] {override.py:1912} INFO - Created Permission View: can create on DAG Run:example_sensor_decorator
[2025-04-04T14:55:31.777+0000] {logging_mixin.py:190} INFO - [2025-04-04T14:55:31.776+0000] {override.py:1912} INFO - Created Permission View: menu access on DAG Run:example_sensor_decorator
[2025-04-04T14:55:31.786+0000] {logging_mixin.py:190} INFO - [2025-04-04T14:55:31.785+0000] {override.py:1912} INFO - Created Permission View: can delete on DAG Run:example_sensor_decorator
[2025-04-04T14:55:31.793+0000] {logging_mixin.py:190} INFO - [2025-04-04T14:55:31.793+0000] {override.py:1912} INFO - Created Permission View: can read on DAG Run:example_sensor_decorator
[2025-04-04T14:55:31.794+0000] {logging_mixin.py:190} INFO - [2025-04-04T14:55:31.794+0000] {dag.py:3239} INFO - Sync 1 DAGs
[2025-04-04T14:55:31.808+0000] {logging_mixin.py:190} INFO - [2025-04-04T14:55:31.808+0000] {dag.py:3262} INFO - Creating ORM DAG for example_sensor_decorator
[2025-04-04T14:55:31.809+0000] {logging_mixin.py:190} INFO - [2025-04-04T14:55:31.809+0000] {dag.py:4180} INFO - Setting next_dagrun for example_sensor_decorator to None, run_after=None
[2025-04-04T14:55:31.831+0000] {processor.py:208} INFO - Processing /home/airflow/.local/lib/python3.12/site-packages/airflow/example_dags/example_sensor_decorator.py took 0.220 seconds
[2025-04-04T14:56:01.951+0000] {processor.py:186} INFO - Started process (PID=728) to work on /home/airflow/.local/lib/python3.12/site-packages/airflow/example_dags/example_sensor_decorator.py
[2025-04-04T14:56:01.952+0000] {processor.py:914} INFO - Processing file /home/airflow/.local/lib/python3.12/site-packages/airflow/example_dags/example_sensor_decorator.py for tasks to queue
[2025-04-04T14:56:01.954+0000] {logging_mixin.py:190} INFO - [2025-04-04T14:56:01.954+0000] {dagbag.py:588} INFO - Filling up the DagBag from /home/airflow/.local/lib/python3.12/site-packages/airflow/example_dags/example_sensor_decorator.py
[2025-04-04T14:56:01.961+0000] {processor.py:925} INFO - DAG(s) 'example_sensor_decorator' retrieved from /home/airflow/.local/lib/python3.12/site-packages/airflow/example_dags/example_sensor_decorator.py
[2025-04-04T14:56:01.978+0000] {logging_mixin.py:190} INFO - [2025-04-04T14:56:01.978+0000] {dag.py:3239} INFO - Sync 1 DAGs
[2025-04-04T14:56:01.992+0000] {logging_mixin.py:190} INFO - [2025-04-04T14:56:01.992+0000] {dag.py:4180} INFO - Setting next_dagrun for example_sensor_decorator to None, run_after=None
[2025-04-04T14:56:02.009+0000] {processor.py:208} INFO - Processing /home/airflow/.local/lib/python3.12/site-packages/airflow/example_dags/example_sensor_decorator.py took 0.062 seconds
[2025-04-04T14:56:32.629+0000] {processor.py:186} INFO - Started process (PID=1020) to work on /home/airflow/.local/lib/python3.12/site-packages/airflow/example_dags/example_sensor_decorator.py
[2025-04-04T14:56:32.630+0000] {processor.py:914} INFO - Processing file /home/airflow/.local/lib/python3.12/site-packages/airflow/example_dags/example_sensor_decorator.py for tasks to queue
[2025-04-04T14:56:32.632+0000] {logging_mixin.py:190} INFO - [2025-04-04T14:56:32.632+0000] {dagbag.py:588} INFO - Filling up the DagBag from /home/airflow/.local/lib/python3.12/site-packages/airflow/example_dags/example_sensor_decorator.py
[2025-04-04T14:56:32.639+0000] {processor.py:925} INFO - DAG(s) 'example_sensor_decorator' retrieved from /home/airflow/.local/lib/python3.12/site-packages/airflow/example_dags/example_sensor_decorator.py
[2025-04-04T14:56:32.657+0000] {logging_mixin.py:190} INFO - [2025-04-04T14:56:32.656+0000] {dag.py:3239} INFO - Sync 1 DAGs
[2025-04-04T14:56:32.669+0000] {logging_mixin.py:190} INFO - [2025-04-04T14:56:32.669+0000] {dag.py:4180} INFO - Setting next_dagrun for example_sensor_decorator to None, run_after=None
[2025-04-04T14:56:32.687+0000] {processor.py:208} INFO - Processing /home/airflow/.local/lib/python3.12/site-packages/airflow/example_dags/example_sensor_decorator.py took 0.063 seconds
[2025-04-04T14:57:04.035+0000] {processor.py:186} INFO - Started process (PID=1311) to work on /home/airflow/.local/lib/python3.12/site-packages/airflow/example_dags/example_sensor_decorator.py
[2025-04-04T14:57:04.036+0000] {processor.py:914} INFO - Processing file /home/airflow/.local/lib/python3.12/site-packages/airflow/example_dags/example_sensor_decorator.py for tasks to queue
[2025-04-04T14:57:04.039+0000] {logging_mixin.py:190} INFO - [2025-04-04T14:57:04.038+0000] {dagbag.py:588} INFO - Filling up the DagBag from /home/airflow/.local/lib/python3.12/site-packages/airflow/example_dags/example_sensor_decorator.py
[2025-04-04T14:57:04.046+0000] {processor.py:925} INFO - DAG(s) 'example_sensor_decorator' retrieved from /home/airflow/.local/lib/python3.12/site-packages/airflow/example_dags/example_sensor_decorator.py
[2025-04-04T14:57:04.068+0000] {logging_mixin.py:190} INFO - [2025-04-04T14:57:04.067+0000] {dag.py:3239} INFO - Sync 1 DAGs
[2025-04-04T14:57:04.090+0000] {logging_mixin.py:190} INFO - [2025-04-04T14:57:04.089+0000] {dag.py:4180} INFO - Setting next_dagrun for example_sensor_decorator to None, run_after=None
[2025-04-04T14:57:04.121+0000] {processor.py:208} INFO - Processing /home/airflow/.local/lib/python3.12/site-packages/airflow/example_dags/example_sensor_decorator.py took 0.092 seconds
[2025-04-04T14:57:38.562+0000] {processor.py:186} INFO - Started process (PID=1602) to work on /home/airflow/.local/lib/python3.12/site-packages/airflow/example_dags/example_sensor_decorator.py
[2025-04-04T14:57:38.564+0000] {processor.py:914} INFO - Processing file /home/airflow/.local/lib/python3.12/site-packages/airflow/example_dags/example_sensor_decorator.py for tasks to queue
[2025-04-04T14:57:38.568+0000] {logging_mixin.py:190} INFO - [2025-04-04T14:57:38.567+0000] {dagbag.py:588} INFO - Filling up the DagBag from /home/airflow/.local/lib/python3.12/site-packages/airflow/example_dags/example_sensor_decorator.py
[2025-04-04T14:57:38.578+0000] {processor.py:925} INFO - DAG(s) 'example_sensor_decorator' retrieved from /home/airflow/.local/lib/python3.12/site-packages/airflow/example_dags/example_sensor_decorator.py
[2025-04-04T14:57:38.602+0000] {logging_mixin.py:190} INFO - [2025-04-04T14:57:38.602+0000] {dag.py:3239} INFO - Sync 1 DAGs
[2025-04-04T14:57:38.620+0000] {logging_mixin.py:190} INFO - [2025-04-04T14:57:38.620+0000] {dag.py:4180} INFO - Setting next_dagrun for example_sensor_decorator to None, run_after=None
[2025-04-04T14:57:38.645+0000] {processor.py:208} INFO - Processing /home/airflow/.local/lib/python3.12/site-packages/airflow/example_dags/example_sensor_decorator.py took 0.091 seconds
[2025-04-04T14:58:10.446+0000] {processor.py:186} INFO - Started process (PID=1893) to work on /home/airflow/.local/lib/python3.12/site-packages/airflow/example_dags/example_sensor_decorator.py
[2025-04-04T14:58:10.448+0000] {processor.py:914} INFO - Processing file /home/airflow/.local/lib/python3.12/site-packages/airflow/example_dags/example_sensor_decorator.py for tasks to queue
[2025-04-04T14:58:10.452+0000] {logging_mixin.py:190} INFO - [2025-04-04T14:58:10.451+0000] {dagbag.py:588} INFO - Filling up the DagBag from /home/airflow/.local/lib/python3.12/site-packages/airflow/example_dags/example_sensor_decorator.py
[2025-04-04T14:58:10.462+0000] {processor.py:925} INFO - DAG(s) 'example_sensor_decorator' retrieved from /home/airflow/.local/lib/python3.12/site-packages/airflow/example_dags/example_sensor_decorator.py
[2025-04-04T14:58:10.485+0000] {logging_mixin.py:190} INFO - [2025-04-04T14:58:10.485+0000] {dag.py:3239} INFO - Sync 1 DAGs
[2025-04-04T14:58:10.511+0000] {logging_mixin.py:190} INFO - [2025-04-04T14:58:10.510+0000] {dag.py:4180} INFO - Setting next_dagrun for example_sensor_decorator to None, run_after=None
[2025-04-04T14:58:10.546+0000] {processor.py:208} INFO - Processing /home/airflow/.local/lib/python3.12/site-packages/airflow/example_dags/example_sensor_decorator.py took 0.107 seconds
[2025-04-04T14:58:41.133+0000] {processor.py:186} INFO - Started process (PID=2184) to work on /home/airflow/.local/lib/python3.12/site-packages/airflow/example_dags/example_sensor_decorator.py
[2025-04-04T14:58:41.135+0000] {processor.py:914} INFO - Processing file /home/airflow/.local/lib/python3.12/site-packages/airflow/example_dags/example_sensor_decorator.py for tasks to queue
[2025-04-04T14:58:41.138+0000] {logging_mixin.py:190} INFO - [2025-04-04T14:58:41.137+0000] {dagbag.py:588} INFO - Filling up the DagBag from /home/airflow/.local/lib/python3.12/site-packages/airflow/example_dags/example_sensor_decorator.py
[2025-04-04T14:58:41.145+0000] {processor.py:925} INFO - DAG(s) 'example_sensor_decorator' retrieved from /home/airflow/.local/lib/python3.12/site-packages/airflow/example_dags/example_sensor_decorator.py
[2025-04-04T14:58:41.163+0000] {logging_mixin.py:190} INFO - [2025-04-04T14:58:41.163+0000] {dag.py:3239} INFO - Sync 1 DAGs
[2025-04-04T14:58:41.175+0000] {logging_mixin.py:190} INFO - [2025-04-04T14:58:41.175+0000] {dag.py:4180} INFO - Setting next_dagrun for example_sensor_decorator to None, run_after=None
[2025-04-04T14:58:41.193+0000] {processor.py:208} INFO - Processing /home/airflow/.local/lib/python3.12/site-packages/airflow/example_dags/example_sensor_decorator.py took 0.065 seconds
[2025-04-04T14:59:11.404+0000] {processor.py:186} INFO - Started process (PID=2470) to work on /home/airflow/.local/lib/python3.12/site-packages/airflow/example_dags/example_sensor_decorator.py
[2025-04-04T14:59:11.405+0000] {processor.py:914} INFO - Processing file /home/airflow/.local/lib/python3.12/site-packages/airflow/example_dags/example_sensor_decorator.py for tasks to queue
[2025-04-04T14:59:11.408+0000] {logging_mixin.py:190} INFO - [2025-04-04T14:59:11.408+0000] {dagbag.py:588} INFO - Filling up the DagBag from /home/airflow/.local/lib/python3.12/site-packages/airflow/example_dags/example_sensor_decorator.py
[2025-04-04T14:59:11.415+0000] {processor.py:925} INFO - DAG(s) 'example_sensor_decorator' retrieved from /home/airflow/.local/lib/python3.12/site-packages/airflow/example_dags/example_sensor_decorator.py
[2025-04-04T14:59:11.438+0000] {logging_mixin.py:190} INFO - [2025-04-04T14:59:11.438+0000] {dag.py:3239} INFO - Sync 1 DAGs
[2025-04-04T14:59:11.452+0000] {logging_mixin.py:190} INFO - [2025-04-04T14:59:11.452+0000] {dag.py:4180} INFO - Setting next_dagrun for example_sensor_decorator to None, run_after=None
[2025-04-04T14:59:11.471+0000] {processor.py:208} INFO - Processing /home/airflow/.local/lib/python3.12/site-packages/airflow/example_dags/example_sensor_decorator.py took 0.074 seconds
[2025-04-04T14:59:42.159+0000] {processor.py:186} INFO - Started process (PID=2761) to work on /home/airflow/.local/lib/python3.12/site-packages/airflow/example_dags/example_sensor_decorator.py
[2025-04-04T14:59:42.161+0000] {processor.py:914} INFO - Processing file /home/airflow/.local/lib/python3.12/site-packages/airflow/example_dags/example_sensor_decorator.py for tasks to queue
[2025-04-04T14:59:42.165+0000] {logging_mixin.py:190} INFO - [2025-04-04T14:59:42.164+0000] {dagbag.py:588} INFO - Filling up the DagBag from /home/airflow/.local/lib/python3.12/site-packages/airflow/example_dags/example_sensor_decorator.py
[2025-04-04T14:59:42.172+0000] {processor.py:925} INFO - DAG(s) 'example_sensor_decorator' retrieved from /home/airflow/.local/lib/python3.12/site-packages/airflow/example_dags/example_sensor_decorator.py
[2025-04-04T14:59:42.206+0000] {logging_mixin.py:190} INFO - [2025-04-04T14:59:42.206+0000] {dag.py:3239} INFO - Sync 1 DAGs
[2025-04-04T14:59:42.219+0000] {logging_mixin.py:190} INFO - [2025-04-04T14:59:42.219+0000] {dag.py:4180} INFO - Setting next_dagrun for example_sensor_decorator to None, run_after=None
[2025-04-04T14:59:42.240+0000] {processor.py:208} INFO - Processing /home/airflow/.local/lib/python3.12/site-packages/airflow/example_dags/example_sensor_decorator.py took 0.087 seconds
[2025-04-04T15:00:12.426+0000] {processor.py:186} INFO - Started process (PID=3049) to work on /home/airflow/.local/lib/python3.12/site-packages/airflow/example_dags/example_sensor_decorator.py
[2025-04-04T15:00:12.428+0000] {processor.py:914} INFO - Processing file /home/airflow/.local/lib/python3.12/site-packages/airflow/example_dags/example_sensor_decorator.py for tasks to queue
[2025-04-04T15:00:12.431+0000] {logging_mixin.py:190} INFO - [2025-04-04T15:00:12.431+0000] {dagbag.py:588} INFO - Filling up the DagBag from /home/airflow/.local/lib/python3.12/site-packages/airflow/example_dags/example_sensor_decorator.py
[2025-04-04T15:00:12.438+0000] {processor.py:925} INFO - DAG(s) 'example_sensor_decorator' retrieved from /home/airflow/.local/lib/python3.12/site-packages/airflow/example_dags/example_sensor_decorator.py
[2025-04-04T15:00:12.458+0000] {logging_mixin.py:190} INFO - [2025-04-04T15:00:12.458+0000] {dag.py:3239} INFO - Sync 1 DAGs
[2025-04-04T15:00:12.475+0000] {logging_mixin.py:190} INFO - [2025-04-04T15:00:12.475+0000] {dag.py:4180} INFO - Setting next_dagrun for example_sensor_decorator to None, run_after=None
[2025-04-04T15:00:12.499+0000] {processor.py:208} INFO - Processing /home/airflow/.local/lib/python3.12/site-packages/airflow/example_dags/example_sensor_decorator.py took 0.077 seconds
[2025-04-04T15:00:42.985+0000] {processor.py:186} INFO - Started process (PID=3338) to work on /home/airflow/.local/lib/python3.12/site-packages/airflow/example_dags/example_sensor_decorator.py
[2025-04-04T15:00:42.987+0000] {processor.py:914} INFO - Processing file /home/airflow/.local/lib/python3.12/site-packages/airflow/example_dags/example_sensor_decorator.py for tasks to queue
[2025-04-04T15:00:42.989+0000] {logging_mixin.py:190} INFO - [2025-04-04T15:00:42.989+0000] {dagbag.py:588} INFO - Filling up the DagBag from /home/airflow/.local/lib/python3.12/site-packages/airflow/example_dags/example_sensor_decorator.py
[2025-04-04T15:00:42.998+0000] {processor.py:925} INFO - DAG(s) 'example_sensor_decorator' retrieved from /home/airflow/.local/lib/python3.12/site-packages/airflow/example_dags/example_sensor_decorator.py
[2025-04-04T15:00:43.018+0000] {logging_mixin.py:190} INFO - [2025-04-04T15:00:43.017+0000] {dag.py:3239} INFO - Sync 1 DAGs
[2025-04-04T15:00:43.030+0000] {logging_mixin.py:190} INFO - [2025-04-04T15:00:43.030+0000] {dag.py:4180} INFO - Setting next_dagrun for example_sensor_decorator to None, run_after=None
[2025-04-04T15:00:43.049+0000] {processor.py:208} INFO - Processing /home/airflow/.local/lib/python3.12/site-packages/airflow/example_dags/example_sensor_decorator.py took 0.070 seconds
[2025-04-04T15:01:13.609+0000] {processor.py:186} INFO - Started process (PID=3629) to work on /home/airflow/.local/lib/python3.12/site-packages/airflow/example_dags/example_sensor_decorator.py
[2025-04-04T15:01:13.611+0000] {processor.py:914} INFO - Processing file /home/airflow/.local/lib/python3.12/site-packages/airflow/example_dags/example_sensor_decorator.py for tasks to queue
[2025-04-04T15:01:13.614+0000] {logging_mixin.py:190} INFO - [2025-04-04T15:01:13.614+0000] {dagbag.py:588} INFO - Filling up the DagBag from /home/airflow/.local/lib/python3.12/site-packages/airflow/example_dags/example_sensor_decorator.py
[2025-04-04T15:01:13.624+0000] {processor.py:925} INFO - DAG(s) 'example_sensor_decorator' retrieved from /home/airflow/.local/lib/python3.12/site-packages/airflow/example_dags/example_sensor_decorator.py
[2025-04-04T15:01:13.649+0000] {logging_mixin.py:190} INFO - [2025-04-04T15:01:13.649+0000] {dag.py:3239} INFO - Sync 1 DAGs
[2025-04-04T15:01:13.668+0000] {logging_mixin.py:190} INFO - [2025-04-04T15:01:13.667+0000] {dag.py:4180} INFO - Setting next_dagrun for example_sensor_decorator to None, run_after=None
[2025-04-04T15:01:13.694+0000] {processor.py:208} INFO - Processing /home/airflow/.local/lib/python3.12/site-packages/airflow/example_dags/example_sensor_decorator.py took 0.093 seconds
[2025-04-04T15:01:44.244+0000] {processor.py:186} INFO - Started process (PID=3920) to work on /home/airflow/.local/lib/python3.12/site-packages/airflow/example_dags/example_sensor_decorator.py
[2025-04-04T15:01:44.246+0000] {processor.py:914} INFO - Processing file /home/airflow/.local/lib/python3.12/site-packages/airflow/example_dags/example_sensor_decorator.py for tasks to queue
[2025-04-04T15:01:44.249+0000] {logging_mixin.py:190} INFO - [2025-04-04T15:01:44.248+0000] {dagbag.py:588} INFO - Filling up the DagBag from /home/airflow/.local/lib/python3.12/site-packages/airflow/example_dags/example_sensor_decorator.py
[2025-04-04T15:01:44.256+0000] {processor.py:925} INFO - DAG(s) 'example_sensor_decorator' retrieved from /home/airflow/.local/lib/python3.12/site-packages/airflow/example_dags/example_sensor_decorator.py
[2025-04-04T15:01:44.275+0000] {logging_mixin.py:190} INFO - [2025-04-04T15:01:44.275+0000] {dag.py:3239} INFO - Sync 1 DAGs
[2025-04-04T15:01:44.288+0000] {logging_mixin.py:190} INFO - [2025-04-04T15:01:44.287+0000] {dag.py:4180} INFO - Setting next_dagrun for example_sensor_decorator to None, run_after=None
[2025-04-04T15:01:44.339+0000] {processor.py:208} INFO - Processing /home/airflow/.local/lib/python3.12/site-packages/airflow/example_dags/example_sensor_decorator.py took 0.099 seconds
[2025-04-04T15:02:15.446+0000] {processor.py:186} INFO - Started process (PID=4211) to work on /home/airflow/.local/lib/python3.12/site-packages/airflow/example_dags/example_sensor_decorator.py
[2025-04-04T15:02:15.450+0000] {processor.py:914} INFO - Processing file /home/airflow/.local/lib/python3.12/site-packages/airflow/example_dags/example_sensor_decorator.py for tasks to queue
[2025-04-04T15:02:15.452+0000] {logging_mixin.py:190} INFO - [2025-04-04T15:02:15.452+0000] {dagbag.py:588} INFO - Filling up the DagBag from /home/airflow/.local/lib/python3.12/site-packages/airflow/example_dags/example_sensor_decorator.py
[2025-04-04T15:02:15.460+0000] {processor.py:925} INFO - DAG(s) 'example_sensor_decorator' retrieved from /home/airflow/.local/lib/python3.12/site-packages/airflow/example_dags/example_sensor_decorator.py
[2025-04-04T15:02:15.478+0000] {logging_mixin.py:190} INFO - [2025-04-04T15:02:15.478+0000] {dag.py:3239} INFO - Sync 1 DAGs
[2025-04-04T15:02:15.492+0000] {logging_mixin.py:190} INFO - [2025-04-04T15:02:15.492+0000] {dag.py:4180} INFO - Setting next_dagrun for example_sensor_decorator to None, run_after=None
[2025-04-04T15:02:15.654+0000] {processor.py:208} INFO - Processing /home/airflow/.local/lib/python3.12/site-packages/airflow/example_dags/example_sensor_decorator.py took 0.213 seconds
[2025-04-04T15:02:45.767+0000] {processor.py:186} INFO - Started process (PID=4509) to work on /home/airflow/.local/lib/python3.12/site-packages/airflow/example_dags/example_sensor_decorator.py
[2025-04-04T15:02:45.768+0000] {processor.py:914} INFO - Processing file /home/airflow/.local/lib/python3.12/site-packages/airflow/example_dags/example_sensor_decorator.py for tasks to queue
[2025-04-04T15:02:45.771+0000] {logging_mixin.py:190} INFO - [2025-04-04T15:02:45.770+0000] {dagbag.py:588} INFO - Filling up the DagBag from /home/airflow/.local/lib/python3.12/site-packages/airflow/example_dags/example_sensor_decorator.py
[2025-04-04T15:02:45.778+0000] {processor.py:925} INFO - DAG(s) 'example_sensor_decorator' retrieved from /home/airflow/.local/lib/python3.12/site-packages/airflow/example_dags/example_sensor_decorator.py
[2025-04-04T15:02:45.797+0000] {logging_mixin.py:190} INFO - [2025-04-04T15:02:45.796+0000] {dag.py:3239} INFO - Sync 1 DAGs
[2025-04-04T15:02:45.811+0000] {logging_mixin.py:190} INFO - [2025-04-04T15:02:45.811+0000] {dag.py:4180} INFO - Setting next_dagrun for example_sensor_decorator to None, run_after=None
[2025-04-04T15:02:45.835+0000] {processor.py:208} INFO - Processing /home/airflow/.local/lib/python3.12/site-packages/airflow/example_dags/example_sensor_decorator.py took 0.073 seconds
[2025-04-04T15:03:17.113+0000] {processor.py:186} INFO - Started process (PID=4800) to work on /home/airflow/.local/lib/python3.12/site-packages/airflow/example_dags/example_sensor_decorator.py
[2025-04-04T15:03:17.114+0000] {processor.py:914} INFO - Processing file /home/airflow/.local/lib/python3.12/site-packages/airflow/example_dags/example_sensor_decorator.py for tasks to queue
[2025-04-04T15:03:17.117+0000] {logging_mixin.py:190} INFO - [2025-04-04T15:03:17.117+0000] {dagbag.py:588} INFO - Filling up the DagBag from /home/airflow/.local/lib/python3.12/site-packages/airflow/example_dags/example_sensor_decorator.py
[2025-04-04T15:03:17.124+0000] {processor.py:925} INFO - DAG(s) 'example_sensor_decorator' retrieved from /home/airflow/.local/lib/python3.12/site-packages/airflow/example_dags/example_sensor_decorator.py
[2025-04-04T15:03:17.146+0000] {logging_mixin.py:190} INFO - [2025-04-04T15:03:17.145+0000] {dag.py:3239} INFO - Sync 1 DAGs
[2025-04-04T15:03:17.159+0000] {logging_mixin.py:190} INFO - [2025-04-04T15:03:17.159+0000] {dag.py:4180} INFO - Setting next_dagrun for example_sensor_decorator to None, run_after=None
[2025-04-04T15:03:17.181+0000] {processor.py:208} INFO - Processing /home/airflow/.local/lib/python3.12/site-packages/airflow/example_dags/example_sensor_decorator.py took 0.075 seconds
[2025-04-04T15:03:48.286+0000] {processor.py:186} INFO - Started process (PID=5091) to work on /home/airflow/.local/lib/python3.12/site-packages/airflow/example_dags/example_sensor_decorator.py
[2025-04-04T15:03:48.287+0000] {processor.py:914} INFO - Processing file /home/airflow/.local/lib/python3.12/site-packages/airflow/example_dags/example_sensor_decorator.py for tasks to queue
[2025-04-04T15:03:48.289+0000] {logging_mixin.py:190} INFO - [2025-04-04T15:03:48.289+0000] {dagbag.py:588} INFO - Filling up the DagBag from /home/airflow/.local/lib/python3.12/site-packages/airflow/example_dags/example_sensor_decorator.py
[2025-04-04T15:03:48.296+0000] {processor.py:925} INFO - DAG(s) 'example_sensor_decorator' retrieved from /home/airflow/.local/lib/python3.12/site-packages/airflow/example_dags/example_sensor_decorator.py
[2025-04-04T15:03:48.312+0000] {logging_mixin.py:190} INFO - [2025-04-04T15:03:48.312+0000] {dag.py:3239} INFO - Sync 1 DAGs
[2025-04-04T15:03:48.325+0000] {logging_mixin.py:190} INFO - [2025-04-04T15:03:48.325+0000] {dag.py:4180} INFO - Setting next_dagrun for example_sensor_decorator to None, run_after=None
[2025-04-04T15:03:48.341+0000] {processor.py:208} INFO - Processing /home/airflow/.local/lib/python3.12/site-packages/airflow/example_dags/example_sensor_decorator.py took 0.060 seconds
[2025-04-04T15:04:19.432+0000] {processor.py:186} INFO - Started process (PID=5384) to work on /home/airflow/.local/lib/python3.12/site-packages/airflow/example_dags/example_sensor_decorator.py
[2025-04-04T15:04:19.433+0000] {processor.py:914} INFO - Processing file /home/airflow/.local/lib/python3.12/site-packages/airflow/example_dags/example_sensor_decorator.py for tasks to queue
[2025-04-04T15:04:19.435+0000] {logging_mixin.py:190} INFO - [2025-04-04T15:04:19.435+0000] {dagbag.py:588} INFO - Filling up the DagBag from /home/airflow/.local/lib/python3.12/site-packages/airflow/example_dags/example_sensor_decorator.py
[2025-04-04T15:04:19.442+0000] {processor.py:925} INFO - DAG(s) 'example_sensor_decorator' retrieved from /home/airflow/.local/lib/python3.12/site-packages/airflow/example_dags/example_sensor_decorator.py
[2025-04-04T15:04:19.458+0000] {logging_mixin.py:190} INFO - [2025-04-04T15:04:19.457+0000] {dag.py:3239} INFO - Sync 1 DAGs
[2025-04-04T15:04:19.469+0000] {logging_mixin.py:190} INFO - [2025-04-04T15:04:19.469+0000] {dag.py:4180} INFO - Setting next_dagrun for example_sensor_decorator to None, run_after=None
[2025-04-04T15:04:19.487+0000] {processor.py:208} INFO - Processing /home/airflow/.local/lib/python3.12/site-packages/airflow/example_dags/example_sensor_decorator.py took 0.060 seconds
