[2025-04-04T14:55:30.170+0000] {processor.py:186} INFO - Started process (PID=417) to work on /home/airflow/.local/lib/python3.12/site-packages/airflow/example_dags/example_datasets.py
[2025-04-04T14:55:30.172+0000] {processor.py:914} INFO - Processing file /home/airflow/.local/lib/python3.12/site-packages/airflow/example_dags/example_datasets.py for tasks to queue
[2025-04-04T14:55:30.175+0000] {logging_mixin.py:190} INFO - [2025-04-04T14:55:30.174+0000] {dagbag.py:588} INFO - Filling up the DagBag from /home/airflow/.local/lib/python3.12/site-packages/airflow/example_dags/example_datasets.py
[2025-04-04T14:55:30.681+0000] {processor.py:925} INFO - DAG(s) 'dataset_produces_2', 'consume_1_or_both_2_and_3_with_dataset_expressions', 'dataset_produces_1', 'dataset_consumes_unknown_never_scheduled', 'dataset_consumes_1_never_scheduled', 'consume_1_or_2_with_dataset_expressions', 'conditional_dataset_and_time_based_timetable', 'dataset_consumes_1_and_2', 'consume_1_and_2_with_dataset_expressions', 'dataset_consumes_1' retrieved from /home/airflow/.local/lib/python3.12/site-packages/airflow/example_dags/example_datasets.py
[2025-04-04T14:55:30.962+0000] {logging_mixin.py:190} INFO - [2025-04-04T14:55:30.961+0000] {override.py:1912} INFO - Created Permission View: can edit on DAG:dataset_produces_2
[2025-04-04T14:55:30.974+0000] {logging_mixin.py:190} INFO - [2025-04-04T14:55:30.974+0000] {override.py:1912} INFO - Created Permission View: can delete on DAG:dataset_produces_2
[2025-04-04T14:55:30.984+0000] {logging_mixin.py:190} INFO - [2025-04-04T14:55:30.984+0000] {override.py:1912} INFO - Created Permission View: can read on DAG:dataset_produces_2
[2025-04-04T14:55:30.996+0000] {logging_mixin.py:190} INFO - [2025-04-04T14:55:30.996+0000] {override.py:1912} INFO - Created Permission View: can create on DAG Run:dataset_produces_2
[2025-04-04T14:55:31.006+0000] {logging_mixin.py:190} INFO - [2025-04-04T14:55:31.005+0000] {override.py:1912} INFO - Created Permission View: menu access on DAG Run:dataset_produces_2
[2025-04-04T14:55:31.016+0000] {logging_mixin.py:190} INFO - [2025-04-04T14:55:31.016+0000] {override.py:1912} INFO - Created Permission View: can delete on DAG Run:dataset_produces_2
[2025-04-04T14:55:31.026+0000] {logging_mixin.py:190} INFO - [2025-04-04T14:55:31.025+0000] {override.py:1912} INFO - Created Permission View: can read on DAG Run:dataset_produces_2
[2025-04-04T14:55:31.043+0000] {logging_mixin.py:190} INFO - [2025-04-04T14:55:31.043+0000] {override.py:1912} INFO - Created Permission View: can edit on DAG:consume_1_or_both_2_and_3_with_dataset_expressions
[2025-04-04T14:55:31.052+0000] {logging_mixin.py:190} INFO - [2025-04-04T14:55:31.051+0000] {override.py:1912} INFO - Created Permission View: can delete on DAG:consume_1_or_both_2_and_3_with_dataset_expressions
[2025-04-04T14:55:31.061+0000] {logging_mixin.py:190} INFO - [2025-04-04T14:55:31.061+0000] {override.py:1912} INFO - Created Permission View: can read on DAG:consume_1_or_both_2_and_3_with_dataset_expressions
[2025-04-04T14:55:31.073+0000] {logging_mixin.py:190} INFO - [2025-04-04T14:55:31.072+0000] {override.py:1912} INFO - Created Permission View: can create on DAG Run:consume_1_or_both_2_and_3_with_dataset_expressions
[2025-04-04T14:55:31.081+0000] {logging_mixin.py:190} INFO - [2025-04-04T14:55:31.081+0000] {override.py:1912} INFO - Created Permission View: menu access on DAG Run:consume_1_or_both_2_and_3_with_dataset_expressions
[2025-04-04T14:55:31.089+0000] {logging_mixin.py:190} INFO - [2025-04-04T14:55:31.089+0000] {override.py:1912} INFO - Created Permission View: can delete on DAG Run:consume_1_or_both_2_and_3_with_dataset_expressions
[2025-04-04T14:55:31.097+0000] {logging_mixin.py:190} INFO - [2025-04-04T14:55:31.096+0000] {override.py:1912} INFO - Created Permission View: can read on DAG Run:consume_1_or_both_2_and_3_with_dataset_expressions
[2025-04-04T14:55:31.120+0000] {logging_mixin.py:190} INFO - [2025-04-04T14:55:31.119+0000] {override.py:1912} INFO - Created Permission View: can edit on DAG:dataset_produces_1
[2025-04-04T14:55:31.135+0000] {logging_mixin.py:190} INFO - [2025-04-04T14:55:31.134+0000] {override.py:1912} INFO - Created Permission View: can delete on DAG:dataset_produces_1
[2025-04-04T14:55:31.144+0000] {logging_mixin.py:190} INFO - [2025-04-04T14:55:31.144+0000] {override.py:1912} INFO - Created Permission View: can read on DAG:dataset_produces_1
[2025-04-04T14:55:31.164+0000] {logging_mixin.py:190} INFO - [2025-04-04T14:55:31.164+0000] {override.py:1912} INFO - Created Permission View: can create on DAG Run:dataset_produces_1
[2025-04-04T14:55:31.192+0000] {logging_mixin.py:190} INFO - [2025-04-04T14:55:31.192+0000] {override.py:1912} INFO - Created Permission View: menu access on DAG Run:dataset_produces_1
[2025-04-04T14:55:31.201+0000] {logging_mixin.py:190} INFO - [2025-04-04T14:55:31.201+0000] {override.py:1912} INFO - Created Permission View: can delete on DAG Run:dataset_produces_1
[2025-04-04T14:55:31.210+0000] {logging_mixin.py:190} INFO - [2025-04-04T14:55:31.210+0000] {override.py:1912} INFO - Created Permission View: can read on DAG Run:dataset_produces_1
[2025-04-04T14:55:31.226+0000] {logging_mixin.py:190} INFO - [2025-04-04T14:55:31.225+0000] {override.py:1912} INFO - Created Permission View: can edit on DAG:dataset_consumes_unknown_never_scheduled
[2025-04-04T14:55:31.234+0000] {logging_mixin.py:190} INFO - [2025-04-04T14:55:31.233+0000] {override.py:1912} INFO - Created Permission View: can delete on DAG:dataset_consumes_unknown_never_scheduled
[2025-04-04T14:55:31.242+0000] {logging_mixin.py:190} INFO - [2025-04-04T14:55:31.242+0000] {override.py:1912} INFO - Created Permission View: can read on DAG:dataset_consumes_unknown_never_scheduled
[2025-04-04T14:55:31.253+0000] {logging_mixin.py:190} INFO - [2025-04-04T14:55:31.253+0000] {override.py:1912} INFO - Created Permission View: can create on DAG Run:dataset_consumes_unknown_never_scheduled
[2025-04-04T14:55:31.262+0000] {logging_mixin.py:190} INFO - [2025-04-04T14:55:31.262+0000] {override.py:1912} INFO - Created Permission View: menu access on DAG Run:dataset_consumes_unknown_never_scheduled
[2025-04-04T14:55:31.271+0000] {logging_mixin.py:190} INFO - [2025-04-04T14:55:31.271+0000] {override.py:1912} INFO - Created Permission View: can delete on DAG Run:dataset_consumes_unknown_never_scheduled
[2025-04-04T14:55:31.280+0000] {logging_mixin.py:190} INFO - [2025-04-04T14:55:31.280+0000] {override.py:1912} INFO - Created Permission View: can read on DAG Run:dataset_consumes_unknown_never_scheduled
[2025-04-04T14:55:31.297+0000] {logging_mixin.py:190} INFO - [2025-04-04T14:55:31.297+0000] {override.py:1912} INFO - Created Permission View: can edit on DAG:dataset_consumes_1_never_scheduled
[2025-04-04T14:55:31.306+0000] {logging_mixin.py:190} INFO - [2025-04-04T14:55:31.306+0000] {override.py:1912} INFO - Created Permission View: can delete on DAG:dataset_consumes_1_never_scheduled
[2025-04-04T14:55:31.315+0000] {logging_mixin.py:190} INFO - [2025-04-04T14:55:31.315+0000] {override.py:1912} INFO - Created Permission View: can read on DAG:dataset_consumes_1_never_scheduled
[2025-04-04T14:55:31.325+0000] {logging_mixin.py:190} INFO - [2025-04-04T14:55:31.325+0000] {override.py:1912} INFO - Created Permission View: can create on DAG Run:dataset_consumes_1_never_scheduled
[2025-04-04T14:55:31.333+0000] {logging_mixin.py:190} INFO - [2025-04-04T14:55:31.333+0000] {override.py:1912} INFO - Created Permission View: menu access on DAG Run:dataset_consumes_1_never_scheduled
[2025-04-04T14:55:31.342+0000] {logging_mixin.py:190} INFO - [2025-04-04T14:55:31.341+0000] {override.py:1912} INFO - Created Permission View: can delete on DAG Run:dataset_consumes_1_never_scheduled
[2025-04-04T14:55:31.350+0000] {logging_mixin.py:190} INFO - [2025-04-04T14:55:31.349+0000] {override.py:1912} INFO - Created Permission View: can read on DAG Run:dataset_consumes_1_never_scheduled
[2025-04-04T14:55:31.364+0000] {logging_mixin.py:190} INFO - [2025-04-04T14:55:31.364+0000] {override.py:1912} INFO - Created Permission View: can edit on DAG:consume_1_or_2_with_dataset_expressions
[2025-04-04T14:55:31.375+0000] {logging_mixin.py:190} INFO - [2025-04-04T14:55:31.374+0000] {override.py:1912} INFO - Created Permission View: can delete on DAG:consume_1_or_2_with_dataset_expressions
[2025-04-04T14:55:31.384+0000] {logging_mixin.py:190} INFO - [2025-04-04T14:55:31.383+0000] {override.py:1912} INFO - Created Permission View: can read on DAG:consume_1_or_2_with_dataset_expressions
[2025-04-04T14:55:31.397+0000] {logging_mixin.py:190} INFO - [2025-04-04T14:55:31.397+0000] {override.py:1912} INFO - Created Permission View: can create on DAG Run:consume_1_or_2_with_dataset_expressions
[2025-04-04T14:55:31.413+0000] {logging_mixin.py:190} INFO - [2025-04-04T14:55:31.413+0000] {override.py:1912} INFO - Created Permission View: menu access on DAG Run:consume_1_or_2_with_dataset_expressions
[2025-04-04T14:55:31.423+0000] {logging_mixin.py:190} INFO - [2025-04-04T14:55:31.423+0000] {override.py:1912} INFO - Created Permission View: can delete on DAG Run:consume_1_or_2_with_dataset_expressions
[2025-04-04T14:55:31.434+0000] {logging_mixin.py:190} INFO - [2025-04-04T14:55:31.433+0000] {override.py:1912} INFO - Created Permission View: can read on DAG Run:consume_1_or_2_with_dataset_expressions
[2025-04-04T14:55:31.452+0000] {logging_mixin.py:190} INFO - [2025-04-04T14:55:31.451+0000] {override.py:1912} INFO - Created Permission View: can edit on DAG:conditional_dataset_and_time_based_timetable
[2025-04-04T14:55:31.461+0000] {logging_mixin.py:190} INFO - [2025-04-04T14:55:31.460+0000] {override.py:1912} INFO - Created Permission View: can delete on DAG:conditional_dataset_and_time_based_timetable
[2025-04-04T14:55:31.472+0000] {logging_mixin.py:190} INFO - [2025-04-04T14:55:31.472+0000] {override.py:1912} INFO - Created Permission View: can read on DAG:conditional_dataset_and_time_based_timetable
[2025-04-04T14:55:31.485+0000] {logging_mixin.py:190} INFO - [2025-04-04T14:55:31.485+0000] {override.py:1912} INFO - Created Permission View: can create on DAG Run:conditional_dataset_and_time_based_timetable
[2025-04-04T14:55:31.497+0000] {logging_mixin.py:190} INFO - [2025-04-04T14:55:31.497+0000] {override.py:1912} INFO - Created Permission View: menu access on DAG Run:conditional_dataset_and_time_based_timetable
[2025-04-04T14:55:31.506+0000] {logging_mixin.py:190} INFO - [2025-04-04T14:55:31.505+0000] {override.py:1912} INFO - Created Permission View: can delete on DAG Run:conditional_dataset_and_time_based_timetable
[2025-04-04T14:55:31.516+0000] {logging_mixin.py:190} INFO - [2025-04-04T14:55:31.515+0000] {override.py:1912} INFO - Created Permission View: can read on DAG Run:conditional_dataset_and_time_based_timetable
[2025-04-04T14:55:31.536+0000] {logging_mixin.py:190} INFO - [2025-04-04T14:55:31.536+0000] {override.py:1912} INFO - Created Permission View: can edit on DAG:dataset_consumes_1_and_2
[2025-04-04T14:55:31.548+0000] {logging_mixin.py:190} INFO - [2025-04-04T14:55:31.547+0000] {override.py:1912} INFO - Created Permission View: can delete on DAG:dataset_consumes_1_and_2
[2025-04-04T14:55:31.558+0000] {logging_mixin.py:190} INFO - [2025-04-04T14:55:31.557+0000] {override.py:1912} INFO - Created Permission View: can read on DAG:dataset_consumes_1_and_2
[2025-04-04T14:55:31.572+0000] {logging_mixin.py:190} INFO - [2025-04-04T14:55:31.572+0000] {override.py:1912} INFO - Created Permission View: can create on DAG Run:dataset_consumes_1_and_2
[2025-04-04T14:55:31.584+0000] {logging_mixin.py:190} INFO - [2025-04-04T14:55:31.584+0000] {override.py:1912} INFO - Created Permission View: menu access on DAG Run:dataset_consumes_1_and_2
[2025-04-04T14:55:31.595+0000] {logging_mixin.py:190} INFO - [2025-04-04T14:55:31.595+0000] {override.py:1912} INFO - Created Permission View: can delete on DAG Run:dataset_consumes_1_and_2
[2025-04-04T14:55:31.605+0000] {logging_mixin.py:190} INFO - [2025-04-04T14:55:31.604+0000] {override.py:1912} INFO - Created Permission View: can read on DAG Run:dataset_consumes_1_and_2
[2025-04-04T14:55:31.625+0000] {logging_mixin.py:190} INFO - [2025-04-04T14:55:31.625+0000] {override.py:1912} INFO - Created Permission View: can edit on DAG:consume_1_and_2_with_dataset_expressions
[2025-04-04T14:55:31.635+0000] {logging_mixin.py:190} INFO - [2025-04-04T14:55:31.635+0000] {override.py:1912} INFO - Created Permission View: can delete on DAG:consume_1_and_2_with_dataset_expressions
[2025-04-04T14:55:31.646+0000] {logging_mixin.py:190} INFO - [2025-04-04T14:55:31.646+0000] {override.py:1912} INFO - Created Permission View: can read on DAG:consume_1_and_2_with_dataset_expressions
[2025-04-04T14:55:31.658+0000] {logging_mixin.py:190} INFO - [2025-04-04T14:55:31.658+0000] {override.py:1912} INFO - Created Permission View: can create on DAG Run:consume_1_and_2_with_dataset_expressions
[2025-04-04T14:55:31.668+0000] {logging_mixin.py:190} INFO - [2025-04-04T14:55:31.668+0000] {override.py:1912} INFO - Created Permission View: menu access on DAG Run:consume_1_and_2_with_dataset_expressions
[2025-04-04T14:55:31.681+0000] {logging_mixin.py:190} INFO - [2025-04-04T14:55:31.680+0000] {override.py:1912} INFO - Created Permission View: can delete on DAG Run:consume_1_and_2_with_dataset_expressions
[2025-04-04T14:55:31.691+0000] {logging_mixin.py:190} INFO - [2025-04-04T14:55:31.691+0000] {override.py:1912} INFO - Created Permission View: can read on DAG Run:consume_1_and_2_with_dataset_expressions
[2025-04-04T14:55:31.708+0000] {logging_mixin.py:190} INFO - [2025-04-04T14:55:31.708+0000] {override.py:1912} INFO - Created Permission View: can edit on DAG:dataset_consumes_1
[2025-04-04T14:55:31.718+0000] {logging_mixin.py:190} INFO - [2025-04-04T14:55:31.718+0000] {override.py:1912} INFO - Created Permission View: can delete on DAG:dataset_consumes_1
[2025-04-04T14:55:31.729+0000] {logging_mixin.py:190} INFO - [2025-04-04T14:55:31.729+0000] {override.py:1912} INFO - Created Permission View: can read on DAG:dataset_consumes_1
[2025-04-04T14:55:31.740+0000] {logging_mixin.py:190} INFO - [2025-04-04T14:55:31.740+0000] {override.py:1912} INFO - Created Permission View: can create on DAG Run:dataset_consumes_1
[2025-04-04T14:55:31.748+0000] {logging_mixin.py:190} INFO - [2025-04-04T14:55:31.748+0000] {override.py:1912} INFO - Created Permission View: menu access on DAG Run:dataset_consumes_1
[2025-04-04T14:55:31.756+0000] {logging_mixin.py:190} INFO - [2025-04-04T14:55:31.755+0000] {override.py:1912} INFO - Created Permission View: can delete on DAG Run:dataset_consumes_1
[2025-04-04T14:55:31.764+0000] {logging_mixin.py:190} INFO - [2025-04-04T14:55:31.763+0000] {override.py:1912} INFO - Created Permission View: can read on DAG Run:dataset_consumes_1
[2025-04-04T14:55:31.765+0000] {logging_mixin.py:190} INFO - [2025-04-04T14:55:31.764+0000] {dag.py:3239} INFO - Sync 10 DAGs
[2025-04-04T14:55:31.779+0000] {logging_mixin.py:190} INFO - [2025-04-04T14:55:31.778+0000] {dag.py:3262} INFO - Creating ORM DAG for dataset_produces_1
[2025-04-04T14:55:31.780+0000] {logging_mixin.py:190} INFO - [2025-04-04T14:55:31.780+0000] {dag.py:3262} INFO - Creating ORM DAG for dataset_consumes_unknown_never_scheduled
[2025-04-04T14:55:31.781+0000] {logging_mixin.py:190} INFO - [2025-04-04T14:55:31.781+0000] {dag.py:3262} INFO - Creating ORM DAG for conditional_dataset_and_time_based_timetable
[2025-04-04T14:55:31.782+0000] {logging_mixin.py:190} INFO - [2025-04-04T14:55:31.782+0000] {dag.py:3262} INFO - Creating ORM DAG for consume_1_or_both_2_and_3_with_dataset_expressions
[2025-04-04T14:55:31.784+0000] {logging_mixin.py:190} INFO - [2025-04-04T14:55:31.783+0000] {dag.py:3262} INFO - Creating ORM DAG for dataset_produces_2
[2025-04-04T14:55:31.785+0000] {logging_mixin.py:190} INFO - [2025-04-04T14:55:31.784+0000] {dag.py:3262} INFO - Creating ORM DAG for dataset_consumes_1_and_2
[2025-04-04T14:55:31.785+0000] {logging_mixin.py:190} INFO - [2025-04-04T14:55:31.785+0000] {dag.py:3262} INFO - Creating ORM DAG for dataset_consumes_1_never_scheduled
[2025-04-04T14:55:31.786+0000] {logging_mixin.py:190} INFO - [2025-04-04T14:55:31.786+0000] {dag.py:3262} INFO - Creating ORM DAG for dataset_consumes_1
[2025-04-04T14:55:31.787+0000] {logging_mixin.py:190} INFO - [2025-04-04T14:55:31.787+0000] {dag.py:3262} INFO - Creating ORM DAG for consume_1_or_2_with_dataset_expressions
[2025-04-04T14:55:31.788+0000] {logging_mixin.py:190} INFO - [2025-04-04T14:55:31.788+0000] {dag.py:3262} INFO - Creating ORM DAG for consume_1_and_2_with_dataset_expressions
[2025-04-04T14:55:31.801+0000] {logging_mixin.py:190} INFO - [2025-04-04T14:55:31.801+0000] {dag.py:4180} INFO - Setting next_dagrun for conditional_dataset_and_time_based_timetable to 2025-04-02 01:00:00+00:00, run_after=2025-04-02 01:00:00+00:00
[2025-04-04T14:55:31.802+0000] {logging_mixin.py:190} INFO - [2025-04-04T14:55:31.802+0000] {dag.py:4180} INFO - Setting next_dagrun for consume_1_and_2_with_dataset_expressions to None, run_after=None
[2025-04-04T14:55:31.803+0000] {logging_mixin.py:190} INFO - [2025-04-04T14:55:31.803+0000] {dag.py:4180} INFO - Setting next_dagrun for consume_1_or_2_with_dataset_expressions to None, run_after=None
[2025-04-04T14:55:31.804+0000] {logging_mixin.py:190} INFO - [2025-04-04T14:55:31.804+0000] {dag.py:4180} INFO - Setting next_dagrun for consume_1_or_both_2_and_3_with_dataset_expressions to None, run_after=None
[2025-04-04T14:55:31.805+0000] {logging_mixin.py:190} INFO - [2025-04-04T14:55:31.804+0000] {dag.py:4180} INFO - Setting next_dagrun for dataset_consumes_1 to None, run_after=None
[2025-04-04T14:55:31.806+0000] {logging_mixin.py:190} INFO - [2025-04-04T14:55:31.805+0000] {dag.py:4180} INFO - Setting next_dagrun for dataset_consumes_1_and_2 to None, run_after=None
[2025-04-04T14:55:31.807+0000] {logging_mixin.py:190} INFO - [2025-04-04T14:55:31.806+0000] {dag.py:4180} INFO - Setting next_dagrun for dataset_consumes_1_never_scheduled to None, run_after=None
[2025-04-04T14:55:31.808+0000] {logging_mixin.py:190} INFO - [2025-04-04T14:55:31.807+0000] {dag.py:4180} INFO - Setting next_dagrun for dataset_consumes_unknown_never_scheduled to None, run_after=None
[2025-04-04T14:55:31.810+0000] {logging_mixin.py:190} INFO - [2025-04-04T14:55:31.810+0000] {dag.py:4180} INFO - Setting next_dagrun for dataset_produces_1 to 2025-04-03 00:00:00+00:00, run_after=2025-04-04 00:00:00+00:00
[2025-04-04T14:55:31.811+0000] {logging_mixin.py:190} INFO - [2025-04-04T14:55:31.811+0000] {dag.py:4180} INFO - Setting next_dagrun for dataset_produces_2 to None, run_after=None
[2025-04-04T14:55:31.869+0000] {processor.py:208} INFO - Processing /home/airflow/.local/lib/python3.12/site-packages/airflow/example_dags/example_datasets.py took 1.705 seconds
[2025-04-04T14:56:01.951+0000] {processor.py:186} INFO - Started process (PID=725) to work on /home/airflow/.local/lib/python3.12/site-packages/airflow/example_dags/example_datasets.py
[2025-04-04T14:56:01.952+0000] {processor.py:914} INFO - Processing file /home/airflow/.local/lib/python3.12/site-packages/airflow/example_dags/example_datasets.py for tasks to queue
[2025-04-04T14:56:01.954+0000] {logging_mixin.py:190} INFO - [2025-04-04T14:56:01.954+0000] {dagbag.py:588} INFO - Filling up the DagBag from /home/airflow/.local/lib/python3.12/site-packages/airflow/example_dags/example_datasets.py
[2025-04-04T14:56:02.221+0000] {processor.py:925} INFO - DAG(s) 'dataset_consumes_1', 'dataset_produces_2', 'conditional_dataset_and_time_based_timetable', 'consume_1_or_both_2_and_3_with_dataset_expressions', 'dataset_consumes_1_never_scheduled', 'consume_1_or_2_with_dataset_expressions', 'consume_1_and_2_with_dataset_expressions', 'dataset_produces_1', 'dataset_consumes_unknown_never_scheduled', 'dataset_consumes_1_and_2' retrieved from /home/airflow/.local/lib/python3.12/site-packages/airflow/example_dags/example_datasets.py
[2025-04-04T14:56:02.255+0000] {logging_mixin.py:190} INFO - [2025-04-04T14:56:02.254+0000] {dag.py:3239} INFO - Sync 10 DAGs
[2025-04-04T14:56:02.403+0000] {logging_mixin.py:190} INFO - [2025-04-04T14:56:02.403+0000] {dag.py:4180} INFO - Setting next_dagrun for conditional_dataset_and_time_based_timetable to 2025-04-02 01:00:00+00:00, run_after=2025-04-02 01:00:00+00:00
[2025-04-04T14:56:02.407+0000] {logging_mixin.py:190} INFO - [2025-04-04T14:56:02.407+0000] {dag.py:4180} INFO - Setting next_dagrun for consume_1_and_2_with_dataset_expressions to None, run_after=None
[2025-04-04T14:56:02.409+0000] {logging_mixin.py:190} INFO - [2025-04-04T14:56:02.408+0000] {dag.py:4180} INFO - Setting next_dagrun for consume_1_or_2_with_dataset_expressions to None, run_after=None
[2025-04-04T14:56:02.410+0000] {logging_mixin.py:190} INFO - [2025-04-04T14:56:02.410+0000] {dag.py:4180} INFO - Setting next_dagrun for consume_1_or_both_2_and_3_with_dataset_expressions to None, run_after=None
[2025-04-04T14:56:02.412+0000] {logging_mixin.py:190} INFO - [2025-04-04T14:56:02.411+0000] {dag.py:4180} INFO - Setting next_dagrun for dataset_consumes_1 to None, run_after=None
[2025-04-04T14:56:02.413+0000] {logging_mixin.py:190} INFO - [2025-04-04T14:56:02.413+0000] {dag.py:4180} INFO - Setting next_dagrun for dataset_consumes_1_and_2 to None, run_after=None
[2025-04-04T14:56:02.414+0000] {logging_mixin.py:190} INFO - [2025-04-04T14:56:02.414+0000] {dag.py:4180} INFO - Setting next_dagrun for dataset_consumes_1_never_scheduled to None, run_after=None
[2025-04-04T14:56:02.415+0000] {logging_mixin.py:190} INFO - [2025-04-04T14:56:02.415+0000] {dag.py:4180} INFO - Setting next_dagrun for dataset_consumes_unknown_never_scheduled to None, run_after=None
[2025-04-04T14:56:02.417+0000] {logging_mixin.py:190} INFO - [2025-04-04T14:56:02.417+0000] {dag.py:4180} INFO - Setting next_dagrun for dataset_produces_1 to 2025-04-03 00:00:00+00:00, run_after=2025-04-04 00:00:00+00:00
[2025-04-04T14:56:02.419+0000] {logging_mixin.py:190} INFO - [2025-04-04T14:56:02.419+0000] {dag.py:4180} INFO - Setting next_dagrun for dataset_produces_2 to None, run_after=None
[2025-04-04T14:56:02.446+0000] {processor.py:208} INFO - Processing /home/airflow/.local/lib/python3.12/site-packages/airflow/example_dags/example_datasets.py took 0.500 seconds
[2025-04-04T14:56:32.528+0000] {processor.py:186} INFO - Started process (PID=1012) to work on /home/airflow/.local/lib/python3.12/site-packages/airflow/example_dags/example_datasets.py
[2025-04-04T14:56:32.529+0000] {processor.py:914} INFO - Processing file /home/airflow/.local/lib/python3.12/site-packages/airflow/example_dags/example_datasets.py for tasks to queue
[2025-04-04T14:56:32.531+0000] {logging_mixin.py:190} INFO - [2025-04-04T14:56:32.531+0000] {dagbag.py:588} INFO - Filling up the DagBag from /home/airflow/.local/lib/python3.12/site-packages/airflow/example_dags/example_datasets.py
[2025-04-04T14:56:32.966+0000] {processor.py:925} INFO - DAG(s) 'conditional_dataset_and_time_based_timetable', 'dataset_produces_1', 'consume_1_or_both_2_and_3_with_dataset_expressions', 'dataset_consumes_1', 'consume_1_or_2_with_dataset_expressions', 'dataset_produces_2', 'dataset_consumes_1_never_scheduled', 'dataset_consumes_unknown_never_scheduled', 'consume_1_and_2_with_dataset_expressions', 'dataset_consumes_1_and_2' retrieved from /home/airflow/.local/lib/python3.12/site-packages/airflow/example_dags/example_datasets.py
[2025-04-04T14:56:33.001+0000] {logging_mixin.py:190} INFO - [2025-04-04T14:56:33.001+0000] {dag.py:3239} INFO - Sync 10 DAGs
[2025-04-04T14:56:33.022+0000] {logging_mixin.py:190} INFO - [2025-04-04T14:56:33.022+0000] {dag.py:4180} INFO - Setting next_dagrun for conditional_dataset_and_time_based_timetable to 2025-04-02 01:00:00+00:00, run_after=2025-04-02 01:00:00+00:00
[2025-04-04T14:56:33.025+0000] {logging_mixin.py:190} INFO - [2025-04-04T14:56:33.025+0000] {dag.py:4180} INFO - Setting next_dagrun for consume_1_and_2_with_dataset_expressions to None, run_after=None
[2025-04-04T14:56:33.027+0000] {logging_mixin.py:190} INFO - [2025-04-04T14:56:33.027+0000] {dag.py:4180} INFO - Setting next_dagrun for consume_1_or_2_with_dataset_expressions to None, run_after=None
[2025-04-04T14:56:33.029+0000] {logging_mixin.py:190} INFO - [2025-04-04T14:56:33.028+0000] {dag.py:4180} INFO - Setting next_dagrun for consume_1_or_both_2_and_3_with_dataset_expressions to None, run_after=None
[2025-04-04T14:56:33.030+0000] {logging_mixin.py:190} INFO - [2025-04-04T14:56:33.030+0000] {dag.py:4180} INFO - Setting next_dagrun for dataset_consumes_1 to None, run_after=None
[2025-04-04T14:56:33.032+0000] {logging_mixin.py:190} INFO - [2025-04-04T14:56:33.031+0000] {dag.py:4180} INFO - Setting next_dagrun for dataset_consumes_1_and_2 to None, run_after=None
[2025-04-04T14:56:33.033+0000] {logging_mixin.py:190} INFO - [2025-04-04T14:56:33.033+0000] {dag.py:4180} INFO - Setting next_dagrun for dataset_consumes_1_never_scheduled to None, run_after=None
[2025-04-04T14:56:33.034+0000] {logging_mixin.py:190} INFO - [2025-04-04T14:56:33.034+0000] {dag.py:4180} INFO - Setting next_dagrun for dataset_consumes_unknown_never_scheduled to None, run_after=None
[2025-04-04T14:56:33.036+0000] {logging_mixin.py:190} INFO - [2025-04-04T14:56:33.036+0000] {dag.py:4180} INFO - Setting next_dagrun for dataset_produces_1 to 2025-04-03 00:00:00+00:00, run_after=2025-04-04 00:00:00+00:00
[2025-04-04T14:56:33.037+0000] {logging_mixin.py:190} INFO - [2025-04-04T14:56:33.037+0000] {dag.py:4180} INFO - Setting next_dagrun for dataset_produces_2 to None, run_after=None
[2025-04-04T14:56:33.068+0000] {processor.py:208} INFO - Processing /home/airflow/.local/lib/python3.12/site-packages/airflow/example_dags/example_datasets.py took 0.545 seconds
[2025-04-04T14:57:03.323+0000] {processor.py:186} INFO - Started process (PID=1301) to work on /home/airflow/.local/lib/python3.12/site-packages/airflow/example_dags/example_datasets.py
[2025-04-04T14:57:03.325+0000] {processor.py:914} INFO - Processing file /home/airflow/.local/lib/python3.12/site-packages/airflow/example_dags/example_datasets.py for tasks to queue
[2025-04-04T14:57:03.328+0000] {logging_mixin.py:190} INFO - [2025-04-04T14:57:03.327+0000] {dagbag.py:588} INFO - Filling up the DagBag from /home/airflow/.local/lib/python3.12/site-packages/airflow/example_dags/example_datasets.py
[2025-04-04T14:57:03.825+0000] {processor.py:925} INFO - DAG(s) 'dataset_produces_1', 'dataset_produces_2', 'dataset_consumes_1_and_2', 'consume_1_and_2_with_dataset_expressions', 'conditional_dataset_and_time_based_timetable', 'dataset_consumes_unknown_never_scheduled', 'consume_1_or_both_2_and_3_with_dataset_expressions', 'dataset_consumes_1_never_scheduled', 'dataset_consumes_1', 'consume_1_or_2_with_dataset_expressions' retrieved from /home/airflow/.local/lib/python3.12/site-packages/airflow/example_dags/example_datasets.py
[2025-04-04T14:57:03.884+0000] {logging_mixin.py:190} INFO - [2025-04-04T14:57:03.884+0000] {dag.py:3239} INFO - Sync 10 DAGs
[2025-04-04T14:57:03.922+0000] {logging_mixin.py:190} INFO - [2025-04-04T14:57:03.922+0000] {dag.py:4180} INFO - Setting next_dagrun for conditional_dataset_and_time_based_timetable to 2025-04-02 01:00:00+00:00, run_after=2025-04-02 01:00:00+00:00
[2025-04-04T14:57:03.927+0000] {logging_mixin.py:190} INFO - [2025-04-04T14:57:03.927+0000] {dag.py:4180} INFO - Setting next_dagrun for consume_1_and_2_with_dataset_expressions to None, run_after=None
[2025-04-04T14:57:03.929+0000] {logging_mixin.py:190} INFO - [2025-04-04T14:57:03.929+0000] {dag.py:4180} INFO - Setting next_dagrun for consume_1_or_2_with_dataset_expressions to None, run_after=None
[2025-04-04T14:57:03.931+0000] {logging_mixin.py:190} INFO - [2025-04-04T14:57:03.931+0000] {dag.py:4180} INFO - Setting next_dagrun for consume_1_or_both_2_and_3_with_dataset_expressions to None, run_after=None
[2025-04-04T14:57:03.933+0000] {logging_mixin.py:190} INFO - [2025-04-04T14:57:03.933+0000] {dag.py:4180} INFO - Setting next_dagrun for dataset_consumes_1 to None, run_after=None
[2025-04-04T14:57:03.934+0000] {logging_mixin.py:190} INFO - [2025-04-04T14:57:03.934+0000] {dag.py:4180} INFO - Setting next_dagrun for dataset_consumes_1_and_2 to None, run_after=None
[2025-04-04T14:57:03.936+0000] {logging_mixin.py:190} INFO - [2025-04-04T14:57:03.936+0000] {dag.py:4180} INFO - Setting next_dagrun for dataset_consumes_1_never_scheduled to None, run_after=None
[2025-04-04T14:57:03.938+0000] {logging_mixin.py:190} INFO - [2025-04-04T14:57:03.938+0000] {dag.py:4180} INFO - Setting next_dagrun for dataset_consumes_unknown_never_scheduled to None, run_after=None
[2025-04-04T14:57:03.941+0000] {logging_mixin.py:190} INFO - [2025-04-04T14:57:03.941+0000] {dag.py:4180} INFO - Setting next_dagrun for dataset_produces_1 to 2025-04-03 00:00:00+00:00, run_after=2025-04-04 00:00:00+00:00
[2025-04-04T14:57:03.944+0000] {logging_mixin.py:190} INFO - [2025-04-04T14:57:03.944+0000] {dag.py:4180} INFO - Setting next_dagrun for dataset_produces_2 to None, run_after=None
[2025-04-04T14:57:03.987+0000] {processor.py:208} INFO - Processing /home/airflow/.local/lib/python3.12/site-packages/airflow/example_dags/example_datasets.py took 0.670 seconds
[2025-04-04T14:57:34.377+0000] {processor.py:186} INFO - Started process (PID=1592) to work on /home/airflow/.local/lib/python3.12/site-packages/airflow/example_dags/example_datasets.py
[2025-04-04T14:57:34.379+0000] {processor.py:914} INFO - Processing file /home/airflow/.local/lib/python3.12/site-packages/airflow/example_dags/example_datasets.py for tasks to queue
[2025-04-04T14:57:34.381+0000] {logging_mixin.py:190} INFO - [2025-04-04T14:57:34.381+0000] {dagbag.py:588} INFO - Filling up the DagBag from /home/airflow/.local/lib/python3.12/site-packages/airflow/example_dags/example_datasets.py
[2025-04-04T14:57:35.418+0000] {processor.py:925} INFO - DAG(s) 'consume_1_or_both_2_and_3_with_dataset_expressions', 'dataset_produces_2', 'dataset_produces_1', 'dataset_consumes_1_and_2', 'dataset_consumes_1', 'dataset_consumes_unknown_never_scheduled', 'consume_1_and_2_with_dataset_expressions', 'dataset_consumes_1_never_scheduled', 'conditional_dataset_and_time_based_timetable', 'consume_1_or_2_with_dataset_expressions' retrieved from /home/airflow/.local/lib/python3.12/site-packages/airflow/example_dags/example_datasets.py
[2025-04-04T14:57:37.241+0000] {logging_mixin.py:190} INFO - [2025-04-04T14:57:37.241+0000] {dag.py:3239} INFO - Sync 10 DAGs
[2025-04-04T14:57:37.293+0000] {logging_mixin.py:190} INFO - [2025-04-04T14:57:37.292+0000] {dag.py:4180} INFO - Setting next_dagrun for conditional_dataset_and_time_based_timetable to 2025-04-02 01:00:00+00:00, run_after=2025-04-02 01:00:00+00:00
[2025-04-04T14:57:37.310+0000] {logging_mixin.py:190} INFO - [2025-04-04T14:57:37.309+0000] {dag.py:4180} INFO - Setting next_dagrun for consume_1_and_2_with_dataset_expressions to None, run_after=None
[2025-04-04T14:57:37.312+0000] {logging_mixin.py:190} INFO - [2025-04-04T14:57:37.311+0000] {dag.py:4180} INFO - Setting next_dagrun for consume_1_or_2_with_dataset_expressions to None, run_after=None
[2025-04-04T14:57:37.314+0000] {logging_mixin.py:190} INFO - [2025-04-04T14:57:37.313+0000] {dag.py:4180} INFO - Setting next_dagrun for consume_1_or_both_2_and_3_with_dataset_expressions to None, run_after=None
[2025-04-04T14:57:37.317+0000] {logging_mixin.py:190} INFO - [2025-04-04T14:57:37.316+0000] {dag.py:4180} INFO - Setting next_dagrun for dataset_consumes_1 to None, run_after=None
[2025-04-04T14:57:37.319+0000] {logging_mixin.py:190} INFO - [2025-04-04T14:57:37.319+0000] {dag.py:4180} INFO - Setting next_dagrun for dataset_consumes_1_and_2 to None, run_after=None
[2025-04-04T14:57:37.321+0000] {logging_mixin.py:190} INFO - [2025-04-04T14:57:37.321+0000] {dag.py:4180} INFO - Setting next_dagrun for dataset_consumes_1_never_scheduled to None, run_after=None
[2025-04-04T14:57:37.322+0000] {logging_mixin.py:190} INFO - [2025-04-04T14:57:37.322+0000] {dag.py:4180} INFO - Setting next_dagrun for dataset_consumes_unknown_never_scheduled to None, run_after=None
[2025-04-04T14:57:37.325+0000] {logging_mixin.py:190} INFO - [2025-04-04T14:57:37.325+0000] {dag.py:4180} INFO - Setting next_dagrun for dataset_produces_1 to 2025-04-03 00:00:00+00:00, run_after=2025-04-04 00:00:00+00:00
[2025-04-04T14:57:37.326+0000] {logging_mixin.py:190} INFO - [2025-04-04T14:57:37.326+0000] {dag.py:4180} INFO - Setting next_dagrun for dataset_produces_2 to None, run_after=None
[2025-04-04T14:57:38.494+0000] {processor.py:208} INFO - Processing /home/airflow/.local/lib/python3.12/site-packages/airflow/example_dags/example_datasets.py took 4.122 seconds
[2025-04-04T14:58:09.318+0000] {processor.py:186} INFO - Started process (PID=1883) to work on /home/airflow/.local/lib/python3.12/site-packages/airflow/example_dags/example_datasets.py
[2025-04-04T14:58:09.321+0000] {processor.py:914} INFO - Processing file /home/airflow/.local/lib/python3.12/site-packages/airflow/example_dags/example_datasets.py for tasks to queue
[2025-04-04T14:58:09.324+0000] {logging_mixin.py:190} INFO - [2025-04-04T14:58:09.323+0000] {dagbag.py:588} INFO - Filling up the DagBag from /home/airflow/.local/lib/python3.12/site-packages/airflow/example_dags/example_datasets.py
[2025-04-04T14:58:10.107+0000] {processor.py:925} INFO - DAG(s) 'dataset_produces_2', 'conditional_dataset_and_time_based_timetable', 'consume_1_and_2_with_dataset_expressions', 'dataset_produces_1', 'dataset_consumes_1_never_scheduled', 'dataset_consumes_1_and_2', 'consume_1_or_both_2_and_3_with_dataset_expressions', 'dataset_consumes_unknown_never_scheduled', 'dataset_consumes_1', 'consume_1_or_2_with_dataset_expressions' retrieved from /home/airflow/.local/lib/python3.12/site-packages/airflow/example_dags/example_datasets.py
[2025-04-04T14:58:10.238+0000] {logging_mixin.py:190} INFO - [2025-04-04T14:58:10.237+0000] {dag.py:3239} INFO - Sync 10 DAGs
[2025-04-04T14:58:10.282+0000] {logging_mixin.py:190} INFO - [2025-04-04T14:58:10.282+0000] {dag.py:4180} INFO - Setting next_dagrun for conditional_dataset_and_time_based_timetable to 2025-04-02 01:00:00+00:00, run_after=2025-04-02 01:00:00+00:00
[2025-04-04T14:58:10.291+0000] {logging_mixin.py:190} INFO - [2025-04-04T14:58:10.291+0000] {dag.py:4180} INFO - Setting next_dagrun for consume_1_and_2_with_dataset_expressions to None, run_after=None
[2025-04-04T14:58:10.293+0000] {logging_mixin.py:190} INFO - [2025-04-04T14:58:10.293+0000] {dag.py:4180} INFO - Setting next_dagrun for consume_1_or_2_with_dataset_expressions to None, run_after=None
[2025-04-04T14:58:10.296+0000] {logging_mixin.py:190} INFO - [2025-04-04T14:58:10.295+0000] {dag.py:4180} INFO - Setting next_dagrun for consume_1_or_both_2_and_3_with_dataset_expressions to None, run_after=None
[2025-04-04T14:58:10.298+0000] {logging_mixin.py:190} INFO - [2025-04-04T14:58:10.298+0000] {dag.py:4180} INFO - Setting next_dagrun for dataset_consumes_1 to None, run_after=None
[2025-04-04T14:58:10.300+0000] {logging_mixin.py:190} INFO - [2025-04-04T14:58:10.300+0000] {dag.py:4180} INFO - Setting next_dagrun for dataset_consumes_1_and_2 to None, run_after=None
[2025-04-04T14:58:10.305+0000] {logging_mixin.py:190} INFO - [2025-04-04T14:58:10.303+0000] {dag.py:4180} INFO - Setting next_dagrun for dataset_consumes_1_never_scheduled to None, run_after=None
[2025-04-04T14:58:10.308+0000] {logging_mixin.py:190} INFO - [2025-04-04T14:58:10.307+0000] {dag.py:4180} INFO - Setting next_dagrun for dataset_consumes_unknown_never_scheduled to None, run_after=None
[2025-04-04T14:58:10.312+0000] {logging_mixin.py:190} INFO - [2025-04-04T14:58:10.311+0000] {dag.py:4180} INFO - Setting next_dagrun for dataset_produces_1 to 2025-04-03 00:00:00+00:00, run_after=2025-04-04 00:00:00+00:00
[2025-04-04T14:58:10.314+0000] {logging_mixin.py:190} INFO - [2025-04-04T14:58:10.314+0000] {dag.py:4180} INFO - Setting next_dagrun for dataset_produces_2 to None, run_after=None
[2025-04-04T14:58:10.384+0000] {processor.py:208} INFO - Processing /home/airflow/.local/lib/python3.12/site-packages/airflow/example_dags/example_datasets.py took 1.071 seconds
[2025-04-04T14:58:41.014+0000] {processor.py:186} INFO - Started process (PID=2176) to work on /home/airflow/.local/lib/python3.12/site-packages/airflow/example_dags/example_datasets.py
[2025-04-04T14:58:41.016+0000] {processor.py:914} INFO - Processing file /home/airflow/.local/lib/python3.12/site-packages/airflow/example_dags/example_datasets.py for tasks to queue
[2025-04-04T14:58:41.018+0000] {logging_mixin.py:190} INFO - [2025-04-04T14:58:41.018+0000] {dagbag.py:588} INFO - Filling up the DagBag from /home/airflow/.local/lib/python3.12/site-packages/airflow/example_dags/example_datasets.py
[2025-04-04T14:58:41.496+0000] {processor.py:925} INFO - DAG(s) 'consume_1_or_both_2_and_3_with_dataset_expressions', 'dataset_consumes_1', 'dataset_produces_1', 'dataset_consumes_1_and_2', 'dataset_consumes_unknown_never_scheduled', 'consume_1_or_2_with_dataset_expressions', 'consume_1_and_2_with_dataset_expressions', 'dataset_consumes_1_never_scheduled', 'dataset_produces_2', 'conditional_dataset_and_time_based_timetable' retrieved from /home/airflow/.local/lib/python3.12/site-packages/airflow/example_dags/example_datasets.py
[2025-04-04T14:58:41.537+0000] {logging_mixin.py:190} INFO - [2025-04-04T14:58:41.537+0000] {dag.py:3239} INFO - Sync 10 DAGs
[2025-04-04T14:58:41.564+0000] {logging_mixin.py:190} INFO - [2025-04-04T14:58:41.564+0000] {dag.py:4180} INFO - Setting next_dagrun for conditional_dataset_and_time_based_timetable to 2025-04-02 01:00:00+00:00, run_after=2025-04-02 01:00:00+00:00
[2025-04-04T14:58:41.569+0000] {logging_mixin.py:190} INFO - [2025-04-04T14:58:41.568+0000] {dag.py:4180} INFO - Setting next_dagrun for consume_1_and_2_with_dataset_expressions to None, run_after=None
[2025-04-04T14:58:41.571+0000] {logging_mixin.py:190} INFO - [2025-04-04T14:58:41.571+0000] {dag.py:4180} INFO - Setting next_dagrun for consume_1_or_2_with_dataset_expressions to None, run_after=None
[2025-04-04T14:58:41.573+0000] {logging_mixin.py:190} INFO - [2025-04-04T14:58:41.573+0000] {dag.py:4180} INFO - Setting next_dagrun for consume_1_or_both_2_and_3_with_dataset_expressions to None, run_after=None
[2025-04-04T14:58:41.577+0000] {logging_mixin.py:190} INFO - [2025-04-04T14:58:41.577+0000] {dag.py:4180} INFO - Setting next_dagrun for dataset_consumes_1 to None, run_after=None
[2025-04-04T14:58:41.580+0000] {logging_mixin.py:190} INFO - [2025-04-04T14:58:41.580+0000] {dag.py:4180} INFO - Setting next_dagrun for dataset_consumes_1_and_2 to None, run_after=None
[2025-04-04T14:58:41.582+0000] {logging_mixin.py:190} INFO - [2025-04-04T14:58:41.582+0000] {dag.py:4180} INFO - Setting next_dagrun for dataset_consumes_1_never_scheduled to None, run_after=None
[2025-04-04T14:58:41.585+0000] {logging_mixin.py:190} INFO - [2025-04-04T14:58:41.585+0000] {dag.py:4180} INFO - Setting next_dagrun for dataset_consumes_unknown_never_scheduled to None, run_after=None
[2025-04-04T14:58:41.589+0000] {logging_mixin.py:190} INFO - [2025-04-04T14:58:41.588+0000] {dag.py:4180} INFO - Setting next_dagrun for dataset_produces_1 to 2025-04-03 00:00:00+00:00, run_after=2025-04-04 00:00:00+00:00
[2025-04-04T14:58:41.591+0000] {logging_mixin.py:190} INFO - [2025-04-04T14:58:41.591+0000] {dag.py:4180} INFO - Setting next_dagrun for dataset_produces_2 to None, run_after=None
[2025-04-04T14:58:41.629+0000] {processor.py:208} INFO - Processing /home/airflow/.local/lib/python3.12/site-packages/airflow/example_dags/example_datasets.py took 0.619 seconds
[2025-04-04T14:59:11.745+0000] {processor.py:186} INFO - Started process (PID=2485) to work on /home/airflow/.local/lib/python3.12/site-packages/airflow/example_dags/example_datasets.py
[2025-04-04T14:59:11.746+0000] {processor.py:914} INFO - Processing file /home/airflow/.local/lib/python3.12/site-packages/airflow/example_dags/example_datasets.py for tasks to queue
[2025-04-04T14:59:11.748+0000] {logging_mixin.py:190} INFO - [2025-04-04T14:59:11.748+0000] {dagbag.py:588} INFO - Filling up the DagBag from /home/airflow/.local/lib/python3.12/site-packages/airflow/example_dags/example_datasets.py
[2025-04-04T14:59:12.280+0000] {processor.py:925} INFO - DAG(s) 'dataset_consumes_unknown_never_scheduled', 'dataset_consumes_1_and_2', 'dataset_consumes_1_never_scheduled', 'consume_1_and_2_with_dataset_expressions', 'conditional_dataset_and_time_based_timetable', 'dataset_produces_2', 'consume_1_or_both_2_and_3_with_dataset_expressions', 'dataset_consumes_1', 'consume_1_or_2_with_dataset_expressions', 'dataset_produces_1' retrieved from /home/airflow/.local/lib/python3.12/site-packages/airflow/example_dags/example_datasets.py
[2025-04-04T14:59:12.323+0000] {logging_mixin.py:190} INFO - [2025-04-04T14:59:12.323+0000] {dag.py:3239} INFO - Sync 10 DAGs
[2025-04-04T14:59:12.345+0000] {logging_mixin.py:190} INFO - [2025-04-04T14:59:12.344+0000] {dag.py:4180} INFO - Setting next_dagrun for conditional_dataset_and_time_based_timetable to 2025-04-02 01:00:00+00:00, run_after=2025-04-02 01:00:00+00:00
[2025-04-04T14:59:12.349+0000] {logging_mixin.py:190} INFO - [2025-04-04T14:59:12.349+0000] {dag.py:4180} INFO - Setting next_dagrun for consume_1_and_2_with_dataset_expressions to None, run_after=None
[2025-04-04T14:59:12.351+0000] {logging_mixin.py:190} INFO - [2025-04-04T14:59:12.351+0000] {dag.py:4180} INFO - Setting next_dagrun for consume_1_or_2_with_dataset_expressions to None, run_after=None
[2025-04-04T14:59:12.352+0000] {logging_mixin.py:190} INFO - [2025-04-04T14:59:12.352+0000] {dag.py:4180} INFO - Setting next_dagrun for consume_1_or_both_2_and_3_with_dataset_expressions to None, run_after=None
[2025-04-04T14:59:12.354+0000] {logging_mixin.py:190} INFO - [2025-04-04T14:59:12.354+0000] {dag.py:4180} INFO - Setting next_dagrun for dataset_consumes_1 to None, run_after=None
[2025-04-04T14:59:12.355+0000] {logging_mixin.py:190} INFO - [2025-04-04T14:59:12.355+0000] {dag.py:4180} INFO - Setting next_dagrun for dataset_consumes_1_and_2 to None, run_after=None
[2025-04-04T14:59:12.357+0000] {logging_mixin.py:190} INFO - [2025-04-04T14:59:12.357+0000] {dag.py:4180} INFO - Setting next_dagrun for dataset_consumes_1_never_scheduled to None, run_after=None
[2025-04-04T14:59:12.359+0000] {logging_mixin.py:190} INFO - [2025-04-04T14:59:12.359+0000] {dag.py:4180} INFO - Setting next_dagrun for dataset_consumes_unknown_never_scheduled to None, run_after=None
[2025-04-04T14:59:12.361+0000] {logging_mixin.py:190} INFO - [2025-04-04T14:59:12.361+0000] {dag.py:4180} INFO - Setting next_dagrun for dataset_produces_1 to 2025-04-03 00:00:00+00:00, run_after=2025-04-04 00:00:00+00:00
[2025-04-04T14:59:12.363+0000] {logging_mixin.py:190} INFO - [2025-04-04T14:59:12.362+0000] {dag.py:4180} INFO - Setting next_dagrun for dataset_produces_2 to None, run_after=None
[2025-04-04T14:59:12.394+0000] {processor.py:208} INFO - Processing /home/airflow/.local/lib/python3.12/site-packages/airflow/example_dags/example_datasets.py took 0.654 seconds
[2025-04-04T14:59:42.506+0000] {processor.py:186} INFO - Started process (PID=2776) to work on /home/airflow/.local/lib/python3.12/site-packages/airflow/example_dags/example_datasets.py
[2025-04-04T14:59:42.507+0000] {processor.py:914} INFO - Processing file /home/airflow/.local/lib/python3.12/site-packages/airflow/example_dags/example_datasets.py for tasks to queue
[2025-04-04T14:59:42.510+0000] {logging_mixin.py:190} INFO - [2025-04-04T14:59:42.509+0000] {dagbag.py:588} INFO - Filling up the DagBag from /home/airflow/.local/lib/python3.12/site-packages/airflow/example_dags/example_datasets.py
[2025-04-04T14:59:42.967+0000] {processor.py:925} INFO - DAG(s) 'dataset_consumes_unknown_never_scheduled', 'consume_1_or_both_2_and_3_with_dataset_expressions', 'dataset_consumes_1_and_2', 'dataset_produces_1', 'consume_1_or_2_with_dataset_expressions', 'conditional_dataset_and_time_based_timetable', 'dataset_consumes_1_never_scheduled', 'consume_1_and_2_with_dataset_expressions', 'dataset_produces_2', 'dataset_consumes_1' retrieved from /home/airflow/.local/lib/python3.12/site-packages/airflow/example_dags/example_datasets.py
[2025-04-04T14:59:43.010+0000] {logging_mixin.py:190} INFO - [2025-04-04T14:59:43.009+0000] {dag.py:3239} INFO - Sync 10 DAGs
[2025-04-04T14:59:43.033+0000] {logging_mixin.py:190} INFO - [2025-04-04T14:59:43.032+0000] {dag.py:4180} INFO - Setting next_dagrun for conditional_dataset_and_time_based_timetable to 2025-04-02 01:00:00+00:00, run_after=2025-04-02 01:00:00+00:00
[2025-04-04T14:59:43.037+0000] {logging_mixin.py:190} INFO - [2025-04-04T14:59:43.037+0000] {dag.py:4180} INFO - Setting next_dagrun for consume_1_and_2_with_dataset_expressions to None, run_after=None
[2025-04-04T14:59:43.039+0000] {logging_mixin.py:190} INFO - [2025-04-04T14:59:43.039+0000] {dag.py:4180} INFO - Setting next_dagrun for consume_1_or_2_with_dataset_expressions to None, run_after=None
[2025-04-04T14:59:43.041+0000] {logging_mixin.py:190} INFO - [2025-04-04T14:59:43.041+0000] {dag.py:4180} INFO - Setting next_dagrun for consume_1_or_both_2_and_3_with_dataset_expressions to None, run_after=None
[2025-04-04T14:59:43.043+0000] {logging_mixin.py:190} INFO - [2025-04-04T14:59:43.043+0000] {dag.py:4180} INFO - Setting next_dagrun for dataset_consumes_1 to None, run_after=None
[2025-04-04T14:59:43.045+0000] {logging_mixin.py:190} INFO - [2025-04-04T14:59:43.045+0000] {dag.py:4180} INFO - Setting next_dagrun for dataset_consumes_1_and_2 to None, run_after=None
[2025-04-04T14:59:43.046+0000] {logging_mixin.py:190} INFO - [2025-04-04T14:59:43.046+0000] {dag.py:4180} INFO - Setting next_dagrun for dataset_consumes_1_never_scheduled to None, run_after=None
[2025-04-04T14:59:43.048+0000] {logging_mixin.py:190} INFO - [2025-04-04T14:59:43.048+0000] {dag.py:4180} INFO - Setting next_dagrun for dataset_consumes_unknown_never_scheduled to None, run_after=None
[2025-04-04T14:59:43.050+0000] {logging_mixin.py:190} INFO - [2025-04-04T14:59:43.050+0000] {dag.py:4180} INFO - Setting next_dagrun for dataset_produces_1 to 2025-04-03 00:00:00+00:00, run_after=2025-04-04 00:00:00+00:00
[2025-04-04T14:59:43.052+0000] {logging_mixin.py:190} INFO - [2025-04-04T14:59:43.052+0000] {dag.py:4180} INFO - Setting next_dagrun for dataset_produces_2 to None, run_after=None
[2025-04-04T14:59:43.085+0000] {processor.py:208} INFO - Processing /home/airflow/.local/lib/python3.12/site-packages/airflow/example_dags/example_datasets.py took 0.584 seconds
[2025-04-04T15:00:13.406+0000] {processor.py:186} INFO - Started process (PID=3069) to work on /home/airflow/.local/lib/python3.12/site-packages/airflow/example_dags/example_datasets.py
[2025-04-04T15:00:13.408+0000] {processor.py:914} INFO - Processing file /home/airflow/.local/lib/python3.12/site-packages/airflow/example_dags/example_datasets.py for tasks to queue
[2025-04-04T15:00:13.410+0000] {logging_mixin.py:190} INFO - [2025-04-04T15:00:13.410+0000] {dagbag.py:588} INFO - Filling up the DagBag from /home/airflow/.local/lib/python3.12/site-packages/airflow/example_dags/example_datasets.py
[2025-04-04T15:00:13.879+0000] {processor.py:925} INFO - DAG(s) 'dataset_produces_1', 'consume_1_or_2_with_dataset_expressions', 'conditional_dataset_and_time_based_timetable', 'consume_1_or_both_2_and_3_with_dataset_expressions', 'dataset_consumes_1', 'dataset_consumes_1_never_scheduled', 'dataset_consumes_1_and_2', 'dataset_produces_2', 'dataset_consumes_unknown_never_scheduled', 'consume_1_and_2_with_dataset_expressions' retrieved from /home/airflow/.local/lib/python3.12/site-packages/airflow/example_dags/example_datasets.py
[2025-04-04T15:00:13.917+0000] {logging_mixin.py:190} INFO - [2025-04-04T15:00:13.917+0000] {dag.py:3239} INFO - Sync 10 DAGs
[2025-04-04T15:00:13.945+0000] {logging_mixin.py:190} INFO - [2025-04-04T15:00:13.944+0000] {dag.py:4180} INFO - Setting next_dagrun for conditional_dataset_and_time_based_timetable to 2025-04-02 01:00:00+00:00, run_after=2025-04-02 01:00:00+00:00
[2025-04-04T15:00:13.950+0000] {logging_mixin.py:190} INFO - [2025-04-04T15:00:13.950+0000] {dag.py:4180} INFO - Setting next_dagrun for consume_1_and_2_with_dataset_expressions to None, run_after=None
[2025-04-04T15:00:13.952+0000] {logging_mixin.py:190} INFO - [2025-04-04T15:00:13.951+0000] {dag.py:4180} INFO - Setting next_dagrun for consume_1_or_2_with_dataset_expressions to None, run_after=None
[2025-04-04T15:00:13.953+0000] {logging_mixin.py:190} INFO - [2025-04-04T15:00:13.953+0000] {dag.py:4180} INFO - Setting next_dagrun for consume_1_or_both_2_and_3_with_dataset_expressions to None, run_after=None
[2025-04-04T15:00:13.955+0000] {logging_mixin.py:190} INFO - [2025-04-04T15:00:13.954+0000] {dag.py:4180} INFO - Setting next_dagrun for dataset_consumes_1 to None, run_after=None
[2025-04-04T15:00:13.956+0000] {logging_mixin.py:190} INFO - [2025-04-04T15:00:13.956+0000] {dag.py:4180} INFO - Setting next_dagrun for dataset_consumes_1_and_2 to None, run_after=None
[2025-04-04T15:00:13.957+0000] {logging_mixin.py:190} INFO - [2025-04-04T15:00:13.957+0000] {dag.py:4180} INFO - Setting next_dagrun for dataset_consumes_1_never_scheduled to None, run_after=None
[2025-04-04T15:00:13.959+0000] {logging_mixin.py:190} INFO - [2025-04-04T15:00:13.958+0000] {dag.py:4180} INFO - Setting next_dagrun for dataset_consumes_unknown_never_scheduled to None, run_after=None
[2025-04-04T15:00:13.961+0000] {logging_mixin.py:190} INFO - [2025-04-04T15:00:13.961+0000] {dag.py:4180} INFO - Setting next_dagrun for dataset_produces_1 to 2025-04-03 00:00:00+00:00, run_after=2025-04-04 00:00:00+00:00
[2025-04-04T15:00:13.963+0000] {logging_mixin.py:190} INFO - [2025-04-04T15:00:13.962+0000] {dag.py:4180} INFO - Setting next_dagrun for dataset_produces_2 to None, run_after=None
[2025-04-04T15:00:13.994+0000] {processor.py:208} INFO - Processing /home/airflow/.local/lib/python3.12/site-packages/airflow/example_dags/example_datasets.py took 0.593 seconds
[2025-04-04T15:00:44.233+0000] {processor.py:186} INFO - Started process (PID=3358) to work on /home/airflow/.local/lib/python3.12/site-packages/airflow/example_dags/example_datasets.py
[2025-04-04T15:00:44.234+0000] {processor.py:914} INFO - Processing file /home/airflow/.local/lib/python3.12/site-packages/airflow/example_dags/example_datasets.py for tasks to queue
[2025-04-04T15:00:44.237+0000] {logging_mixin.py:190} INFO - [2025-04-04T15:00:44.236+0000] {dagbag.py:588} INFO - Filling up the DagBag from /home/airflow/.local/lib/python3.12/site-packages/airflow/example_dags/example_datasets.py
[2025-04-04T15:00:45.455+0000] {processor.py:925} INFO - DAG(s) 'conditional_dataset_and_time_based_timetable', 'consume_1_or_both_2_and_3_with_dataset_expressions', 'dataset_consumes_unknown_never_scheduled', 'dataset_produces_1', 'dataset_consumes_1_and_2', 'consume_1_and_2_with_dataset_expressions', 'consume_1_or_2_with_dataset_expressions', 'dataset_consumes_1_never_scheduled', 'dataset_consumes_1', 'dataset_produces_2' retrieved from /home/airflow/.local/lib/python3.12/site-packages/airflow/example_dags/example_datasets.py
[2025-04-04T15:00:45.629+0000] {logging_mixin.py:190} INFO - [2025-04-04T15:00:45.629+0000] {dag.py:3239} INFO - Sync 10 DAGs
[2025-04-04T15:00:45.688+0000] {logging_mixin.py:190} INFO - [2025-04-04T15:00:45.688+0000] {dag.py:4180} INFO - Setting next_dagrun for conditional_dataset_and_time_based_timetable to 2025-04-02 01:00:00+00:00, run_after=2025-04-02 01:00:00+00:00
[2025-04-04T15:00:45.700+0000] {logging_mixin.py:190} INFO - [2025-04-04T15:00:45.700+0000] {dag.py:4180} INFO - Setting next_dagrun for consume_1_and_2_with_dataset_expressions to None, run_after=None
[2025-04-04T15:00:45.703+0000] {logging_mixin.py:190} INFO - [2025-04-04T15:00:45.703+0000] {dag.py:4180} INFO - Setting next_dagrun for consume_1_or_2_with_dataset_expressions to None, run_after=None
[2025-04-04T15:00:45.705+0000] {logging_mixin.py:190} INFO - [2025-04-04T15:00:45.705+0000] {dag.py:4180} INFO - Setting next_dagrun for consume_1_or_both_2_and_3_with_dataset_expressions to None, run_after=None
[2025-04-04T15:00:45.707+0000] {logging_mixin.py:190} INFO - [2025-04-04T15:00:45.707+0000] {dag.py:4180} INFO - Setting next_dagrun for dataset_consumes_1 to None, run_after=None
[2025-04-04T15:00:45.708+0000] {logging_mixin.py:190} INFO - [2025-04-04T15:00:45.708+0000] {dag.py:4180} INFO - Setting next_dagrun for dataset_consumes_1_and_2 to None, run_after=None
[2025-04-04T15:00:45.712+0000] {logging_mixin.py:190} INFO - [2025-04-04T15:00:45.712+0000] {dag.py:4180} INFO - Setting next_dagrun for dataset_consumes_1_never_scheduled to None, run_after=None
[2025-04-04T15:00:45.714+0000] {logging_mixin.py:190} INFO - [2025-04-04T15:00:45.714+0000] {dag.py:4180} INFO - Setting next_dagrun for dataset_consumes_unknown_never_scheduled to None, run_after=None
[2025-04-04T15:00:45.717+0000] {logging_mixin.py:190} INFO - [2025-04-04T15:00:45.716+0000] {dag.py:4180} INFO - Setting next_dagrun for dataset_produces_1 to 2025-04-03 00:00:00+00:00, run_after=2025-04-04 00:00:00+00:00
[2025-04-04T15:00:45.718+0000] {logging_mixin.py:190} INFO - [2025-04-04T15:00:45.718+0000] {dag.py:4180} INFO - Setting next_dagrun for dataset_produces_2 to None, run_after=None
[2025-04-04T15:00:45.770+0000] {processor.py:208} INFO - Processing /home/airflow/.local/lib/python3.12/site-packages/airflow/example_dags/example_datasets.py took 1.542 seconds
[2025-04-04T15:01:15.901+0000] {processor.py:186} INFO - Started process (PID=3652) to work on /home/airflow/.local/lib/python3.12/site-packages/airflow/example_dags/example_datasets.py
[2025-04-04T15:01:15.903+0000] {processor.py:914} INFO - Processing file /home/airflow/.local/lib/python3.12/site-packages/airflow/example_dags/example_datasets.py for tasks to queue
[2025-04-04T15:01:15.905+0000] {logging_mixin.py:190} INFO - [2025-04-04T15:01:15.905+0000] {dagbag.py:588} INFO - Filling up the DagBag from /home/airflow/.local/lib/python3.12/site-packages/airflow/example_dags/example_datasets.py
[2025-04-04T15:01:16.458+0000] {processor.py:925} INFO - DAG(s) 'consume_1_and_2_with_dataset_expressions', 'conditional_dataset_and_time_based_timetable', 'dataset_consumes_unknown_never_scheduled', 'dataset_consumes_1_and_2', 'dataset_consumes_1_never_scheduled', 'consume_1_or_both_2_and_3_with_dataset_expressions', 'consume_1_or_2_with_dataset_expressions', 'dataset_produces_2', 'dataset_produces_1', 'dataset_consumes_1' retrieved from /home/airflow/.local/lib/python3.12/site-packages/airflow/example_dags/example_datasets.py
[2025-04-04T15:01:16.516+0000] {logging_mixin.py:190} INFO - [2025-04-04T15:01:16.516+0000] {dag.py:3239} INFO - Sync 10 DAGs
[2025-04-04T15:01:16.544+0000] {logging_mixin.py:190} INFO - [2025-04-04T15:01:16.544+0000] {dag.py:4180} INFO - Setting next_dagrun for conditional_dataset_and_time_based_timetable to 2025-04-02 01:00:00+00:00, run_after=2025-04-02 01:00:00+00:00
[2025-04-04T15:01:16.549+0000] {logging_mixin.py:190} INFO - [2025-04-04T15:01:16.549+0000] {dag.py:4180} INFO - Setting next_dagrun for consume_1_and_2_with_dataset_expressions to None, run_after=None
[2025-04-04T15:01:16.551+0000] {logging_mixin.py:190} INFO - [2025-04-04T15:01:16.551+0000] {dag.py:4180} INFO - Setting next_dagrun for consume_1_or_2_with_dataset_expressions to None, run_after=None
[2025-04-04T15:01:16.553+0000] {logging_mixin.py:190} INFO - [2025-04-04T15:01:16.553+0000] {dag.py:4180} INFO - Setting next_dagrun for consume_1_or_both_2_and_3_with_dataset_expressions to None, run_after=None
[2025-04-04T15:01:16.554+0000] {logging_mixin.py:190} INFO - [2025-04-04T15:01:16.554+0000] {dag.py:4180} INFO - Setting next_dagrun for dataset_consumes_1 to None, run_after=None
[2025-04-04T15:01:16.556+0000] {logging_mixin.py:190} INFO - [2025-04-04T15:01:16.556+0000] {dag.py:4180} INFO - Setting next_dagrun for dataset_consumes_1_and_2 to None, run_after=None
[2025-04-04T15:01:16.558+0000] {logging_mixin.py:190} INFO - [2025-04-04T15:01:16.557+0000] {dag.py:4180} INFO - Setting next_dagrun for dataset_consumes_1_never_scheduled to None, run_after=None
[2025-04-04T15:01:16.560+0000] {logging_mixin.py:190} INFO - [2025-04-04T15:01:16.559+0000] {dag.py:4180} INFO - Setting next_dagrun for dataset_consumes_unknown_never_scheduled to None, run_after=None
[2025-04-04T15:01:16.563+0000] {logging_mixin.py:190} INFO - [2025-04-04T15:01:16.562+0000] {dag.py:4180} INFO - Setting next_dagrun for dataset_produces_1 to 2025-04-03 00:00:00+00:00, run_after=2025-04-04 00:00:00+00:00
[2025-04-04T15:01:16.564+0000] {logging_mixin.py:190} INFO - [2025-04-04T15:01:16.564+0000] {dag.py:4180} INFO - Setting next_dagrun for dataset_produces_2 to None, run_after=None
[2025-04-04T15:01:16.599+0000] {processor.py:208} INFO - Processing /home/airflow/.local/lib/python3.12/site-packages/airflow/example_dags/example_datasets.py took 0.703 seconds
[2025-04-04T15:01:47.534+0000] {processor.py:186} INFO - Started process (PID=3946) to work on /home/airflow/.local/lib/python3.12/site-packages/airflow/example_dags/example_datasets.py
[2025-04-04T15:01:47.536+0000] {processor.py:914} INFO - Processing file /home/airflow/.local/lib/python3.12/site-packages/airflow/example_dags/example_datasets.py for tasks to queue
[2025-04-04T15:01:47.538+0000] {logging_mixin.py:190} INFO - [2025-04-04T15:01:47.537+0000] {dagbag.py:588} INFO - Filling up the DagBag from /home/airflow/.local/lib/python3.12/site-packages/airflow/example_dags/example_datasets.py
[2025-04-04T15:01:47.995+0000] {processor.py:925} INFO - DAG(s) 'dataset_consumes_1_and_2', 'dataset_consumes_unknown_never_scheduled', 'dataset_produces_2', 'consume_1_or_2_with_dataset_expressions', 'dataset_consumes_1', 'dataset_produces_1', 'consume_1_and_2_with_dataset_expressions', 'dataset_consumes_1_never_scheduled', 'conditional_dataset_and_time_based_timetable', 'consume_1_or_both_2_and_3_with_dataset_expressions' retrieved from /home/airflow/.local/lib/python3.12/site-packages/airflow/example_dags/example_datasets.py
[2025-04-04T15:01:48.047+0000] {logging_mixin.py:190} INFO - [2025-04-04T15:01:48.047+0000] {dag.py:3239} INFO - Sync 10 DAGs
[2025-04-04T15:01:48.081+0000] {logging_mixin.py:190} INFO - [2025-04-04T15:01:48.081+0000] {dag.py:4180} INFO - Setting next_dagrun for conditional_dataset_and_time_based_timetable to 2025-04-02 01:00:00+00:00, run_after=2025-04-02 01:00:00+00:00
[2025-04-04T15:01:48.086+0000] {logging_mixin.py:190} INFO - [2025-04-04T15:01:48.085+0000] {dag.py:4180} INFO - Setting next_dagrun for consume_1_and_2_with_dataset_expressions to None, run_after=None
[2025-04-04T15:01:48.088+0000] {logging_mixin.py:190} INFO - [2025-04-04T15:01:48.087+0000] {dag.py:4180} INFO - Setting next_dagrun for consume_1_or_2_with_dataset_expressions to None, run_after=None
[2025-04-04T15:01:48.089+0000] {logging_mixin.py:190} INFO - [2025-04-04T15:01:48.089+0000] {dag.py:4180} INFO - Setting next_dagrun for consume_1_or_both_2_and_3_with_dataset_expressions to None, run_after=None
[2025-04-04T15:01:48.091+0000] {logging_mixin.py:190} INFO - [2025-04-04T15:01:48.091+0000] {dag.py:4180} INFO - Setting next_dagrun for dataset_consumes_1 to None, run_after=None
[2025-04-04T15:01:48.092+0000] {logging_mixin.py:190} INFO - [2025-04-04T15:01:48.092+0000] {dag.py:4180} INFO - Setting next_dagrun for dataset_consumes_1_and_2 to None, run_after=None
[2025-04-04T15:01:48.094+0000] {logging_mixin.py:190} INFO - [2025-04-04T15:01:48.094+0000] {dag.py:4180} INFO - Setting next_dagrun for dataset_consumes_1_never_scheduled to None, run_after=None
[2025-04-04T15:01:48.096+0000] {logging_mixin.py:190} INFO - [2025-04-04T15:01:48.095+0000] {dag.py:4180} INFO - Setting next_dagrun for dataset_consumes_unknown_never_scheduled to None, run_after=None
[2025-04-04T15:01:48.099+0000] {logging_mixin.py:190} INFO - [2025-04-04T15:01:48.098+0000] {dag.py:4180} INFO - Setting next_dagrun for dataset_produces_1 to 2025-04-03 00:00:00+00:00, run_after=2025-04-04 00:00:00+00:00
[2025-04-04T15:01:48.100+0000] {logging_mixin.py:190} INFO - [2025-04-04T15:01:48.100+0000] {dag.py:4180} INFO - Setting next_dagrun for dataset_produces_2 to None, run_after=None
[2025-04-04T15:01:48.130+0000] {processor.py:208} INFO - Processing /home/airflow/.local/lib/python3.12/site-packages/airflow/example_dags/example_datasets.py took 0.600 seconds
[2025-04-04T15:02:18.880+0000] {processor.py:186} INFO - Started process (PID=4238) to work on /home/airflow/.local/lib/python3.12/site-packages/airflow/example_dags/example_datasets.py
[2025-04-04T15:02:18.882+0000] {processor.py:914} INFO - Processing file /home/airflow/.local/lib/python3.12/site-packages/airflow/example_dags/example_datasets.py for tasks to queue
[2025-04-04T15:02:18.884+0000] {logging_mixin.py:190} INFO - [2025-04-04T15:02:18.884+0000] {dagbag.py:588} INFO - Filling up the DagBag from /home/airflow/.local/lib/python3.12/site-packages/airflow/example_dags/example_datasets.py
[2025-04-04T15:02:19.350+0000] {processor.py:925} INFO - DAG(s) 'dataset_consumes_1_and_2', 'consume_1_or_both_2_and_3_with_dataset_expressions', 'conditional_dataset_and_time_based_timetable', 'consume_1_or_2_with_dataset_expressions', 'dataset_produces_2', 'dataset_consumes_1_never_scheduled', 'consume_1_and_2_with_dataset_expressions', 'dataset_consumes_1', 'dataset_consumes_unknown_never_scheduled', 'dataset_produces_1' retrieved from /home/airflow/.local/lib/python3.12/site-packages/airflow/example_dags/example_datasets.py
[2025-04-04T15:02:19.396+0000] {logging_mixin.py:190} INFO - [2025-04-04T15:02:19.395+0000] {dag.py:3239} INFO - Sync 10 DAGs
[2025-04-04T15:02:19.420+0000] {logging_mixin.py:190} INFO - [2025-04-04T15:02:19.420+0000] {dag.py:4180} INFO - Setting next_dagrun for conditional_dataset_and_time_based_timetable to 2025-04-02 01:00:00+00:00, run_after=2025-04-02 01:00:00+00:00
[2025-04-04T15:02:19.426+0000] {logging_mixin.py:190} INFO - [2025-04-04T15:02:19.426+0000] {dag.py:4180} INFO - Setting next_dagrun for consume_1_and_2_with_dataset_expressions to None, run_after=None
[2025-04-04T15:02:19.428+0000] {logging_mixin.py:190} INFO - [2025-04-04T15:02:19.428+0000] {dag.py:4180} INFO - Setting next_dagrun for consume_1_or_2_with_dataset_expressions to None, run_after=None
[2025-04-04T15:02:19.430+0000] {logging_mixin.py:190} INFO - [2025-04-04T15:02:19.430+0000] {dag.py:4180} INFO - Setting next_dagrun for consume_1_or_both_2_and_3_with_dataset_expressions to None, run_after=None
[2025-04-04T15:02:19.431+0000] {logging_mixin.py:190} INFO - [2025-04-04T15:02:19.431+0000] {dag.py:4180} INFO - Setting next_dagrun for dataset_consumes_1 to None, run_after=None
[2025-04-04T15:02:19.433+0000] {logging_mixin.py:190} INFO - [2025-04-04T15:02:19.433+0000] {dag.py:4180} INFO - Setting next_dagrun for dataset_consumes_1_and_2 to None, run_after=None
[2025-04-04T15:02:19.434+0000] {logging_mixin.py:190} INFO - [2025-04-04T15:02:19.434+0000] {dag.py:4180} INFO - Setting next_dagrun for dataset_consumes_1_never_scheduled to None, run_after=None
[2025-04-04T15:02:19.436+0000] {logging_mixin.py:190} INFO - [2025-04-04T15:02:19.436+0000] {dag.py:4180} INFO - Setting next_dagrun for dataset_consumes_unknown_never_scheduled to None, run_after=None
[2025-04-04T15:02:19.439+0000] {logging_mixin.py:190} INFO - [2025-04-04T15:02:19.439+0000] {dag.py:4180} INFO - Setting next_dagrun for dataset_produces_1 to 2025-04-03 00:00:00+00:00, run_after=2025-04-04 00:00:00+00:00
[2025-04-04T15:02:19.442+0000] {logging_mixin.py:190} INFO - [2025-04-04T15:02:19.442+0000] {dag.py:4180} INFO - Setting next_dagrun for dataset_produces_2 to None, run_after=None
[2025-04-04T15:02:19.474+0000] {processor.py:208} INFO - Processing /home/airflow/.local/lib/python3.12/site-packages/airflow/example_dags/example_datasets.py took 0.604 seconds
[2025-04-04T15:02:50.183+0000] {processor.py:186} INFO - Started process (PID=4529) to work on /home/airflow/.local/lib/python3.12/site-packages/airflow/example_dags/example_datasets.py
[2025-04-04T15:02:50.185+0000] {processor.py:914} INFO - Processing file /home/airflow/.local/lib/python3.12/site-packages/airflow/example_dags/example_datasets.py for tasks to queue
[2025-04-04T15:02:50.191+0000] {logging_mixin.py:190} INFO - [2025-04-04T15:02:50.190+0000] {dagbag.py:588} INFO - Filling up the DagBag from /home/airflow/.local/lib/python3.12/site-packages/airflow/example_dags/example_datasets.py
[2025-04-04T15:02:50.703+0000] {processor.py:925} INFO - DAG(s) 'conditional_dataset_and_time_based_timetable', 'consume_1_or_both_2_and_3_with_dataset_expressions', 'consume_1_and_2_with_dataset_expressions', 'dataset_consumes_unknown_never_scheduled', 'dataset_consumes_1_never_scheduled', 'dataset_consumes_1_and_2', 'dataset_consumes_1', 'dataset_produces_2', 'dataset_produces_1', 'consume_1_or_2_with_dataset_expressions' retrieved from /home/airflow/.local/lib/python3.12/site-packages/airflow/example_dags/example_datasets.py
[2025-04-04T15:02:50.749+0000] {logging_mixin.py:190} INFO - [2025-04-04T15:02:50.749+0000] {dag.py:3239} INFO - Sync 10 DAGs
[2025-04-04T15:02:50.774+0000] {logging_mixin.py:190} INFO - [2025-04-04T15:02:50.774+0000] {dag.py:4180} INFO - Setting next_dagrun for conditional_dataset_and_time_based_timetable to 2025-04-02 01:00:00+00:00, run_after=2025-04-02 01:00:00+00:00
[2025-04-04T15:02:50.782+0000] {logging_mixin.py:190} INFO - [2025-04-04T15:02:50.782+0000] {dag.py:4180} INFO - Setting next_dagrun for consume_1_and_2_with_dataset_expressions to None, run_after=None
[2025-04-04T15:02:50.785+0000] {logging_mixin.py:190} INFO - [2025-04-04T15:02:50.785+0000] {dag.py:4180} INFO - Setting next_dagrun for consume_1_or_2_with_dataset_expressions to None, run_after=None
[2025-04-04T15:02:50.787+0000] {logging_mixin.py:190} INFO - [2025-04-04T15:02:50.787+0000] {dag.py:4180} INFO - Setting next_dagrun for consume_1_or_both_2_and_3_with_dataset_expressions to None, run_after=None
[2025-04-04T15:02:50.791+0000] {logging_mixin.py:190} INFO - [2025-04-04T15:02:50.790+0000] {dag.py:4180} INFO - Setting next_dagrun for dataset_consumes_1 to None, run_after=None
[2025-04-04T15:02:50.793+0000] {logging_mixin.py:190} INFO - [2025-04-04T15:02:50.793+0000] {dag.py:4180} INFO - Setting next_dagrun for dataset_consumes_1_and_2 to None, run_after=None
[2025-04-04T15:02:50.796+0000] {logging_mixin.py:190} INFO - [2025-04-04T15:02:50.795+0000] {dag.py:4180} INFO - Setting next_dagrun for dataset_consumes_1_never_scheduled to None, run_after=None
[2025-04-04T15:02:50.798+0000] {logging_mixin.py:190} INFO - [2025-04-04T15:02:50.798+0000] {dag.py:4180} INFO - Setting next_dagrun for dataset_consumes_unknown_never_scheduled to None, run_after=None
[2025-04-04T15:02:50.802+0000] {logging_mixin.py:190} INFO - [2025-04-04T15:02:50.802+0000] {dag.py:4180} INFO - Setting next_dagrun for dataset_produces_1 to 2025-04-03 00:00:00+00:00, run_after=2025-04-04 00:00:00+00:00
[2025-04-04T15:02:50.804+0000] {logging_mixin.py:190} INFO - [2025-04-04T15:02:50.804+0000] {dag.py:4180} INFO - Setting next_dagrun for dataset_produces_2 to None, run_after=None
[2025-04-04T15:02:50.852+0000] {processor.py:208} INFO - Processing /home/airflow/.local/lib/python3.12/site-packages/airflow/example_dags/example_datasets.py took 0.682 seconds
[2025-04-04T15:03:21.359+0000] {processor.py:186} INFO - Started process (PID=4820) to work on /home/airflow/.local/lib/python3.12/site-packages/airflow/example_dags/example_datasets.py
[2025-04-04T15:03:21.360+0000] {processor.py:914} INFO - Processing file /home/airflow/.local/lib/python3.12/site-packages/airflow/example_dags/example_datasets.py for tasks to queue
[2025-04-04T15:03:21.362+0000] {logging_mixin.py:190} INFO - [2025-04-04T15:03:21.362+0000] {dagbag.py:588} INFO - Filling up the DagBag from /home/airflow/.local/lib/python3.12/site-packages/airflow/example_dags/example_datasets.py
[2025-04-04T15:03:21.816+0000] {processor.py:925} INFO - DAG(s) 'consume_1_or_2_with_dataset_expressions', 'conditional_dataset_and_time_based_timetable', 'dataset_consumes_1_never_scheduled', 'dataset_consumes_1_and_2', 'dataset_produces_2', 'consume_1_and_2_with_dataset_expressions', 'dataset_produces_1', 'dataset_consumes_unknown_never_scheduled', 'dataset_consumes_1', 'consume_1_or_both_2_and_3_with_dataset_expressions' retrieved from /home/airflow/.local/lib/python3.12/site-packages/airflow/example_dags/example_datasets.py
[2025-04-04T15:03:21.853+0000] {logging_mixin.py:190} INFO - [2025-04-04T15:03:21.853+0000] {dag.py:3239} INFO - Sync 10 DAGs
[2025-04-04T15:03:21.876+0000] {logging_mixin.py:190} INFO - [2025-04-04T15:03:21.876+0000] {dag.py:4180} INFO - Setting next_dagrun for conditional_dataset_and_time_based_timetable to 2025-04-02 01:00:00+00:00, run_after=2025-04-02 01:00:00+00:00
[2025-04-04T15:03:21.879+0000] {logging_mixin.py:190} INFO - [2025-04-04T15:03:21.879+0000] {dag.py:4180} INFO - Setting next_dagrun for consume_1_and_2_with_dataset_expressions to None, run_after=None
[2025-04-04T15:03:21.883+0000] {logging_mixin.py:190} INFO - [2025-04-04T15:03:21.883+0000] {dag.py:4180} INFO - Setting next_dagrun for consume_1_or_2_with_dataset_expressions to None, run_after=None
[2025-04-04T15:03:21.885+0000] {logging_mixin.py:190} INFO - [2025-04-04T15:03:21.885+0000] {dag.py:4180} INFO - Setting next_dagrun for consume_1_or_both_2_and_3_with_dataset_expressions to None, run_after=None
[2025-04-04T15:03:21.886+0000] {logging_mixin.py:190} INFO - [2025-04-04T15:03:21.886+0000] {dag.py:4180} INFO - Setting next_dagrun for dataset_consumes_1 to None, run_after=None
[2025-04-04T15:03:21.888+0000] {logging_mixin.py:190} INFO - [2025-04-04T15:03:21.888+0000] {dag.py:4180} INFO - Setting next_dagrun for dataset_consumes_1_and_2 to None, run_after=None
[2025-04-04T15:03:21.889+0000] {logging_mixin.py:190} INFO - [2025-04-04T15:03:21.889+0000] {dag.py:4180} INFO - Setting next_dagrun for dataset_consumes_1_never_scheduled to None, run_after=None
[2025-04-04T15:03:21.891+0000] {logging_mixin.py:190} INFO - [2025-04-04T15:03:21.891+0000] {dag.py:4180} INFO - Setting next_dagrun for dataset_consumes_unknown_never_scheduled to None, run_after=None
[2025-04-04T15:03:21.893+0000] {logging_mixin.py:190} INFO - [2025-04-04T15:03:21.893+0000] {dag.py:4180} INFO - Setting next_dagrun for dataset_produces_1 to 2025-04-03 00:00:00+00:00, run_after=2025-04-04 00:00:00+00:00
[2025-04-04T15:03:21.894+0000] {logging_mixin.py:190} INFO - [2025-04-04T15:03:21.894+0000] {dag.py:4180} INFO - Setting next_dagrun for dataset_produces_2 to None, run_after=None
[2025-04-04T15:03:21.922+0000] {processor.py:208} INFO - Processing /home/airflow/.local/lib/python3.12/site-packages/airflow/example_dags/example_datasets.py took 0.569 seconds
[2025-04-04T15:03:52.470+0000] {processor.py:186} INFO - Started process (PID=5111) to work on /home/airflow/.local/lib/python3.12/site-packages/airflow/example_dags/example_datasets.py
[2025-04-04T15:03:52.471+0000] {processor.py:914} INFO - Processing file /home/airflow/.local/lib/python3.12/site-packages/airflow/example_dags/example_datasets.py for tasks to queue
[2025-04-04T15:03:52.473+0000] {logging_mixin.py:190} INFO - [2025-04-04T15:03:52.473+0000] {dagbag.py:588} INFO - Filling up the DagBag from /home/airflow/.local/lib/python3.12/site-packages/airflow/example_dags/example_datasets.py
[2025-04-04T15:03:53.012+0000] {processor.py:925} INFO - DAG(s) 'dataset_produces_2', 'dataset_consumes_1_and_2', 'consume_1_and_2_with_dataset_expressions', 'dataset_consumes_unknown_never_scheduled', 'dataset_produces_1', 'consume_1_or_both_2_and_3_with_dataset_expressions', 'consume_1_or_2_with_dataset_expressions', 'dataset_consumes_1_never_scheduled', 'dataset_consumes_1', 'conditional_dataset_and_time_based_timetable' retrieved from /home/airflow/.local/lib/python3.12/site-packages/airflow/example_dags/example_datasets.py
[2025-04-04T15:03:53.079+0000] {logging_mixin.py:190} INFO - [2025-04-04T15:03:53.079+0000] {dag.py:3239} INFO - Sync 10 DAGs
[2025-04-04T15:03:53.112+0000] {logging_mixin.py:190} INFO - [2025-04-04T15:03:53.111+0000] {dag.py:4180} INFO - Setting next_dagrun for conditional_dataset_and_time_based_timetable to 2025-04-02 01:00:00+00:00, run_after=2025-04-02 01:00:00+00:00
[2025-04-04T15:03:53.116+0000] {logging_mixin.py:190} INFO - [2025-04-04T15:03:53.116+0000] {dag.py:4180} INFO - Setting next_dagrun for consume_1_and_2_with_dataset_expressions to None, run_after=None
[2025-04-04T15:03:53.119+0000] {logging_mixin.py:190} INFO - [2025-04-04T15:03:53.118+0000] {dag.py:4180} INFO - Setting next_dagrun for consume_1_or_2_with_dataset_expressions to None, run_after=None
[2025-04-04T15:03:53.121+0000] {logging_mixin.py:190} INFO - [2025-04-04T15:03:53.121+0000] {dag.py:4180} INFO - Setting next_dagrun for consume_1_or_both_2_and_3_with_dataset_expressions to None, run_after=None
[2025-04-04T15:03:53.123+0000] {logging_mixin.py:190} INFO - [2025-04-04T15:03:53.123+0000] {dag.py:4180} INFO - Setting next_dagrun for dataset_consumes_1 to None, run_after=None
[2025-04-04T15:03:53.124+0000] {logging_mixin.py:190} INFO - [2025-04-04T15:03:53.124+0000] {dag.py:4180} INFO - Setting next_dagrun for dataset_consumes_1_and_2 to None, run_after=None
[2025-04-04T15:03:53.126+0000] {logging_mixin.py:190} INFO - [2025-04-04T15:03:53.126+0000] {dag.py:4180} INFO - Setting next_dagrun for dataset_consumes_1_never_scheduled to None, run_after=None
[2025-04-04T15:03:53.127+0000] {logging_mixin.py:190} INFO - [2025-04-04T15:03:53.127+0000] {dag.py:4180} INFO - Setting next_dagrun for dataset_consumes_unknown_never_scheduled to None, run_after=None
[2025-04-04T15:03:53.129+0000] {logging_mixin.py:190} INFO - [2025-04-04T15:03:53.129+0000] {dag.py:4180} INFO - Setting next_dagrun for dataset_produces_1 to 2025-04-03 00:00:00+00:00, run_after=2025-04-04 00:00:00+00:00
[2025-04-04T15:03:53.131+0000] {logging_mixin.py:190} INFO - [2025-04-04T15:03:53.131+0000] {dag.py:4180} INFO - Setting next_dagrun for dataset_produces_2 to None, run_after=None
[2025-04-04T15:03:53.166+0000] {processor.py:208} INFO - Processing /home/airflow/.local/lib/python3.12/site-packages/airflow/example_dags/example_datasets.py took 0.701 seconds
[2025-04-04T15:04:23.618+0000] {processor.py:186} INFO - Started process (PID=5402) to work on /home/airflow/.local/lib/python3.12/site-packages/airflow/example_dags/example_datasets.py
[2025-04-04T15:04:23.619+0000] {processor.py:914} INFO - Processing file /home/airflow/.local/lib/python3.12/site-packages/airflow/example_dags/example_datasets.py for tasks to queue
[2025-04-04T15:04:23.621+0000] {logging_mixin.py:190} INFO - [2025-04-04T15:04:23.621+0000] {dagbag.py:588} INFO - Filling up the DagBag from /home/airflow/.local/lib/python3.12/site-packages/airflow/example_dags/example_datasets.py
[2025-04-04T15:04:24.163+0000] {processor.py:925} INFO - DAG(s) 'dataset_produces_1', 'dataset_consumes_1', 'conditional_dataset_and_time_based_timetable', 'dataset_consumes_1_never_scheduled', 'consume_1_and_2_with_dataset_expressions', 'consume_1_or_both_2_and_3_with_dataset_expressions', 'dataset_consumes_unknown_never_scheduled', 'dataset_produces_2', 'consume_1_or_2_with_dataset_expressions', 'dataset_consumes_1_and_2' retrieved from /home/airflow/.local/lib/python3.12/site-packages/airflow/example_dags/example_datasets.py
[2025-04-04T15:04:24.219+0000] {logging_mixin.py:190} INFO - [2025-04-04T15:04:24.218+0000] {dag.py:3239} INFO - Sync 10 DAGs
[2025-04-04T15:04:24.254+0000] {logging_mixin.py:190} INFO - [2025-04-04T15:04:24.254+0000] {dag.py:4180} INFO - Setting next_dagrun for conditional_dataset_and_time_based_timetable to 2025-04-02 01:00:00+00:00, run_after=2025-04-02 01:00:00+00:00
[2025-04-04T15:04:24.259+0000] {logging_mixin.py:190} INFO - [2025-04-04T15:04:24.258+0000] {dag.py:4180} INFO - Setting next_dagrun for consume_1_and_2_with_dataset_expressions to None, run_after=None
[2025-04-04T15:04:24.262+0000] {logging_mixin.py:190} INFO - [2025-04-04T15:04:24.261+0000] {dag.py:4180} INFO - Setting next_dagrun for consume_1_or_2_with_dataset_expressions to None, run_after=None
[2025-04-04T15:04:24.264+0000] {logging_mixin.py:190} INFO - [2025-04-04T15:04:24.264+0000] {dag.py:4180} INFO - Setting next_dagrun for consume_1_or_both_2_and_3_with_dataset_expressions to None, run_after=None
[2025-04-04T15:04:24.269+0000] {logging_mixin.py:190} INFO - [2025-04-04T15:04:24.268+0000] {dag.py:4180} INFO - Setting next_dagrun for dataset_consumes_1 to None, run_after=None
[2025-04-04T15:04:24.270+0000] {logging_mixin.py:190} INFO - [2025-04-04T15:04:24.270+0000] {dag.py:4180} INFO - Setting next_dagrun for dataset_consumes_1_and_2 to None, run_after=None
[2025-04-04T15:04:24.274+0000] {logging_mixin.py:190} INFO - [2025-04-04T15:04:24.274+0000] {dag.py:4180} INFO - Setting next_dagrun for dataset_consumes_1_never_scheduled to None, run_after=None
[2025-04-04T15:04:24.276+0000] {logging_mixin.py:190} INFO - [2025-04-04T15:04:24.276+0000] {dag.py:4180} INFO - Setting next_dagrun for dataset_consumes_unknown_never_scheduled to None, run_after=None
[2025-04-04T15:04:24.280+0000] {logging_mixin.py:190} INFO - [2025-04-04T15:04:24.280+0000] {dag.py:4180} INFO - Setting next_dagrun for dataset_produces_1 to 2025-04-03 00:00:00+00:00, run_after=2025-04-04 00:00:00+00:00
[2025-04-04T15:04:24.282+0000] {logging_mixin.py:190} INFO - [2025-04-04T15:04:24.282+0000] {dag.py:4180} INFO - Setting next_dagrun for dataset_produces_2 to None, run_after=None
[2025-04-04T15:04:24.316+0000] {processor.py:208} INFO - Processing /home/airflow/.local/lib/python3.12/site-packages/airflow/example_dags/example_datasets.py took 0.704 seconds
