[2025-04-04T14:55:32.461+0000] {processor.py:186} INFO - Started process (PID=462) to work on /home/airflow/.local/lib/python3.12/site-packages/airflow/example_dags/tutorial_objectstorage.py
[2025-04-04T14:55:32.462+0000] {processor.py:914} INFO - Processing file /home/airflow/.local/lib/python3.12/site-packages/airflow/example_dags/tutorial_objectstorage.py for tasks to queue
[2025-04-04T14:55:32.466+0000] {logging_mixin.py:190} INFO - [2025-04-04T14:55:32.465+0000] {dagbag.py:588} INFO - Filling up the DagBag from /home/airflow/.local/lib/python3.12/site-packages/airflow/example_dags/tutorial_objectstorage.py
[2025-04-04T14:55:32.476+0000] {processor.py:925} INFO - DAG(s) 'tutorial_objectstorage' retrieved from /home/airflow/.local/lib/python3.12/site-packages/airflow/example_dags/tutorial_objectstorage.py
[2025-04-04T14:55:32.584+0000] {logging_mixin.py:190} INFO - [2025-04-04T14:55:32.583+0000] {override.py:1912} INFO - Created Permission View: can edit on DAG:tutorial_objectstorage
[2025-04-04T14:55:32.597+0000] {logging_mixin.py:190} INFO - [2025-04-04T14:55:32.597+0000] {override.py:1912} INFO - Created Permission View: can delete on DAG:tutorial_objectstorage
[2025-04-04T14:55:32.605+0000] {logging_mixin.py:190} INFO - [2025-04-04T14:55:32.604+0000] {override.py:1912} INFO - Created Permission View: can read on DAG:tutorial_objectstorage
[2025-04-04T14:55:32.614+0000] {logging_mixin.py:190} INFO - [2025-04-04T14:55:32.613+0000] {override.py:1912} INFO - Created Permission View: can create on DAG Run:tutorial_objectstorage
[2025-04-04T14:55:32.623+0000] {logging_mixin.py:190} INFO - [2025-04-04T14:55:32.623+0000] {override.py:1912} INFO - Created Permission View: menu access on DAG Run:tutorial_objectstorage
[2025-04-04T14:55:32.633+0000] {logging_mixin.py:190} INFO - [2025-04-04T14:55:32.632+0000] {override.py:1912} INFO - Created Permission View: can delete on DAG Run:tutorial_objectstorage
[2025-04-04T14:55:32.641+0000] {logging_mixin.py:190} INFO - [2025-04-04T14:55:32.641+0000] {override.py:1912} INFO - Created Permission View: can read on DAG Run:tutorial_objectstorage
[2025-04-04T14:55:32.642+0000] {logging_mixin.py:190} INFO - [2025-04-04T14:55:32.642+0000] {dag.py:3239} INFO - Sync 1 DAGs
[2025-04-04T14:55:32.656+0000] {logging_mixin.py:190} INFO - [2025-04-04T14:55:32.656+0000] {dag.py:3262} INFO - Creating ORM DAG for tutorial_objectstorage
[2025-04-04T14:55:32.658+0000] {logging_mixin.py:190} INFO - [2025-04-04T14:55:32.658+0000] {dag.py:4180} INFO - Setting next_dagrun for tutorial_objectstorage to None, run_after=None
[2025-04-04T14:55:32.677+0000] {processor.py:208} INFO - Processing /home/airflow/.local/lib/python3.12/site-packages/airflow/example_dags/tutorial_objectstorage.py took 0.222 seconds
[2025-04-04T14:56:02.785+0000] {processor.py:186} INFO - Started process (PID=765) to work on /home/airflow/.local/lib/python3.12/site-packages/airflow/example_dags/tutorial_objectstorage.py
[2025-04-04T14:56:02.786+0000] {processor.py:914} INFO - Processing file /home/airflow/.local/lib/python3.12/site-packages/airflow/example_dags/tutorial_objectstorage.py for tasks to queue
[2025-04-04T14:56:02.788+0000] {logging_mixin.py:190} INFO - [2025-04-04T14:56:02.788+0000] {dagbag.py:588} INFO - Filling up the DagBag from /home/airflow/.local/lib/python3.12/site-packages/airflow/example_dags/tutorial_objectstorage.py
[2025-04-04T14:56:02.796+0000] {processor.py:925} INFO - DAG(s) 'tutorial_objectstorage' retrieved from /home/airflow/.local/lib/python3.12/site-packages/airflow/example_dags/tutorial_objectstorage.py
[2025-04-04T14:56:02.811+0000] {logging_mixin.py:190} INFO - [2025-04-04T14:56:02.811+0000] {dag.py:3239} INFO - Sync 1 DAGs
[2025-04-04T14:56:02.824+0000] {logging_mixin.py:190} INFO - [2025-04-04T14:56:02.824+0000] {dag.py:4180} INFO - Setting next_dagrun for tutorial_objectstorage to None, run_after=None
[2025-04-04T14:56:02.842+0000] {processor.py:208} INFO - Processing /home/airflow/.local/lib/python3.12/site-packages/airflow/example_dags/tutorial_objectstorage.py took 0.062 seconds
[2025-04-04T14:56:33.108+0000] {processor.py:186} INFO - Started process (PID=1045) to work on /home/airflow/.local/lib/python3.12/site-packages/airflow/example_dags/tutorial_objectstorage.py
[2025-04-04T14:56:33.109+0000] {processor.py:914} INFO - Processing file /home/airflow/.local/lib/python3.12/site-packages/airflow/example_dags/tutorial_objectstorage.py for tasks to queue
[2025-04-04T14:56:33.111+0000] {logging_mixin.py:190} INFO - [2025-04-04T14:56:33.110+0000] {dagbag.py:588} INFO - Filling up the DagBag from /home/airflow/.local/lib/python3.12/site-packages/airflow/example_dags/tutorial_objectstorage.py
[2025-04-04T14:56:33.120+0000] {processor.py:925} INFO - DAG(s) 'tutorial_objectstorage' retrieved from /home/airflow/.local/lib/python3.12/site-packages/airflow/example_dags/tutorial_objectstorage.py
[2025-04-04T14:56:33.136+0000] {logging_mixin.py:190} INFO - [2025-04-04T14:56:33.136+0000] {dag.py:3239} INFO - Sync 1 DAGs
[2025-04-04T14:56:33.148+0000] {logging_mixin.py:190} INFO - [2025-04-04T14:56:33.148+0000] {dag.py:4180} INFO - Setting next_dagrun for tutorial_objectstorage to None, run_after=None
[2025-04-04T14:56:33.166+0000] {processor.py:208} INFO - Processing /home/airflow/.local/lib/python3.12/site-packages/airflow/example_dags/tutorial_objectstorage.py took 0.063 seconds
[2025-04-04T14:57:04.512+0000] {processor.py:186} INFO - Started process (PID=1338) to work on /home/airflow/.local/lib/python3.12/site-packages/airflow/example_dags/tutorial_objectstorage.py
[2025-04-04T14:57:04.516+0000] {processor.py:914} INFO - Processing file /home/airflow/.local/lib/python3.12/site-packages/airflow/example_dags/tutorial_objectstorage.py for tasks to queue
[2025-04-04T14:57:04.519+0000] {logging_mixin.py:190} INFO - [2025-04-04T14:57:04.518+0000] {dagbag.py:588} INFO - Filling up the DagBag from /home/airflow/.local/lib/python3.12/site-packages/airflow/example_dags/tutorial_objectstorage.py
[2025-04-04T14:57:04.528+0000] {processor.py:925} INFO - DAG(s) 'tutorial_objectstorage' retrieved from /home/airflow/.local/lib/python3.12/site-packages/airflow/example_dags/tutorial_objectstorage.py
[2025-04-04T14:57:04.547+0000] {logging_mixin.py:190} INFO - [2025-04-04T14:57:04.547+0000] {dag.py:3239} INFO - Sync 1 DAGs
[2025-04-04T14:57:04.561+0000] {logging_mixin.py:190} INFO - [2025-04-04T14:57:04.561+0000] {dag.py:4180} INFO - Setting next_dagrun for tutorial_objectstorage to None, run_after=None
[2025-04-04T14:57:04.650+0000] {processor.py:208} INFO - Processing /home/airflow/.local/lib/python3.12/site-packages/airflow/example_dags/tutorial_objectstorage.py took 0.143 seconds
[2025-04-04T14:57:38.923+0000] {processor.py:186} INFO - Started process (PID=1627) to work on /home/airflow/.local/lib/python3.12/site-packages/airflow/example_dags/tutorial_objectstorage.py
[2025-04-04T14:57:38.925+0000] {processor.py:914} INFO - Processing file /home/airflow/.local/lib/python3.12/site-packages/airflow/example_dags/tutorial_objectstorage.py for tasks to queue
[2025-04-04T14:57:38.926+0000] {logging_mixin.py:190} INFO - [2025-04-04T14:57:38.926+0000] {dagbag.py:588} INFO - Filling up the DagBag from /home/airflow/.local/lib/python3.12/site-packages/airflow/example_dags/tutorial_objectstorage.py
[2025-04-04T14:57:38.935+0000] {processor.py:925} INFO - DAG(s) 'tutorial_objectstorage' retrieved from /home/airflow/.local/lib/python3.12/site-packages/airflow/example_dags/tutorial_objectstorage.py
[2025-04-04T14:57:38.950+0000] {logging_mixin.py:190} INFO - [2025-04-04T14:57:38.950+0000] {dag.py:3239} INFO - Sync 1 DAGs
[2025-04-04T14:57:38.962+0000] {logging_mixin.py:190} INFO - [2025-04-04T14:57:38.962+0000] {dag.py:4180} INFO - Setting next_dagrun for tutorial_objectstorage to None, run_after=None
[2025-04-04T14:57:38.981+0000] {processor.py:208} INFO - Processing /home/airflow/.local/lib/python3.12/site-packages/airflow/example_dags/tutorial_objectstorage.py took 0.062 seconds
[2025-04-04T14:58:10.860+0000] {processor.py:186} INFO - Started process (PID=1918) to work on /home/airflow/.local/lib/python3.12/site-packages/airflow/example_dags/tutorial_objectstorage.py
[2025-04-04T14:58:10.862+0000] {processor.py:914} INFO - Processing file /home/airflow/.local/lib/python3.12/site-packages/airflow/example_dags/tutorial_objectstorage.py for tasks to queue
[2025-04-04T14:58:10.865+0000] {logging_mixin.py:190} INFO - [2025-04-04T14:58:10.864+0000] {dagbag.py:588} INFO - Filling up the DagBag from /home/airflow/.local/lib/python3.12/site-packages/airflow/example_dags/tutorial_objectstorage.py
[2025-04-04T14:58:10.879+0000] {processor.py:925} INFO - DAG(s) 'tutorial_objectstorage' retrieved from /home/airflow/.local/lib/python3.12/site-packages/airflow/example_dags/tutorial_objectstorage.py
[2025-04-04T14:58:10.905+0000] {logging_mixin.py:190} INFO - [2025-04-04T14:58:10.905+0000] {dag.py:3239} INFO - Sync 1 DAGs
[2025-04-04T14:58:10.923+0000] {logging_mixin.py:190} INFO - [2025-04-04T14:58:10.923+0000] {dag.py:4180} INFO - Setting next_dagrun for tutorial_objectstorage to None, run_after=None
[2025-04-04T14:58:10.955+0000] {processor.py:208} INFO - Processing /home/airflow/.local/lib/python3.12/site-packages/airflow/example_dags/tutorial_objectstorage.py took 0.101 seconds
[2025-04-04T14:58:41.679+0000] {processor.py:186} INFO - Started process (PID=2209) to work on /home/airflow/.local/lib/python3.12/site-packages/airflow/example_dags/tutorial_objectstorage.py
[2025-04-04T14:58:41.680+0000] {processor.py:914} INFO - Processing file /home/airflow/.local/lib/python3.12/site-packages/airflow/example_dags/tutorial_objectstorage.py for tasks to queue
[2025-04-04T14:58:41.682+0000] {logging_mixin.py:190} INFO - [2025-04-04T14:58:41.682+0000] {dagbag.py:588} INFO - Filling up the DagBag from /home/airflow/.local/lib/python3.12/site-packages/airflow/example_dags/tutorial_objectstorage.py
[2025-04-04T14:58:41.691+0000] {processor.py:925} INFO - DAG(s) 'tutorial_objectstorage' retrieved from /home/airflow/.local/lib/python3.12/site-packages/airflow/example_dags/tutorial_objectstorage.py
[2025-04-04T14:58:41.707+0000] {logging_mixin.py:190} INFO - [2025-04-04T14:58:41.707+0000] {dag.py:3239} INFO - Sync 1 DAGs
[2025-04-04T14:58:41.719+0000] {logging_mixin.py:190} INFO - [2025-04-04T14:58:41.719+0000] {dag.py:4180} INFO - Setting next_dagrun for tutorial_objectstorage to None, run_after=None
[2025-04-04T14:58:41.737+0000] {processor.py:208} INFO - Processing /home/airflow/.local/lib/python3.12/site-packages/airflow/example_dags/tutorial_objectstorage.py took 0.064 seconds
[2025-04-04T14:59:12.208+0000] {processor.py:186} INFO - Started process (PID=2500) to work on /home/airflow/.local/lib/python3.12/site-packages/airflow/example_dags/tutorial_objectstorage.py
[2025-04-04T14:59:12.210+0000] {processor.py:914} INFO - Processing file /home/airflow/.local/lib/python3.12/site-packages/airflow/example_dags/tutorial_objectstorage.py for tasks to queue
[2025-04-04T14:59:12.212+0000] {logging_mixin.py:190} INFO - [2025-04-04T14:59:12.212+0000] {dagbag.py:588} INFO - Filling up the DagBag from /home/airflow/.local/lib/python3.12/site-packages/airflow/example_dags/tutorial_objectstorage.py
[2025-04-04T14:59:12.221+0000] {processor.py:925} INFO - DAG(s) 'tutorial_objectstorage' retrieved from /home/airflow/.local/lib/python3.12/site-packages/airflow/example_dags/tutorial_objectstorage.py
[2025-04-04T14:59:12.242+0000] {logging_mixin.py:190} INFO - [2025-04-04T14:59:12.242+0000] {dag.py:3239} INFO - Sync 1 DAGs
[2025-04-04T14:59:12.256+0000] {logging_mixin.py:190} INFO - [2025-04-04T14:59:12.256+0000] {dag.py:4180} INFO - Setting next_dagrun for tutorial_objectstorage to None, run_after=None
[2025-04-04T14:59:12.275+0000] {processor.py:208} INFO - Processing /home/airflow/.local/lib/python3.12/site-packages/airflow/example_dags/tutorial_objectstorage.py took 0.073 seconds
[2025-04-04T14:59:42.917+0000] {processor.py:186} INFO - Started process (PID=2791) to work on /home/airflow/.local/lib/python3.12/site-packages/airflow/example_dags/tutorial_objectstorage.py
[2025-04-04T14:59:42.918+0000] {processor.py:914} INFO - Processing file /home/airflow/.local/lib/python3.12/site-packages/airflow/example_dags/tutorial_objectstorage.py for tasks to queue
[2025-04-04T14:59:42.922+0000] {logging_mixin.py:190} INFO - [2025-04-04T14:59:42.921+0000] {dagbag.py:588} INFO - Filling up the DagBag from /home/airflow/.local/lib/python3.12/site-packages/airflow/example_dags/tutorial_objectstorage.py
[2025-04-04T14:59:42.933+0000] {processor.py:925} INFO - DAG(s) 'tutorial_objectstorage' retrieved from /home/airflow/.local/lib/python3.12/site-packages/airflow/example_dags/tutorial_objectstorage.py
[2025-04-04T14:59:42.953+0000] {logging_mixin.py:190} INFO - [2025-04-04T14:59:42.953+0000] {dag.py:3239} INFO - Sync 1 DAGs
[2025-04-04T14:59:42.967+0000] {logging_mixin.py:190} INFO - [2025-04-04T14:59:42.967+0000] {dag.py:4180} INFO - Setting next_dagrun for tutorial_objectstorage to None, run_after=None
[2025-04-04T14:59:42.986+0000] {processor.py:208} INFO - Processing /home/airflow/.local/lib/python3.12/site-packages/airflow/example_dags/tutorial_objectstorage.py took 0.076 seconds
[2025-04-04T15:00:13.654+0000] {processor.py:186} INFO - Started process (PID=3082) to work on /home/airflow/.local/lib/python3.12/site-packages/airflow/example_dags/tutorial_objectstorage.py
[2025-04-04T15:00:13.656+0000] {processor.py:914} INFO - Processing file /home/airflow/.local/lib/python3.12/site-packages/airflow/example_dags/tutorial_objectstorage.py for tasks to queue
[2025-04-04T15:00:13.658+0000] {logging_mixin.py:190} INFO - [2025-04-04T15:00:13.658+0000] {dagbag.py:588} INFO - Filling up the DagBag from /home/airflow/.local/lib/python3.12/site-packages/airflow/example_dags/tutorial_objectstorage.py
[2025-04-04T15:00:13.666+0000] {processor.py:925} INFO - DAG(s) 'tutorial_objectstorage' retrieved from /home/airflow/.local/lib/python3.12/site-packages/airflow/example_dags/tutorial_objectstorage.py
[2025-04-04T15:00:13.689+0000] {logging_mixin.py:190} INFO - [2025-04-04T15:00:13.688+0000] {dag.py:3239} INFO - Sync 1 DAGs
[2025-04-04T15:00:13.704+0000] {logging_mixin.py:190} INFO - [2025-04-04T15:00:13.704+0000] {dag.py:4180} INFO - Setting next_dagrun for tutorial_objectstorage to None, run_after=None
[2025-04-04T15:00:13.727+0000] {processor.py:208} INFO - Processing /home/airflow/.local/lib/python3.12/site-packages/airflow/example_dags/tutorial_objectstorage.py took 0.078 seconds
[2025-04-04T15:00:46.026+0000] {processor.py:186} INFO - Started process (PID=3381) to work on /home/airflow/.local/lib/python3.12/site-packages/airflow/example_dags/tutorial_objectstorage.py
[2025-04-04T15:00:46.027+0000] {processor.py:914} INFO - Processing file /home/airflow/.local/lib/python3.12/site-packages/airflow/example_dags/tutorial_objectstorage.py for tasks to queue
[2025-04-04T15:00:46.029+0000] {logging_mixin.py:190} INFO - [2025-04-04T15:00:46.029+0000] {dagbag.py:588} INFO - Filling up the DagBag from /home/airflow/.local/lib/python3.12/site-packages/airflow/example_dags/tutorial_objectstorage.py
[2025-04-04T15:00:46.039+0000] {processor.py:925} INFO - DAG(s) 'tutorial_objectstorage' retrieved from /home/airflow/.local/lib/python3.12/site-packages/airflow/example_dags/tutorial_objectstorage.py
[2025-04-04T15:00:46.066+0000] {logging_mixin.py:190} INFO - [2025-04-04T15:00:46.066+0000] {dag.py:3239} INFO - Sync 1 DAGs
[2025-04-04T15:00:46.080+0000] {logging_mixin.py:190} INFO - [2025-04-04T15:00:46.080+0000] {dag.py:4180} INFO - Setting next_dagrun for tutorial_objectstorage to None, run_after=None
[2025-04-04T15:00:46.098+0000] {processor.py:208} INFO - Processing /home/airflow/.local/lib/python3.12/site-packages/airflow/example_dags/tutorial_objectstorage.py took 0.077 seconds
[2025-04-04T15:01:16.781+0000] {processor.py:186} INFO - Started process (PID=3670) to work on /home/airflow/.local/lib/python3.12/site-packages/airflow/example_dags/tutorial_objectstorage.py
[2025-04-04T15:01:16.783+0000] {processor.py:914} INFO - Processing file /home/airflow/.local/lib/python3.12/site-packages/airflow/example_dags/tutorial_objectstorage.py for tasks to queue
[2025-04-04T15:01:16.785+0000] {logging_mixin.py:190} INFO - [2025-04-04T15:01:16.785+0000] {dagbag.py:588} INFO - Filling up the DagBag from /home/airflow/.local/lib/python3.12/site-packages/airflow/example_dags/tutorial_objectstorage.py
[2025-04-04T15:01:16.797+0000] {processor.py:925} INFO - DAG(s) 'tutorial_objectstorage' retrieved from /home/airflow/.local/lib/python3.12/site-packages/airflow/example_dags/tutorial_objectstorage.py
[2025-04-04T15:01:16.826+0000] {logging_mixin.py:190} INFO - [2025-04-04T15:01:16.826+0000] {dag.py:3239} INFO - Sync 1 DAGs
[2025-04-04T15:01:16.851+0000] {logging_mixin.py:190} INFO - [2025-04-04T15:01:16.850+0000] {dag.py:4180} INFO - Setting next_dagrun for tutorial_objectstorage to None, run_after=None
[2025-04-04T15:01:16.969+0000] {processor.py:208} INFO - Processing /home/airflow/.local/lib/python3.12/site-packages/airflow/example_dags/tutorial_objectstorage.py took 0.193 seconds
[2025-04-04T15:01:48.236+0000] {processor.py:186} INFO - Started process (PID=3961) to work on /home/airflow/.local/lib/python3.12/site-packages/airflow/example_dags/tutorial_objectstorage.py
[2025-04-04T15:01:48.237+0000] {processor.py:914} INFO - Processing file /home/airflow/.local/lib/python3.12/site-packages/airflow/example_dags/tutorial_objectstorage.py for tasks to queue
[2025-04-04T15:01:48.239+0000] {logging_mixin.py:190} INFO - [2025-04-04T15:01:48.238+0000] {dagbag.py:588} INFO - Filling up the DagBag from /home/airflow/.local/lib/python3.12/site-packages/airflow/example_dags/tutorial_objectstorage.py
[2025-04-04T15:01:48.247+0000] {processor.py:925} INFO - DAG(s) 'tutorial_objectstorage' retrieved from /home/airflow/.local/lib/python3.12/site-packages/airflow/example_dags/tutorial_objectstorage.py
[2025-04-04T15:01:48.263+0000] {logging_mixin.py:190} INFO - [2025-04-04T15:01:48.263+0000] {dag.py:3239} INFO - Sync 1 DAGs
[2025-04-04T15:01:48.276+0000] {logging_mixin.py:190} INFO - [2025-04-04T15:01:48.275+0000] {dag.py:4180} INFO - Setting next_dagrun for tutorial_objectstorage to None, run_after=None
[2025-04-04T15:01:48.292+0000] {processor.py:208} INFO - Processing /home/airflow/.local/lib/python3.12/site-packages/airflow/example_dags/tutorial_objectstorage.py took 0.061 seconds
[2025-04-04T15:02:19.600+0000] {processor.py:186} INFO - Started process (PID=4253) to work on /home/airflow/.local/lib/python3.12/site-packages/airflow/example_dags/tutorial_objectstorage.py
[2025-04-04T15:02:19.602+0000] {processor.py:914} INFO - Processing file /home/airflow/.local/lib/python3.12/site-packages/airflow/example_dags/tutorial_objectstorage.py for tasks to queue
[2025-04-04T15:02:19.604+0000] {logging_mixin.py:190} INFO - [2025-04-04T15:02:19.604+0000] {dagbag.py:588} INFO - Filling up the DagBag from /home/airflow/.local/lib/python3.12/site-packages/airflow/example_dags/tutorial_objectstorage.py
[2025-04-04T15:02:19.612+0000] {processor.py:925} INFO - DAG(s) 'tutorial_objectstorage' retrieved from /home/airflow/.local/lib/python3.12/site-packages/airflow/example_dags/tutorial_objectstorage.py
[2025-04-04T15:02:19.628+0000] {logging_mixin.py:190} INFO - [2025-04-04T15:02:19.627+0000] {dag.py:3239} INFO - Sync 1 DAGs
[2025-04-04T15:02:19.640+0000] {logging_mixin.py:190} INFO - [2025-04-04T15:02:19.640+0000] {dag.py:4180} INFO - Setting next_dagrun for tutorial_objectstorage to None, run_after=None
[2025-04-04T15:02:19.658+0000] {processor.py:208} INFO - Processing /home/airflow/.local/lib/python3.12/site-packages/airflow/example_dags/tutorial_objectstorage.py took 0.062 seconds
[2025-04-04T15:02:50.943+0000] {processor.py:186} INFO - Started process (PID=4544) to work on /home/airflow/.local/lib/python3.12/site-packages/airflow/example_dags/tutorial_objectstorage.py
[2025-04-04T15:02:50.944+0000] {processor.py:914} INFO - Processing file /home/airflow/.local/lib/python3.12/site-packages/airflow/example_dags/tutorial_objectstorage.py for tasks to queue
[2025-04-04T15:02:50.946+0000] {logging_mixin.py:190} INFO - [2025-04-04T15:02:50.946+0000] {dagbag.py:588} INFO - Filling up the DagBag from /home/airflow/.local/lib/python3.12/site-packages/airflow/example_dags/tutorial_objectstorage.py
[2025-04-04T15:02:50.954+0000] {processor.py:925} INFO - DAG(s) 'tutorial_objectstorage' retrieved from /home/airflow/.local/lib/python3.12/site-packages/airflow/example_dags/tutorial_objectstorage.py
[2025-04-04T15:02:50.972+0000] {logging_mixin.py:190} INFO - [2025-04-04T15:02:50.972+0000] {dag.py:3239} INFO - Sync 1 DAGs
[2025-04-04T15:02:50.984+0000] {logging_mixin.py:190} INFO - [2025-04-04T15:02:50.984+0000] {dag.py:4180} INFO - Setting next_dagrun for tutorial_objectstorage to None, run_after=None
[2025-04-04T15:02:51.001+0000] {processor.py:208} INFO - Processing /home/airflow/.local/lib/python3.12/site-packages/airflow/example_dags/tutorial_objectstorage.py took 0.063 seconds
[2025-04-04T15:03:22.032+0000] {processor.py:186} INFO - Started process (PID=4835) to work on /home/airflow/.local/lib/python3.12/site-packages/airflow/example_dags/tutorial_objectstorage.py
[2025-04-04T15:03:22.033+0000] {processor.py:914} INFO - Processing file /home/airflow/.local/lib/python3.12/site-packages/airflow/example_dags/tutorial_objectstorage.py for tasks to queue
[2025-04-04T15:03:22.035+0000] {logging_mixin.py:190} INFO - [2025-04-04T15:03:22.035+0000] {dagbag.py:588} INFO - Filling up the DagBag from /home/airflow/.local/lib/python3.12/site-packages/airflow/example_dags/tutorial_objectstorage.py
[2025-04-04T15:03:22.043+0000] {processor.py:925} INFO - DAG(s) 'tutorial_objectstorage' retrieved from /home/airflow/.local/lib/python3.12/site-packages/airflow/example_dags/tutorial_objectstorage.py
[2025-04-04T15:03:22.059+0000] {logging_mixin.py:190} INFO - [2025-04-04T15:03:22.059+0000] {dag.py:3239} INFO - Sync 1 DAGs
[2025-04-04T15:03:22.072+0000] {logging_mixin.py:190} INFO - [2025-04-04T15:03:22.071+0000] {dag.py:4180} INFO - Setting next_dagrun for tutorial_objectstorage to None, run_after=None
[2025-04-04T15:03:22.088+0000] {processor.py:208} INFO - Processing /home/airflow/.local/lib/python3.12/site-packages/airflow/example_dags/tutorial_objectstorage.py took 0.061 seconds
[2025-04-04T15:03:53.257+0000] {processor.py:186} INFO - Started process (PID=5126) to work on /home/airflow/.local/lib/python3.12/site-packages/airflow/example_dags/tutorial_objectstorage.py
[2025-04-04T15:03:53.259+0000] {processor.py:914} INFO - Processing file /home/airflow/.local/lib/python3.12/site-packages/airflow/example_dags/tutorial_objectstorage.py for tasks to queue
[2025-04-04T15:03:53.261+0000] {logging_mixin.py:190} INFO - [2025-04-04T15:03:53.261+0000] {dagbag.py:588} INFO - Filling up the DagBag from /home/airflow/.local/lib/python3.12/site-packages/airflow/example_dags/tutorial_objectstorage.py
[2025-04-04T15:03:53.271+0000] {processor.py:925} INFO - DAG(s) 'tutorial_objectstorage' retrieved from /home/airflow/.local/lib/python3.12/site-packages/airflow/example_dags/tutorial_objectstorage.py
[2025-04-04T15:03:53.295+0000] {logging_mixin.py:190} INFO - [2025-04-04T15:03:53.294+0000] {dag.py:3239} INFO - Sync 1 DAGs
[2025-04-04T15:03:53.314+0000] {logging_mixin.py:190} INFO - [2025-04-04T15:03:53.313+0000] {dag.py:4180} INFO - Setting next_dagrun for tutorial_objectstorage to None, run_after=None
[2025-04-04T15:03:53.343+0000] {processor.py:208} INFO - Processing /home/airflow/.local/lib/python3.12/site-packages/airflow/example_dags/tutorial_objectstorage.py took 0.092 seconds
[2025-04-04T15:04:24.423+0000] {processor.py:186} INFO - Started process (PID=5417) to work on /home/airflow/.local/lib/python3.12/site-packages/airflow/example_dags/tutorial_objectstorage.py
[2025-04-04T15:04:24.424+0000] {processor.py:914} INFO - Processing file /home/airflow/.local/lib/python3.12/site-packages/airflow/example_dags/tutorial_objectstorage.py for tasks to queue
[2025-04-04T15:04:24.426+0000] {logging_mixin.py:190} INFO - [2025-04-04T15:04:24.426+0000] {dagbag.py:588} INFO - Filling up the DagBag from /home/airflow/.local/lib/python3.12/site-packages/airflow/example_dags/tutorial_objectstorage.py
[2025-04-04T15:04:24.435+0000] {processor.py:925} INFO - DAG(s) 'tutorial_objectstorage' retrieved from /home/airflow/.local/lib/python3.12/site-packages/airflow/example_dags/tutorial_objectstorage.py
[2025-04-04T15:04:24.454+0000] {logging_mixin.py:190} INFO - [2025-04-04T15:04:24.453+0000] {dag.py:3239} INFO - Sync 1 DAGs
[2025-04-04T15:04:24.467+0000] {logging_mixin.py:190} INFO - [2025-04-04T15:04:24.467+0000] {dag.py:4180} INFO - Setting next_dagrun for tutorial_objectstorage to None, run_after=None
[2025-04-04T15:04:24.485+0000] {processor.py:208} INFO - Processing /home/airflow/.local/lib/python3.12/site-packages/airflow/example_dags/tutorial_objectstorage.py took 0.068 seconds
