[2025-04-04T14:55:15.030+0000] {processor.py:186} INFO - Started process (PID=209) to work on /home/airflow/.local/lib/python3.12/site-packages/airflow/example_dags/tutorial.py
[2025-04-04T14:55:15.040+0000] {processor.py:914} INFO - Processing file /home/airflow/.local/lib/python3.12/site-packages/airflow/example_dags/tutorial.py for tasks to queue
[2025-04-04T14:55:15.047+0000] {logging_mixin.py:190} INFO - [2025-04-04T14:55:15.045+0000] {dagbag.py:588} INFO - Filling up the DagBag from /home/airflow/.local/lib/python3.12/site-packages/airflow/example_dags/tutorial.py
[2025-04-04T14:55:15.504+0000] {processor.py:925} INFO - DAG(s) 'tutorial' retrieved from /home/airflow/.local/lib/python3.12/site-packages/airflow/example_dags/tutorial.py
[2025-04-04T14:55:16.679+0000] {logging_mixin.py:190} INFO - [2025-04-04T14:55:16.677+0000] {override.py:1912} INFO - Created Permission View: can edit on DAG:tutorial
[2025-04-04T14:55:16.697+0000] {logging_mixin.py:190} INFO - [2025-04-04T14:55:16.697+0000] {override.py:1912} INFO - Created Permission View: can delete on DAG:tutorial
[2025-04-04T14:55:16.709+0000] {logging_mixin.py:190} INFO - [2025-04-04T14:55:16.709+0000] {override.py:1912} INFO - Created Permission View: can read on DAG:tutorial
[2025-04-04T14:55:16.722+0000] {logging_mixin.py:190} INFO - [2025-04-04T14:55:16.722+0000] {override.py:1912} INFO - Created Permission View: can create on DAG Run:tutorial
[2025-04-04T14:55:16.731+0000] {logging_mixin.py:190} INFO - [2025-04-04T14:55:16.730+0000] {override.py:1912} INFO - Created Permission View: menu access on DAG Run:tutorial
[2025-04-04T14:55:16.738+0000] {logging_mixin.py:190} INFO - [2025-04-04T14:55:16.738+0000] {override.py:1912} INFO - Created Permission View: can delete on DAG Run:tutorial
[2025-04-04T14:55:16.746+0000] {logging_mixin.py:190} INFO - [2025-04-04T14:55:16.746+0000] {override.py:1912} INFO - Created Permission View: can read on DAG Run:tutorial
[2025-04-04T14:55:16.747+0000] {logging_mixin.py:190} INFO - [2025-04-04T14:55:16.747+0000] {dag.py:3239} INFO - Sync 1 DAGs
[2025-04-04T14:55:16.786+0000] {logging_mixin.py:190} INFO - [2025-04-04T14:55:16.785+0000] {dag.py:3262} INFO - Creating ORM DAG for tutorial
[2025-04-04T14:55:16.798+0000] {logging_mixin.py:190} INFO - [2025-04-04T14:55:16.798+0000] {dag.py:4180} INFO - Setting next_dagrun for tutorial to 2025-04-03 00:00:00+00:00, run_after=2025-04-04 00:00:00+00:00
[2025-04-04T14:55:16.831+0000] {processor.py:208} INFO - Processing /home/airflow/.local/lib/python3.12/site-packages/airflow/example_dags/tutorial.py took 1.841 seconds
[2025-04-04T14:55:46.921+0000] {processor.py:186} INFO - Started process (PID=500) to work on /home/airflow/.local/lib/python3.12/site-packages/airflow/example_dags/tutorial.py
[2025-04-04T14:55:46.925+0000] {processor.py:914} INFO - Processing file /home/airflow/.local/lib/python3.12/site-packages/airflow/example_dags/tutorial.py for tasks to queue
[2025-04-04T14:55:46.938+0000] {logging_mixin.py:190} INFO - [2025-04-04T14:55:46.937+0000] {dagbag.py:588} INFO - Filling up the DagBag from /home/airflow/.local/lib/python3.12/site-packages/airflow/example_dags/tutorial.py
[2025-04-04T14:55:46.977+0000] {processor.py:925} INFO - DAG(s) 'tutorial' retrieved from /home/airflow/.local/lib/python3.12/site-packages/airflow/example_dags/tutorial.py
[2025-04-04T14:55:47.073+0000] {logging_mixin.py:190} INFO - [2025-04-04T14:55:47.072+0000] {dag.py:3239} INFO - Sync 1 DAGs
[2025-04-04T14:55:47.174+0000] {logging_mixin.py:190} INFO - [2025-04-04T14:55:47.173+0000] {dag.py:4180} INFO - Setting next_dagrun for tutorial to 2025-04-03 00:00:00+00:00, run_after=2025-04-04 00:00:00+00:00
[2025-04-04T14:55:47.249+0000] {processor.py:208} INFO - Processing /home/airflow/.local/lib/python3.12/site-packages/airflow/example_dags/tutorial.py took 0.341 seconds
[2025-04-04T14:56:18.084+0000] {processor.py:186} INFO - Started process (PID=792) to work on /home/airflow/.local/lib/python3.12/site-packages/airflow/example_dags/tutorial.py
[2025-04-04T14:56:18.085+0000] {processor.py:914} INFO - Processing file /home/airflow/.local/lib/python3.12/site-packages/airflow/example_dags/tutorial.py for tasks to queue
[2025-04-04T14:56:18.089+0000] {logging_mixin.py:190} INFO - [2025-04-04T14:56:18.088+0000] {dagbag.py:588} INFO - Filling up the DagBag from /home/airflow/.local/lib/python3.12/site-packages/airflow/example_dags/tutorial.py
[2025-04-04T14:56:18.101+0000] {processor.py:925} INFO - DAG(s) 'tutorial' retrieved from /home/airflow/.local/lib/python3.12/site-packages/airflow/example_dags/tutorial.py
[2025-04-04T14:56:18.146+0000] {logging_mixin.py:190} INFO - [2025-04-04T14:56:18.146+0000] {dag.py:3239} INFO - Sync 1 DAGs
[2025-04-04T14:56:18.211+0000] {logging_mixin.py:190} INFO - [2025-04-04T14:56:18.210+0000] {dag.py:4180} INFO - Setting next_dagrun for tutorial to 2025-04-03 00:00:00+00:00, run_after=2025-04-04 00:00:00+00:00
[2025-04-04T14:56:18.245+0000] {processor.py:208} INFO - Processing /home/airflow/.local/lib/python3.12/site-packages/airflow/example_dags/tutorial.py took 0.168 seconds
[2025-04-04T14:56:48.470+0000] {processor.py:186} INFO - Started process (PID=1083) to work on /home/airflow/.local/lib/python3.12/site-packages/airflow/example_dags/tutorial.py
[2025-04-04T14:56:48.471+0000] {processor.py:914} INFO - Processing file /home/airflow/.local/lib/python3.12/site-packages/airflow/example_dags/tutorial.py for tasks to queue
[2025-04-04T14:56:48.474+0000] {logging_mixin.py:190} INFO - [2025-04-04T14:56:48.473+0000] {dagbag.py:588} INFO - Filling up the DagBag from /home/airflow/.local/lib/python3.12/site-packages/airflow/example_dags/tutorial.py
[2025-04-04T14:56:48.481+0000] {processor.py:925} INFO - DAG(s) 'tutorial' retrieved from /home/airflow/.local/lib/python3.12/site-packages/airflow/example_dags/tutorial.py
[2025-04-04T14:56:48.501+0000] {logging_mixin.py:190} INFO - [2025-04-04T14:56:48.501+0000] {dag.py:3239} INFO - Sync 1 DAGs
[2025-04-04T14:56:48.526+0000] {logging_mixin.py:190} INFO - [2025-04-04T14:56:48.526+0000] {dag.py:4180} INFO - Setting next_dagrun for tutorial to 2025-04-03 00:00:00+00:00, run_after=2025-04-04 00:00:00+00:00
[2025-04-04T14:56:48.547+0000] {processor.py:208} INFO - Processing /home/airflow/.local/lib/python3.12/site-packages/airflow/example_dags/tutorial.py took 0.083 seconds
[2025-04-04T14:57:18.965+0000] {processor.py:186} INFO - Started process (PID=1374) to work on /home/airflow/.local/lib/python3.12/site-packages/airflow/example_dags/tutorial.py
[2025-04-04T14:57:18.967+0000] {processor.py:914} INFO - Processing file /home/airflow/.local/lib/python3.12/site-packages/airflow/example_dags/tutorial.py for tasks to queue
[2025-04-04T14:57:18.969+0000] {logging_mixin.py:190} INFO - [2025-04-04T14:57:18.969+0000] {dagbag.py:588} INFO - Filling up the DagBag from /home/airflow/.local/lib/python3.12/site-packages/airflow/example_dags/tutorial.py
[2025-04-04T14:57:18.977+0000] {processor.py:925} INFO - DAG(s) 'tutorial' retrieved from /home/airflow/.local/lib/python3.12/site-packages/airflow/example_dags/tutorial.py
[2025-04-04T14:57:19.000+0000] {logging_mixin.py:190} INFO - [2025-04-04T14:57:18.999+0000] {dag.py:3239} INFO - Sync 1 DAGs
[2025-04-04T14:57:19.032+0000] {logging_mixin.py:190} INFO - [2025-04-04T14:57:19.032+0000] {dag.py:4180} INFO - Setting next_dagrun for tutorial to 2025-04-03 00:00:00+00:00, run_after=2025-04-04 00:00:00+00:00
[2025-04-04T14:57:19.053+0000] {processor.py:208} INFO - Processing /home/airflow/.local/lib/python3.12/site-packages/airflow/example_dags/tutorial.py took 0.095 seconds
[2025-04-04T14:57:49.292+0000] {processor.py:186} INFO - Started process (PID=1665) to work on /home/airflow/.local/lib/python3.12/site-packages/airflow/example_dags/tutorial.py
[2025-04-04T14:57:49.294+0000] {processor.py:914} INFO - Processing file /home/airflow/.local/lib/python3.12/site-packages/airflow/example_dags/tutorial.py for tasks to queue
[2025-04-04T14:57:49.298+0000] {logging_mixin.py:190} INFO - [2025-04-04T14:57:49.298+0000] {dagbag.py:588} INFO - Filling up the DagBag from /home/airflow/.local/lib/python3.12/site-packages/airflow/example_dags/tutorial.py
[2025-04-04T14:57:49.306+0000] {processor.py:925} INFO - DAG(s) 'tutorial' retrieved from /home/airflow/.local/lib/python3.12/site-packages/airflow/example_dags/tutorial.py
[2025-04-04T14:57:49.327+0000] {logging_mixin.py:190} INFO - [2025-04-04T14:57:49.327+0000] {dag.py:3239} INFO - Sync 1 DAGs
[2025-04-04T14:57:49.351+0000] {logging_mixin.py:190} INFO - [2025-04-04T14:57:49.351+0000] {dag.py:4180} INFO - Setting next_dagrun for tutorial to 2025-04-03 00:00:00+00:00, run_after=2025-04-04 00:00:00+00:00
[2025-04-04T14:57:49.371+0000] {processor.py:208} INFO - Processing /home/airflow/.local/lib/python3.12/site-packages/airflow/example_dags/tutorial.py took 0.087 seconds
[2025-04-04T14:58:20.342+0000] {processor.py:186} INFO - Started process (PID=1956) to work on /home/airflow/.local/lib/python3.12/site-packages/airflow/example_dags/tutorial.py
[2025-04-04T14:58:20.345+0000] {processor.py:914} INFO - Processing file /home/airflow/.local/lib/python3.12/site-packages/airflow/example_dags/tutorial.py for tasks to queue
[2025-04-04T14:58:20.347+0000] {logging_mixin.py:190} INFO - [2025-04-04T14:58:20.346+0000] {dagbag.py:588} INFO - Filling up the DagBag from /home/airflow/.local/lib/python3.12/site-packages/airflow/example_dags/tutorial.py
[2025-04-04T14:58:20.353+0000] {processor.py:925} INFO - DAG(s) 'tutorial' retrieved from /home/airflow/.local/lib/python3.12/site-packages/airflow/example_dags/tutorial.py
[2025-04-04T14:58:20.373+0000] {logging_mixin.py:190} INFO - [2025-04-04T14:58:20.372+0000] {dag.py:3239} INFO - Sync 1 DAGs
[2025-04-04T14:58:20.394+0000] {logging_mixin.py:190} INFO - [2025-04-04T14:58:20.394+0000] {dag.py:4180} INFO - Setting next_dagrun for tutorial to 2025-04-03 00:00:00+00:00, run_after=2025-04-04 00:00:00+00:00
[2025-04-04T14:58:20.411+0000] {processor.py:208} INFO - Processing /home/airflow/.local/lib/python3.12/site-packages/airflow/example_dags/tutorial.py took 0.073 seconds
[2025-04-04T14:58:51.008+0000] {processor.py:186} INFO - Started process (PID=2247) to work on /home/airflow/.local/lib/python3.12/site-packages/airflow/example_dags/tutorial.py
[2025-04-04T14:58:51.010+0000] {processor.py:914} INFO - Processing file /home/airflow/.local/lib/python3.12/site-packages/airflow/example_dags/tutorial.py for tasks to queue
[2025-04-04T14:58:51.013+0000] {logging_mixin.py:190} INFO - [2025-04-04T14:58:51.013+0000] {dagbag.py:588} INFO - Filling up the DagBag from /home/airflow/.local/lib/python3.12/site-packages/airflow/example_dags/tutorial.py
[2025-04-04T14:58:51.031+0000] {processor.py:925} INFO - DAG(s) 'tutorial' retrieved from /home/airflow/.local/lib/python3.12/site-packages/airflow/example_dags/tutorial.py
[2025-04-04T14:58:51.069+0000] {logging_mixin.py:190} INFO - [2025-04-04T14:58:51.069+0000] {dag.py:3239} INFO - Sync 1 DAGs
[2025-04-04T14:58:51.115+0000] {logging_mixin.py:190} INFO - [2025-04-04T14:58:51.114+0000] {dag.py:4180} INFO - Setting next_dagrun for tutorial to 2025-04-03 00:00:00+00:00, run_after=2025-04-04 00:00:00+00:00
[2025-04-04T14:58:51.153+0000] {processor.py:208} INFO - Processing /home/airflow/.local/lib/python3.12/site-packages/airflow/example_dags/tutorial.py took 0.156 seconds
[2025-04-04T14:59:21.635+0000] {processor.py:186} INFO - Started process (PID=2538) to work on /home/airflow/.local/lib/python3.12/site-packages/airflow/example_dags/tutorial.py
[2025-04-04T14:59:21.636+0000] {processor.py:914} INFO - Processing file /home/airflow/.local/lib/python3.12/site-packages/airflow/example_dags/tutorial.py for tasks to queue
[2025-04-04T14:59:21.639+0000] {logging_mixin.py:190} INFO - [2025-04-04T14:59:21.638+0000] {dagbag.py:588} INFO - Filling up the DagBag from /home/airflow/.local/lib/python3.12/site-packages/airflow/example_dags/tutorial.py
[2025-04-04T14:59:21.651+0000] {processor.py:925} INFO - DAG(s) 'tutorial' retrieved from /home/airflow/.local/lib/python3.12/site-packages/airflow/example_dags/tutorial.py
[2025-04-04T14:59:21.673+0000] {logging_mixin.py:190} INFO - [2025-04-04T14:59:21.672+0000] {dag.py:3239} INFO - Sync 1 DAGs
[2025-04-04T14:59:21.699+0000] {logging_mixin.py:190} INFO - [2025-04-04T14:59:21.698+0000] {dag.py:4180} INFO - Setting next_dagrun for tutorial to 2025-04-03 00:00:00+00:00, run_after=2025-04-04 00:00:00+00:00
[2025-04-04T14:59:21.722+0000] {processor.py:208} INFO - Processing /home/airflow/.local/lib/python3.12/site-packages/airflow/example_dags/tutorial.py took 0.093 seconds
[2025-04-04T14:59:52.457+0000] {processor.py:186} INFO - Started process (PID=2829) to work on /home/airflow/.local/lib/python3.12/site-packages/airflow/example_dags/tutorial.py
[2025-04-04T14:59:52.475+0000] {processor.py:914} INFO - Processing file /home/airflow/.local/lib/python3.12/site-packages/airflow/example_dags/tutorial.py for tasks to queue
[2025-04-04T14:59:52.478+0000] {logging_mixin.py:190} INFO - [2025-04-04T14:59:52.478+0000] {dagbag.py:588} INFO - Filling up the DagBag from /home/airflow/.local/lib/python3.12/site-packages/airflow/example_dags/tutorial.py
[2025-04-04T14:59:52.490+0000] {processor.py:925} INFO - DAG(s) 'tutorial' retrieved from /home/airflow/.local/lib/python3.12/site-packages/airflow/example_dags/tutorial.py
[2025-04-04T14:59:52.533+0000] {logging_mixin.py:190} INFO - [2025-04-04T14:59:52.532+0000] {dag.py:3239} INFO - Sync 1 DAGs
[2025-04-04T14:59:52.557+0000] {logging_mixin.py:190} INFO - [2025-04-04T14:59:52.557+0000] {dag.py:4180} INFO - Setting next_dagrun for tutorial to 2025-04-03 00:00:00+00:00, run_after=2025-04-04 00:00:00+00:00
[2025-04-04T14:59:52.685+0000] {processor.py:208} INFO - Processing /home/airflow/.local/lib/python3.12/site-packages/airflow/example_dags/tutorial.py took 0.237 seconds
[2025-04-04T15:00:23.298+0000] {processor.py:186} INFO - Started process (PID=3120) to work on /home/airflow/.local/lib/python3.12/site-packages/airflow/example_dags/tutorial.py
[2025-04-04T15:00:23.300+0000] {processor.py:914} INFO - Processing file /home/airflow/.local/lib/python3.12/site-packages/airflow/example_dags/tutorial.py for tasks to queue
[2025-04-04T15:00:23.302+0000] {logging_mixin.py:190} INFO - [2025-04-04T15:00:23.302+0000] {dagbag.py:588} INFO - Filling up the DagBag from /home/airflow/.local/lib/python3.12/site-packages/airflow/example_dags/tutorial.py
[2025-04-04T15:00:23.309+0000] {processor.py:925} INFO - DAG(s) 'tutorial' retrieved from /home/airflow/.local/lib/python3.12/site-packages/airflow/example_dags/tutorial.py
[2025-04-04T15:00:23.329+0000] {logging_mixin.py:190} INFO - [2025-04-04T15:00:23.329+0000] {dag.py:3239} INFO - Sync 1 DAGs
[2025-04-04T15:00:23.350+0000] {logging_mixin.py:190} INFO - [2025-04-04T15:00:23.349+0000] {dag.py:4180} INFO - Setting next_dagrun for tutorial to 2025-04-03 00:00:00+00:00, run_after=2025-04-04 00:00:00+00:00
[2025-04-04T15:00:23.367+0000] {processor.py:208} INFO - Processing /home/airflow/.local/lib/python3.12/site-packages/airflow/example_dags/tutorial.py took 0.074 seconds
[2025-04-04T15:00:54.331+0000] {processor.py:186} INFO - Started process (PID=3411) to work on /home/airflow/.local/lib/python3.12/site-packages/airflow/example_dags/tutorial.py
[2025-04-04T15:00:54.332+0000] {processor.py:914} INFO - Processing file /home/airflow/.local/lib/python3.12/site-packages/airflow/example_dags/tutorial.py for tasks to queue
[2025-04-04T15:00:54.334+0000] {logging_mixin.py:190} INFO - [2025-04-04T15:00:54.334+0000] {dagbag.py:588} INFO - Filling up the DagBag from /home/airflow/.local/lib/python3.12/site-packages/airflow/example_dags/tutorial.py
[2025-04-04T15:00:54.348+0000] {processor.py:925} INFO - DAG(s) 'tutorial' retrieved from /home/airflow/.local/lib/python3.12/site-packages/airflow/example_dags/tutorial.py
[2025-04-04T15:00:54.368+0000] {logging_mixin.py:190} INFO - [2025-04-04T15:00:54.368+0000] {dag.py:3239} INFO - Sync 1 DAGs
[2025-04-04T15:00:54.394+0000] {logging_mixin.py:190} INFO - [2025-04-04T15:00:54.393+0000] {dag.py:4180} INFO - Setting next_dagrun for tutorial to 2025-04-03 00:00:00+00:00, run_after=2025-04-04 00:00:00+00:00
[2025-04-04T15:00:54.418+0000] {processor.py:208} INFO - Processing /home/airflow/.local/lib/python3.12/site-packages/airflow/example_dags/tutorial.py took 0.093 seconds
[2025-04-04T15:01:25.219+0000] {processor.py:186} INFO - Started process (PID=3702) to work on /home/airflow/.local/lib/python3.12/site-packages/airflow/example_dags/tutorial.py
[2025-04-04T15:01:25.221+0000] {processor.py:914} INFO - Processing file /home/airflow/.local/lib/python3.12/site-packages/airflow/example_dags/tutorial.py for tasks to queue
[2025-04-04T15:01:25.223+0000] {logging_mixin.py:190} INFO - [2025-04-04T15:01:25.223+0000] {dagbag.py:588} INFO - Filling up the DagBag from /home/airflow/.local/lib/python3.12/site-packages/airflow/example_dags/tutorial.py
[2025-04-04T15:01:25.239+0000] {processor.py:925} INFO - DAG(s) 'tutorial' retrieved from /home/airflow/.local/lib/python3.12/site-packages/airflow/example_dags/tutorial.py
[2025-04-04T15:01:25.265+0000] {logging_mixin.py:190} INFO - [2025-04-04T15:01:25.264+0000] {dag.py:3239} INFO - Sync 1 DAGs
[2025-04-04T15:01:25.287+0000] {logging_mixin.py:190} INFO - [2025-04-04T15:01:25.287+0000] {dag.py:4180} INFO - Setting next_dagrun for tutorial to 2025-04-03 00:00:00+00:00, run_after=2025-04-04 00:00:00+00:00
[2025-04-04T15:01:25.308+0000] {processor.py:208} INFO - Processing /home/airflow/.local/lib/python3.12/site-packages/airflow/example_dags/tutorial.py took 0.095 seconds
[2025-04-04T15:01:55.518+0000] {processor.py:186} INFO - Started process (PID=3993) to work on /home/airflow/.local/lib/python3.12/site-packages/airflow/example_dags/tutorial.py
[2025-04-04T15:01:55.519+0000] {processor.py:914} INFO - Processing file /home/airflow/.local/lib/python3.12/site-packages/airflow/example_dags/tutorial.py for tasks to queue
[2025-04-04T15:01:55.523+0000] {logging_mixin.py:190} INFO - [2025-04-04T15:01:55.522+0000] {dagbag.py:588} INFO - Filling up the DagBag from /home/airflow/.local/lib/python3.12/site-packages/airflow/example_dags/tutorial.py
[2025-04-04T15:01:55.530+0000] {processor.py:925} INFO - DAG(s) 'tutorial' retrieved from /home/airflow/.local/lib/python3.12/site-packages/airflow/example_dags/tutorial.py
[2025-04-04T15:01:55.552+0000] {logging_mixin.py:190} INFO - [2025-04-04T15:01:55.552+0000] {dag.py:3239} INFO - Sync 1 DAGs
[2025-04-04T15:01:55.576+0000] {logging_mixin.py:190} INFO - [2025-04-04T15:01:55.576+0000] {dag.py:4180} INFO - Setting next_dagrun for tutorial to 2025-04-03 00:00:00+00:00, run_after=2025-04-04 00:00:00+00:00
[2025-04-04T15:01:55.599+0000] {processor.py:208} INFO - Processing /home/airflow/.local/lib/python3.12/site-packages/airflow/example_dags/tutorial.py took 0.087 seconds
[2025-04-04T15:02:25.874+0000] {processor.py:186} INFO - Started process (PID=4285) to work on /home/airflow/.local/lib/python3.12/site-packages/airflow/example_dags/tutorial.py
[2025-04-04T15:02:25.876+0000] {processor.py:914} INFO - Processing file /home/airflow/.local/lib/python3.12/site-packages/airflow/example_dags/tutorial.py for tasks to queue
[2025-04-04T15:02:25.880+0000] {logging_mixin.py:190} INFO - [2025-04-04T15:02:25.880+0000] {dagbag.py:588} INFO - Filling up the DagBag from /home/airflow/.local/lib/python3.12/site-packages/airflow/example_dags/tutorial.py
[2025-04-04T15:02:25.887+0000] {processor.py:925} INFO - DAG(s) 'tutorial' retrieved from /home/airflow/.local/lib/python3.12/site-packages/airflow/example_dags/tutorial.py
[2025-04-04T15:02:25.911+0000] {logging_mixin.py:190} INFO - [2025-04-04T15:02:25.911+0000] {dag.py:3239} INFO - Sync 1 DAGs
[2025-04-04T15:02:25.935+0000] {logging_mixin.py:190} INFO - [2025-04-04T15:02:25.935+0000] {dag.py:4180} INFO - Setting next_dagrun for tutorial to 2025-04-03 00:00:00+00:00, run_after=2025-04-04 00:00:00+00:00
[2025-04-04T15:02:25.957+0000] {processor.py:208} INFO - Processing /home/airflow/.local/lib/python3.12/site-packages/airflow/example_dags/tutorial.py took 0.088 seconds
[2025-04-04T15:02:56.211+0000] {processor.py:186} INFO - Started process (PID=4576) to work on /home/airflow/.local/lib/python3.12/site-packages/airflow/example_dags/tutorial.py
[2025-04-04T15:02:56.212+0000] {processor.py:914} INFO - Processing file /home/airflow/.local/lib/python3.12/site-packages/airflow/example_dags/tutorial.py for tasks to queue
[2025-04-04T15:02:56.215+0000] {logging_mixin.py:190} INFO - [2025-04-04T15:02:56.215+0000] {dagbag.py:588} INFO - Filling up the DagBag from /home/airflow/.local/lib/python3.12/site-packages/airflow/example_dags/tutorial.py
[2025-04-04T15:02:56.224+0000] {processor.py:925} INFO - DAG(s) 'tutorial' retrieved from /home/airflow/.local/lib/python3.12/site-packages/airflow/example_dags/tutorial.py
[2025-04-04T15:02:56.244+0000] {logging_mixin.py:190} INFO - [2025-04-04T15:02:56.244+0000] {dag.py:3239} INFO - Sync 1 DAGs
[2025-04-04T15:02:56.269+0000] {logging_mixin.py:190} INFO - [2025-04-04T15:02:56.269+0000] {dag.py:4180} INFO - Setting next_dagrun for tutorial to 2025-04-03 00:00:00+00:00, run_after=2025-04-04 00:00:00+00:00
[2025-04-04T15:02:56.295+0000] {processor.py:208} INFO - Processing /home/airflow/.local/lib/python3.12/site-packages/airflow/example_dags/tutorial.py took 0.091 seconds
[2025-04-04T15:03:27.316+0000] {processor.py:186} INFO - Started process (PID=4867) to work on /home/airflow/.local/lib/python3.12/site-packages/airflow/example_dags/tutorial.py
[2025-04-04T15:03:27.318+0000] {processor.py:914} INFO - Processing file /home/airflow/.local/lib/python3.12/site-packages/airflow/example_dags/tutorial.py for tasks to queue
[2025-04-04T15:03:27.320+0000] {logging_mixin.py:190} INFO - [2025-04-04T15:03:27.320+0000] {dagbag.py:588} INFO - Filling up the DagBag from /home/airflow/.local/lib/python3.12/site-packages/airflow/example_dags/tutorial.py
[2025-04-04T15:03:27.327+0000] {processor.py:925} INFO - DAG(s) 'tutorial' retrieved from /home/airflow/.local/lib/python3.12/site-packages/airflow/example_dags/tutorial.py
[2025-04-04T15:03:27.346+0000] {logging_mixin.py:190} INFO - [2025-04-04T15:03:27.346+0000] {dag.py:3239} INFO - Sync 1 DAGs
[2025-04-04T15:03:27.368+0000] {logging_mixin.py:190} INFO - [2025-04-04T15:03:27.368+0000] {dag.py:4180} INFO - Setting next_dagrun for tutorial to 2025-04-03 00:00:00+00:00, run_after=2025-04-04 00:00:00+00:00
[2025-04-04T15:03:27.387+0000] {processor.py:208} INFO - Processing /home/airflow/.local/lib/python3.12/site-packages/airflow/example_dags/tutorial.py took 0.076 seconds
[2025-04-04T15:03:57.574+0000] {processor.py:186} INFO - Started process (PID=5158) to work on /home/airflow/.local/lib/python3.12/site-packages/airflow/example_dags/tutorial.py
[2025-04-04T15:03:57.576+0000] {processor.py:914} INFO - Processing file /home/airflow/.local/lib/python3.12/site-packages/airflow/example_dags/tutorial.py for tasks to queue
[2025-04-04T15:03:57.580+0000] {logging_mixin.py:190} INFO - [2025-04-04T15:03:57.579+0000] {dagbag.py:588} INFO - Filling up the DagBag from /home/airflow/.local/lib/python3.12/site-packages/airflow/example_dags/tutorial.py
[2025-04-04T15:03:57.590+0000] {processor.py:925} INFO - DAG(s) 'tutorial' retrieved from /home/airflow/.local/lib/python3.12/site-packages/airflow/example_dags/tutorial.py
[2025-04-04T15:03:57.613+0000] {logging_mixin.py:190} INFO - [2025-04-04T15:03:57.612+0000] {dag.py:3239} INFO - Sync 1 DAGs
[2025-04-04T15:03:57.638+0000] {logging_mixin.py:190} INFO - [2025-04-04T15:03:57.638+0000] {dag.py:4180} INFO - Setting next_dagrun for tutorial to 2025-04-03 00:00:00+00:00, run_after=2025-04-04 00:00:00+00:00
[2025-04-04T15:03:57.659+0000] {processor.py:208} INFO - Processing /home/airflow/.local/lib/python3.12/site-packages/airflow/example_dags/tutorial.py took 0.092 seconds
[2025-04-04T15:04:27.765+0000] {processor.py:186} INFO - Started process (PID=5449) to work on /home/airflow/.local/lib/python3.12/site-packages/airflow/example_dags/tutorial.py
[2025-04-04T15:04:27.767+0000] {processor.py:914} INFO - Processing file /home/airflow/.local/lib/python3.12/site-packages/airflow/example_dags/tutorial.py for tasks to queue
[2025-04-04T15:04:27.769+0000] {logging_mixin.py:190} INFO - [2025-04-04T15:04:27.769+0000] {dagbag.py:588} INFO - Filling up the DagBag from /home/airflow/.local/lib/python3.12/site-packages/airflow/example_dags/tutorial.py
[2025-04-04T15:04:27.776+0000] {processor.py:925} INFO - DAG(s) 'tutorial' retrieved from /home/airflow/.local/lib/python3.12/site-packages/airflow/example_dags/tutorial.py
[2025-04-04T15:04:27.797+0000] {logging_mixin.py:190} INFO - [2025-04-04T15:04:27.796+0000] {dag.py:3239} INFO - Sync 1 DAGs
[2025-04-04T15:04:27.822+0000] {logging_mixin.py:190} INFO - [2025-04-04T15:04:27.821+0000] {dag.py:4180} INFO - Setting next_dagrun for tutorial to 2025-04-03 00:00:00+00:00, run_after=2025-04-04 00:00:00+00:00
[2025-04-04T15:04:27.841+0000] {processor.py:208} INFO - Processing /home/airflow/.local/lib/python3.12/site-packages/airflow/example_dags/tutorial.py took 0.081 seconds
